2024-11-11 23:20:19.700 [info] [main] Log level: Info
2024-11-11 23:20:19.700 [info] [main] Validating found git in: "git"
2024-11-11 23:20:19.700 [info] [main] Using git "2.43.5" from "git"
2024-11-11 23:20:19.700 [info] [Model][doInitialScan] Initial repository scan started
2024-11-11 23:20:19.700 [info] > git rev-parse --show-toplevel [55ms]
2024-11-11 23:20:19.700 [info] fatal: not a git repository (or any of the parent directories): .git
2024-11-11 23:20:19.701 [info] > git rev-parse --show-toplevel [3ms]
2024-11-11 23:20:19.701 [info] fatal: not a git repository (or any of the parent directories): .git
2024-11-11 23:20:19.701 [info] > git rev-parse --show-toplevel [2ms]
2024-11-11 23:20:19.701 [info] fatal: not a git repository (or any of the parent directories): .git
2024-11-11 23:20:19.701 [info] > git rev-parse --show-toplevel [14ms]
2024-11-11 23:20:19.701 [info] fatal: not a git repository (or any of the parent directories): .git
2024-11-11 23:20:19.701 [info] > git rev-parse --show-toplevel [3ms]
2024-11-11 23:20:19.701 [info] fatal: not a git repository (or any of the parent directories): .git
2024-11-11 23:20:19.701 [info] > git rev-parse --show-toplevel [3ms]
2024-11-11 23:20:19.701 [info] fatal: not a git repository (or any of the parent directories): .git
2024-11-11 23:20:19.702 [info] > git rev-parse --show-toplevel [2ms]
2024-11-11 23:20:19.702 [info] fatal: not a git repository (or any of the parent directories): .git
2024-11-11 23:20:19.702 [info] > git rev-parse --show-toplevel [2ms]
2024-11-11 23:20:19.702 [info] fatal: not a git repository (or any of the parent directories): .git
2024-11-11 23:20:19.702 [info] > git rev-parse --show-toplevel [3ms]
2024-11-11 23:20:19.702 [info] fatal: not a git repository (or any of the parent directories): .git
2024-11-11 23:20:19.702 [info] [Model][doInitialScan] Initial repository scan completed - repositories (0), closed repositories (0), parent repositories (0), unsafe repositories (0)
2024-11-12 00:21:00.101 [info] > git rev-parse --show-toplevel [4ms]
2024-11-12 00:21:00.101 [info] fatal: not a git repository (or any of the parent directories): .git
2024-11-12 00:22:03.517 [info] > git rev-parse --show-toplevel [3ms]
2024-11-12 00:22:03.517 [info] fatal: not a git repository (or any of the parent directories): .git
2024-11-12 00:22:05.922 [info] > git rev-parse --show-toplevel [5ms]
2024-11-12 00:22:05.922 [info] fatal: not a git repository (or any of the parent directories): .git
2024-11-12 00:22:08.580 [info] > git rev-parse --show-toplevel [4ms]
2024-11-12 00:22:08.580 [info] fatal: not a git repository (or any of the parent directories): .git
2024-11-12 00:22:12.393 [info] > git rev-parse --show-toplevel [4ms]
2024-11-12 00:22:12.393 [info] fatal: not a git repository (or any of the parent directories): .git
2024-11-12 00:22:13.462 [info] > git rev-parse --show-toplevel [3ms]
2024-11-12 00:22:13.462 [info] fatal: not a git repository (or any of the parent directories): .git
2024-11-12 00:22:14.532 [info] > git rev-parse --show-toplevel [68ms]
2024-11-12 00:22:14.532 [info] fatal: not a git repository (or any of the parent directories): .git
2024-11-12 00:22:17.247 [info] > git rev-parse --show-toplevel [6ms]
2024-11-12 00:22:17.247 [info] fatal: not a git repository (or any of the parent directories): .git
2024-11-12 00:23:14.165 [info] > git rev-parse --show-toplevel [4ms]
2024-11-12 00:23:14.165 [info] fatal: not a git repository (or any of the parent directories): .git
2024-11-12 00:26:07.651 [info] > git rev-parse --show-toplevel [3ms]
2024-11-12 00:26:07.652 [info] fatal: not a git repository (or any of the parent directories): .git
2024-11-12 00:26:24.062 [info] > git rev-parse --show-toplevel [3ms]
2024-11-12 00:26:24.063 [info] fatal: not a git repository (or any of the parent directories): .git
2024-11-12 00:26:42.723 [info] > git rev-parse --show-toplevel [4ms]
2024-11-12 00:26:42.723 [info] fatal: not a git repository (or any of the parent directories): .git
2024-11-12 00:26:46.339 [info] > git rev-parse --show-toplevel [5ms]
2024-11-12 00:26:46.339 [info] fatal: not a git repository (or any of the parent directories): .git
2024-11-12 00:26:47.622 [info] > git rev-parse --show-toplevel [7ms]
2024-11-12 00:26:47.622 [info] fatal: not a git repository (or any of the parent directories): .git
2024-11-12 00:28:09.168 [info] > git rev-parse --show-toplevel [4ms]
2024-11-12 00:28:09.168 [info] fatal: not a git repository (or any of the parent directories): .git
2024-11-12 00:39:50.633 [info] > git rev-parse --show-toplevel [39ms]
2024-11-12 00:39:50.633 [info] fatal: not a git repository (or any of the parent directories): .git
2024-11-12 00:39:50.646 [info] > git rev-parse --show-toplevel [6ms]
2024-11-12 00:39:50.647 [info] fatal: not a git repository (or any of the parent directories): .git
2024-11-12 00:39:54.665 [info] > git rev-parse --show-toplevel [52ms]
2024-11-12 00:39:54.666 [info] fatal: not a git repository (or any of the parent directories): .git
2024-11-12 00:53:35.632 [info] > git rev-parse --show-toplevel [4ms]
2024-11-12 00:53:35.632 [info] fatal: not a git repository (or any of the parent directories): .git
2024-11-12 00:53:36.529 [info] > git rev-parse --show-toplevel [4ms]
2024-11-12 00:53:36.529 [info] fatal: not a git repository (or any of the parent directories): .git
2024-11-12 00:53:37.510 [info] > git rev-parse --show-toplevel [3ms]
2024-11-12 00:53:37.510 [info] fatal: not a git repository (or any of the parent directories): .git
2024-11-12 00:54:40.898 [info] > git rev-parse --show-toplevel [3ms]
2024-11-12 00:54:40.898 [info] fatal: not a git repository (or any of the parent directories): .git
2024-11-12 00:54:41.877 [info] > git rev-parse --show-toplevel [4ms]
2024-11-12 00:54:41.877 [info] fatal: not a git repository (or any of the parent directories): .git
2024-11-12 01:23:05.605 [info] > git rev-parse --show-toplevel [6ms]
2024-11-12 01:23:05.605 [info] fatal: not a git repository (or any of the parent directories): .git
2024-11-12 01:23:05.611 [info] > git rev-parse --show-toplevel [4ms]
2024-11-12 01:23:05.611 [info] fatal: not a git repository (or any of the parent directories): .git
2024-11-12 01:37:28.815 [info] > git rev-parse --show-toplevel [5ms]
2024-11-12 01:37:28.815 [info] fatal: not a git repository (or any of the parent directories): .git
2024-11-12 01:37:28.991 [info] > git rev-parse --show-toplevel [5ms]
2024-11-12 01:37:28.991 [info] fatal: not a git repository (or any of the parent directories): .git
2024-11-12 01:37:30.241 [info] > git rev-parse --show-toplevel [4ms]
2024-11-12 01:37:30.241 [info] fatal: not a git repository (or any of the parent directories): .git
2024-11-12 01:37:35.007 [info] > git rev-parse --show-toplevel [4ms]
2024-11-12 01:37:35.007 [info] fatal: not a git repository (or any of the parent directories): .git
