2024-11-13 11:41:46.684 [info] [main] Log level: Info
2024-11-13 11:41:46.684 [info] [main] Validating found git in: "git"
2024-11-13 11:41:46.684 [info] [main] Using git "2.43.5" from "git"
2024-11-13 11:41:46.684 [info] [Model][doInitialScan] Initial repository scan started
2024-11-13 11:41:46.684 [info] > git rev-parse --show-toplevel [32ms]
2024-11-13 11:41:46.684 [info] > git rev-parse --git-dir --git-common-dir [3ms]
2024-11-13 11:41:46.684 [info] [Model][openRepository] Opened repository: /home/adminuser/BankingMicroservice
2024-11-13 11:41:46.684 [info] > git config --get commit.template [4ms]
2024-11-13 11:41:46.684 [info] > git rev-parse --show-toplevel [6ms]
2024-11-13 11:41:46.684 [info] > git rev-parse --show-toplevel [2ms]
2024-11-13 11:41:46.684 [info] > git rev-parse --show-toplevel [2ms]
2024-11-13 11:41:46.684 [info] [Model][doInitialScan] Initial repository scan completed - repositories (1), closed repositories (0), parent repositories (0), unsafe repositories (0)
2024-11-13 11:41:46.684 [info] > git for-each-ref --format=%(refname)%00%(upstream:short)%00%(objectname)%00%(upstream:track)%00%(upstream:remotename)%00%(upstream:remoteref) refs/heads/main refs/remotes/main [15ms]
2024-11-13 11:41:46.684 [info] > git for-each-ref --sort -committerdate --format %(refname) %(objectname) %(*objectname) [6ms]
2024-11-13 11:41:46.684 [info] > git status -z -uall [19ms]
2024-11-13 11:41:46.684 [info] > git for-each-ref --format=%(refname)%00%(upstream:short)%00%(objectname)%00%(upstream:track)%00%(upstream:remotename)%00%(upstream:remoteref) refs/heads/main refs/remotes/main [6ms]
2024-11-13 11:41:46.684 [info] > git config --get commit.template [5ms]
2024-11-13 11:41:46.684 [info] > git config --local branch.main.vscode-merge-base [4ms]
2024-11-13 11:41:46.684 [info] > git for-each-ref --format=%(refname)%00%(upstream:short)%00%(objectname)%00%(upstream:track)%00%(upstream:remotename)%00%(upstream:remoteref) refs/heads/main refs/remotes/main [5ms]
2024-11-13 11:41:46.684 [info] > git for-each-ref --format=%(refname)%00%(upstream:short)%00%(objectname)%00%(upstream:track)%00%(upstream:remotename)%00%(upstream:remoteref) refs/heads/origin/main refs/remotes/origin/main [8ms]
2024-11-13 11:41:46.684 [info] > git status -z -uall [28ms]
2024-11-13 11:41:46.684 [info] > git merge-base refs/heads/main refs/remotes/origin/main [19ms]
2024-11-13 11:41:46.684 [info] > git for-each-ref --sort -committerdate --format %(refname) %(objectname) %(*objectname) [26ms]
2024-11-13 11:41:46.684 [info] > git diff --name-status -z --diff-filter=ADMR 794fe7d7a25e77d1e37fa53b366569615fbef2e6...refs/remotes/origin/main [9ms]
2024-11-13 11:41:46.684 [info] > git merge-base refs/heads/main refs/remotes/origin/main [7ms]
2024-11-13 11:41:46.684 [info] > git diff --name-status -z --diff-filter=ADMR 794fe7d7a25e77d1e37fa53b366569615fbef2e6...refs/remotes/origin/main [2ms]
2024-11-13 11:41:47.360 [info] > git check-ignore -v -z --stdin [7ms]
2024-11-13 11:41:47.638 [info] > git show --textconv :install_docker.yml [86ms]
2024-11-13 11:41:47.639 [info] > git ls-files --stage -- /home/adminuser/BankingMicroservice/install_docker.yml [83ms]
2024-11-13 11:41:50.022 [info] > git show --textconv :README.md [11ms]
2024-11-13 11:41:50.023 [info] > git ls-files --stage -- /home/adminuser/BankingMicroservice/README.md [7ms]
2024-11-13 11:41:50.027 [info] > git cat-file -s 8fe2418c774a69fcbb0496c6aad2d9b06c6a38e9 [2ms]
2024-11-13 11:41:52.312 [info] > git show --textconv :install_docker.yml [4ms]
2024-11-13 11:41:52.315 [info] > git ls-files --stage -- /home/adminuser/BankingMicroservice/install_docker.yml [4ms]
2024-11-13 11:41:53.180 [info] > git show --textconv :README.md [6ms]
2024-11-13 11:41:53.183 [info] > git ls-files --stage -- /home/adminuser/BankingMicroservice/README.md [4ms]
2024-11-13 11:41:53.187 [info] > git cat-file -s 8fe2418c774a69fcbb0496c6aad2d9b06c6a38e9 [2ms]
2024-11-13 11:41:54.554 [info] > git show --textconv :install_docker.yml [5ms]
2024-11-13 11:41:54.558 [info] > git ls-files --stage -- /home/adminuser/BankingMicroservice/install_docker.yml [5ms]
2024-11-13 11:47:17.884 [info] > git check-ignore -v -z --stdin [6ms]
