2024-11-14 00:08:54.063 [info] Extension host with pid 51845 started
2024-11-14 00:08:54.064 [error] Error: EEXIST: file already exists, open '/home/adminuser/.vscode-server/data/User/workspaceStorage/af69cb3296e993d27f5e8f699e593a9f/vscode.lock'
2024-11-14 00:08:54.097 [info] Lock '/home/adminuser/.vscode-server/data/User/workspaceStorage/af69cb3296e993d27f5e8f699e593a9f/vscode.lock': Could not acquire lock, checking if the file is stale.
2024-11-14 00:08:54.121 [info] Lock '/home/adminuser/.vscode-server/data/User/workspaceStorage/af69cb3296e993d27f5e8f699e593a9f/vscode.lock': The lock does not look stale, elapsed: 408 ms, giving up.
2024-11-14 00:08:54.127 [info] Lock '/home/adminuser/.vscode-server/data/User/workspaceStorage/af69cb3296e993d27f5e8f699e593a9f-1/vscode.lock': Lock acquired.
2024-11-14 00:08:54.683 [info] ExtensionService#_doActivateExtension vscode.emmet, startup: false, activationEvent: 'onLanguage'
2024-11-14 00:08:54.685 [info] ExtensionService#_doActivateExtension vscode.tunnel-forwarding, startup: false, activationEvent: 'onTunnel'
2024-11-14 00:08:54.685 [info] ExtensionService#_doActivateExtension vscode.git-base, startup: false, activationEvent: '*', root cause: vscode.git
2024-11-14 00:08:55.057 [info] ExtensionService#_doActivateExtension vscode.git, startup: false, activationEvent: '*'
2024-11-14 00:08:55.058 [info] ExtensionService#_doActivateExtension vscode.github, startup: false, activationEvent: '*'
2024-11-14 00:08:55.664 [info] Eager extensions activated
2024-11-14 00:08:55.664 [info] ExtensionService#_doActivateExtension vscode.debug-auto-launch, startup: false, activationEvent: 'onStartupFinished'
2024-11-14 00:08:55.665 [info] ExtensionService#_doActivateExtension vscode.merge-conflict, startup: false, activationEvent: 'onStartupFinished'
2024-11-14 00:09:22.740 [info] ExtensionService#_doActivateExtension vscode.npm, startup: false, activationEvent: 'onTerminalQuickFixRequest:ms-vscode.npm-command'
2024-11-14 00:09:29.782 [info] ExtensionService#_doActivateExtension vscode.configuration-editing, startup: false, activationEvent: 'onLanguage:json'
2024-11-14 00:09:29.783 [info] ExtensionService#_doActivateExtension vscode.extension-editing, startup: false, activationEvent: 'onLanguage:json'
2024-11-14 00:09:29.787 [info] ExtensionService#_doActivateExtension vscode.json-language-features, startup: false, activationEvent: 'onLanguage:json'
2024-11-14 04:20:11.079 [info] Extension host terminating: renderer disconnected for too long (2)
2024-11-14 04:20:11.080 [info] Lock '/home/adminuser/.vscode-server/data/User/workspaceStorage/af69cb3296e993d27f5e8f699e593a9f-1/vscode.lock': Marking the lockfile as scheduled to be released in 6000 ms.
2024-11-14 04:20:11.125 [error] Canceled: Canceled
	at new tT (file:///home/adminuser/.vscode-server/cli/servers/Stable-e8653663e8840adaf45af01eab5c627a5af81807/server/out/vs/workbench/api/node/extensionHostProcess.js:31:151066)
	at py.U (file:///home/adminuser/.vscode-server/cli/servers/Stable-e8653663e8840adaf45af01eab5c627a5af81807/server/out/vs/workbench/api/node/extensionHostProcess.js:31:155676)
	at s.<computed>.n.charCodeAt.s.<computed> (file:///home/adminuser/.vscode-server/cli/servers/Stable-e8653663e8840adaf45af01eab5c627a5af81807/server/out/vs/workbench/api/node/extensionHostProcess.js:31:153170)
	at Y0.g (file:///home/adminuser/.vscode-server/cli/servers/Stable-e8653663e8840adaf45af01eab5c627a5af81807/server/out/vs/workbench/api/node/extensionHostProcess.js:114:32313)
	at Y0.executeCommand (file:///home/adminuser/.vscode-server/cli/servers/Stable-e8653663e8840adaf45af01eab5c627a5af81807/server/out/vs/workbench/api/node/extensionHostProcess.js:114:31817)
	at r.registerCommand.description (file:///home/adminuser/.vscode-server/cli/servers/Stable-e8653663e8840adaf45af01eab5c627a5af81807/server/out/vs/workbench/api/node/extensionHostProcess.js:114:31147)
	at Y0.h (file:///home/adminuser/.vscode-server/cli/servers/Stable-e8653663e8840adaf45af01eab5c627a5af81807/server/out/vs/workbench/api/node/extensionHostProcess.js:114:32833)
	at Y0.g (file:///home/adminuser/.vscode-server/cli/servers/Stable-e8653663e8840adaf45af01eab5c627a5af81807/server/out/vs/workbench/api/node/extensionHostProcess.js:114:31910)
	at Y0.executeCommand (file:///home/adminuser/.vscode-server/cli/servers/Stable-e8653663e8840adaf45af01eab5c627a5af81807/server/out/vs/workbench/api/node/extensionHostProcess.js:114:31817)
	at Object.executeCommand (file:///home/adminuser/.vscode-server/cli/servers/Stable-e8653663e8840adaf45af01eab5c627a5af81807/server/out/vs/workbench/api/node/extensionHostProcess.js:156:37246)
	at mh.O [as value] (/home/adminuser/.vscode-server/cli/servers/Stable-e8653663e8840adaf45af01eab5c627a5af81807/server/extensions/git/dist/main.js:2:961845)
	at P.B (file:///home/adminuser/.vscode-server/cli/servers/Stable-e8653663e8840adaf45af01eab5c627a5af81807/server/out/vs/workbench/api/node/extensionHostProcess.js:29:746)
	at P.C (file:///home/adminuser/.vscode-server/cli/servers/Stable-e8653663e8840adaf45af01eab5c627a5af81807/server/out/vs/workbench/api/node/extensionHostProcess.js:29:816)
	at P.fire (file:///home/adminuser/.vscode-server/cli/servers/Stable-e8653663e8840adaf45af01eab5c627a5af81807/server/out/vs/workbench/api/node/extensionHostProcess.js:29:1033)
	at Object.p [as dispose] (/home/adminuser/.vscode-server/cli/servers/Stable-e8653663e8840adaf45af01eab5c627a5af81807/server/extensions/git/dist/main.js:2:983333)
	at /home/adminuser/.vscode-server/cli/servers/Stable-e8653663e8840adaf45af01eab5c627a5af81807/server/extensions/git/dist/main.js:2:989455
	at Array.forEach (<anonymous>)
	at b.dispose (/home/adminuser/.vscode-server/cli/servers/Stable-e8653663e8840adaf45af01eab5c627a5af81807/server/extensions/git/dist/main.js:2:989441)
	at V1.<anonymous> (file:///home/adminuser/.vscode-server/cli/servers/Stable-e8653663e8840adaf45af01eab5c627a5af81807/server/out/vs/workbench/api/node/extensionHostProcess.js:108:19994)
	at V1.dispose (file:///home/adminuser/.vscode-server/cli/servers/Stable-e8653663e8840adaf45af01eab5c627a5af81807/server/out/vs/workbench/api/node/extensionHostProcess.js:108:20090)
	at V1.<anonymous> (/home/adminuser/.vscode-server/cli/servers/Stable-e8653663e8840adaf45af01eab5c627a5af81807/server/extensions/git/dist/main.js:2:964255)
	at V1.dispose (file:///home/adminuser/.vscode-server/cli/servers/Stable-e8653663e8840adaf45af01eab5c627a5af81807/server/out/vs/workbench/api/node/extensionHostProcess.js:108:20090)
	at ci (file:///home/adminuser/.vscode-server/cli/servers/Stable-e8653663e8840adaf45af01eab5c627a5af81807/server/out/vs/workbench/api/node/extensionHostProcess.js:24:699)
	at file:///home/adminuser/.vscode-server/cli/servers/Stable-e8653663e8840adaf45af01eab5c627a5af81807/server/out/vs/workbench/api/node/extensionHostProcess.js:118:14992
	at file:///home/adminuser/.vscode-server/cli/servers/Stable-e8653663e8840adaf45af01eab5c627a5af81807/server/out/vs/workbench/api/node/extensionHostProcess.js:24:1009
	at Object.dispose (file:///home/adminuser/.vscode-server/cli/servers/Stable-e8653663e8840adaf45af01eab5c627a5af81807/server/out/vs/workbench/api/node/extensionHostProcess.js:7:2146)
	at _z.eb (file:///home/adminuser/.vscode-server/cli/servers/Stable-e8653663e8840adaf45af01eab5c627a5af81807/server/out/vs/workbench/api/node/extensionHostProcess.js:118:11919)
	at file:///home/adminuser/.vscode-server/cli/servers/Stable-e8653663e8840adaf45af01eab5c627a5af81807/server/out/vs/workbench/api/node/extensionHostProcess.js:118:9874
	at Array.map (<anonymous>)
	at _z.$ (file:///home/adminuser/.vscode-server/cli/servers/Stable-e8653663e8840adaf45af01eab5c627a5af81807/server/out/vs/workbench/api/node/extensionHostProcess.js:118:9862)
	at _z.terminate (file:///home/adminuser/.vscode-server/cli/servers/Stable-e8653663e8840adaf45af01eab5c627a5af81807/server/out/vs/workbench/api/node/extensionHostProcess.js:118:10105)
	at xC.terminate (file:///home/adminuser/.vscode-server/cli/servers/Stable-e8653663e8840adaf45af01eab5c627a5af81807/server/out/vs/workbench/api/node/extensionHostProcess.js:119:1424)
	at Zi (file:///home/adminuser/.vscode-server/cli/servers/Stable-e8653663e8840adaf45af01eab5c627a5af81807/server/out/vs/workbench/api/node/extensionHostProcess.js:174:15063)
	at c5.a (file:///home/adminuser/.vscode-server/cli/servers/Stable-e8653663e8840adaf45af01eab5c627a5af81807/server/out/vs/workbench/api/node/extensionHostProcess.js:174:11976)
	at c5.h (file:///home/adminuser/.vscode-server/cli/servers/Stable-e8653663e8840adaf45af01eab5c627a5af81807/server/out/vs/workbench/api/node/extensionHostProcess.js:30:75682)
	at listOnTimeout (node:internal/timers:581:17)
	at process.processTimers (node:internal/timers:519:7) setContext undefined
2024-11-14 04:20:11.126 [error] Canceled: Canceled
	at new tT (file:///home/adminuser/.vscode-server/cli/servers/Stable-e8653663e8840adaf45af01eab5c627a5af81807/server/out/vs/workbench/api/node/extensionHostProcess.js:31:151066)
	at py.U (file:///home/adminuser/.vscode-server/cli/servers/Stable-e8653663e8840adaf45af01eab5c627a5af81807/server/out/vs/workbench/api/node/extensionHostProcess.js:31:155676)
	at s.<computed>.n.charCodeAt.s.<computed> (file:///home/adminuser/.vscode-server/cli/servers/Stable-e8653663e8840adaf45af01eab5c627a5af81807/server/out/vs/workbench/api/node/extensionHostProcess.js:31:153170)
	at Y0.g (file:///home/adminuser/.vscode-server/cli/servers/Stable-e8653663e8840adaf45af01eab5c627a5af81807/server/out/vs/workbench/api/node/extensionHostProcess.js:114:32313)
	at Y0.executeCommand (file:///home/adminuser/.vscode-server/cli/servers/Stable-e8653663e8840adaf45af01eab5c627a5af81807/server/out/vs/workbench/api/node/extensionHostProcess.js:114:31817)
	at r.registerCommand.description (file:///home/adminuser/.vscode-server/cli/servers/Stable-e8653663e8840adaf45af01eab5c627a5af81807/server/out/vs/workbench/api/node/extensionHostProcess.js:114:31147)
	at Y0.h (file:///home/adminuser/.vscode-server/cli/servers/Stable-e8653663e8840adaf45af01eab5c627a5af81807/server/out/vs/workbench/api/node/extensionHostProcess.js:114:32833)
	at Y0.g (file:///home/adminuser/.vscode-server/cli/servers/Stable-e8653663e8840adaf45af01eab5c627a5af81807/server/out/vs/workbench/api/node/extensionHostProcess.js:114:31910)
	at Y0.executeCommand (file:///home/adminuser/.vscode-server/cli/servers/Stable-e8653663e8840adaf45af01eab5c627a5af81807/server/out/vs/workbench/api/node/extensionHostProcess.js:114:31817)
	at Object.executeCommand (file:///home/adminuser/.vscode-server/cli/servers/Stable-e8653663e8840adaf45af01eab5c627a5af81807/server/out/vs/workbench/api/node/extensionHostProcess.js:156:37246)
	at mh.O [as value] (/home/adminuser/.vscode-server/cli/servers/Stable-e8653663e8840adaf45af01eab5c627a5af81807/server/extensions/git/dist/main.js:2:961845)
	at P.B (file:///home/adminuser/.vscode-server/cli/servers/Stable-e8653663e8840adaf45af01eab5c627a5af81807/server/out/vs/workbench/api/node/extensionHostProcess.js:29:746)
	at P.C (file:///home/adminuser/.vscode-server/cli/servers/Stable-e8653663e8840adaf45af01eab5c627a5af81807/server/out/vs/workbench/api/node/extensionHostProcess.js:29:816)
	at P.fire (file:///home/adminuser/.vscode-server/cli/servers/Stable-e8653663e8840adaf45af01eab5c627a5af81807/server/out/vs/workbench/api/node/extensionHostProcess.js:29:1033)
	at Object.p [as dispose] (/home/adminuser/.vscode-server/cli/servers/Stable-e8653663e8840adaf45af01eab5c627a5af81807/server/extensions/git/dist/main.js:2:983333)
	at /home/adminuser/.vscode-server/cli/servers/Stable-e8653663e8840adaf45af01eab5c627a5af81807/server/extensions/git/dist/main.js:2:989455
	at Array.forEach (<anonymous>)
	at b.dispose (/home/adminuser/.vscode-server/cli/servers/Stable-e8653663e8840adaf45af01eab5c627a5af81807/server/extensions/git/dist/main.js:2:989441)
	at V1.<anonymous> (file:///home/adminuser/.vscode-server/cli/servers/Stable-e8653663e8840adaf45af01eab5c627a5af81807/server/out/vs/workbench/api/node/extensionHostProcess.js:108:19994)
	at V1.dispose (file:///home/adminuser/.vscode-server/cli/servers/Stable-e8653663e8840adaf45af01eab5c627a5af81807/server/out/vs/workbench/api/node/extensionHostProcess.js:108:20090)
	at V1.<anonymous> (/home/adminuser/.vscode-server/cli/servers/Stable-e8653663e8840adaf45af01eab5c627a5af81807/server/extensions/git/dist/main.js:2:964255)
	at V1.dispose (file:///home/adminuser/.vscode-server/cli/servers/Stable-e8653663e8840adaf45af01eab5c627a5af81807/server/out/vs/workbench/api/node/extensionHostProcess.js:108:20090)
	at ci (file:///home/adminuser/.vscode-server/cli/servers/Stable-e8653663e8840adaf45af01eab5c627a5af81807/server/out/vs/workbench/api/node/extensionHostProcess.js:24:699)
	at file:///home/adminuser/.vscode-server/cli/servers/Stable-e8653663e8840adaf45af01eab5c627a5af81807/server/out/vs/workbench/api/node/extensionHostProcess.js:118:14992
	at file:///home/adminuser/.vscode-server/cli/servers/Stable-e8653663e8840adaf45af01eab5c627a5af81807/server/out/vs/workbench/api/node/extensionHostProcess.js:24:1009
	at Object.dispose (file:///home/adminuser/.vscode-server/cli/servers/Stable-e8653663e8840adaf45af01eab5c627a5af81807/server/out/vs/workbench/api/node/extensionHostProcess.js:7:2146)
	at _z.eb (file:///home/adminuser/.vscode-server/cli/servers/Stable-e8653663e8840adaf45af01eab5c627a5af81807/server/out/vs/workbench/api/node/extensionHostProcess.js:118:11919)
	at file:///home/adminuser/.vscode-server/cli/servers/Stable-e8653663e8840adaf45af01eab5c627a5af81807/server/out/vs/workbench/api/node/extensionHostProcess.js:118:9874
	at Array.map (<anonymous>)
	at _z.$ (file:///home/adminuser/.vscode-server/cli/servers/Stable-e8653663e8840adaf45af01eab5c627a5af81807/server/out/vs/workbench/api/node/extensionHostProcess.js:118:9862)
	at _z.terminate (file:///home/adminuser/.vscode-server/cli/servers/Stable-e8653663e8840adaf45af01eab5c627a5af81807/server/out/vs/workbench/api/node/extensionHostProcess.js:118:10105)
	at xC.terminate (file:///home/adminuser/.vscode-server/cli/servers/Stable-e8653663e8840adaf45af01eab5c627a5af81807/server/out/vs/workbench/api/node/extensionHostProcess.js:119:1424)
	at Zi (file:///home/adminuser/.vscode-server/cli/servers/Stable-e8653663e8840adaf45af01eab5c627a5af81807/server/out/vs/workbench/api/node/extensionHostProcess.js:174:15063)
	at c5.a (file:///home/adminuser/.vscode-server/cli/servers/Stable-e8653663e8840adaf45af01eab5c627a5af81807/server/out/vs/workbench/api/node/extensionHostProcess.js:174:11976)
	at c5.h (file:///home/adminuser/.vscode-server/cli/servers/Stable-e8653663e8840adaf45af01eab5c627a5af81807/server/out/vs/workbench/api/node/extensionHostProcess.js:30:75682)
	at listOnTimeout (node:internal/timers:581:17)
	at process.processTimers (node:internal/timers:519:7) setContext undefined
2024-11-14 04:20:11.127 [error] Canceled: Canceled
	at new tT (file:///home/adminuser/.vscode-server/cli/servers/Stable-e8653663e8840adaf45af01eab5c627a5af81807/server/out/vs/workbench/api/node/extensionHostProcess.js:31:151066)
	at py.U (file:///home/adminuser/.vscode-server/cli/servers/Stable-e8653663e8840adaf45af01eab5c627a5af81807/server/out/vs/workbench/api/node/extensionHostProcess.js:31:155676)
	at s.<computed>.n.charCodeAt.s.<computed> (file:///home/adminuser/.vscode-server/cli/servers/Stable-e8653663e8840adaf45af01eab5c627a5af81807/server/out/vs/workbench/api/node/extensionHostProcess.js:31:153170)
	at Y0.g (file:///home/adminuser/.vscode-server/cli/servers/Stable-e8653663e8840adaf45af01eab5c627a5af81807/server/out/vs/workbench/api/node/extensionHostProcess.js:114:32313)
	at Y0.executeCommand (file:///home/adminuser/.vscode-server/cli/servers/Stable-e8653663e8840adaf45af01eab5c627a5af81807/server/out/vs/workbench/api/node/extensionHostProcess.js:114:31817)
	at r.registerCommand.description (file:///home/adminuser/.vscode-server/cli/servers/Stable-e8653663e8840adaf45af01eab5c627a5af81807/server/out/vs/workbench/api/node/extensionHostProcess.js:114:31147)
	at Y0.h (file:///home/adminuser/.vscode-server/cli/servers/Stable-e8653663e8840adaf45af01eab5c627a5af81807/server/out/vs/workbench/api/node/extensionHostProcess.js:114:32833)
	at Y0.g (file:///home/adminuser/.vscode-server/cli/servers/Stable-e8653663e8840adaf45af01eab5c627a5af81807/server/out/vs/workbench/api/node/extensionHostProcess.js:114:31910)
	at Y0.executeCommand (file:///home/adminuser/.vscode-server/cli/servers/Stable-e8653663e8840adaf45af01eab5c627a5af81807/server/out/vs/workbench/api/node/extensionHostProcess.js:114:31817)
	at Object.executeCommand (file:///home/adminuser/.vscode-server/cli/servers/Stable-e8653663e8840adaf45af01eab5c627a5af81807/server/out/vs/workbench/api/node/extensionHostProcess.js:156:37246)
	at set hasGitHubRepositories [as hasGitHubRepositories] (/home/adminuser/.vscode-server/cli/servers/Stable-e8653663e8840adaf45af01eab5c627a5af81807/server/extensions/github/dist/extension.js:2:328633)
	at /home/adminuser/.vscode-server/cli/servers/Stable-e8653663e8840adaf45af01eab5c627a5af81807/server/extensions/github/dist/extension.js:2:329592
	at mh.value (/home/adminuser/.vscode-server/cli/servers/Stable-e8653663e8840adaf45af01eab5c627a5af81807/server/extensions/git/dist/main.js:2:1073936)
	at P.B (file:///home/adminuser/.vscode-server/cli/servers/Stable-e8653663e8840adaf45af01eab5c627a5af81807/server/out/vs/workbench/api/node/extensionHostProcess.js:29:746)
	at P.C (file:///home/adminuser/.vscode-server/cli/servers/Stable-e8653663e8840adaf45af01eab5c627a5af81807/server/out/vs/workbench/api/node/extensionHostProcess.js:29:816)
	at P.fire (file:///home/adminuser/.vscode-server/cli/servers/Stable-e8653663e8840adaf45af01eab5c627a5af81807/server/out/vs/workbench/api/node/extensionHostProcess.js:29:1033)
	at Object.p [as dispose] (/home/adminuser/.vscode-server/cli/servers/Stable-e8653663e8840adaf45af01eab5c627a5af81807/server/extensions/git/dist/main.js:2:983333)
	at /home/adminuser/.vscode-server/cli/servers/Stable-e8653663e8840adaf45af01eab5c627a5af81807/server/extensions/git/dist/main.js:2:989455
	at Array.forEach (<anonymous>)
	at b.dispose (/home/adminuser/.vscode-server/cli/servers/Stable-e8653663e8840adaf45af01eab5c627a5af81807/server/extensions/git/dist/main.js:2:989441)
	at V1.<anonymous> (file:///home/adminuser/.vscode-server/cli/servers/Stable-e8653663e8840adaf45af01eab5c627a5af81807/server/out/vs/workbench/api/node/extensionHostProcess.js:108:19994)
	at V1.dispose (file:///home/adminuser/.vscode-server/cli/servers/Stable-e8653663e8840adaf45af01eab5c627a5af81807/server/out/vs/workbench/api/node/extensionHostProcess.js:108:20090)
	at V1.<anonymous> (/home/adminuser/.vscode-server/cli/servers/Stable-e8653663e8840adaf45af01eab5c627a5af81807/server/extensions/git/dist/main.js:2:964255)
	at V1.dispose (file:///home/adminuser/.vscode-server/cli/servers/Stable-e8653663e8840adaf45af01eab5c627a5af81807/server/out/vs/workbench/api/node/extensionHostProcess.js:108:20090)
	at ci (file:///home/adminuser/.vscode-server/cli/servers/Stable-e8653663e8840adaf45af01eab5c627a5af81807/server/out/vs/workbench/api/node/extensionHostProcess.js:24:699)
	at file:///home/adminuser/.vscode-server/cli/servers/Stable-e8653663e8840adaf45af01eab5c627a5af81807/server/out/vs/workbench/api/node/extensionHostProcess.js:118:14992
	at file:///home/adminuser/.vscode-server/cli/servers/Stable-e8653663e8840adaf45af01eab5c627a5af81807/server/out/vs/workbench/api/node/extensionHostProcess.js:24:1009
	at Object.dispose (file:///home/adminuser/.vscode-server/cli/servers/Stable-e8653663e8840adaf45af01eab5c627a5af81807/server/out/vs/workbench/api/node/extensionHostProcess.js:7:2146)
	at _z.eb (file:///home/adminuser/.vscode-server/cli/servers/Stable-e8653663e8840adaf45af01eab5c627a5af81807/server/out/vs/workbench/api/node/extensionHostProcess.js:118:11919)
	at file:///home/adminuser/.vscode-server/cli/servers/Stable-e8653663e8840adaf45af01eab5c627a5af81807/server/out/vs/workbench/api/node/extensionHostProcess.js:118:9874
	at Array.map (<anonymous>)
	at _z.$ (file:///home/adminuser/.vscode-server/cli/servers/Stable-e8653663e8840adaf45af01eab5c627a5af81807/server/out/vs/workbench/api/node/extensionHostProcess.js:118:9862)
	at _z.terminate (file:///home/adminuser/.vscode-server/cli/servers/Stable-e8653663e8840adaf45af01eab5c627a5af81807/server/out/vs/workbench/api/node/extensionHostProcess.js:118:10105)
	at xC.terminate (file:///home/adminuser/.vscode-server/cli/servers/Stable-e8653663e8840adaf45af01eab5c627a5af81807/server/out/vs/workbench/api/node/extensionHostProcess.js:119:1424)
	at Zi (file:///home/adminuser/.vscode-server/cli/servers/Stable-e8653663e8840adaf45af01eab5c627a5af81807/server/out/vs/workbench/api/node/extensionHostProcess.js:174:15063)
	at c5.a (file:///home/adminuser/.vscode-server/cli/servers/Stable-e8653663e8840adaf45af01eab5c627a5af81807/server/out/vs/workbench/api/node/extensionHostProcess.js:174:11976)
	at c5.h (file:///home/adminuser/.vscode-server/cli/servers/Stable-e8653663e8840adaf45af01eab5c627a5af81807/server/out/vs/workbench/api/node/extensionHostProcess.js:30:75682)
	at listOnTimeout (node:internal/timers:581:17)
	at process.processTimers (node:internal/timers:519:7) setContext undefined
2024-11-14 04:20:11.135 [info] Extension host with pid 51845 exiting with code 0
