2024-11-13 04:05:17.989 [info] [main] Log level: Info
2024-11-13 04:05:17.989 [info] [main] Validating found git in: "git"
2024-11-13 04:05:17.989 [info] [main] Using git "2.43.5" from "git"
2024-11-13 04:05:17.989 [info] [Model][doInitialScan] Initial repository scan started
2024-11-13 04:05:17.989 [info] > git rev-parse --show-toplevel [27ms]
2024-11-13 04:05:17.989 [info] fatal: not a git repository (or any of the parent directories): .git
2024-11-13 04:05:17.989 [info] > git rev-parse --show-toplevel [142ms]
2024-11-13 04:05:17.989 [info] fatal: not a git repository (or any of the parent directories): .git
2024-11-13 04:05:17.989 [info] > git rev-parse --show-toplevel [3ms]
2024-11-13 04:05:17.989 [info] fatal: not a git repository (or any of the parent directories): .git
2024-11-13 04:05:17.989 [info] > git rev-parse --show-toplevel [2ms]
2024-11-13 04:05:17.990 [info] fatal: not a git repository (or any of the parent directories): .git
2024-11-13 04:05:17.990 [info] > git rev-parse --show-toplevel [2ms]
2024-11-13 04:05:17.990 [info] fatal: not a git repository (or any of the parent directories): .git
2024-11-13 04:05:17.990 [info] > git rev-parse --show-toplevel [3ms]
2024-11-13 04:05:17.990 [info] fatal: not a git repository (or any of the parent directories): .git
2024-11-13 04:05:17.990 [info] > git rev-parse --show-toplevel [2ms]
2024-11-13 04:05:17.990 [info] fatal: not a git repository (or any of the parent directories): .git
2024-11-13 04:05:17.990 [info] > git rev-parse --show-toplevel [2ms]
2024-11-13 04:05:17.990 [info] fatal: not a git repository (or any of the parent directories): .git
2024-11-13 04:05:17.990 [info] > git rev-parse --show-toplevel [3ms]
2024-11-13 04:05:17.990 [info] > git rev-parse --git-dir --git-common-dir [2ms]
2024-11-13 04:05:17.990 [info] [Model][openRepository] Opened repository: /home/adminuser/SampleMaven
2024-11-13 04:05:17.990 [info] > git config --get commit.template [4ms]
2024-11-13 04:05:17.991 [info] > git rev-parse --show-toplevel [6ms]
2024-11-13 04:05:17.991 [info] fatal: not a git repository (or any of the parent directories): .git
2024-11-13 04:05:17.991 [info] > git for-each-ref --format=%(refname)%00%(upstream:short)%00%(objectname)%00%(upstream:track)%00%(upstream:remotename)%00%(upstream:remoteref) refs/heads/master refs/remotes/master [6ms]
2024-11-13 04:05:17.991 [warning] [Git][revParse] Unable to read file: ENOENT: no such file or directory, open '/home/adminuser/SampleMaven/.git/refs/remotes/origin/master'
2024-11-13 04:05:17.991 [info] > git rev-parse --show-toplevel [4ms]
2024-11-13 04:05:17.991 [info] fatal: not a git repository (or any of the parent directories): .git
2024-11-13 04:05:17.991 [info] > git rev-parse refs/remotes/origin/master [5ms]
2024-11-13 04:05:17.991 [info] > git status -z -uall [7ms]
2024-11-13 04:05:17.991 [info] > git rev-parse --show-toplevel [12ms]
2024-11-13 04:05:17.991 [info] fatal: not a git repository (or any of the parent directories): .git
2024-11-13 04:05:17.991 [info] > git for-each-ref --sort -committerdate --format %(refname) %(objectname) %(*objectname) [7ms]
2024-11-13 04:05:17.991 [info] > git rev-parse --show-toplevel [29ms]
2024-11-13 04:05:17.992 [info] fatal: not a git repository (or any of the parent directories): .git
2024-11-13 04:05:17.992 [info] > git config --get commit.template [11ms]
2024-11-13 04:05:17.992 [info] > git for-each-ref --format=%(refname)%00%(upstream:short)%00%(objectname)%00%(upstream:track)%00%(upstream:remotename)%00%(upstream:remoteref) refs/heads/master refs/remotes/master [20ms]
2024-11-13 04:05:17.992 [info] > git rev-parse --show-toplevel [5ms]
2024-11-13 04:05:17.992 [info] fatal: not a git repository (or any of the parent directories): .git
2024-11-13 04:05:17.992 [info] [Model][doInitialScan] Initial repository scan completed - repositories (1), closed repositories (0), parent repositories (0), unsafe repositories (0)
2024-11-13 04:05:17.995 [info] > git config --local branch.master.vscode-merge-base [12ms]
2024-11-13 04:05:18.015 [info] > git for-each-ref --format=%(refname)%00%(upstream:short)%00%(objectname)%00%(upstream:track)%00%(upstream:remotename)%00%(upstream:remoteref) refs/heads/origin/master refs/remotes/origin/master [17ms]
2024-11-13 04:05:18.019 [info] > git for-each-ref --format=%(refname)%00%(upstream:short)%00%(objectname)%00%(upstream:track)%00%(upstream:remotename)%00%(upstream:remoteref) refs/heads/master refs/remotes/master [25ms]
2024-11-13 04:05:18.022 [warning] [Git][revParse] Unable to read file: ENOENT: no such file or directory, open '/home/adminuser/SampleMaven/.git/refs/remotes/origin/master'
2024-11-13 04:05:18.023 [info] > git merge-base refs/heads/master refs/remotes/origin/master [4ms]
2024-11-13 04:05:18.027 [info] > git rev-parse refs/remotes/origin/master [5ms]
2024-11-13 04:05:18.035 [info] > git status -z -uall [4ms]
2024-11-13 04:05:18.035 [info] > git diff --name-status -z --diff-filter=ADMR 5ff110cc5053fe311e8de90463098762e681ef99...refs/remotes/origin/master [9ms]
2024-11-13 04:05:18.039 [info] > git for-each-ref --sort -committerdate --format %(refname) %(objectname) %(*objectname) [5ms]
2024-11-13 04:05:18.480 [info] > git check-ignore -v -z --stdin [3ms]
2024-11-13 04:05:19.267 [info] > git check-ignore -v -z --stdin [2ms]
