2024-11-13 18:48:47.888 [info] [main] Log level: Info
2024-11-13 18:48:47.888 [info] [main] Validating found git in: "git"
2024-11-13 18:48:47.888 [info] [main] Using git "2.43.5" from "git"
2024-11-13 18:48:47.888 [info] [Model][doInitialScan] Initial repository scan started
2024-11-13 18:48:47.888 [info] > git rev-parse --show-toplevel [4ms]
2024-11-13 18:48:47.888 [info] > git rev-parse --git-dir --git-common-dir [2ms]
2024-11-13 18:48:47.888 [info] [Model][openRepository] Opened repository: /home/adminuser/BankingMicroservice
2024-11-13 18:48:47.888 [info] > git config --get commit.template [6ms]
2024-11-13 18:48:47.888 [info] > git rev-parse --show-toplevel [7ms]
2024-11-13 18:48:47.888 [info] > git for-each-ref --format=%(refname)%00%(upstream:short)%00%(objectname)%00%(upstream:track)%00%(upstream:remotename)%00%(upstream:remoteref) refs/heads/main refs/remotes/main [6ms]
2024-11-13 18:48:47.888 [info] > git status -z -uall [8ms]
2024-11-13 18:48:47.888 [info] > git rev-parse --show-toplevel [15ms]
2024-11-13 18:48:47.888 [info] > git for-each-ref --sort -committerdate --format %(refname) %(objectname) %(*objectname) [8ms]
2024-11-13 18:48:47.888 [info] > git for-each-ref --format=%(refname)%00%(upstream:short)%00%(objectname)%00%(upstream:track)%00%(upstream:remotename)%00%(upstream:remoteref) refs/heads/main refs/remotes/main [29ms]
2024-11-13 18:48:47.888 [info] > git rev-parse --show-toplevel [59ms]
2024-11-13 18:48:47.888 [info] [Model][doInitialScan] Initial repository scan completed - repositories (1), closed repositories (0), parent repositories (0), unsafe repositories (0)
2024-11-13 18:48:47.888 [info] > git config --get commit.template [10ms]
2024-11-13 18:48:47.888 [info] > git config --local branch.main.vscode-merge-base [9ms]
2024-11-13 18:48:47.888 [info] > git for-each-ref --format=%(refname)%00%(upstream:short)%00%(objectname)%00%(upstream:track)%00%(upstream:remotename)%00%(upstream:remoteref) refs/heads/main refs/remotes/main [6ms]
2024-11-13 18:48:47.888 [info] > git status -z -uall [21ms]
2024-11-13 18:48:47.888 [info] > git for-each-ref --format=%(refname)%00%(upstream:short)%00%(objectname)%00%(upstream:track)%00%(upstream:remotename)%00%(upstream:remoteref) refs/heads/origin/main refs/remotes/origin/main [27ms]
2024-11-13 18:48:47.888 [info] > git for-each-ref --sort -committerdate --format %(refname) %(objectname) %(*objectname) [47ms]
2024-11-13 18:48:47.888 [info] > git merge-base refs/heads/main refs/remotes/origin/main [46ms]
2024-11-13 18:48:47.888 [info] > git merge-base refs/heads/main refs/remotes/origin/main [56ms]
2024-11-13 18:48:47.888 [info] > git diff --name-status -z --diff-filter=ADMR 794fe7d7a25e77d1e37fa53b366569615fbef2e6...refs/remotes/origin/main [32ms]
2024-11-13 18:48:47.888 [info] > git diff --name-status -z --diff-filter=ADMR 794fe7d7a25e77d1e37fa53b366569615fbef2e6...refs/remotes/origin/main [4ms]
2024-11-13 18:48:48.636 [info] > git check-ignore -v -z --stdin [3ms]
2024-11-13 18:48:48.872 [info] > git show --textconv :docker-compose.yml [24ms]
2024-11-13 18:48:48.873 [info] > git ls-files --stage -- /home/adminuser/BankingMicroservice/docker-compose.yml [19ms]
2024-11-13 18:51:01.771 [info] > git check-ignore -v -z --stdin [5ms]
2024-11-13 18:51:04.865 [info] > git check-ignore -v -z --stdin [4ms]
2024-11-13 18:51:22.014 [info] > git config --get commit.template [7ms]
2024-11-13 18:51:22.017 [info] > git for-each-ref --format=%(refname)%00%(upstream:short)%00%(objectname)%00%(upstream:track)%00%(upstream:remotename)%00%(upstream:remoteref) refs/heads/main refs/remotes/main [4ms]
2024-11-13 18:51:22.029 [info] > git status -z -uall [9ms]
2024-11-13 18:51:22.036 [info] > git for-each-ref --sort -committerdate --format %(refname) %(objectname) %(*objectname) [10ms]
2024-11-13 18:51:22.771 [info] > git check-ignore -v -z --stdin [3ms]
2024-11-13 18:51:24.720 [info] > git check-ignore -v -z --stdin [4ms]
2024-11-13 18:51:33.547 [info] > git check-ignore -v -z --stdin [3ms]
2024-11-13 18:51:34.782 [info] > git config --get commit.template [5ms]
2024-11-13 18:51:34.785 [info] > git for-each-ref --format=%(refname)%00%(upstream:short)%00%(objectname)%00%(upstream:track)%00%(upstream:remotename)%00%(upstream:remoteref) refs/heads/main refs/remotes/main [4ms]
2024-11-13 18:51:34.793 [info] > git status -z -uall [6ms]
2024-11-13 18:51:34.796 [info] > git for-each-ref --sort -committerdate --format %(refname) %(objectname) %(*objectname) [4ms]
2024-11-13 18:51:45.608 [info] > git config --get commit.template [7ms]
2024-11-13 18:51:45.611 [info] > git for-each-ref --format=%(refname)%00%(upstream:short)%00%(objectname)%00%(upstream:track)%00%(upstream:remotename)%00%(upstream:remoteref) refs/heads/main refs/remotes/main [4ms]
2024-11-13 18:51:45.620 [info] > git status -z -uall [6ms]
2024-11-13 18:51:45.623 [info] > git for-each-ref --sort -committerdate --format %(refname) %(objectname) %(*objectname) [4ms]
2024-11-13 18:51:52.516 [info] > git check-ignore -v -z --stdin [3ms]
2024-11-13 18:51:56.074 [info] > git check-ignore -v -z --stdin [3ms]
2024-11-13 18:51:56.384 [info] > git show --textconv :src/test/java/com/bank/AppTest.java [6ms]
2024-11-13 18:51:56.387 [info] > git ls-files --stage -- /home/adminuser/BankingMicroservice/src/test/java/com/bank/AppTest.java [4ms]
2024-11-13 18:51:56.395 [info] > git cat-file -s f3d15f22f540463b390c2ad485c69b69cbbfa9de [2ms]
2024-11-13 18:52:01.770 [info] > git check-ignore -v -z --stdin [3ms]
2024-11-13 18:52:01.999 [info] > git config --get commit.template [6ms]
2024-11-13 18:52:02.002 [info] > git for-each-ref --format=%(refname)%00%(upstream:short)%00%(objectname)%00%(upstream:track)%00%(upstream:remotename)%00%(upstream:remoteref) refs/heads/main refs/remotes/main [3ms]
2024-11-13 18:52:02.013 [info] > git status -z -uall [8ms]
2024-11-13 18:52:02.016 [info] > git for-each-ref --sort -committerdate --format %(refname) %(objectname) %(*objectname) [5ms]
2024-11-13 18:52:02.111 [info] > git show --textconv :src/test/java/AppTest.java [7ms]
2024-11-13 18:52:02.114 [info] > git ls-files --stage -- /home/adminuser/BankingMicroservice/src/test/java/AppTest.java [3ms]
2024-11-13 18:52:10.500 [info] > git config --get commit.template [5ms]
2024-11-13 18:52:10.503 [info] > git for-each-ref --format=%(refname)%00%(upstream:short)%00%(objectname)%00%(upstream:track)%00%(upstream:remotename)%00%(upstream:remoteref) refs/heads/main refs/remotes/main [3ms]
2024-11-13 18:52:10.514 [info] > git status -z -uall [8ms]
2024-11-13 18:52:10.517 [info] > git for-each-ref --sort -committerdate --format %(refname) %(objectname) %(*objectname) [4ms]
2024-11-13 18:53:06.269 [info] > git show --textconv :Dockerfile [6ms]
2024-11-13 18:53:06.272 [info] > git ls-files --stage -- /home/adminuser/BankingMicroservice/Dockerfile [4ms]
2024-11-13 18:54:40.139 [info] > git show --textconv :docker-compose.yml [7ms]
2024-11-13 18:54:40.142 [info] > git ls-files --stage -- /home/adminuser/BankingMicroservice/docker-compose.yml [3ms]
2024-11-13 18:55:07.805 [info] > git show --textconv :Dockerfile [6ms]
2024-11-13 18:55:07.808 [info] > git ls-files --stage -- /home/adminuser/BankingMicroservice/Dockerfile [3ms]
2024-11-13 18:55:23.051 [info] > git config --get commit.template [6ms]
2024-11-13 18:55:23.059 [info] > git for-each-ref --format=%(refname)%00%(upstream:short)%00%(objectname)%00%(upstream:track)%00%(upstream:remotename)%00%(upstream:remoteref) refs/heads/main refs/remotes/main [9ms]
2024-11-13 18:55:23.071 [info] > git status -z -uall [6ms]
2024-11-13 18:55:23.074 [info] > git for-each-ref --sort -committerdate --format %(refname) %(objectname) %(*objectname) [4ms]
2024-11-13 18:55:23.975 [info] > git show --textconv :docker-compose.yml [6ms]
2024-11-13 18:55:23.978 [info] > git ls-files --stage -- /home/adminuser/BankingMicroservice/docker-compose.yml [4ms]
2024-11-13 18:59:43.984 [info] > git config --get commit.template [6ms]
2024-11-13 18:59:43.987 [info] > git for-each-ref --format=%(refname)%00%(upstream:short)%00%(objectname)%00%(upstream:track)%00%(upstream:remotename)%00%(upstream:remoteref) refs/heads/main refs/remotes/main [4ms]
2024-11-13 18:59:43.997 [info] > git status -z -uall [7ms]
2024-11-13 18:59:44.001 [info] > git for-each-ref --sort -committerdate --format %(refname) %(objectname) %(*objectname) [6ms]
2024-11-13 19:00:08.875 [info] > git config --get commit.template [5ms]
2024-11-13 19:00:08.878 [info] > git for-each-ref --format=%(refname)%00%(upstream:short)%00%(objectname)%00%(upstream:track)%00%(upstream:remotename)%00%(upstream:remoteref) refs/heads/main refs/remotes/main [4ms]
2024-11-13 19:00:08.888 [info] > git status -z -uall [7ms]
2024-11-13 19:00:08.891 [info] > git for-each-ref --sort -committerdate --format %(refname) %(objectname) %(*objectname) [5ms]
2024-11-13 19:02:06.422 [info] > git show --textconv :src/main/java/App.java [6ms]
2024-11-13 19:02:06.425 [info] > git ls-files --stage -- /home/adminuser/BankingMicroservice/src/main/java/App.java [4ms]
2024-11-13 19:02:18.974 [info] > git config --get commit.template [6ms]
2024-11-13 19:02:18.977 [info] > git for-each-ref --format=%(refname)%00%(upstream:short)%00%(objectname)%00%(upstream:track)%00%(upstream:remotename)%00%(upstream:remoteref) refs/heads/main refs/remotes/main [4ms]
2024-11-13 19:02:18.986 [info] > git status -z -uall [6ms]
2024-11-13 19:02:18.990 [info] > git for-each-ref --sort -committerdate --format %(refname) %(objectname) %(*objectname) [4ms]
2024-11-13 19:02:21.393 [info] > git show --textconv :docker-compose.yml [7ms]
2024-11-13 19:02:21.397 [info] > git ls-files --stage -- /home/adminuser/BankingMicroservice/docker-compose.yml [5ms]
2024-11-13 19:02:31.174 [info] > git config --get commit.template [6ms]
2024-11-13 19:02:31.176 [info] > git for-each-ref --format=%(refname)%00%(upstream:short)%00%(objectname)%00%(upstream:track)%00%(upstream:remotename)%00%(upstream:remoteref) refs/heads/main refs/remotes/main [3ms]
2024-11-13 19:02:31.189 [info] > git status -z -uall [6ms]
2024-11-13 19:02:31.193 [info] > git for-each-ref --sort -committerdate --format %(refname) %(objectname) %(*objectname) [4ms]
2024-11-13 19:02:36.210 [info] > git config --get commit.template [6ms]
2024-11-13 19:02:36.212 [info] > git for-each-ref --format=%(refname)%00%(upstream:short)%00%(objectname)%00%(upstream:track)%00%(upstream:remotename)%00%(upstream:remoteref) refs/heads/main refs/remotes/main [3ms]
2024-11-13 19:02:36.223 [info] > git status -z -uall [8ms]
2024-11-13 19:02:36.226 [info] > git for-each-ref --sort -committerdate --format %(refname) %(objectname) %(*objectname) [4ms]
2024-11-13 19:02:57.123 [info] > git show --textconv :pom.xml [6ms]
2024-11-13 19:02:57.127 [info] > git ls-files --stage -- /home/adminuser/BankingMicroservice/pom.xml [5ms]
2024-11-13 19:02:57.132 [info] > git cat-file -s 9212576510a7963268d6db1916c733f5c5a9bf3e [3ms]
2024-11-13 19:03:05.291 [info] > git config --get commit.template [5ms]
2024-11-13 19:03:05.294 [info] > git for-each-ref --format=%(refname)%00%(upstream:short)%00%(objectname)%00%(upstream:track)%00%(upstream:remotename)%00%(upstream:remoteref) refs/heads/main refs/remotes/main [3ms]
2024-11-13 19:03:05.307 [info] > git status -z -uall [9ms]
2024-11-13 19:03:05.310 [info] > git for-each-ref --sort -committerdate --format %(refname) %(objectname) %(*objectname) [4ms]
2024-11-13 19:03:06.844 [info] > git show --textconv :install_java_apache.yml [5ms]
2024-11-13 19:03:06.847 [info] > git ls-files --stage -- /home/adminuser/BankingMicroservice/install_java_apache.yml [3ms]
2024-11-13 19:03:09.146 [info] > git show --textconv :src/main/java/App.java [5ms]
2024-11-13 19:03:09.149 [info] > git ls-files --stage -- /home/adminuser/BankingMicroservice/src/main/java/App.java [4ms]
2024-11-13 19:03:37.274 [info] > git config --get commit.template [6ms]
2024-11-13 19:03:37.276 [info] > git for-each-ref --format=%(refname)%00%(upstream:short)%00%(objectname)%00%(upstream:track)%00%(upstream:remotename)%00%(upstream:remoteref) refs/heads/main refs/remotes/main [3ms]
2024-11-13 19:03:37.287 [info] > git status -z -uall [8ms]
2024-11-13 19:03:37.290 [info] > git for-each-ref --sort -committerdate --format %(refname) %(objectname) %(*objectname) [5ms]
2024-11-13 19:03:59.615 [info] > git config --get commit.template [6ms]
2024-11-13 19:03:59.618 [info] > git for-each-ref --format=%(refname)%00%(upstream:short)%00%(objectname)%00%(upstream:track)%00%(upstream:remotename)%00%(upstream:remoteref) refs/heads/main refs/remotes/main [3ms]
2024-11-13 19:03:59.627 [info] > git status -z -uall [6ms]
2024-11-13 19:03:59.630 [info] > git for-each-ref --sort -committerdate --format %(refname) %(objectname) %(*objectname) [4ms]
2024-11-13 19:04:52.092 [info] > git show --textconv :pom.xml [6ms]
2024-11-13 19:04:52.095 [info] > git ls-files --stage -- /home/adminuser/BankingMicroservice/pom.xml [3ms]
2024-11-13 19:04:52.099 [info] > git cat-file -s 9212576510a7963268d6db1916c733f5c5a9bf3e [2ms]
2024-11-13 19:04:57.630 [info] > git config --get commit.template [6ms]
2024-11-13 19:04:57.633 [info] > git for-each-ref --format=%(refname)%00%(upstream:short)%00%(objectname)%00%(upstream:track)%00%(upstream:remotename)%00%(upstream:remoteref) refs/heads/main refs/remotes/main [4ms]
2024-11-13 19:04:57.642 [info] > git status -z -uall [6ms]
2024-11-13 19:04:57.645 [info] > git for-each-ref --sort -committerdate --format %(refname) %(objectname) %(*objectname) [4ms]
2024-11-13 19:05:07.188 [info] > git config --get commit.template [7ms]
2024-11-13 19:05:07.191 [info] > git for-each-ref --format=%(refname)%00%(upstream:short)%00%(objectname)%00%(upstream:track)%00%(upstream:remotename)%00%(upstream:remoteref) refs/heads/main refs/remotes/main [3ms]
2024-11-13 19:05:07.202 [info] > git status -z -uall [8ms]
2024-11-13 19:05:07.206 [info] > git for-each-ref --sort -committerdate --format %(refname) %(objectname) %(*objectname) [4ms]
2024-11-13 19:05:12.222 [info] > git config --get commit.template [5ms]
2024-11-13 19:05:12.224 [info] > git for-each-ref --format=%(refname)%00%(upstream:short)%00%(objectname)%00%(upstream:track)%00%(upstream:remotename)%00%(upstream:remoteref) refs/heads/main refs/remotes/main [3ms]
2024-11-13 19:05:12.235 [info] > git status -z -uall [8ms]
2024-11-13 19:05:12.238 [info] > git for-each-ref --sort -committerdate --format %(refname) %(objectname) %(*objectname) [4ms]
2024-11-13 19:05:43.319 [info] > git show --textconv :src/main/java/App.java [6ms]
2024-11-13 19:05:43.323 [info] > git ls-files --stage -- /home/adminuser/BankingMicroservice/src/main/java/App.java [5ms]
2024-11-13 19:06:04.233 [info] > git config --get commit.template [6ms]
2024-11-13 19:06:04.235 [info] > git for-each-ref --format=%(refname)%00%(upstream:short)%00%(objectname)%00%(upstream:track)%00%(upstream:remotename)%00%(upstream:remoteref) refs/heads/main refs/remotes/main [3ms]
2024-11-13 19:06:04.243 [info] > git status -z -uall [5ms]
2024-11-13 19:06:04.246 [info] > git for-each-ref --sort -committerdate --format %(refname) %(objectname) %(*objectname) [3ms]
2024-11-13 19:06:12.380 [info] > git config --get commit.template [9ms]
2024-11-13 19:06:12.388 [info] > git for-each-ref --format=%(refname)%00%(upstream:short)%00%(objectname)%00%(upstream:track)%00%(upstream:remotename)%00%(upstream:remoteref) refs/heads/main refs/remotes/main [9ms]
2024-11-13 19:06:12.415 [info] > git status -z -uall [17ms]
2024-11-13 19:06:12.424 [info] > git for-each-ref --sort -committerdate --format %(refname) %(objectname) %(*objectname) [13ms]
2024-11-13 19:06:17.498 [info] > git config --get commit.template [35ms]
2024-11-13 19:06:17.520 [info] > git for-each-ref --format=%(refname)%00%(upstream:short)%00%(objectname)%00%(upstream:track)%00%(upstream:remotename)%00%(upstream:remoteref) refs/heads/main refs/remotes/main [23ms]
2024-11-13 19:06:17.590 [info] > git status -z -uall [43ms]
2024-11-13 19:06:17.607 [info] > git for-each-ref --sort -committerdate --format %(refname) %(objectname) %(*objectname) [34ms]
2024-11-13 19:06:38.467 [info] > git config --get commit.template [32ms]
2024-11-13 19:06:38.487 [info] > git for-each-ref --format=%(refname)%00%(upstream:short)%00%(objectname)%00%(upstream:track)%00%(upstream:remotename)%00%(upstream:remoteref) refs/heads/main refs/remotes/main [20ms]
2024-11-13 19:06:38.531 [info] > git status -z -uall [27ms]
2024-11-13 19:06:38.584 [info] > git for-each-ref --sort -committerdate --format %(refname) %(objectname) %(*objectname) [54ms]
2024-11-13 19:06:45.446 [info] > git check-ignore -v -z --stdin [3ms]
2024-11-13 19:08:39.818 [info] > git config --get commit.template [14ms]
2024-11-13 19:08:39.825 [info] > git for-each-ref --format=%(refname)%00%(upstream:short)%00%(objectname)%00%(upstream:track)%00%(upstream:remotename)%00%(upstream:remoteref) refs/heads/main refs/remotes/main [9ms]
2024-11-13 19:08:39.860 [info] > git status -z -uall [22ms]
2024-11-13 19:08:39.866 [info] > git for-each-ref --sort -committerdate --format %(refname) %(objectname) %(*objectname) [15ms]
2024-11-13 19:08:41.755 [info] > git check-ignore -v -z --stdin [3ms]
2024-11-13 19:11:19.491 [info] > git show --textconv :docker-compose.yml [9ms]
2024-11-13 19:11:19.494 [info] > git ls-files --stage -- /home/adminuser/BankingMicroservice/docker-compose.yml [5ms]
2024-11-13 19:14:25.957 [info] > git check-ignore -v -z --stdin [3ms]
2024-11-13 19:14:37.875 [info] > git check-ignore -v -z --stdin [2ms]
2024-11-13 19:14:38.110 [info] > git show --textconv :DockerFile [7ms]
2024-11-13 19:14:38.113 [info] > git ls-files --stage -- /home/adminuser/BankingMicroservice/DockerFile [4ms]
2024-11-13 19:14:38.156 [info] > git config --get commit.template [7ms]
2024-11-13 19:14:38.159 [info] > git for-each-ref --format=%(refname)%00%(upstream:short)%00%(objectname)%00%(upstream:track)%00%(upstream:remotename)%00%(upstream:remoteref) refs/heads/main refs/remotes/main [4ms]
2024-11-13 19:14:38.168 [info] > git status -z -uall [6ms]
2024-11-13 19:14:38.171 [info] > git for-each-ref --sort -committerdate --format %(refname) %(objectname) %(*objectname) [4ms]
2024-11-13 19:14:43.188 [info] > git config --get commit.template [5ms]
2024-11-13 19:14:43.190 [info] > git for-each-ref --format=%(refname)%00%(upstream:short)%00%(objectname)%00%(upstream:track)%00%(upstream:remotename)%00%(upstream:remoteref) refs/heads/main refs/remotes/main [3ms]
2024-11-13 19:14:43.201 [info] > git status -z -uall [8ms]
2024-11-13 19:14:43.204 [info] > git for-each-ref --sort -committerdate --format %(refname) %(objectname) %(*objectname) [3ms]
2024-11-13 19:14:53.819 [info] > git show --textconv :docker-compose.yml [6ms]
2024-11-13 19:14:53.822 [info] > git ls-files --stage -- /home/adminuser/BankingMicroservice/docker-compose.yml [4ms]
2024-11-13 19:15:30.876 [info] > git config --get commit.template [6ms]
2024-11-13 19:15:30.878 [info] > git for-each-ref --format=%(refname)%00%(upstream:short)%00%(objectname)%00%(upstream:track)%00%(upstream:remotename)%00%(upstream:remoteref) refs/heads/main refs/remotes/main [3ms]
2024-11-13 19:15:30.899 [info] > git status -z -uall [7ms]
2024-11-13 19:15:30.905 [info] > git for-each-ref --sort -committerdate --format %(refname) %(objectname) %(*objectname) [6ms]
2024-11-13 19:15:44.290 [info] > git config --get commit.template [11ms]
2024-11-13 19:15:44.300 [info] > git for-each-ref --format=%(refname)%00%(upstream:short)%00%(objectname)%00%(upstream:track)%00%(upstream:remotename)%00%(upstream:remoteref) refs/heads/main refs/remotes/main [9ms]
2024-11-13 19:15:44.323 [info] > git status -z -uall [13ms]
2024-11-13 19:15:44.330 [info] > git for-each-ref --sort -committerdate --format %(refname) %(objectname) %(*objectname) [13ms]
2024-11-13 19:15:49.342 [info] > git config --get commit.template [6ms]
2024-11-13 19:15:49.345 [info] > git for-each-ref --format=%(refname)%00%(upstream:short)%00%(objectname)%00%(upstream:track)%00%(upstream:remotename)%00%(upstream:remoteref) refs/heads/main refs/remotes/main [3ms]
2024-11-13 19:15:49.355 [info] > git status -z -uall [7ms]
2024-11-13 19:15:49.358 [info] > git for-each-ref --sort -committerdate --format %(refname) %(objectname) %(*objectname) [5ms]
2024-11-13 19:16:17.663 [info] > git config --get commit.template [17ms]
2024-11-13 19:16:17.673 [info] > git for-each-ref --format=%(refname)%00%(upstream:short)%00%(objectname)%00%(upstream:track)%00%(upstream:remotename)%00%(upstream:remoteref) refs/heads/main refs/remotes/main [10ms]
2024-11-13 19:16:17.695 [info] > git status -z -uall [16ms]
2024-11-13 19:16:17.704 [info] > git for-each-ref --sort -committerdate --format %(refname) %(objectname) %(*objectname) [11ms]
2024-11-13 19:16:22.728 [info] > git config --get commit.template [9ms]
2024-11-13 19:16:22.731 [info] > git for-each-ref --format=%(refname)%00%(upstream:short)%00%(objectname)%00%(upstream:track)%00%(upstream:remotename)%00%(upstream:remoteref) refs/heads/main refs/remotes/main [3ms]
2024-11-13 19:16:22.740 [info] > git status -z -uall [6ms]
2024-11-13 19:16:22.743 [info] > git for-each-ref --sort -committerdate --format %(refname) %(objectname) %(*objectname) [3ms]
2024-11-13 19:17:25.563 [info] > git config --get commit.template [7ms]
2024-11-13 19:17:25.566 [info] > git for-each-ref --format=%(refname)%00%(upstream:short)%00%(objectname)%00%(upstream:track)%00%(upstream:remotename)%00%(upstream:remoteref) refs/heads/main refs/remotes/main [4ms]
2024-11-13 19:17:25.590 [info] > git status -z -uall [11ms]
2024-11-13 19:17:25.592 [info] > git for-each-ref --sort -committerdate --format %(refname) %(objectname) %(*objectname) [6ms]
2024-11-13 19:17:34.146 [info] > git show --textconv :install_java_apache.yml [6ms]
2024-11-13 19:17:34.148 [info] > git ls-files --stage -- /home/adminuser/BankingMicroservice/install_java_apache.yml [3ms]
2024-11-13 19:17:35.500 [info] > git show --textconv :docker-compose.yml [6ms]
2024-11-13 19:17:35.504 [info] > git ls-files --stage -- /home/adminuser/BankingMicroservice/docker-compose.yml [5ms]
2024-11-13 19:17:41.112 [info] > git show --textconv :DockerFile [6ms]
2024-11-13 19:17:41.115 [info] > git ls-files --stage -- /home/adminuser/BankingMicroservice/DockerFile [4ms]
2024-11-13 19:17:58.530 [info] > git show --textconv :docker-compose.yml [6ms]
2024-11-13 19:17:58.533 [info] > git ls-files --stage -- /home/adminuser/BankingMicroservice/docker-compose.yml [4ms]
2024-11-13 19:18:20.543 [info] > git config --get commit.template [13ms]
2024-11-13 19:18:20.548 [info] > git for-each-ref --format=%(refname)%00%(upstream:short)%00%(objectname)%00%(upstream:track)%00%(upstream:remotename)%00%(upstream:remoteref) refs/heads/main refs/remotes/main [6ms]
2024-11-13 19:18:20.562 [info] > git status -z -uall [8ms]
2024-11-13 19:18:20.565 [info] > git for-each-ref --sort -committerdate --format %(refname) %(objectname) %(*objectname) [4ms]
2024-11-13 19:18:32.044 [info] > git config --get commit.template [13ms]
2024-11-13 19:18:32.052 [info] > git for-each-ref --format=%(refname)%00%(upstream:short)%00%(objectname)%00%(upstream:track)%00%(upstream:remotename)%00%(upstream:remoteref) refs/heads/main refs/remotes/main [9ms]
2024-11-13 19:18:32.072 [info] > git status -z -uall [10ms]
2024-11-13 19:18:32.082 [info] > git for-each-ref --sort -committerdate --format %(refname) %(objectname) %(*objectname) [11ms]
2024-11-13 19:18:37.098 [info] > git config --get commit.template [7ms]
2024-11-13 19:18:37.101 [info] > git for-each-ref --format=%(refname)%00%(upstream:short)%00%(objectname)%00%(upstream:track)%00%(upstream:remotename)%00%(upstream:remoteref) refs/heads/main refs/remotes/main [5ms]
2024-11-13 19:18:37.110 [info] > git status -z -uall [6ms]
2024-11-13 19:18:37.114 [info] > git for-each-ref --sort -committerdate --format %(refname) %(objectname) %(*objectname) [3ms]
2024-11-13 19:19:28.261 [info] > git show --textconv :DockerFile [6ms]
2024-11-13 19:19:28.264 [info] > git ls-files --stage -- /home/adminuser/BankingMicroservice/DockerFile [4ms]
2024-11-13 19:19:45.725 [info] > git config --get commit.template [8ms]
2024-11-13 19:19:45.727 [info] > git for-each-ref --format=%(refname)%00%(upstream:short)%00%(objectname)%00%(upstream:track)%00%(upstream:remotename)%00%(upstream:remoteref) refs/heads/main refs/remotes/main [3ms]
2024-11-13 19:19:45.737 [info] > git status -z -uall [6ms]
2024-11-13 19:19:45.740 [info] > git for-each-ref --sort -committerdate --format %(refname) %(objectname) %(*objectname) [4ms]
2024-11-13 19:19:45.770 [info] > git show --textconv :Dockerfile [12ms]
2024-11-13 19:19:45.774 [info] > git ls-files --stage -- /home/adminuser/BankingMicroservice/Dockerfile [5ms]
2024-11-13 19:34:50.848 [info] > git show --textconv :docker-compose.yml [6ms]
2024-11-13 19:34:50.851 [info] > git ls-files --stage -- /home/adminuser/BankingMicroservice/docker-compose.yml [3ms]
2024-11-13 19:34:51.772 [info] > git show --textconv :Dockerfile [7ms]
2024-11-13 19:34:51.775 [info] > git ls-files --stage -- /home/adminuser/BankingMicroservice/Dockerfile [4ms]
2024-11-13 20:23:16.681 [info] > git show --textconv :src/main/java/App.java [5ms]
2024-11-13 20:23:16.684 [info] > git ls-files --stage -- /home/adminuser/BankingMicroservice/src/main/java/App.java [4ms]
2024-11-13 20:23:50.695 [info] > git show --textconv :src/test/java/AppTest.java [8ms]
2024-11-13 20:23:50.698 [info] > git ls-files --stage -- /home/adminuser/BankingMicroservice/src/test/java/AppTest.java [4ms]
2024-11-13 20:26:24.453 [info] > git show --textconv :pom.xml [6ms]
2024-11-13 20:26:24.456 [info] > git ls-files --stage -- /home/adminuser/BankingMicroservice/pom.xml [4ms]
2024-11-13 20:26:24.461 [info] > git cat-file -s 9212576510a7963268d6db1916c733f5c5a9bf3e [2ms]
2024-11-13 20:29:38.564 [info] > git config --get commit.template [6ms]
2024-11-13 20:29:38.567 [info] > git for-each-ref --format=%(refname)%00%(upstream:short)%00%(objectname)%00%(upstream:track)%00%(upstream:remotename)%00%(upstream:remoteref) refs/heads/main refs/remotes/main [4ms]
2024-11-13 20:29:38.580 [info] > git for-each-ref --sort -committerdate --format %(refname) %(objectname) %(*objectname) [5ms]
2024-11-13 20:29:38.600 [info] > git status -z -uall [30ms]
2024-11-13 20:29:39.937 [info] > git ls-files --stage -- /home/adminuser/BankingMicroservice/pom.xml [3ms]
2024-11-13 20:29:39.942 [info] > git cat-file -s 48f5e6ec461515fa89dbd4d5e4301befeca8399c [2ms]
2024-11-13 20:29:40.201 [info] > git show --textconv :pom.xml [4ms]
2024-11-13 21:04:16.383 [info] > git show --textconv :hosts.ini [8ms]
2024-11-13 21:04:16.386 [info] > git ls-files --stage -- /home/adminuser/BankingMicroservice/hosts.ini [4ms]
2024-11-13 21:04:16.391 [info] > git cat-file -s 3a8c4679a5065d6be12edacde727794ca2e7a191 [2ms]
2024-11-13 21:05:24.856 [info] > git show --textconv :install_java_apache.yml [8ms]
2024-11-13 21:05:24.859 [info] > git ls-files --stage -- /home/adminuser/BankingMicroservice/install_java_apache.yml [4ms]
2024-11-13 21:05:24.864 [info] > git cat-file -s 70b2630b336748fcb0dcaa2154364187f659ba25 [2ms]
2024-11-13 21:06:13.942 [info] > git show --textconv :install_docker.yml [8ms]
2024-11-13 21:06:13.947 [info] > git ls-files --stage -- /home/adminuser/BankingMicroservice/install_docker.yml [7ms]
2024-11-13 21:06:13.952 [info] > git cat-file -s 41c903571ab09f6670f9787f6ab9878d2960ab2b [2ms]
2024-11-13 21:07:29.426 [info] > git show --textconv :docker-compose.yml [8ms]
2024-11-13 21:07:29.429 [info] > git ls-files --stage -- /home/adminuser/BankingMicroservice/docker-compose.yml [3ms]
2024-11-13 21:07:29.433 [info] > git cat-file -s f8c8c03c74a5d1d4156a80c4cb4c60e5bef49b5b [2ms]
2024-11-13 21:07:36.952 [info] > git check-ignore -v -z --stdin [3ms]
