2024-11-13 04:06:54.618 [info] [main] Log level: Info
2024-11-13 04:06:54.618 [info] [main] Validating found git in: "git"
2024-11-13 04:06:54.618 [info] [main] Using git "2.43.5" from "git"
2024-11-13 04:06:54.618 [info] [Model][doInitialScan] Initial repository scan started
2024-11-13 04:06:54.618 [info] > git rev-parse --show-toplevel [5ms]
2024-11-13 04:06:54.618 [info] fatal: not a git repository (or any of the parent directories): .git
2024-11-13 04:06:54.619 [info] > git rev-parse --show-toplevel [2ms]
2024-11-13 04:06:54.619 [info] fatal: not a git repository (or any of the parent directories): .git
2024-11-13 04:06:54.619 [info] > git rev-parse --show-toplevel [3ms]
2024-11-13 04:06:54.619 [info] fatal: not a git repository (or any of the parent directories): .git
2024-11-13 04:06:54.619 [info] > git rev-parse --show-toplevel [1ms]
2024-11-13 04:06:54.619 [info] fatal: not a git repository (or any of the parent directories): .git
2024-11-13 04:06:54.619 [info] > git rev-parse --show-toplevel [2ms]
2024-11-13 04:06:54.619 [info] fatal: not a git repository (or any of the parent directories): .git
2024-11-13 04:06:54.619 [info] > git rev-parse --show-toplevel [1ms]
2024-11-13 04:06:54.619 [info] fatal: not a git repository (or any of the parent directories): .git
2024-11-13 04:06:54.619 [info] > git rev-parse --show-toplevel [2ms]
2024-11-13 04:06:54.621 [info] fatal: not a git repository (or any of the parent directories): .git
2024-11-13 04:06:54.621 [info] > git rev-parse --show-toplevel [3ms]
2024-11-13 04:06:54.621 [info] fatal: not a git repository (or any of the parent directories): .git
2024-11-13 04:06:54.621 [info] > git rev-parse --show-toplevel [2ms]
2024-11-13 04:06:54.621 [info] > git rev-parse --git-dir --git-common-dir [2ms]
2024-11-13 04:06:54.621 [info] [Model][openRepository] Opened repository: /home/adminuser/SampleMaven
2024-11-13 04:06:54.621 [info] > git config --get commit.template [3ms]
2024-11-13 04:06:54.622 [info] > git rev-parse --show-toplevel [6ms]
2024-11-13 04:06:54.622 [info] fatal: not a git repository (or any of the parent directories): .git
2024-11-13 04:06:54.622 [info] > git for-each-ref --format=%(refname)%00%(upstream:short)%00%(objectname)%00%(upstream:track)%00%(upstream:remotename)%00%(upstream:remoteref) refs/heads/master refs/remotes/master [4ms]
2024-11-13 04:06:54.622 [warning] [Git][revParse] Unable to read file: ENOENT: no such file or directory, open '/home/adminuser/SampleMaven/.git/refs/remotes/origin/master'
2024-11-13 04:06:54.622 [info] > git rev-parse --show-toplevel [4ms]
2024-11-13 04:06:54.622 [info] fatal: not a git repository (or any of the parent directories): .git
2024-11-13 04:06:54.622 [info] > git rev-parse refs/remotes/origin/master [3ms]
2024-11-13 04:06:54.622 [info] > git status -z -uall [6ms]
2024-11-13 04:06:54.622 [info] > git rev-parse --show-toplevel [11ms]
2024-11-13 04:06:54.622 [info] fatal: not a git repository (or any of the parent directories): .git
2024-11-13 04:06:54.622 [info] > git for-each-ref --sort -committerdate --format %(refname) %(objectname) %(*objectname) [6ms]
2024-11-13 04:06:54.622 [info] > git rev-parse --show-toplevel [18ms]
2024-11-13 04:06:54.622 [info] fatal: not a git repository (or any of the parent directories): .git
2024-11-13 04:06:54.623 [info] > git for-each-ref --format=%(refname)%00%(upstream:short)%00%(objectname)%00%(upstream:track)%00%(upstream:remotename)%00%(upstream:remoteref) refs/heads/master refs/remotes/master [10ms]
2024-11-13 04:06:54.623 [info] > git rev-parse --show-toplevel [5ms]
2024-11-13 04:06:54.623 [info] fatal: not a git repository (or any of the parent directories): .git
2024-11-13 04:06:54.623 [info] [Model][doInitialScan] Initial repository scan completed - repositories (1), closed repositories (0), parent repositories (0), unsafe repositories (0)
2024-11-13 04:06:54.623 [info] > git config --get commit.template [13ms]
2024-11-13 04:06:54.623 [info] > git config --local branch.master.vscode-merge-base [8ms]
2024-11-13 04:06:54.623 [info] > git for-each-ref --format=%(refname)%00%(upstream:short)%00%(objectname)%00%(upstream:track)%00%(upstream:remotename)%00%(upstream:remoteref) refs/heads/master refs/remotes/master [7ms]
2024-11-13 04:06:54.623 [warning] [Git][revParse] Unable to read file: ENOENT: no such file or directory, open '/home/adminuser/SampleMaven/.git/refs/remotes/origin/master'
2024-11-13 04:06:54.623 [info] > git for-each-ref --format=%(refname)%00%(upstream:short)%00%(objectname)%00%(upstream:track)%00%(upstream:remotename)%00%(upstream:remoteref) refs/heads/origin/master refs/remotes/origin/master [4ms]
2024-11-13 04:06:54.623 [info] > git merge-base refs/heads/master refs/remotes/origin/master [13ms]
2024-11-13 04:06:54.623 [info] > git rev-parse refs/remotes/origin/master [18ms]
2024-11-13 04:06:54.623 [info] > git status -z -uall [8ms]
2024-11-13 04:06:54.623 [info] > git diff --name-status -z --diff-filter=ADMR 5ff110cc5053fe311e8de90463098762e681ef99...refs/remotes/origin/master [11ms]
2024-11-13 04:06:54.623 [info] > git for-each-ref --sort -committerdate --format %(refname) %(objectname) %(*objectname) [7ms]
2024-11-13 04:06:55.271 [info] > git check-ignore -v -z --stdin [8ms]
2024-11-13 04:07:39.978 [info] > git rev-parse --show-toplevel [3ms]
2024-11-13 04:07:39.983 [info] > git rev-parse --git-dir --git-common-dir [2ms]
2024-11-13 04:07:39.997 [info] [Model][openRepository] Opened repository: /home/adminuser/BankingMicroservice
2024-11-13 04:07:40.010 [info] > git config --get commit.template [5ms]
2024-11-13 04:07:40.012 [info] > git for-each-ref --format=%(refname)%00%(upstream:short)%00%(objectname)%00%(upstream:track)%00%(upstream:remotename)%00%(upstream:remoteref) refs/heads/main refs/remotes/main [4ms]
2024-11-13 04:07:40.014 [warning] [Git][revParse] Unable to read file: ENOENT: no such file or directory, open '/home/adminuser/BankingMicroservice/.git/refs/remotes/origin/main'
2024-11-13 04:07:40.017 [info] > git rev-parse refs/remotes/origin/main [2ms]
2024-11-13 04:07:40.026 [info] > git status -z -uall [7ms]
2024-11-13 04:07:40.030 [info] > git for-each-ref --sort -committerdate --format %(refname) %(objectname) %(*objectname) [5ms]
2024-11-13 04:07:40.047 [info] > git for-each-ref --format=%(refname)%00%(upstream:short)%00%(objectname)%00%(upstream:track)%00%(upstream:remotename)%00%(upstream:remoteref) refs/heads/main refs/remotes/main [9ms]
2024-11-13 04:07:40.051 [info] > git config --get commit.template [6ms]
2024-11-13 04:07:40.056 [info] > git config --local branch.main.vscode-merge-base [6ms]
2024-11-13 04:07:40.056 [warning] [Git][config] git config failed: Failed to execute git
2024-11-13 04:07:40.065 [info] > git for-each-ref --format=%(refname)%00%(upstream:short)%00%(objectname)%00%(upstream:track)%00%(upstream:remotename)%00%(upstream:remoteref) refs/heads/main refs/remotes/main [10ms]
2024-11-13 04:07:40.069 [warning] [Git][revParse] Unable to read file: ENOENT: no such file or directory, open '/home/adminuser/BankingMicroservice/.git/refs/remotes/origin/main'
2024-11-13 04:07:40.070 [info] > git reflog main --grep-reflog=branch: Created from *. [5ms]
2024-11-13 04:07:40.075 [info] > git rev-parse refs/remotes/origin/main [6ms]
2024-11-13 04:07:40.083 [info] > git status -z -uall [5ms]
2024-11-13 04:07:40.083 [info] > git symbolic-ref --short refs/remotes/origin/HEAD [9ms]
2024-11-13 04:07:40.087 [info] > git for-each-ref --sort -committerdate --format %(refname) %(objectname) %(*objectname) [5ms]
2024-11-13 04:07:40.095 [info] > git for-each-ref --format=%(refname)%00%(upstream:short)%00%(objectname)%00%(upstream:track)%00%(upstream:remotename)%00%(upstream:remoteref) refs/heads/origin/main refs/remotes/origin/main [9ms]
2024-11-13 04:07:40.099 [info] > git for-each-ref --format=%(refname)%00%(upstream:short)%00%(objectname)%00%(upstream:track)%00%(upstream:remotename)%00%(upstream:remoteref) refs/heads/main refs/remotes/main [6ms]
2024-11-13 04:07:40.103 [info] > git config --local branch.main.vscode-merge-base origin/main [5ms]
2024-11-13 04:07:40.110 [info] > git config --local branch.main.vscode-merge-base [7ms]
2024-11-13 04:07:40.115 [info] > git config --get commit.template [5ms]
2024-11-13 04:07:40.119 [info] > git for-each-ref --format=%(refname)%00%(upstream:short)%00%(objectname)%00%(upstream:track)%00%(upstream:remotename)%00%(upstream:remoteref) refs/heads/origin/main refs/remotes/origin/main [5ms]
2024-11-13 04:07:40.125 [info] > git for-each-ref --format=%(refname)%00%(upstream:short)%00%(objectname)%00%(upstream:track)%00%(upstream:remotename)%00%(upstream:remoteref) refs/heads/main refs/remotes/main [6ms]
2024-11-13 04:07:40.128 [warning] [Git][revParse] Unable to read file: ENOENT: no such file or directory, open '/home/adminuser/BankingMicroservice/.git/refs/remotes/origin/main'
2024-11-13 04:07:40.129 [info] > git merge-base refs/heads/main refs/remotes/origin/main [6ms]
2024-11-13 04:07:40.133 [info] > git rev-parse refs/remotes/origin/main [5ms]
2024-11-13 04:07:40.142 [info] > git status -z -uall [5ms]
2024-11-13 04:07:40.143 [info] > git diff --name-status -z --diff-filter=ADMR da4aab2a4ec0ffa597a9b1f4b834ffd357cdbb87...refs/remotes/origin/main [10ms]
2024-11-13 04:07:40.146 [info] > git for-each-ref --sort -committerdate --format %(refname) %(objectname) %(*objectname) [4ms]
2024-11-13 04:07:40.825 [info] > git check-ignore -v -z --stdin [5ms]
2024-11-13 04:07:40.827 [info] > git check-ignore -v -z --stdin [4ms]
2024-11-13 04:07:41.590 [info] > git config --get commit.template [4ms]
2024-11-13 04:07:41.593 [info] > git for-each-ref --format=%(refname)%00%(upstream:short)%00%(objectname)%00%(upstream:track)%00%(upstream:remotename)%00%(upstream:remoteref) refs/heads/main refs/remotes/main [3ms]
2024-11-13 04:07:41.594 [warning] [Git][revParse] Unable to read file: ENOENT: no such file or directory, open '/home/adminuser/BankingMicroservice/.git/refs/remotes/origin/main'
2024-11-13 04:07:41.596 [info] > git rev-parse refs/remotes/origin/main [2ms]
2024-11-13 04:07:41.603 [info] > git status -z -uall [5ms]
2024-11-13 04:07:41.606 [info] > git for-each-ref --sort -committerdate --format %(refname) %(objectname) %(*objectname) [4ms]
2024-11-13 04:07:49.332 [info] > git check-ignore -v -z --stdin [3ms]
2024-11-13 04:07:51.157 [info] > git show --textconv :pydev.py [5ms]
2024-11-13 04:07:51.161 [info] > git ls-files --stage -- /home/adminuser/BankingMicroservice/pydev.py [5ms]
2024-11-13 04:07:51.165 [info] > git cat-file -s 04fec50e2e6ab47a02dc0e922f7a732625fcfb93 [2ms]
2024-11-13 04:07:52.300 [info] > git show --textconv :README.md [11ms]
2024-11-13 04:07:52.307 [info] > git ls-files --stage -- /home/adminuser/BankingMicroservice/README.md [10ms]
2024-11-13 04:07:52.317 [info] > git cat-file -s 8fe2418c774a69fcbb0496c6aad2d9b06c6a38e9 [4ms]
