2024-11-13 01:42:28.121 [info] [main] Log level: Info
2024-11-13 01:42:28.121 [info] [main] Validating found git in: "git"
2024-11-13 01:42:28.121 [info] [main] Using git "2.43.5" from "git"
2024-11-13 01:42:28.121 [info] [Model][doInitialScan] Initial repository scan started
2024-11-13 01:42:28.121 [info] > git rev-parse --show-toplevel [4ms]
2024-11-13 01:42:28.121 [info] fatal: not a git repository (or any of the parent directories): .git
2024-11-13 01:42:28.121 [info] > git rev-parse --show-toplevel [2ms]
2024-11-13 01:42:28.121 [info] fatal: not a git repository (or any of the parent directories): .git
2024-11-13 01:42:28.121 [info] > git rev-parse --show-toplevel [2ms]
2024-11-13 01:42:28.121 [info] fatal: not a git repository (or any of the parent directories): .git
2024-11-13 01:42:28.122 [info] > git rev-parse --show-toplevel [2ms]
2024-11-13 01:42:28.122 [info] fatal: not a git repository (or any of the parent directories): .git
2024-11-13 01:42:28.122 [info] > git rev-parse --show-toplevel [1ms]
2024-11-13 01:42:28.122 [info] fatal: not a git repository (or any of the parent directories): .git
2024-11-13 01:42:28.122 [info] > git rev-parse --show-toplevel [2ms]
2024-11-13 01:42:28.122 [info] fatal: not a git repository (or any of the parent directories): .git
2024-11-13 01:42:28.122 [info] > git rev-parse --show-toplevel [2ms]
2024-11-13 01:42:28.122 [info] fatal: not a git repository (or any of the parent directories): .git
2024-11-13 01:42:28.122 [info] > git rev-parse --show-toplevel [2ms]
2024-11-13 01:42:28.122 [info] fatal: not a git repository (or any of the parent directories): .git
2024-11-13 01:42:28.122 [info] > git rev-parse --show-toplevel [2ms]
2024-11-13 01:42:28.122 [info] fatal: not a git repository (or any of the parent directories): .git
2024-11-13 01:42:28.122 [info] > git rev-parse --show-toplevel [27ms]
2024-11-13 01:42:28.122 [info] > git rev-parse --git-dir --git-common-dir [21ms]
2024-11-13 01:42:28.122 [info] [Model][openRepository] Opened repository: /home/adminuser/SampleMaven
2024-11-13 01:42:28.122 [info] > git config --get commit.template [5ms]
2024-11-13 01:42:28.122 [info] > git rev-parse --show-toplevel [6ms]
2024-11-13 01:42:28.122 [info] fatal: not a git repository (or any of the parent directories): .git
2024-11-13 01:42:28.122 [info] > git for-each-ref --format=%(refname)%00%(upstream:short)%00%(objectname)%00%(upstream:track)%00%(upstream:remotename)%00%(upstream:remoteref) refs/heads/master refs/remotes/master [7ms]
2024-11-13 01:42:28.122 [warning] [Git][revParse] Unable to read file: ENOENT: no such file or directory, open '/home/adminuser/SampleMaven/.git/refs/remotes/origin/master'
2024-11-13 01:42:28.122 [info] > git rev-parse --show-toplevel [5ms]
2024-11-13 01:42:28.122 [info] fatal: not a git repository (or any of the parent directories): .git
2024-11-13 01:42:28.122 [info] > git rev-parse refs/remotes/origin/master [4ms]
2024-11-13 01:42:28.122 [info] > git rev-parse --show-toplevel [10ms]
2024-11-13 01:42:28.122 [info] fatal: not a git repository (or any of the parent directories): .git
2024-11-13 01:42:28.122 [info] > git status -z -uall [12ms]
2024-11-13 01:42:28.122 [info] > git for-each-ref --sort -committerdate --format %(refname) %(objectname) %(*objectname) [8ms]
2024-11-13 01:42:28.122 [info] > git rev-parse --show-toplevel [28ms]
2024-11-13 01:42:28.122 [info] fatal: not a git repository (or any of the parent directories): .git
2024-11-13 01:42:28.122 [info] > git for-each-ref --format=%(refname)%00%(upstream:short)%00%(objectname)%00%(upstream:track)%00%(upstream:remotename)%00%(upstream:remoteref) refs/heads/master refs/remotes/master [20ms]
2024-11-13 01:42:28.122 [info] > git rev-parse --show-toplevel [8ms]
2024-11-13 01:42:28.122 [info] fatal: not a git repository (or any of the parent directories): .git
2024-11-13 01:42:28.122 [info] [Model][doInitialScan] Initial repository scan completed - repositories (1), closed repositories (0), parent repositories (0), unsafe repositories (0)
2024-11-13 01:42:28.122 [info] > git config --get commit.template [29ms]
2024-11-13 01:42:28.122 [info] > git config --local branch.master.vscode-merge-base [75ms]
2024-11-13 01:42:28.122 [info] > git for-each-ref --format=%(refname)%00%(upstream:short)%00%(objectname)%00%(upstream:track)%00%(upstream:remotename)%00%(upstream:remoteref) refs/heads/master refs/remotes/master [30ms]
2024-11-13 01:42:28.122 [warning] [Git][revParse] Unable to read file: ENOENT: no such file or directory, open '/home/adminuser/SampleMaven/.git/refs/remotes/origin/master'
2024-11-13 01:42:28.122 [info] > git for-each-ref --format=%(refname)%00%(upstream:short)%00%(objectname)%00%(upstream:track)%00%(upstream:remotename)%00%(upstream:remoteref) refs/heads/origin/master refs/remotes/origin/master [16ms]
2024-11-13 01:42:28.122 [info] > git rev-parse refs/remotes/origin/master [6ms]
2024-11-13 01:42:28.122 [info] > git status -z -uall [6ms]
2024-11-13 01:42:28.122 [info] > git merge-base refs/heads/master refs/remotes/origin/master [12ms]
2024-11-13 01:42:28.122 [info] > git for-each-ref --sort -committerdate --format %(refname) %(objectname) %(*objectname) [9ms]
2024-11-13 01:42:28.122 [info] > git diff --name-status -z --diff-filter=ADMR 5ff110cc5053fe311e8de90463098762e681ef99...refs/remotes/origin/master [60ms]
2024-11-13 01:42:28.122 [info] > git merge-base refs/heads/master refs/remotes/origin/master [49ms]
2024-11-13 01:42:28.125 [info] > git diff --name-status -z --diff-filter=ADMR 5ff110cc5053fe311e8de90463098762e681ef99...refs/remotes/origin/master [4ms]
2024-11-13 01:42:28.590 [info] > git check-ignore -v -z --stdin [3ms]
