2024-11-13 03:10:47.919 [info] Extension host with pid 98880 started
2024-11-13 03:10:47.920 [error] Error: EEXIST: file already exists, open '/home/adminuser/.vscode-server/data/User/workspaceStorage/af69cb3296e993d27f5e8f699e593a9f/vscode.lock'
2024-11-13 03:10:47.955 [info] Lock '/home/adminuser/.vscode-server/data/User/workspaceStorage/af69cb3296e993d27f5e8f699e593a9f/vscode.lock': Could not acquire lock, checking if the file is stale.
2024-11-13 03:10:47.999 [info] Lock '/home/adminuser/.vscode-server/data/User/workspaceStorage/af69cb3296e993d27f5e8f699e593a9f/vscode.lock': The lock does not look stale, elapsed: 82 ms, giving up.
2024-11-13 03:10:48.005 [error] Error: EEXIST: file already exists, open '/home/adminuser/.vscode-server/data/User/workspaceStorage/af69cb3296e993d27f5e8f699e593a9f-1/vscode.lock'
2024-11-13 03:10:48.007 [info] Lock '/home/adminuser/.vscode-server/data/User/workspaceStorage/af69cb3296e993d27f5e8f699e593a9f-1/vscode.lock': Could not acquire lock, checking if the file is stale.
2024-11-13 03:10:48.008 [info] Lock '/home/adminuser/.vscode-server/data/User/workspaceStorage/af69cb3296e993d27f5e8f699e593a9f-1/vscode.lock': The pid 93726 appears to be gone.
2024-11-13 03:10:48.009 [info] Lock '/home/adminuser/.vscode-server/data/User/workspaceStorage/af69cb3296e993d27f5e8f699e593a9f-1/vscode.lock': Deleting a stale lock.
2024-11-13 03:10:48.020 [info] Lock '/home/adminuser/.vscode-server/data/User/workspaceStorage/af69cb3296e993d27f5e8f699e593a9f-1/vscode.lock': Lock acquired.
2024-11-13 03:10:48.775 [info] ExtensionService#_doActivateExtension vscode.tunnel-forwarding, startup: false, activationEvent: 'onTunnel'
2024-11-13 03:10:48.777 [info] ExtensionService#_doActivateExtension vscode.git-base, startup: false, activationEvent: '*', root cause: vscode.git
2024-11-13 03:10:48.777 [info] ExtensionService#_doActivateExtension vscode.emmet, startup: false, activationEvent: 'onLanguage'
2024-11-13 03:10:50.372 [info] ExtensionService#_doActivateExtension vscode.git, startup: false, activationEvent: '*'
2024-11-13 03:10:50.373 [info] ExtensionService#_doActivateExtension vscode.github, startup: false, activationEvent: '*'
2024-11-13 03:10:51.043 [info] Eager extensions activated
2024-11-13 03:10:51.044 [info] ExtensionService#_doActivateExtension vscode.debug-auto-launch, startup: false, activationEvent: 'onStartupFinished'
2024-11-13 03:10:51.045 [info] ExtensionService#_doActivateExtension vscode.merge-conflict, startup: false, activationEvent: 'onStartupFinished'
2024-11-13 03:10:58.198 [info] Extension host terminating: received terminate message from renderer
2024-11-13 03:10:58.199 [info] Lock '/home/adminuser/.vscode-server/data/User/workspaceStorage/af69cb3296e993d27f5e8f699e593a9f-1/vscode.lock': Marking the lockfile as scheduled to be released in 6000 ms.
2024-11-13 03:10:58.224 [error] Canceled: Canceled
	at new tT (file:///home/adminuser/.vscode-server/cli/servers/Stable-e8653663e8840adaf45af01eab5c627a5af81807/server/out/vs/workbench/api/node/extensionHostProcess.js:31:151066)
	at py.U (file:///home/adminuser/.vscode-server/cli/servers/Stable-e8653663e8840adaf45af01eab5c627a5af81807/server/out/vs/workbench/api/node/extensionHostProcess.js:31:155676)
	at s.<computed>.n.charCodeAt.s.<computed> (file:///home/adminuser/.vscode-server/cli/servers/Stable-e8653663e8840adaf45af01eab5c627a5af81807/server/out/vs/workbench/api/node/extensionHostProcess.js:31:153170)
	at Y0.g (file:///home/adminuser/.vscode-server/cli/servers/Stable-e8653663e8840adaf45af01eab5c627a5af81807/server/out/vs/workbench/api/node/extensionHostProcess.js:114:32313)
	at Y0.executeCommand (file:///home/adminuser/.vscode-server/cli/servers/Stable-e8653663e8840adaf45af01eab5c627a5af81807/server/out/vs/workbench/api/node/extensionHostProcess.js:114:31817)
	at r.registerCommand.description (file:///home/adminuser/.vscode-server/cli/servers/Stable-e8653663e8840adaf45af01eab5c627a5af81807/server/out/vs/workbench/api/node/extensionHostProcess.js:114:31147)
	at Y0.h (file:///home/adminuser/.vscode-server/cli/servers/Stable-e8653663e8840adaf45af01eab5c627a5af81807/server/out/vs/workbench/api/node/extensionHostProcess.js:114:32833)
	at Y0.g (file:///home/adminuser/.vscode-server/cli/servers/Stable-e8653663e8840adaf45af01eab5c627a5af81807/server/out/vs/workbench/api/node/extensionHostProcess.js:114:31910)
	at Y0.executeCommand (file:///home/adminuser/.vscode-server/cli/servers/Stable-e8653663e8840adaf45af01eab5c627a5af81807/server/out/vs/workbench/api/node/extensionHostProcess.js:114:31817)
	at Object.executeCommand (file:///home/adminuser/.vscode-server/cli/servers/Stable-e8653663e8840adaf45af01eab5c627a5af81807/server/out/vs/workbench/api/node/extensionHostProcess.js:156:37246)
	at mh.O [as value] (/home/adminuser/.vscode-server/cli/servers/Stable-e8653663e8840adaf45af01eab5c627a5af81807/server/extensions/git/dist/main.js:2:961845)
	at P.B (file:///home/adminuser/.vscode-server/cli/servers/Stable-e8653663e8840adaf45af01eab5c627a5af81807/server/out/vs/workbench/api/node/extensionHostProcess.js:29:746)
	at P.C (file:///home/adminuser/.vscode-server/cli/servers/Stable-e8653663e8840adaf45af01eab5c627a5af81807/server/out/vs/workbench/api/node/extensionHostProcess.js:29:816)
	at P.fire (file:///home/adminuser/.vscode-server/cli/servers/Stable-e8653663e8840adaf45af01eab5c627a5af81807/server/out/vs/workbench/api/node/extensionHostProcess.js:29:1033)
	at Object.p [as dispose] (/home/adminuser/.vscode-server/cli/servers/Stable-e8653663e8840adaf45af01eab5c627a5af81807/server/extensions/git/dist/main.js:2:983333)
	at /home/adminuser/.vscode-server/cli/servers/Stable-e8653663e8840adaf45af01eab5c627a5af81807/server/extensions/git/dist/main.js:2:989455
	at Array.forEach (<anonymous>)
	at b.dispose (/home/adminuser/.vscode-server/cli/servers/Stable-e8653663e8840adaf45af01eab5c627a5af81807/server/extensions/git/dist/main.js:2:989441)
	at V1.<anonymous> (file:///home/adminuser/.vscode-server/cli/servers/Stable-e8653663e8840adaf45af01eab5c627a5af81807/server/out/vs/workbench/api/node/extensionHostProcess.js:108:19994)
	at V1.dispose (file:///home/adminuser/.vscode-server/cli/servers/Stable-e8653663e8840adaf45af01eab5c627a5af81807/server/out/vs/workbench/api/node/extensionHostProcess.js:108:20090)
	at V1.<anonymous> (/home/adminuser/.vscode-server/cli/servers/Stable-e8653663e8840adaf45af01eab5c627a5af81807/server/extensions/git/dist/main.js:2:964255)
	at V1.dispose (file:///home/adminuser/.vscode-server/cli/servers/Stable-e8653663e8840adaf45af01eab5c627a5af81807/server/out/vs/workbench/api/node/extensionHostProcess.js:108:20090)
	at ci (file:///home/adminuser/.vscode-server/cli/servers/Stable-e8653663e8840adaf45af01eab5c627a5af81807/server/out/vs/workbench/api/node/extensionHostProcess.js:24:699)
	at file:///home/adminuser/.vscode-server/cli/servers/Stable-e8653663e8840adaf45af01eab5c627a5af81807/server/out/vs/workbench/api/node/extensionHostProcess.js:118:14992
	at file:///home/adminuser/.vscode-server/cli/servers/Stable-e8653663e8840adaf45af01eab5c627a5af81807/server/out/vs/workbench/api/node/extensionHostProcess.js:24:1009
	at Object.dispose (file:///home/adminuser/.vscode-server/cli/servers/Stable-e8653663e8840adaf45af01eab5c627a5af81807/server/out/vs/workbench/api/node/extensionHostProcess.js:7:2146)
	at _z.eb (file:///home/adminuser/.vscode-server/cli/servers/Stable-e8653663e8840adaf45af01eab5c627a5af81807/server/out/vs/workbench/api/node/extensionHostProcess.js:118:11919)
	at file:///home/adminuser/.vscode-server/cli/servers/Stable-e8653663e8840adaf45af01eab5c627a5af81807/server/out/vs/workbench/api/node/extensionHostProcess.js:118:9874
	at Array.map (<anonymous>)
	at _z.$ (file:///home/adminuser/.vscode-server/cli/servers/Stable-e8653663e8840adaf45af01eab5c627a5af81807/server/out/vs/workbench/api/node/extensionHostProcess.js:118:9862)
	at _z.terminate (file:///home/adminuser/.vscode-server/cli/servers/Stable-e8653663e8840adaf45af01eab5c627a5af81807/server/out/vs/workbench/api/node/extensionHostProcess.js:118:10105)
	at xC.terminate (file:///home/adminuser/.vscode-server/cli/servers/Stable-e8653663e8840adaf45af01eab5c627a5af81807/server/out/vs/workbench/api/node/extensionHostProcess.js:119:1424)
	at Zi (file:///home/adminuser/.vscode-server/cli/servers/Stable-e8653663e8840adaf45af01eab5c627a5af81807/server/out/vs/workbench/api/node/extensionHostProcess.js:174:15063)
	at mh.value (file:///home/adminuser/.vscode-server/cli/servers/Stable-e8653663e8840adaf45af01eab5c627a5af81807/server/out/vs/workbench/api/node/extensionHostProcess.js:174:13224)
	at P.B (file:///home/adminuser/.vscode-server/cli/servers/Stable-e8653663e8840adaf45af01eab5c627a5af81807/server/out/vs/workbench/api/node/extensionHostProcess.js:29:746)
	at P.fire (file:///home/adminuser/.vscode-server/cli/servers/Stable-e8653663e8840adaf45af01eab5c627a5af81807/server/out/vs/workbench/api/node/extensionHostProcess.js:29:964)
	at Vn.fire (file:///home/adminuser/.vscode-server/cli/servers/Stable-e8653663e8840adaf45af01eab5c627a5af81807/server/out/vs/workbench/api/node/extensionHostProcess.js:31:9457)
	at Fm.A (file:///home/adminuser/.vscode-server/cli/servers/Stable-e8653663e8840adaf45af01eab5c627a5af81807/server/out/vs/workbench/api/node/extensionHostProcess.js:31:12573)
	at mh.value (file:///home/adminuser/.vscode-server/cli/servers/Stable-e8653663e8840adaf45af01eab5c627a5af81807/server/out/vs/workbench/api/node/extensionHostProcess.js:31:10993)
	at P.B (file:///home/adminuser/.vscode-server/cli/servers/Stable-e8653663e8840adaf45af01eab5c627a5af81807/server/out/vs/workbench/api/node/extensionHostProcess.js:29:746)
	at P.fire (file:///home/adminuser/.vscode-server/cli/servers/Stable-e8653663e8840adaf45af01eab5c627a5af81807/server/out/vs/workbench/api/node/extensionHostProcess.js:29:964)
	at j5.acceptChunk (file:///home/adminuser/.vscode-server/cli/servers/Stable-e8653663e8840adaf45af01eab5c627a5af81807/server/out/vs/workbench/api/node/extensionHostProcess.js:31:7940)
	at file:///home/adminuser/.vscode-server/cli/servers/Stable-e8653663e8840adaf45af01eab5c627a5af81807/server/out/vs/workbench/api/node/extensionHostProcess.js:31:7226
	at Socket.t (file:///home/adminuser/.vscode-server/cli/servers/Stable-e8653663e8840adaf45af01eab5c627a5af81807/server/out/vs/workbench/api/node/extensionHostProcess.js:31:15451)
	at Socket.emit (node:events:519:28)
	at addChunk (node:internal/streams/readable:559:12)
	at readableAddChunkPushByteMode (node:internal/streams/readable:510:3)
	at Readable.push (node:internal/streams/readable:390:5)
	at Pipe.onStreamRead (node:internal/stream_base_commons:191:23) setContext undefined
2024-11-13 03:10:58.226 [error] Canceled: Canceled
	at new tT (file:///home/adminuser/.vscode-server/cli/servers/Stable-e8653663e8840adaf45af01eab5c627a5af81807/server/out/vs/workbench/api/node/extensionHostProcess.js:31:151066)
	at py.U (file:///home/adminuser/.vscode-server/cli/servers/Stable-e8653663e8840adaf45af01eab5c627a5af81807/server/out/vs/workbench/api/node/extensionHostProcess.js:31:155676)
	at s.<computed>.n.charCodeAt.s.<computed> (file:///home/adminuser/.vscode-server/cli/servers/Stable-e8653663e8840adaf45af01eab5c627a5af81807/server/out/vs/workbench/api/node/extensionHostProcess.js:31:153170)
	at Y0.g (file:///home/adminuser/.vscode-server/cli/servers/Stable-e8653663e8840adaf45af01eab5c627a5af81807/server/out/vs/workbench/api/node/extensionHostProcess.js:114:32313)
	at Y0.executeCommand (file:///home/adminuser/.vscode-server/cli/servers/Stable-e8653663e8840adaf45af01eab5c627a5af81807/server/out/vs/workbench/api/node/extensionHostProcess.js:114:31817)
	at r.registerCommand.description (file:///home/adminuser/.vscode-server/cli/servers/Stable-e8653663e8840adaf45af01eab5c627a5af81807/server/out/vs/workbench/api/node/extensionHostProcess.js:114:31147)
	at Y0.h (file:///home/adminuser/.vscode-server/cli/servers/Stable-e8653663e8840adaf45af01eab5c627a5af81807/server/out/vs/workbench/api/node/extensionHostProcess.js:114:32833)
	at Y0.g (file:///home/adminuser/.vscode-server/cli/servers/Stable-e8653663e8840adaf45af01eab5c627a5af81807/server/out/vs/workbench/api/node/extensionHostProcess.js:114:31910)
	at Y0.executeCommand (file:///home/adminuser/.vscode-server/cli/servers/Stable-e8653663e8840adaf45af01eab5c627a5af81807/server/out/vs/workbench/api/node/extensionHostProcess.js:114:31817)
	at Object.executeCommand (file:///home/adminuser/.vscode-server/cli/servers/Stable-e8653663e8840adaf45af01eab5c627a5af81807/server/out/vs/workbench/api/node/extensionHostProcess.js:156:37246)
	at set hasGitHubRepositories [as hasGitHubRepositories] (/home/adminuser/.vscode-server/cli/servers/Stable-e8653663e8840adaf45af01eab5c627a5af81807/server/extensions/github/dist/extension.js:2:328633)
	at /home/adminuser/.vscode-server/cli/servers/Stable-e8653663e8840adaf45af01eab5c627a5af81807/server/extensions/github/dist/extension.js:2:329592
	at mh.value (/home/adminuser/.vscode-server/cli/servers/Stable-e8653663e8840adaf45af01eab5c627a5af81807/server/extensions/git/dist/main.js:2:1073936)
	at P.B (file:///home/adminuser/.vscode-server/cli/servers/Stable-e8653663e8840adaf45af01eab5c627a5af81807/server/out/vs/workbench/api/node/extensionHostProcess.js:29:746)
	at P.C (file:///home/adminuser/.vscode-server/cli/servers/Stable-e8653663e8840adaf45af01eab5c627a5af81807/server/out/vs/workbench/api/node/extensionHostProcess.js:29:816)
	at P.fire (file:///home/adminuser/.vscode-server/cli/servers/Stable-e8653663e8840adaf45af01eab5c627a5af81807/server/out/vs/workbench/api/node/extensionHostProcess.js:29:1033)
	at Object.p [as dispose] (/home/adminuser/.vscode-server/cli/servers/Stable-e8653663e8840adaf45af01eab5c627a5af81807/server/extensions/git/dist/main.js:2:983333)
	at /home/adminuser/.vscode-server/cli/servers/Stable-e8653663e8840adaf45af01eab5c627a5af81807/server/extensions/git/dist/main.js:2:989455
	at Array.forEach (<anonymous>)
	at b.dispose (/home/adminuser/.vscode-server/cli/servers/Stable-e8653663e8840adaf45af01eab5c627a5af81807/server/extensions/git/dist/main.js:2:989441)
	at V1.<anonymous> (file:///home/adminuser/.vscode-server/cli/servers/Stable-e8653663e8840adaf45af01eab5c627a5af81807/server/out/vs/workbench/api/node/extensionHostProcess.js:108:19994)
	at V1.dispose (file:///home/adminuser/.vscode-server/cli/servers/Stable-e8653663e8840adaf45af01eab5c627a5af81807/server/out/vs/workbench/api/node/extensionHostProcess.js:108:20090)
	at V1.<anonymous> (/home/adminuser/.vscode-server/cli/servers/Stable-e8653663e8840adaf45af01eab5c627a5af81807/server/extensions/git/dist/main.js:2:964255)
	at V1.dispose (file:///home/adminuser/.vscode-server/cli/servers/Stable-e8653663e8840adaf45af01eab5c627a5af81807/server/out/vs/workbench/api/node/extensionHostProcess.js:108:20090)
	at ci (file:///home/adminuser/.vscode-server/cli/servers/Stable-e8653663e8840adaf45af01eab5c627a5af81807/server/out/vs/workbench/api/node/extensionHostProcess.js:24:699)
	at file:///home/adminuser/.vscode-server/cli/servers/Stable-e8653663e8840adaf45af01eab5c627a5af81807/server/out/vs/workbench/api/node/extensionHostProcess.js:118:14992
	at file:///home/adminuser/.vscode-server/cli/servers/Stable-e8653663e8840adaf45af01eab5c627a5af81807/server/out/vs/workbench/api/node/extensionHostProcess.js:24:1009
	at Object.dispose (file:///home/adminuser/.vscode-server/cli/servers/Stable-e8653663e8840adaf45af01eab5c627a5af81807/server/out/vs/workbench/api/node/extensionHostProcess.js:7:2146)
	at _z.eb (file:///home/adminuser/.vscode-server/cli/servers/Stable-e8653663e8840adaf45af01eab5c627a5af81807/server/out/vs/workbench/api/node/extensionHostProcess.js:118:11919)
	at file:///home/adminuser/.vscode-server/cli/servers/Stable-e8653663e8840adaf45af01eab5c627a5af81807/server/out/vs/workbench/api/node/extensionHostProcess.js:118:9874
	at Array.map (<anonymous>)
	at _z.$ (file:///home/adminuser/.vscode-server/cli/servers/Stable-e8653663e8840adaf45af01eab5c627a5af81807/server/out/vs/workbench/api/node/extensionHostProcess.js:118:9862)
	at _z.terminate (file:///home/adminuser/.vscode-server/cli/servers/Stable-e8653663e8840adaf45af01eab5c627a5af81807/server/out/vs/workbench/api/node/extensionHostProcess.js:118:10105)
	at xC.terminate (file:///home/adminuser/.vscode-server/cli/servers/Stable-e8653663e8840adaf45af01eab5c627a5af81807/server/out/vs/workbench/api/node/extensionHostProcess.js:119:1424)
	at Zi (file:///home/adminuser/.vscode-server/cli/servers/Stable-e8653663e8840adaf45af01eab5c627a5af81807/server/out/vs/workbench/api/node/extensionHostProcess.js:174:15063)
	at mh.value (file:///home/adminuser/.vscode-server/cli/servers/Stable-e8653663e8840adaf45af01eab5c627a5af81807/server/out/vs/workbench/api/node/extensionHostProcess.js:174:13224)
	at P.B (file:///home/adminuser/.vscode-server/cli/servers/Stable-e8653663e8840adaf45af01eab5c627a5af81807/server/out/vs/workbench/api/node/extensionHostProcess.js:29:746)
	at P.fire (file:///home/adminuser/.vscode-server/cli/servers/Stable-e8653663e8840adaf45af01eab5c627a5af81807/server/out/vs/workbench/api/node/extensionHostProcess.js:29:964)
	at Vn.fire (file:///home/adminuser/.vscode-server/cli/servers/Stable-e8653663e8840adaf45af01eab5c627a5af81807/server/out/vs/workbench/api/node/extensionHostProcess.js:31:9457)
	at Fm.A (file:///home/adminuser/.vscode-server/cli/servers/Stable-e8653663e8840adaf45af01eab5c627a5af81807/server/out/vs/workbench/api/node/extensionHostProcess.js:31:12573)
	at mh.value (file:///home/adminuser/.vscode-server/cli/servers/Stable-e8653663e8840adaf45af01eab5c627a5af81807/server/out/vs/workbench/api/node/extensionHostProcess.js:31:10993)
	at P.B (file:///home/adminuser/.vscode-server/cli/servers/Stable-e8653663e8840adaf45af01eab5c627a5af81807/server/out/vs/workbench/api/node/extensionHostProcess.js:29:746)
	at P.fire (file:///home/adminuser/.vscode-server/cli/servers/Stable-e8653663e8840adaf45af01eab5c627a5af81807/server/out/vs/workbench/api/node/extensionHostProcess.js:29:964)
	at j5.acceptChunk (file:///home/adminuser/.vscode-server/cli/servers/Stable-e8653663e8840adaf45af01eab5c627a5af81807/server/out/vs/workbench/api/node/extensionHostProcess.js:31:7940)
	at file:///home/adminuser/.vscode-server/cli/servers/Stable-e8653663e8840adaf45af01eab5c627a5af81807/server/out/vs/workbench/api/node/extensionHostProcess.js:31:7226
	at Socket.t (file:///home/adminuser/.vscode-server/cli/servers/Stable-e8653663e8840adaf45af01eab5c627a5af81807/server/out/vs/workbench/api/node/extensionHostProcess.js:31:15451)
	at Socket.emit (node:events:519:28)
	at addChunk (node:internal/streams/readable:559:12)
	at readableAddChunkPushByteMode (node:internal/streams/readable:510:3)
	at Readable.push (node:internal/streams/readable:390:5)
	at Pipe.onStreamRead (node:internal/stream_base_commons:191:23) setContext undefined
2024-11-13 03:10:58.226 [info] Extension host with pid 98880 exiting with code 0
