2024-11-12 06:23:52.659 [info] [main] Log level: Info
2024-11-12 06:23:52.659 [info] [main] Validating found git in: "git"
2024-11-12 06:23:52.660 [info] [main] Using git "2.43.5" from "git"
2024-11-12 06:23:52.660 [info] [Model][doInitialScan] Initial repository scan started
2024-11-12 06:23:52.660 [info] > git rev-parse --show-toplevel [5ms]
2024-11-12 06:23:52.660 [info] fatal: not a git repository (or any of the parent directories): .git
2024-11-12 06:23:52.661 [info] > git rev-parse --show-toplevel [3ms]
2024-11-12 06:23:52.661 [info] fatal: not a git repository (or any of the parent directories): .git
2024-11-12 06:23:52.661 [info] > git rev-parse --show-toplevel [2ms]
2024-11-12 06:23:52.661 [info] fatal: not a git repository (or any of the parent directories): .git
2024-11-12 06:23:52.661 [info] > git rev-parse --show-toplevel [2ms]
2024-11-12 06:23:52.662 [info] fatal: not a git repository (or any of the parent directories): .git
2024-11-12 06:23:52.662 [info] > git rev-parse --show-toplevel [2ms]
2024-11-12 06:23:52.662 [info] fatal: not a git repository (or any of the parent directories): .git
2024-11-12 06:23:52.662 [info] > git rev-parse --show-toplevel [3ms]
2024-11-12 06:23:52.663 [info] fatal: not a git repository (or any of the parent directories): .git
2024-11-12 06:23:52.663 [info] > git rev-parse --show-toplevel [2ms]
2024-11-12 06:23:52.663 [info] fatal: not a git repository (or any of the parent directories): .git
2024-11-12 06:23:52.663 [info] > git rev-parse --show-toplevel [3ms]
2024-11-12 06:23:52.663 [info] fatal: not a git repository (or any of the parent directories): .git
2024-11-12 06:23:52.664 [info] > git rev-parse --show-toplevel [2ms]
2024-11-12 06:23:52.664 [info] fatal: not a git repository (or any of the parent directories): .git
2024-11-12 06:23:52.664 [info] > git rev-parse --show-toplevel [3ms]
2024-11-12 06:23:52.664 [info] fatal: not a git repository (or any of the parent directories): .git
2024-11-12 06:23:52.664 [info] > git rev-parse --show-toplevel [2ms]
2024-11-12 06:23:52.665 [info] fatal: not a git repository (or any of the parent directories): .git
2024-11-12 06:23:52.665 [info] > git rev-parse --show-toplevel [3ms]
2024-11-12 06:23:52.665 [info] fatal: not a git repository (or any of the parent directories): .git
2024-11-12 06:23:52.665 [info] > git rev-parse --show-toplevel [3ms]
2024-11-12 06:23:52.665 [info] fatal: not a git repository (or any of the parent directories): .git
2024-11-12 06:23:52.665 [info] [Model][doInitialScan] Initial repository scan completed - repositories (0), closed repositories (0), parent repositories (0), unsafe repositories (0)
2024-11-12 06:25:26.523 [info] > git rev-parse --show-toplevel [3ms]
2024-11-12 06:25:26.523 [info] fatal: not a git repository (or any of the parent directories): .git
2024-11-12 06:28:22.071 [info] > git rev-parse --show-toplevel [3ms]
2024-11-12 06:28:22.078 [info] > git rev-parse --git-dir --git-common-dir [3ms]
2024-11-12 06:28:22.093 [info] [Model][openRepository] Opened repository: /home/adminuser/SampleMaven
2024-11-12 06:28:22.109 [info] > git config --get commit.template [8ms]
2024-11-12 06:28:22.112 [info] > git for-each-ref --format=%(refname)%00%(upstream:short)%00%(objectname)%00%(upstream:track)%00%(upstream:remotename)%00%(upstream:remoteref) refs/heads/master refs/remotes/master [5ms]
2024-11-12 06:28:22.116 [warning] [Git][revParse] Unable to read file: ENOENT: no such file or directory, open '/home/adminuser/SampleMaven/.git/refs/remotes/origin/master'
2024-11-12 06:28:22.119 [info] > git rev-parse refs/remotes/origin/master [3ms]
2024-11-12 06:28:22.132 [info] > git status -z -uall [8ms]
2024-11-12 06:28:22.135 [info] > git for-each-ref --sort -committerdate --format %(refname) %(objectname) %(*objectname) [4ms]
2024-11-12 06:28:22.155 [info] > git for-each-ref --format=%(refname)%00%(upstream:short)%00%(objectname)%00%(upstream:track)%00%(upstream:remotename)%00%(upstream:remoteref) refs/heads/master refs/remotes/master [9ms]
2024-11-12 06:28:22.162 [info] > git config --get commit.template [8ms]
2024-11-12 06:28:22.167 [info] > git config --local branch.master.vscode-merge-base [6ms]
2024-11-12 06:28:22.168 [warning] [Git][config] git config failed: Failed to execute git
2024-11-12 06:28:22.174 [info] > git for-each-ref --format=%(refname)%00%(upstream:short)%00%(objectname)%00%(upstream:track)%00%(upstream:remotename)%00%(upstream:remoteref) refs/heads/master refs/remotes/master [7ms]
2024-11-12 06:28:22.178 [warning] [Git][revParse] Unable to read file: ENOENT: no such file or directory, open '/home/adminuser/SampleMaven/.git/refs/remotes/origin/master'
2024-11-12 06:28:22.179 [info] > git reflog master --grep-reflog=branch: Created from *. [6ms]
2024-11-12 06:28:22.185 [info] > git rev-parse refs/remotes/origin/master [7ms]
2024-11-12 06:28:22.196 [info] > git status -z -uall [7ms]
2024-11-12 06:28:22.197 [info] > git symbolic-ref --short refs/remotes/origin/HEAD [14ms]
2024-11-12 06:28:22.206 [info] > git for-each-ref --sort -committerdate --format %(refname) %(objectname) %(*objectname) [10ms]
2024-11-12 06:28:22.215 [info] > git for-each-ref --format=%(refname)%00%(upstream:short)%00%(objectname)%00%(upstream:track)%00%(upstream:remotename)%00%(upstream:remoteref) refs/heads/origin/master refs/remotes/origin/master [13ms]
2024-11-12 06:28:22.223 [info] > git for-each-ref --format=%(refname)%00%(upstream:short)%00%(objectname)%00%(upstream:track)%00%(upstream:remotename)%00%(upstream:remoteref) refs/heads/master refs/remotes/master [10ms]
2024-11-12 06:28:22.230 [info] > git config --local branch.master.vscode-merge-base origin/master [8ms]
2024-11-12 06:28:22.239 [info] > git config --local branch.master.vscode-merge-base [10ms]
2024-11-12 06:28:22.279 [info] > git config --get commit.template [42ms]
2024-11-12 06:28:22.290 [info] > git for-each-ref --format=%(refname)%00%(upstream:short)%00%(objectname)%00%(upstream:track)%00%(upstream:remotename)%00%(upstream:remoteref) refs/heads/origin/master refs/remotes/origin/master [43ms]
2024-11-12 06:28:22.316 [info] > git merge-base refs/heads/master refs/remotes/origin/master [20ms]
2024-11-12 06:28:22.320 [info] > git for-each-ref --format=%(refname)%00%(upstream:short)%00%(objectname)%00%(upstream:track)%00%(upstream:remotename)%00%(upstream:remoteref) refs/heads/master refs/remotes/master [31ms]
2024-11-12 06:28:22.325 [warning] [Git][revParse] Unable to read file: ENOENT: no such file or directory, open '/home/adminuser/SampleMaven/.git/refs/remotes/origin/master'
2024-11-12 06:28:22.326 [info] > git diff --name-status -z --diff-filter=ADMR 5ff110cc5053fe311e8de90463098762e681ef99...refs/remotes/origin/master [6ms]
2024-11-12 06:28:22.329 [info] > git rev-parse refs/remotes/origin/master [4ms]
2024-11-12 06:28:22.338 [info] > git status -z -uall [6ms]
2024-11-12 06:28:22.342 [info] > git for-each-ref --sort -committerdate --format %(refname) %(objectname) %(*objectname) [4ms]
2024-11-12 06:28:22.692 [info] > git check-ignore -v -z --stdin [3ms]
2024-11-12 06:28:23.632 [info] > git config --get commit.template [6ms]
2024-11-12 06:28:23.637 [info] > git for-each-ref --format=%(refname)%00%(upstream:short)%00%(objectname)%00%(upstream:track)%00%(upstream:remotename)%00%(upstream:remoteref) refs/heads/master refs/remotes/master [8ms]
2024-11-12 06:28:23.640 [warning] [Git][revParse] Unable to read file: ENOENT: no such file or directory, open '/home/adminuser/SampleMaven/.git/refs/remotes/origin/master'
2024-11-12 06:28:23.642 [info] > git rev-parse refs/remotes/origin/master [2ms]
2024-11-12 06:28:23.664 [info] > git status -z -uall [12ms]
2024-11-12 06:28:23.671 [info] > git for-each-ref --sort -committerdate --format %(refname) %(objectname) %(*objectname) [13ms]
2024-11-12 06:28:25.213 [info] > git check-ignore -v -z --stdin [4ms]
2024-11-12 06:30:11.069 [info] > git show --textconv :azure-pipelines.yml [11ms]
2024-11-12 06:30:11.072 [info] > git ls-files --stage -- /home/adminuser/SampleMaven/azure-pipelines.yml [5ms]
2024-11-12 06:30:11.078 [info] > git cat-file -s 2698f6558bc50bb8a82712d197f6e50c32b0f01a [2ms]
2024-11-12 06:30:12.993 [info] > git show --textconv :pom.xml [6ms]
2024-11-12 06:30:12.997 [info] > git ls-files --stage -- /home/adminuser/SampleMaven/pom.xml [5ms]
2024-11-12 06:30:13.002 [info] > git cat-file -s 4a3dbbdf6bc9a3e222a0462fcc4466093c140b3c [2ms]
2024-11-12 06:36:49.129 [info] > git config --get commit.template [25ms]
2024-11-12 06:36:49.148 [info] > git for-each-ref --format=%(refname)%00%(upstream:short)%00%(objectname)%00%(upstream:track)%00%(upstream:remotename)%00%(upstream:remoteref) refs/heads/master refs/remotes/master [20ms]
2024-11-12 06:36:49.156 [warning] [Git][revParse] Unable to read file: ENOENT: no such file or directory, open '/home/adminuser/SampleMaven/.git/refs/remotes/origin/master'
2024-11-12 06:36:49.175 [info] > git rev-parse refs/remotes/origin/master [18ms]
2024-11-12 06:36:49.215 [info] > git status -z -uall [26ms]
2024-11-12 06:36:49.224 [info] > git for-each-ref --sort -committerdate --format %(refname) %(objectname) %(*objectname) [13ms]
2024-11-12 06:36:50.123 [info] > git check-ignore -v -z --stdin [11ms]
2024-11-12 06:36:54.239 [info] > git config --get commit.template [6ms]
2024-11-12 06:36:54.242 [info] > git for-each-ref --format=%(refname)%00%(upstream:short)%00%(objectname)%00%(upstream:track)%00%(upstream:remotename)%00%(upstream:remoteref) refs/heads/master refs/remotes/master [4ms]
2024-11-12 06:36:54.245 [warning] [Git][revParse] Unable to read file: ENOENT: no such file or directory, open '/home/adminuser/SampleMaven/.git/refs/remotes/origin/master'
2024-11-12 06:36:54.247 [info] > git rev-parse refs/remotes/origin/master [3ms]
2024-11-12 06:36:54.257 [info] > git status -z -uall [6ms]
2024-11-12 06:36:54.261 [info] > git for-each-ref --sort -committerdate --format %(refname) %(objectname) %(*objectname) [4ms]
2024-11-12 06:36:59.277 [info] > git config --get commit.template [6ms]
2024-11-12 06:36:59.282 [info] > git for-each-ref --format=%(refname)%00%(upstream:short)%00%(objectname)%00%(upstream:track)%00%(upstream:remotename)%00%(upstream:remoteref) refs/heads/master refs/remotes/master [8ms]
2024-11-12 06:36:59.285 [warning] [Git][revParse] Unable to read file: ENOENT: no such file or directory, open '/home/adminuser/SampleMaven/.git/refs/remotes/origin/master'
2024-11-12 06:36:59.288 [info] > git rev-parse refs/remotes/origin/master [3ms]
2024-11-12 06:36:59.298 [info] > git status -z -uall [8ms]
2024-11-12 06:36:59.301 [info] > git for-each-ref --sort -committerdate --format %(refname) %(objectname) %(*objectname) [4ms]
2024-11-12 06:42:28.840 [info] > git check-ignore -v -z --stdin [3ms]
2024-11-12 06:42:38.265 [info] > git check-ignore -v -z --stdin [4ms]
2024-11-12 06:42:40.299 [info] > git show --textconv :src/main/webapp/index.jsp [11ms]
2024-11-12 06:42:40.305 [info] > git ls-files --stage -- /home/adminuser/SampleMaven/src/main/webapp/index.jsp [9ms]
2024-11-12 06:42:40.327 [info] > git cat-file -s 06972ce670ec68ea05fd3ab6b1056cb3d6843308 [8ms]
