2024-11-11 23:20:17.686 [info] Extension host with pid 1669 started
2024-11-11 23:20:17.748 [info] Lock '/home/adminuser/.vscode-server/data/User/workspaceStorage/8234333daf90a659e4ba87e9a08aa9f7/vscode.lock': Lock acquired.
2024-11-11 23:20:18.412 [info] ExtensionService#_doActivateExtension vscode.tunnel-forwarding, startup: false, activationEvent: 'onTunnel'
2024-11-11 23:20:18.415 [info] ExtensionService#_doActivateExtension vscode.git-base, startup: false, activationEvent: '*', root cause: vscode.git
2024-11-11 23:20:18.783 [info] ExtensionService#_doActivateExtension vscode.git, startup: false, activationEvent: '*'
2024-11-11 23:20:18.784 [info] ExtensionService#_doActivateExtension vscode.github, startup: false, activationEvent: '*'
2024-11-11 23:20:19.414 [info] Eager extensions activated
2024-11-11 23:20:19.415 [info] ExtensionService#_doActivateExtension vscode.debug-auto-launch, startup: false, activationEvent: 'onStartupFinished'
2024-11-11 23:20:19.416 [info] ExtensionService#_doActivateExtension vscode.merge-conflict, startup: false, activationEvent: 'onStartupFinished'
2024-11-11 23:22:44.187 [info] ExtensionService#_doActivateExtension vscode.npm, startup: false, activationEvent: 'onTerminalQuickFixRequest:ms-vscode.npm-command'
2024-11-11 23:22:51.497 [info] ExtensionService#_doActivateExtension vscode.configuration-editing, startup: false, activationEvent: 'onLanguage:json'
2024-11-11 23:22:51.498 [info] ExtensionService#_doActivateExtension vscode.extension-editing, startup: false, activationEvent: 'onLanguage:json'
2024-11-11 23:22:51.499 [info] ExtensionService#_doActivateExtension vscode.json-language-features, startup: false, activationEvent: 'onLanguage:json'
2024-11-11 23:22:51.499 [info] ExtensionService#_doActivateExtension vscode.emmet, startup: false, activationEvent: 'onLanguage'
2024-11-12 00:22:13.360 [info] ExtensionService#_doActivateExtension vscode.html-language-features, startup: false, activationEvent: 'onLanguage:html'
2024-11-12 00:22:14.230 [info] ExtensionService#_doActivateExtension vscode.typescript-language-features, startup: false, activationEvent: 'onLanguage:jsonc'
2024-11-12 00:39:50.918 [info] ExtensionService#_doActivateExtension ms-azuretools.vscode-docker, startup: false, activationEvent: 'onLanguage:dockerfile'
2024-11-12 01:40:02.896 [info] Extension host terminating: received terminate message from renderer
2024-11-12 01:40:02.898 [info] Lock '/home/adminuser/.vscode-server/data/User/workspaceStorage/8234333daf90a659e4ba87e9a08aa9f7/vscode.lock': Marking the lockfile as scheduled to be released in 6000 ms.
2024-11-12 01:40:03.027 [info] Extension host with pid 1669 exiting with code 0
