2024-11-12 01:40:27.539 [info] [main] Log level: Info
2024-11-12 01:40:27.539 [info] [main] Validating found git in: "git"
2024-11-12 01:40:27.539 [info] [main] Using git "2.43.5" from "git"
2024-11-12 01:40:27.539 [info] [Model][doInitialScan] Initial repository scan started
2024-11-12 01:40:27.539 [info] > git rev-parse --show-toplevel [43ms]
2024-11-12 01:40:27.539 [info] fatal: not a git repository (or any of the parent directories): .git
2024-11-12 01:40:27.539 [info] > git rev-parse --show-toplevel [3ms]
2024-11-12 01:40:27.539 [info] fatal: not a git repository (or any of the parent directories): .git
2024-11-12 01:40:27.539 [info] > git rev-parse --show-toplevel [12ms]
2024-11-12 01:40:27.539 [info] fatal: not a git repository (or any of the parent directories): .git
2024-11-12 01:40:27.540 [info] > git rev-parse --show-toplevel [3ms]
2024-11-12 01:40:27.540 [info] fatal: not a git repository (or any of the parent directories): .git
2024-11-12 01:40:27.540 [info] > git rev-parse --show-toplevel [3ms]
2024-11-12 01:40:27.540 [info] fatal: not a git repository (or any of the parent directories): .git
2024-11-12 01:40:27.540 [info] > git rev-parse --show-toplevel [2ms]
2024-11-12 01:40:27.540 [info] fatal: not a git repository (or any of the parent directories): .git
2024-11-12 01:40:27.540 [info] > git rev-parse --show-toplevel [2ms]
2024-11-12 01:40:27.540 [info] fatal: not a git repository (or any of the parent directories): .git
2024-11-12 01:40:27.540 [info] > git rev-parse --show-toplevel [2ms]
2024-11-12 01:40:27.541 [info] fatal: not a git repository (or any of the parent directories): .git
2024-11-12 01:40:27.541 [info] > git rev-parse --show-toplevel [2ms]
2024-11-12 01:40:27.541 [info] fatal: not a git repository (or any of the parent directories): .git
2024-11-12 01:40:27.541 [info] > git rev-parse --show-toplevel [3ms]
2024-11-12 01:40:27.541 [info] fatal: not a git repository (or any of the parent directories): .git
2024-11-12 01:40:27.541 [info] > git rev-parse --show-toplevel [3ms]
2024-11-12 01:40:27.541 [info] fatal: not a git repository (or any of the parent directories): .git
2024-11-12 01:40:27.541 [info] [Model][doInitialScan] Initial repository scan completed - repositories (0), closed repositories (0), parent repositories (0), unsafe repositories (0)
2024-11-12 01:40:39.282 [info] > git rev-parse --show-toplevel [5ms]
2024-11-12 01:40:39.283 [info] fatal: not a git repository (or any of the parent directories): .git
2024-11-12 01:41:03.920 [info] > git rev-parse --show-toplevel [8ms]
2024-11-12 01:41:03.920 [info] fatal: not a git repository (or any of the parent directories): .git
2024-11-12 01:44:52.834 [info] > git rev-parse --show-toplevel [5ms]
2024-11-12 01:44:52.834 [info] fatal: not a git repository (or any of the parent directories): .git
2024-11-12 01:45:31.895 [info] > git rev-parse --show-toplevel [3ms]
2024-11-12 01:45:31.895 [info] fatal: not a git repository (or any of the parent directories): .git
2024-11-12 01:49:52.318 [info] > git rev-parse --show-toplevel [4ms]
2024-11-12 01:49:52.318 [info] fatal: not a git repository (or any of the parent directories): .git
2024-11-12 01:53:17.833 [info] > git rev-parse --show-toplevel [3ms]
2024-11-12 01:53:17.833 [info] fatal: not a git repository (or any of the parent directories): .git
2024-11-12 01:53:27.132 [info] > git rev-parse --show-toplevel [2ms]
2024-11-12 01:53:27.132 [info] fatal: not a git repository (or any of the parent directories): .git
2024-11-12 01:53:34.332 [info] > git rev-parse --show-toplevel [3ms]
2024-11-12 01:53:34.332 [info] fatal: not a git repository (or any of the parent directories): .git
2024-11-12 01:54:51.041 [info] > git rev-parse --show-toplevel [7ms]
2024-11-12 01:54:51.041 [info] fatal: not a git repository (or any of the parent directories): .git
2024-11-12 01:55:53.233 [info] > git rev-parse --show-toplevel [4ms]
2024-11-12 01:55:53.233 [info] fatal: not a git repository (or any of the parent directories): .git
2024-11-12 02:01:10.940 [info] > git rev-parse --show-toplevel [3ms]
2024-11-12 02:01:10.940 [info] fatal: not a git repository (or any of the parent directories): .git
2024-11-12 02:02:22.388 [info] > git rev-parse --show-toplevel [4ms]
2024-11-12 02:02:22.389 [info] fatal: not a git repository (or any of the parent directories): .git
2024-11-12 02:02:24.907 [info] > git rev-parse --show-toplevel [4ms]
2024-11-12 02:02:24.907 [info] fatal: not a git repository (or any of the parent directories): .git
2024-11-12 02:07:13.850 [info] > git rev-parse --show-toplevel [8ms]
2024-11-12 02:07:13.850 [info] fatal: not a git repository (or any of the parent directories): .git
2024-11-12 02:07:24.076 [info] > git rev-parse --show-toplevel [5ms]
2024-11-12 02:07:24.076 [info] fatal: not a git repository (or any of the parent directories): .git
2024-11-12 02:07:26.169 [info] > git rev-parse --show-toplevel [4ms]
2024-11-12 02:07:26.169 [info] fatal: not a git repository (or any of the parent directories): .git
2024-11-12 02:21:01.828 [info] > git rev-parse --show-toplevel [5ms]
2024-11-12 02:21:01.828 [info] fatal: not a git repository (or any of the parent directories): .git
2024-11-12 02:21:56.595 [info] > git rev-parse --show-toplevel [5ms]
2024-11-12 02:21:56.595 [info] fatal: not a git repository (or any of the parent directories): .git
2024-11-12 02:57:05.786 [info] > git rev-parse --show-toplevel [4ms]
2024-11-12 02:57:05.786 [info] fatal: not a git repository (or any of the parent directories): .git
2024-11-12 02:58:02.787 [info] > git rev-parse --show-toplevel [6ms]
2024-11-12 02:58:02.788 [info] fatal: not a git repository (or any of the parent directories): .git
2024-11-12 02:58:04.581 [info] > git rev-parse --show-toplevel [33ms]
2024-11-12 02:58:04.585 [info] fatal: not a git repository (or any of the parent directories): .git
2024-11-12 02:58:06.552 [info] > git rev-parse --show-toplevel [5ms]
2024-11-12 02:58:06.552 [info] fatal: not a git repository (or any of the parent directories): .git
2024-11-12 02:59:10.689 [info] > git rev-parse --show-toplevel [4ms]
2024-11-12 02:59:10.689 [info] fatal: not a git repository (or any of the parent directories): .git
2024-11-12 02:59:21.193 [info] > git rev-parse --show-toplevel [6ms]
2024-11-12 02:59:21.193 [info] fatal: not a git repository (or any of the parent directories): .git
2024-11-12 02:59:46.511 [info] > git rev-parse --show-toplevel [3ms]
2024-11-12 02:59:46.512 [info] fatal: not a git repository (or any of the parent directories): .git
2024-11-12 04:01:17.390 [info] > git rev-parse --show-toplevel [35ms]
2024-11-12 04:01:17.394 [info] fatal: not a git repository (or any of the parent directories): .git
2024-11-12 04:01:18.246 [info] > git rev-parse --show-toplevel [6ms]
2024-11-12 04:01:18.246 [info] fatal: not a git repository (or any of the parent directories): .git
2024-11-12 04:02:57.175 [info] > git rev-parse --show-toplevel [6ms]
2024-11-12 04:02:57.175 [info] fatal: not a git repository (or any of the parent directories): .git
2024-11-12 04:02:58.702 [info] > git rev-parse --show-toplevel [5ms]
2024-11-12 04:02:58.702 [info] fatal: not a git repository (or any of the parent directories): .git
2024-11-12 04:03:11.138 [info] > git rev-parse --show-toplevel [4ms]
2024-11-12 04:03:11.138 [info] fatal: not a git repository (or any of the parent directories): .git
2024-11-12 04:03:31.409 [info] > git rev-parse --show-toplevel [4ms]
2024-11-12 04:03:31.409 [info] fatal: not a git repository (or any of the parent directories): .git
2024-11-12 04:03:38.919 [info] > git rev-parse --show-toplevel [4ms]
2024-11-12 04:03:38.919 [info] fatal: not a git repository (or any of the parent directories): .git
2024-11-12 04:04:10.081 [info] > git rev-parse --show-toplevel [5ms]
2024-11-12 04:04:10.081 [info] fatal: not a git repository (or any of the parent directories): .git
2024-11-12 04:04:15.927 [info] > git rev-parse --show-toplevel [4ms]
2024-11-12 04:04:15.927 [info] fatal: not a git repository (or any of the parent directories): .git
2024-11-12 04:05:40.963 [info] > git rev-parse --show-toplevel [3ms]
2024-11-12 04:05:40.963 [info] fatal: not a git repository (or any of the parent directories): .git
