2024-11-14 22:50:41.692 [info] Extension host with pid 85502 started
2024-11-14 22:50:41.745 [info] Lock '/home/adminuser/.vscode-server/data/User/workspaceStorage/af69cb3296e993d27f5e8f699e593a9f/vscode.lock': Lock acquired.
2024-11-14 22:50:42.558 [info] ExtensionService#_doActivateExtension vscode.emmet, startup: false, activationEvent: 'onLanguage'
2024-11-14 22:50:42.560 [info] ExtensionService#_doActivateExtension vscode.tunnel-forwarding, startup: false, activationEvent: 'onTunnel'
2024-11-14 22:50:42.560 [info] ExtensionService#_doActivateExtension vscode.git-base, startup: false, activationEvent: '*', root cause: vscode.git
2024-11-14 22:50:43.117 [info] ExtensionService#_doActivateExtension vscode.git, startup: false, activationEvent: '*'
2024-11-14 22:50:43.118 [info] ExtensionService#_doActivateExtension vscode.github, startup: false, activationEvent: '*'
2024-11-14 22:50:44.056 [info] Eager extensions activated
2024-11-14 22:50:44.056 [info] ExtensionService#_doActivateExtension vscode.debug-auto-launch, startup: false, activationEvent: 'onStartupFinished'
2024-11-14 22:50:44.057 [info] ExtensionService#_doActivateExtension vscode.merge-conflict, startup: false, activationEvent: 'onStartupFinished'
2024-11-14 23:09:55.653 [info] ExtensionService#_doActivateExtension vscode.npm, startup: false, activationEvent: 'onTerminalQuickFixRequest:ms-vscode.npm-command'
2024-11-14 23:10:02.850 [info] ExtensionService#_doActivateExtension vscode.configuration-editing, startup: false, activationEvent: 'onLanguage:json'
2024-11-14 23:10:02.851 [info] ExtensionService#_doActivateExtension vscode.extension-editing, startup: false, activationEvent: 'onLanguage:json'
2024-11-14 23:10:02.852 [info] ExtensionService#_doActivateExtension vscode.json-language-features, startup: false, activationEvent: 'onLanguage:json'
2024-11-15 00:55:17.445 [warning] [Decorations] CAPPING events from decorations provider vscode.git 4983
2024-11-15 00:55:18.430 [warning] [Decorations] CAPPING events from decorations provider vscode.git 4983
2024-11-15 00:55:27.171 [warning] [Decorations] CAPPING events from decorations provider vscode.git 4983
2024-11-15 00:55:32.371 [warning] [Decorations] CAPPING events from decorations provider vscode.git 4983
2024-11-15 00:55:37.621 [warning] [Decorations] CAPPING events from decorations provider vscode.git 4983
2024-11-15 00:55:42.805 [warning] [Decorations] CAPPING events from decorations provider vscode.git 4983
2024-11-15 00:55:47.990 [warning] [Decorations] CAPPING events from decorations provider vscode.git 4983
2024-11-15 00:55:51.723 [warning] [Decorations] CAPPING events from decorations provider vscode.git 4985
