2024-11-13 04:08:43.138 [info] [main] Log level: Info
2024-11-13 04:08:43.138 [info] [main] Validating found git in: "git"
2024-11-13 04:08:43.138 [info] [main] Using git "2.43.5" from "git"
2024-11-13 04:08:43.138 [info] [Model][doInitialScan] Initial repository scan started
2024-11-13 04:08:43.138 [info] > git rev-parse --show-toplevel [4ms]
2024-11-13 04:08:43.138 [info] > git rev-parse --git-dir --git-common-dir [2ms]
2024-11-13 04:08:43.138 [info] [Model][openRepository] Opened repository: /home/adminuser/BankingMicroservice
2024-11-13 04:08:43.138 [info] [Model][doInitialScan] Initial repository scan completed - repositories (1), closed repositories (0), parent repositories (0), unsafe repositories (0)
2024-11-13 04:08:43.138 [info] > git config --get commit.template [5ms]
2024-11-13 04:08:43.138 [info] > git for-each-ref --format=%(refname)%00%(upstream:short)%00%(objectname)%00%(upstream:track)%00%(upstream:remotename)%00%(upstream:remoteref) refs/heads/main refs/remotes/main [4ms]
2024-11-13 04:08:43.138 [warning] [Git][revParse] Unable to read file: ENOENT: no such file or directory, open '/home/adminuser/BankingMicroservice/.git/refs/remotes/origin/main'
2024-11-13 04:08:43.138 [info] > git rev-parse refs/remotes/origin/main [2ms]
2024-11-13 04:08:43.138 [info] > git status -z -uall [5ms]
2024-11-13 04:08:43.138 [info] > git for-each-ref --sort -committerdate --format %(refname) %(objectname) %(*objectname) [4ms]
2024-11-13 04:08:43.138 [info] > git for-each-ref --format=%(refname)%00%(upstream:short)%00%(objectname)%00%(upstream:track)%00%(upstream:remotename)%00%(upstream:remoteref) refs/heads/main refs/remotes/main [9ms]
2024-11-13 04:08:43.138 [info] > git config --get commit.template [5ms]
2024-11-13 04:08:43.138 [info] > git config --local branch.main.vscode-merge-base [7ms]
2024-11-13 04:08:43.138 [info] > git for-each-ref --format=%(refname)%00%(upstream:short)%00%(objectname)%00%(upstream:track)%00%(upstream:remotename)%00%(upstream:remoteref) refs/heads/main refs/remotes/main [7ms]
2024-11-13 04:08:43.138 [warning] [Git][revParse] Unable to read file: ENOENT: no such file or directory, open '/home/adminuser/BankingMicroservice/.git/refs/remotes/origin/main'
2024-11-13 04:08:43.138 [info] > git for-each-ref --format=%(refname)%00%(upstream:short)%00%(objectname)%00%(upstream:track)%00%(upstream:remotename)%00%(upstream:remoteref) refs/heads/origin/main refs/remotes/origin/main [5ms]
2024-11-13 04:08:43.138 [info] > git merge-base refs/heads/main refs/remotes/origin/main [15ms]
2024-11-13 04:08:43.138 [info] > git rev-parse refs/remotes/origin/main [21ms]
2024-11-13 04:08:43.138 [info] > git status -z -uall [5ms]
2024-11-13 04:08:43.138 [info] > git diff --name-status -z --diff-filter=ADMR da4aab2a4ec0ffa597a9b1f4b834ffd357cdbb87...refs/remotes/origin/main [8ms]
2024-11-13 04:08:43.138 [info] > git for-each-ref --sort -committerdate --format %(refname) %(objectname) %(*objectname) [5ms]
2024-11-13 04:08:44.041 [info] > git check-ignore -v -z --stdin [4ms]
2024-11-13 04:10:19.314 [info] > git config --get commit.template [7ms]
2024-11-13 04:10:19.317 [info] > git for-each-ref --format=%(refname)%00%(upstream:short)%00%(objectname)%00%(upstream:track)%00%(upstream:remotename)%00%(upstream:remoteref) refs/heads/main refs/remotes/main [4ms]
2024-11-13 04:10:19.319 [warning] [Git][revParse] Unable to read file: ENOENT: no such file or directory, open '/home/adminuser/BankingMicroservice/.git/refs/remotes/origin/main'
2024-11-13 04:10:19.320 [info] > git rev-parse refs/remotes/origin/main [2ms]
2024-11-13 04:10:19.326 [info] > git status -z -uall [4ms]
2024-11-13 04:10:19.328 [info] > git for-each-ref --sort -committerdate --format %(refname) %(objectname) %(*objectname) [3ms]
2024-11-13 04:10:19.967 [info] > git check-ignore -v -z --stdin [2ms]
2024-11-13 04:10:41.647 [info] > git config --get commit.template [6ms]
2024-11-13 04:10:41.649 [info] > git for-each-ref --format=%(refname)%00%(upstream:short)%00%(objectname)%00%(upstream:track)%00%(upstream:remotename)%00%(upstream:remoteref) refs/heads/main refs/remotes/main [3ms]
2024-11-13 04:10:41.651 [warning] [Git][revParse] Unable to read file: ENOENT: no such file or directory, open '/home/adminuser/BankingMicroservice/.git/refs/remotes/origin/main'
2024-11-13 04:10:41.652 [info] > git rev-parse refs/remotes/origin/main [1ms]
2024-11-13 04:10:41.659 [info] > git status -z -uall [4ms]
2024-11-13 04:10:41.664 [info] > git for-each-ref --sort -committerdate --format %(refname) %(objectname) %(*objectname) [5ms]
2024-11-13 04:10:45.574 [info] > git check-ignore -v -z --stdin [3ms]
2024-11-13 04:10:48.887 [info] > git check-ignore -v -z --stdin [3ms]
2024-11-13 04:11:10.031 [info] > git check-ignore -v -z --stdin [3ms]
2024-11-13 04:11:10.259 [info] > git config --get commit.template [4ms]
2024-11-13 04:11:10.262 [info] > git for-each-ref --format=%(refname)%00%(upstream:short)%00%(objectname)%00%(upstream:track)%00%(upstream:remotename)%00%(upstream:remoteref) refs/heads/main refs/remotes/main [2ms]
2024-11-13 04:11:10.263 [warning] [Git][revParse] Unable to read file: ENOENT: no such file or directory, open '/home/adminuser/BankingMicroservice/.git/refs/remotes/origin/main'
2024-11-13 04:11:10.267 [info] > git rev-parse refs/remotes/origin/main [4ms]
2024-11-13 04:11:10.275 [info] > git status -z -uall [7ms]
2024-11-13 04:11:10.278 [info] > git for-each-ref --sort -committerdate --format %(refname) %(objectname) %(*objectname) [6ms]
2024-11-13 04:11:10.696 [info] > git show --textconv :src/main/java/com/bank/App.java [7ms]
2024-11-13 04:11:10.701 [info] > git ls-files --stage -- /home/adminuser/BankingMicroservice/src/main/java/com/bank/App.java [5ms]
2024-11-13 04:11:11.730 [info] > git check-ignore -v -z --stdin [3ms]
2024-11-13 04:11:30.271 [info] > git check-ignore -v -z --stdin [3ms]
2024-11-13 04:11:30.396 [info] > git config --get commit.template [4ms]
2024-11-13 04:11:30.398 [info] > git for-each-ref --format=%(refname)%00%(upstream:short)%00%(objectname)%00%(upstream:track)%00%(upstream:remotename)%00%(upstream:remoteref) refs/heads/main refs/remotes/main [3ms]
2024-11-13 04:11:30.400 [warning] [Git][revParse] Unable to read file: ENOENT: no such file or directory, open '/home/adminuser/BankingMicroservice/.git/refs/remotes/origin/main'
2024-11-13 04:11:30.402 [info] > git rev-parse refs/remotes/origin/main [3ms]
2024-11-13 04:11:30.409 [info] > git status -z -uall [5ms]
2024-11-13 04:11:30.411 [info] > git for-each-ref --sort -committerdate --format %(refname) %(objectname) %(*objectname) [3ms]
2024-11-13 04:11:30.626 [info] > git show --textconv :src/test/java/com/bank/AppTest.java [3ms]
2024-11-13 04:11:30.628 [info] > git ls-files --stage -- /home/adminuser/BankingMicroservice/src/test/java/com/bank/AppTest.java [3ms]
2024-11-13 04:12:07.569 [info] > git check-ignore -v -z --stdin [3ms]
2024-11-13 04:12:07.815 [info] > git config --get commit.template [4ms]
2024-11-13 04:12:07.817 [info] > git for-each-ref --format=%(refname)%00%(upstream:short)%00%(objectname)%00%(upstream:track)%00%(upstream:remotename)%00%(upstream:remoteref) refs/heads/main refs/remotes/main [3ms]
2024-11-13 04:12:07.820 [warning] [Git][revParse] Unable to read file: ENOENT: no such file or directory, open '/home/adminuser/BankingMicroservice/.git/refs/remotes/origin/main'
2024-11-13 04:12:07.822 [info] > git rev-parse refs/remotes/origin/main [2ms]
2024-11-13 04:12:07.833 [info] > git status -z -uall [10ms]
2024-11-13 04:12:07.839 [info] > git for-each-ref --sort -committerdate --format %(refname) %(objectname) %(*objectname) [6ms]
2024-11-13 04:12:07.925 [info] > git show --textconv :pom.xml [3ms]
2024-11-13 04:12:07.928 [info] > git ls-files --stage -- /home/adminuser/BankingMicroservice/pom.xml [3ms]
2024-11-13 04:12:15.416 [info] > git show --textconv :src/main/java/com/bank/App.java [4ms]
2024-11-13 04:12:15.418 [info] > git ls-files --stage -- /home/adminuser/BankingMicroservice/src/main/java/com/bank/App.java [3ms]
2024-11-13 04:12:43.701 [info] > git show --textconv :src/test/java/com/bank/AppTest.java [3ms]
2024-11-13 04:12:43.704 [info] > git ls-files --stage -- /home/adminuser/BankingMicroservice/src/test/java/com/bank/AppTest.java [3ms]
2024-11-13 04:12:48.092 [info] > git show --textconv :src/main/java/com/bank/App.java [5ms]
2024-11-13 04:12:48.094 [info] > git ls-files --stage -- /home/adminuser/BankingMicroservice/src/main/java/com/bank/App.java [3ms]
2024-11-13 04:12:48.217 [info] > git config --get commit.template [5ms]
2024-11-13 04:12:48.219 [info] > git for-each-ref --format=%(refname)%00%(upstream:short)%00%(objectname)%00%(upstream:track)%00%(upstream:remotename)%00%(upstream:remoteref) refs/heads/main refs/remotes/main [3ms]
2024-11-13 04:12:48.221 [warning] [Git][revParse] Unable to read file: ENOENT: no such file or directory, open '/home/adminuser/BankingMicroservice/.git/refs/remotes/origin/main'
2024-11-13 04:12:48.223 [info] > git rev-parse refs/remotes/origin/main [2ms]
2024-11-13 04:12:48.228 [info] > git status -z -uall [4ms]
2024-11-13 04:12:48.231 [info] > git for-each-ref --sort -committerdate --format %(refname) %(objectname) %(*objectname) [3ms]
2024-11-13 04:12:53.248 [info] > git config --get commit.template [5ms]
2024-11-13 04:12:53.251 [info] > git for-each-ref --format=%(refname)%00%(upstream:short)%00%(objectname)%00%(upstream:track)%00%(upstream:remotename)%00%(upstream:remoteref) refs/heads/main refs/remotes/main [4ms]
2024-11-13 04:12:53.253 [warning] [Git][revParse] Unable to read file: ENOENT: no such file or directory, open '/home/adminuser/BankingMicroservice/.git/refs/remotes/origin/main'
2024-11-13 04:12:53.255 [info] > git rev-parse refs/remotes/origin/main [2ms]
2024-11-13 04:12:53.262 [info] > git status -z -uall [5ms]
2024-11-13 04:12:53.268 [info] > git for-each-ref --sort -committerdate --format %(refname) %(objectname) %(*objectname) [7ms]
2024-11-13 04:12:58.146 [info] > git show --textconv :pom.xml [4ms]
2024-11-13 04:12:58.148 [info] > git ls-files --stage -- /home/adminuser/BankingMicroservice/pom.xml [3ms]
2024-11-13 04:13:31.803 [info] > git config --get commit.template [4ms]
2024-11-13 04:13:31.805 [info] > git for-each-ref --format=%(refname)%00%(upstream:short)%00%(objectname)%00%(upstream:track)%00%(upstream:remotename)%00%(upstream:remoteref) refs/heads/main refs/remotes/main [3ms]
2024-11-13 04:13:31.806 [warning] [Git][revParse] Unable to read file: ENOENT: no such file or directory, open '/home/adminuser/BankingMicroservice/.git/refs/remotes/origin/main'
2024-11-13 04:13:31.808 [info] > git rev-parse refs/remotes/origin/main [2ms]
2024-11-13 04:13:31.813 [info] > git status -z -uall [4ms]
2024-11-13 04:13:31.816 [info] > git for-each-ref --sort -committerdate --format %(refname) %(objectname) %(*objectname) [3ms]
2024-11-13 04:14:24.149 [info] > git config --get commit.template [4ms]
2024-11-13 04:14:24.151 [info] > git for-each-ref --format=%(refname)%00%(upstream:short)%00%(objectname)%00%(upstream:track)%00%(upstream:remotename)%00%(upstream:remoteref) refs/heads/main refs/remotes/main [2ms]
2024-11-13 04:14:24.153 [warning] [Git][revParse] Unable to read file: ENOENT: no such file or directory, open '/home/adminuser/BankingMicroservice/.git/refs/remotes/origin/main'
2024-11-13 04:14:24.155 [info] > git rev-parse refs/remotes/origin/main [2ms]
2024-11-13 04:14:24.164 [info] > git status -z -uall [4ms]
2024-11-13 04:14:24.166 [info] > git for-each-ref --sort -committerdate --format %(refname) %(objectname) %(*objectname) [2ms]
2024-11-13 04:14:24.646 [info] > git check-ignore -v -z --stdin [2ms]
2024-11-13 04:14:42.344 [info] > git check-ignore -v -z --stdin [3ms]
2024-11-13 04:15:17.296 [info] > git config --get commit.template [4ms]
2024-11-13 04:15:17.298 [info] > git for-each-ref --format=%(refname)%00%(upstream:short)%00%(objectname)%00%(upstream:track)%00%(upstream:remotename)%00%(upstream:remoteref) refs/heads/main refs/remotes/main [3ms]
2024-11-13 04:15:17.299 [warning] [Git][revParse] Unable to read file: ENOENT: no such file or directory, open '/home/adminuser/BankingMicroservice/.git/refs/remotes/origin/main'
2024-11-13 04:15:17.301 [info] > git rev-parse refs/remotes/origin/main [2ms]
2024-11-13 04:15:17.308 [info] > git status -z -uall [6ms]
2024-11-13 04:15:17.310 [info] > git for-each-ref --sort -committerdate --format %(refname) %(objectname) %(*objectname) [4ms]
2024-11-13 04:15:17.958 [info] > git check-ignore -v -z --stdin [4ms]
2024-11-13 04:15:32.915 [info] > git check-ignore -v -z --stdin [3ms]
2024-11-13 04:15:33.324 [info] > git show --textconv :anisible/install.yml [5ms]
2024-11-13 04:15:33.326 [info] > git ls-files --stage -- /home/adminuser/BankingMicroservice/anisible/install.yml [3ms]
2024-11-13 04:15:35.125 [info] > git config --get commit.template [4ms]
2024-11-13 04:15:35.127 [info] > git for-each-ref --format=%(refname)%00%(upstream:short)%00%(objectname)%00%(upstream:track)%00%(upstream:remotename)%00%(upstream:remoteref) refs/heads/main refs/remotes/main [3ms]
2024-11-13 04:15:35.128 [warning] [Git][revParse] Unable to read file: ENOENT: no such file or directory, open '/home/adminuser/BankingMicroservice/.git/refs/remotes/origin/main'
2024-11-13 04:15:35.130 [info] > git rev-parse refs/remotes/origin/main [2ms]
2024-11-13 04:15:35.135 [info] > git status -z -uall [4ms]
2024-11-13 04:15:35.138 [info] > git for-each-ref --sort -committerdate --format %(refname) %(objectname) %(*objectname) [3ms]
2024-11-13 04:15:41.211 [info] > git check-ignore -v -z --stdin [3ms]
2024-11-13 04:15:41.518 [info] > git show --textconv :anisible/deploy.yml [5ms]
2024-11-13 04:15:41.523 [info] > git ls-files --stage -- /home/adminuser/BankingMicroservice/anisible/deploy.yml [5ms]
2024-11-13 04:15:58.168 [info] > git config --get commit.template [5ms]
2024-11-13 04:15:58.170 [info] > git for-each-ref --format=%(refname)%00%(upstream:short)%00%(objectname)%00%(upstream:track)%00%(upstream:remotename)%00%(upstream:remoteref) refs/heads/main refs/remotes/main [2ms]
2024-11-13 04:15:58.172 [warning] [Git][revParse] Unable to read file: ENOENT: no such file or directory, open '/home/adminuser/BankingMicroservice/.git/refs/remotes/origin/main'
2024-11-13 04:15:58.173 [info] > git rev-parse refs/remotes/origin/main [2ms]
2024-11-13 04:15:58.178 [info] > git status -z -uall [4ms]
2024-11-13 04:15:58.181 [info] > git for-each-ref --sort -committerdate --format %(refname) %(objectname) %(*objectname) [3ms]
2024-11-13 04:18:02.148 [info] > git show --textconv :src/main/java/com/bank/App.java [5ms]
2024-11-13 04:18:02.152 [info] > git ls-files --stage -- /home/adminuser/BankingMicroservice/src/main/java/com/bank/App.java [5ms]
2024-11-13 04:18:13.705 [info] > git show --textconv :src/test/java/com/bank/AppTest.java [4ms]
2024-11-13 04:18:13.708 [info] > git ls-files --stage -- /home/adminuser/BankingMicroservice/src/test/java/com/bank/AppTest.java [4ms]
2024-11-13 04:18:21.574 [info] > git show --textconv :pom.xml [5ms]
2024-11-13 04:18:21.576 [info] > git ls-files --stage -- /home/adminuser/BankingMicroservice/pom.xml [3ms]
2024-11-13 04:19:10.409 [info] > git config --get commit.template [4ms]
2024-11-13 04:19:10.411 [info] > git for-each-ref --format=%(refname)%00%(upstream:short)%00%(objectname)%00%(upstream:track)%00%(upstream:remotename)%00%(upstream:remoteref) refs/heads/main refs/remotes/main [3ms]
2024-11-13 04:19:10.413 [warning] [Git][revParse] Unable to read file: ENOENT: no such file or directory, open '/home/adminuser/BankingMicroservice/.git/refs/remotes/origin/main'
2024-11-13 04:19:10.414 [info] > git rev-parse refs/remotes/origin/main [1ms]
2024-11-13 04:19:10.421 [info] > git status -z -uall [5ms]
2024-11-13 04:19:10.424 [info] > git for-each-ref --sort -committerdate --format %(refname) %(objectname) %(*objectname) [4ms]
2024-11-13 04:19:12.857 [info] > git check-ignore -v -z --stdin [3ms]
2024-11-13 04:19:14.315 [info] > git check-ignore -v -z --stdin [2ms]
2024-11-13 04:19:36.687 [info] > git check-ignore -v -z --stdin [3ms]
2024-11-13 04:19:37.022 [info] > git show --textconv :.github/workflows/maven.yml [3ms]
2024-11-13 04:19:37.025 [info] > git ls-files --stage -- /home/adminuser/BankingMicroservice/.github/workflows/maven.yml [2ms]
2024-11-13 04:19:39.873 [info] > git config --get commit.template [4ms]
2024-11-13 04:19:39.874 [info] > git for-each-ref --format=%(refname)%00%(upstream:short)%00%(objectname)%00%(upstream:track)%00%(upstream:remotename)%00%(upstream:remoteref) refs/heads/main refs/remotes/main [2ms]
2024-11-13 04:19:39.876 [warning] [Git][revParse] Unable to read file: ENOENT: no such file or directory, open '/home/adminuser/BankingMicroservice/.git/refs/remotes/origin/main'
2024-11-13 04:19:39.878 [info] > git rev-parse refs/remotes/origin/main [2ms]
2024-11-13 04:19:39.889 [info] > git status -z -uall [10ms]
2024-11-13 04:19:39.891 [info] > git for-each-ref --sort -committerdate --format %(refname) %(objectname) %(*objectname) [5ms]
2024-11-13 04:20:31.366 [info] > git config --get commit.template [5ms]
2024-11-13 04:20:31.368 [info] > git for-each-ref --format=%(refname)%00%(upstream:short)%00%(objectname)%00%(upstream:track)%00%(upstream:remotename)%00%(upstream:remoteref) refs/heads/main refs/remotes/main [3ms]
2024-11-13 04:20:31.369 [warning] [Git][revParse] Unable to read file: ENOENT: no such file or directory, open '/home/adminuser/BankingMicroservice/.git/refs/remotes/origin/main'
2024-11-13 04:20:31.371 [info] > git rev-parse refs/remotes/origin/main [2ms]
2024-11-13 04:20:31.377 [info] > git status -z -uall [5ms]
2024-11-13 04:20:31.380 [info] > git for-each-ref --sort -committerdate --format %(refname) %(objectname) %(*objectname) [4ms]
2024-11-13 04:21:09.486 [info] > git config --get commit.template [4ms]
2024-11-13 04:21:09.488 [info] > git for-each-ref --format=%(refname)%00%(upstream:short)%00%(objectname)%00%(upstream:track)%00%(upstream:remotename)%00%(upstream:remoteref) refs/heads/main refs/remotes/main [2ms]
2024-11-13 04:21:09.490 [warning] [Git][revParse] Unable to read file: ENOENT: no such file or directory, open '/home/adminuser/BankingMicroservice/.git/refs/remotes/origin/main'
2024-11-13 04:21:09.491 [info] > git rev-parse refs/remotes/origin/main [1ms]
2024-11-13 04:21:09.498 [info] > git status -z -uall [5ms]
2024-11-13 04:21:09.500 [info] > git for-each-ref --sort -committerdate --format %(refname) %(objectname) %(*objectname) [3ms]
2024-11-13 04:22:33.333 [info] > git show --textconv :anisible/deploy.yml [3ms]
2024-11-13 04:22:33.336 [info] > git ls-files --stage -- /home/adminuser/BankingMicroservice/anisible/deploy.yml [3ms]
2024-11-13 04:22:34.500 [info] > git show --textconv :anisible/install.yml [4ms]
2024-11-13 04:22:34.502 [info] > git ls-files --stage -- /home/adminuser/BankingMicroservice/anisible/install.yml [3ms]
2024-11-13 04:22:37.731 [info] > git show --textconv :src/main/java/com/bank/App.java [3ms]
2024-11-13 04:22:37.734 [info] > git ls-files --stage -- /home/adminuser/BankingMicroservice/src/main/java/com/bank/App.java [3ms]
2024-11-13 04:22:39.519 [info] > git show --textconv :src/test/java/com/bank/AppTest.java [4ms]
2024-11-13 04:22:39.521 [info] > git ls-files --stage -- /home/adminuser/BankingMicroservice/src/test/java/com/bank/AppTest.java [3ms]
2024-11-13 04:23:51.004 [info] > git show --textconv :pom.xml [3ms]
2024-11-13 04:23:51.007 [info] > git ls-files --stage -- /home/adminuser/BankingMicroservice/pom.xml [3ms]
2024-11-13 04:23:58.965 [info] > git config --get commit.template [4ms]
2024-11-13 04:23:58.966 [info] > git for-each-ref --format=%(refname)%00%(upstream:short)%00%(objectname)%00%(upstream:track)%00%(upstream:remotename)%00%(upstream:remoteref) refs/heads/main refs/remotes/main [2ms]
2024-11-13 04:23:58.974 [warning] [Git][revParse] Unable to read file: ENOENT: no such file or directory, open '/home/adminuser/BankingMicroservice/.git/refs/remotes/origin/main'
2024-11-13 04:23:58.976 [info] > git rev-parse refs/remotes/origin/main [2ms]
2024-11-13 04:23:58.982 [info] > git status -z -uall [4ms]
2024-11-13 04:23:58.985 [info] > git for-each-ref --sort -committerdate --format %(refname) %(objectname) %(*objectname) [3ms]
2024-11-13 04:24:07.411 [info] > git config --get commit.template [14ms]
2024-11-13 04:24:07.427 [info] > git for-each-ref --format=%(refname)%00%(upstream:short)%00%(objectname)%00%(upstream:track)%00%(upstream:remotename)%00%(upstream:remoteref) refs/heads/main refs/remotes/main [21ms]
2024-11-13 04:24:07.431 [warning] [Git][revParse] Unable to read file: ENOENT: no such file or directory, open '/home/adminuser/BankingMicroservice/.git/refs/remotes/origin/main'
2024-11-13 04:24:07.445 [info] > git rev-parse refs/remotes/origin/main [14ms]
2024-11-13 04:24:07.465 [info] > git status -z -uall [15ms]
2024-11-13 04:24:07.477 [info] > git for-each-ref --sort -committerdate --format %(refname) %(objectname) %(*objectname) [20ms]
2024-11-13 04:24:12.487 [info] > git config --get commit.template [4ms]
2024-11-13 04:24:12.489 [info] > git for-each-ref --format=%(refname)%00%(upstream:short)%00%(objectname)%00%(upstream:track)%00%(upstream:remotename)%00%(upstream:remoteref) refs/heads/main refs/remotes/main [2ms]
2024-11-13 04:24:12.491 [warning] [Git][revParse] Unable to read file: ENOENT: no such file or directory, open '/home/adminuser/BankingMicroservice/.git/refs/remotes/origin/main'
2024-11-13 04:24:12.493 [info] > git rev-parse refs/remotes/origin/main [2ms]
2024-11-13 04:24:12.500 [info] > git status -z -uall [5ms]
2024-11-13 04:24:12.502 [info] > git for-each-ref --sort -committerdate --format %(refname) %(objectname) %(*objectname) [3ms]
2024-11-13 04:24:17.514 [info] > git config --get commit.template [4ms]
2024-11-13 04:24:17.516 [info] > git for-each-ref --format=%(refname)%00%(upstream:short)%00%(objectname)%00%(upstream:track)%00%(upstream:remotename)%00%(upstream:remoteref) refs/heads/main refs/remotes/main [2ms]
2024-11-13 04:24:17.517 [warning] [Git][revParse] Unable to read file: ENOENT: no such file or directory, open '/home/adminuser/BankingMicroservice/.git/refs/remotes/origin/main'
2024-11-13 04:24:17.519 [info] > git rev-parse refs/remotes/origin/main [2ms]
2024-11-13 04:24:17.524 [info] > git status -z -uall [4ms]
2024-11-13 04:24:17.528 [info] > git for-each-ref --sort -committerdate --format %(refname) %(objectname) %(*objectname) [4ms]
2024-11-13 04:25:33.411 [info] > git config --get commit.template [6ms]
2024-11-13 04:25:33.413 [info] > git for-each-ref --format=%(refname)%00%(upstream:short)%00%(objectname)%00%(upstream:track)%00%(upstream:remotename)%00%(upstream:remoteref) refs/heads/main refs/remotes/main [4ms]
2024-11-13 04:25:33.415 [warning] [Git][revParse] Unable to read file: ENOENT: no such file or directory, open '/home/adminuser/BankingMicroservice/.git/refs/remotes/origin/main'
2024-11-13 04:25:33.417 [info] > git rev-parse refs/remotes/origin/main [2ms]
2024-11-13 04:25:33.422 [info] > git status -z -uall [4ms]
2024-11-13 04:25:33.425 [info] > git for-each-ref --sort -committerdate --format %(refname) %(objectname) %(*objectname) [3ms]
2024-11-13 04:25:50.899 [info] > git config --get commit.template [4ms]
2024-11-13 04:25:50.901 [info] > git for-each-ref --format=%(refname)%00%(upstream:short)%00%(objectname)%00%(upstream:track)%00%(upstream:remotename)%00%(upstream:remoteref) refs/heads/main refs/remotes/main [3ms]
2024-11-13 04:25:50.904 [warning] [Git][revParse] Unable to read file: ENOENT: no such file or directory, open '/home/adminuser/BankingMicroservice/.git/refs/remotes/origin/main'
2024-11-13 04:25:50.907 [info] > git rev-parse refs/remotes/origin/main [4ms]
2024-11-13 04:25:50.913 [info] > git status -z -uall [4ms]
2024-11-13 04:25:50.916 [info] > git for-each-ref --sort -committerdate --format %(refname) %(objectname) %(*objectname) [3ms]
2024-11-13 04:25:50.922 [info] > git merge-base refs/heads/main refs/remotes/origin/main [2ms]
2024-11-13 04:25:50.926 [info] > git diff --name-status -z --diff-filter=ADMR da4aab2a4ec0ffa597a9b1f4b834ffd357cdbb87...refs/remotes/origin/main [2ms]
2024-11-13 04:25:51.263 [info] > git ls-files --stage -- /home/adminuser/BankingMicroservice/pom.xml [3ms]
2024-11-13 04:25:51.268 [info] > git cat-file -s 9212576510a7963268d6db1916c733f5c5a9bf3e [2ms]
2024-11-13 04:25:51.550 [info] > git show --textconv :pom.xml [3ms]
2024-11-13 04:25:57.312 [info] > git config --get commit.template [4ms]
2024-11-13 04:25:57.315 [info] > git for-each-ref --format=%(refname)%00%(upstream:short)%00%(objectname)%00%(upstream:track)%00%(upstream:remotename)%00%(upstream:remoteref) refs/heads/main refs/remotes/main [3ms]
2024-11-13 04:25:57.316 [warning] [Git][revParse] Unable to read file: ENOENT: no such file or directory, open '/home/adminuser/BankingMicroservice/.git/refs/remotes/origin/main'
2024-11-13 04:25:57.318 [info] > git rev-parse refs/remotes/origin/main [2ms]
2024-11-13 04:25:57.326 [info] > git status -z -uall [6ms]
2024-11-13 04:25:57.328 [info] > git for-each-ref --sort -committerdate --format %(refname) %(objectname) %(*objectname) [4ms]
2024-11-13 04:26:04.271 [info] > git config --get commit.template [4ms]
2024-11-13 04:26:04.273 [info] > git for-each-ref --format=%(refname)%00%(upstream:short)%00%(objectname)%00%(upstream:track)%00%(upstream:remotename)%00%(upstream:remoteref) refs/heads/main refs/remotes/main [2ms]
2024-11-13 04:26:04.275 [warning] [Git][revParse] Unable to read file: ENOENT: no such file or directory, open '/home/adminuser/BankingMicroservice/.git/refs/remotes/origin/main'
2024-11-13 04:26:04.277 [info] > git rev-parse refs/remotes/origin/main [2ms]
2024-11-13 04:26:04.283 [info] > git status -z -uall [4ms]
2024-11-13 04:26:04.286 [info] > git for-each-ref --sort -committerdate --format %(refname) %(objectname) %(*objectname) [4ms]
2024-11-13 04:26:04.660 [info] > git ls-files --stage -- /home/adminuser/BankingMicroservice/pom.xml [2ms]
2024-11-13 04:26:04.664 [info] > git cat-file -s 9212576510a7963268d6db1916c733f5c5a9bf3e [2ms]
2024-11-13 04:26:04.961 [info] > git show --textconv :pom.xml [3ms]
2024-11-13 04:27:04.101 [info] > git config --get commit.template [4ms]
2024-11-13 04:27:04.104 [info] > git for-each-ref --format=%(refname)%00%(upstream:short)%00%(objectname)%00%(upstream:track)%00%(upstream:remotename)%00%(upstream:remoteref) refs/heads/main refs/remotes/main [3ms]
2024-11-13 04:27:04.110 [info] > git status -z -uall [4ms]
2024-11-13 04:27:04.113 [info] > git for-each-ref --sort -committerdate --format %(refname) %(objectname) %(*objectname) [3ms]
2024-11-13 04:27:04.121 [info] > git merge-base refs/heads/main refs/remotes/origin/main [4ms]
2024-11-13 04:27:04.125 [info] > git diff --name-status -z --diff-filter=ADMR bb45eb7f735f4fc92e377f9498d2abd7e33ddb0c...refs/remotes/origin/main [2ms]
2024-11-13 04:27:05.130 [info] > git config --get commit.template [8ms]
2024-11-13 04:27:05.131 [info] > git for-each-ref --format=%(refname)%00%(upstream:short)%00%(objectname)%00%(upstream:track)%00%(upstream:remotename)%00%(upstream:remoteref) refs/heads/main refs/remotes/main [3ms]
2024-11-13 04:27:05.139 [info] > git status -z -uall [6ms]
2024-11-13 04:27:05.141 [info] > git for-each-ref --sort -committerdate --format %(refname) %(objectname) %(*objectname) [3ms]
2024-11-13 04:27:05.546 [info] > git ls-files --stage -- /home/adminuser/BankingMicroservice/pom.xml [2ms]
2024-11-13 04:27:05.550 [info] > git cat-file -s 9212576510a7963268d6db1916c733f5c5a9bf3e [2ms]
2024-11-13 04:27:05.819 [info] > git show --textconv :pom.xml [4ms]
2024-11-13 04:27:15.523 [info] > git config --get commit.template [4ms]
2024-11-13 04:27:15.525 [info] > git for-each-ref --format=%(refname)%00%(upstream:short)%00%(objectname)%00%(upstream:track)%00%(upstream:remotename)%00%(upstream:remoteref) refs/heads/main refs/remotes/main [3ms]
2024-11-13 04:27:15.531 [info] > git status -z -uall [4ms]
2024-11-13 04:27:15.533 [info] > git for-each-ref --sort -committerdate --format %(refname) %(objectname) %(*objectname) [3ms]
2024-11-13 04:27:15.813 [info] > git ls-files --stage -- /home/adminuser/BankingMicroservice/pom.xml [3ms]
2024-11-13 04:27:15.816 [info] > git cat-file -s 9212576510a7963268d6db1916c733f5c5a9bf3e [1ms]
2024-11-13 04:27:16.113 [info] > git show --textconv :pom.xml [3ms]
2024-11-13 04:30:23.378 [info] > git show --textconv :anisible/install.yml [5ms]
2024-11-13 04:30:23.381 [info] > git ls-files --stage -- /home/adminuser/BankingMicroservice/anisible/install.yml [4ms]
2024-11-13 04:30:23.384 [info] > git cat-file -s e69de29bb2d1d6434b8b29ae775ad8c2e48c5391 [2ms]
2024-11-13 04:30:30.677 [info] > git show --textconv :anisible/deploy.yml [5ms]
2024-11-13 04:30:30.680 [info] > git ls-files --stage -- /home/adminuser/BankingMicroservice/anisible/deploy.yml [4ms]
2024-11-13 04:30:30.684 [info] > git cat-file -s e69de29bb2d1d6434b8b29ae775ad8c2e48c5391 [2ms]
2024-11-13 04:30:32.597 [info] > git show --textconv :anisible/install.yml [4ms]
2024-11-13 04:30:32.605 [info] > git ls-files --stage -- /home/adminuser/BankingMicroservice/anisible/install.yml [8ms]
2024-11-13 04:30:32.610 [info] > git cat-file -s e69de29bb2d1d6434b8b29ae775ad8c2e48c5391 [3ms]
2024-11-13 04:30:33.385 [info] > git show --textconv :.github/workflows/maven.yml [4ms]
2024-11-13 04:30:33.388 [info] > git ls-files --stage -- /home/adminuser/BankingMicroservice/.github/workflows/maven.yml [3ms]
2024-11-13 04:30:33.391 [info] > git cat-file -s c6c5f58ec655f306e0bbf9af77dec05b11bea626 [2ms]
2024-11-13 04:31:08.251 [info] > git config --get commit.template [5ms]
2024-11-13 04:31:08.254 [info] > git for-each-ref --format=%(refname)%00%(upstream:short)%00%(objectname)%00%(upstream:track)%00%(upstream:remotename)%00%(upstream:remoteref) refs/heads/main refs/remotes/main [4ms]
2024-11-13 04:31:08.262 [info] > git status -z -uall [6ms]
2024-11-13 04:31:08.265 [info] > git for-each-ref --sort -committerdate --format %(refname) %(objectname) %(*objectname) [5ms]
2024-11-13 04:31:48.911 [info] > git config --get commit.template [4ms]
2024-11-13 04:31:48.914 [info] > git for-each-ref --format=%(refname)%00%(upstream:short)%00%(objectname)%00%(upstream:track)%00%(upstream:remotename)%00%(upstream:remoteref) refs/heads/main refs/remotes/main [3ms]
2024-11-13 04:31:48.921 [info] > git status -z -uall [5ms]
2024-11-13 04:31:48.923 [info] > git for-each-ref --sort -committerdate --format %(refname) %(objectname) %(*objectname) [3ms]
2024-11-13 04:31:49.980 [info] > git config --get commit.template [6ms]
2024-11-13 04:31:49.982 [info] > git for-each-ref --format=%(refname)%00%(upstream:short)%00%(objectname)%00%(upstream:track)%00%(upstream:remotename)%00%(upstream:remoteref) refs/heads/main refs/remotes/main [3ms]
2024-11-13 04:31:49.991 [info] > git status -z -uall [6ms]
2024-11-13 04:31:49.994 [info] > git for-each-ref --sort -committerdate --format %(refname) %(objectname) %(*objectname) [4ms]
2024-11-13 04:31:50.344 [info] > git ls-files --stage -- /home/adminuser/BankingMicroservice/.github/workflows/maven.yml [2ms]
2024-11-13 04:31:50.348 [info] > git cat-file -s 4e0b66b3c10bd1593658ed075a8d8952e5e3801a [2ms]
2024-11-13 04:31:50.667 [info] > git show --textconv :.github/workflows/maven.yml [5ms]
2024-11-13 04:32:05.549 [info] > git config --get commit.template [4ms]
2024-11-13 04:32:05.553 [info] > git for-each-ref --format=%(refname)%00%(upstream:short)%00%(objectname)%00%(upstream:track)%00%(upstream:remotename)%00%(upstream:remoteref) refs/heads/main refs/remotes/main [3ms]
2024-11-13 04:32:05.563 [info] > git status -z -uall [7ms]
2024-11-13 04:32:05.565 [info] > git for-each-ref --sort -committerdate --format %(refname) %(objectname) %(*objectname) [5ms]
2024-11-13 04:32:05.572 [info] > git merge-base refs/heads/main refs/remotes/origin/main [3ms]
2024-11-13 04:32:05.577 [info] > git diff --name-status -z --diff-filter=ADMR bb45eb7f735f4fc92e377f9498d2abd7e33ddb0c...refs/remotes/origin/main [3ms]
2024-11-13 04:32:06.925 [info] > git ls-files --stage -- /home/adminuser/BankingMicroservice/.github/workflows/maven.yml [5ms]
2024-11-13 04:32:06.929 [info] > git cat-file -s 4e0b66b3c10bd1593658ed075a8d8952e5e3801a [2ms]
2024-11-13 04:32:07.207 [info] > git show --textconv :.github/workflows/maven.yml [3ms]
2024-11-13 04:32:41.368 [info] > git config --get commit.template [4ms]
2024-11-13 04:32:41.370 [info] > git for-each-ref --format=%(refname)%00%(upstream:short)%00%(objectname)%00%(upstream:track)%00%(upstream:remotename)%00%(upstream:remoteref) refs/heads/main refs/remotes/main [3ms]
2024-11-13 04:32:41.378 [info] > git status -z -uall [6ms]
2024-11-13 04:32:41.382 [info] > git for-each-ref --sort -committerdate --format %(refname) %(objectname) %(*objectname) [5ms]
2024-11-13 04:32:41.389 [info] > git merge-base refs/heads/main refs/remotes/origin/main [3ms]
2024-11-13 04:32:41.393 [info] > git diff --name-status -z --diff-filter=ADMR 794fe7d7a25e77d1e37fa53b366569615fbef2e6...refs/remotes/origin/main [2ms]
2024-11-13 04:32:42.523 [info] > git config --get commit.template [5ms]
2024-11-13 04:32:42.525 [info] > git for-each-ref --format=%(refname)%00%(upstream:short)%00%(objectname)%00%(upstream:track)%00%(upstream:remotename)%00%(upstream:remoteref) refs/heads/main refs/remotes/main [3ms]
2024-11-13 04:32:42.531 [info] > git status -z -uall [4ms]
2024-11-13 04:32:42.535 [info] > git for-each-ref --sort -committerdate --format %(refname) %(objectname) %(*objectname) [4ms]
2024-11-13 04:32:42.891 [info] > git ls-files --stage -- /home/adminuser/BankingMicroservice/.github/workflows/maven.yml [2ms]
2024-11-13 04:32:42.895 [info] > git cat-file -s 4e0b66b3c10bd1593658ed075a8d8952e5e3801a [2ms]
2024-11-13 04:32:43.170 [info] > git show --textconv :.github/workflows/maven.yml [3ms]
2024-11-13 04:43:54.466 [info] > git config --get commit.template [4ms]
2024-11-13 04:43:54.468 [info] > git for-each-ref --format=%(refname)%00%(upstream:short)%00%(objectname)%00%(upstream:track)%00%(upstream:remotename)%00%(upstream:remoteref) refs/heads/main refs/remotes/main [3ms]
2024-11-13 04:43:54.473 [info] > git status -z -uall [4ms]
2024-11-13 04:43:54.475 [info] > git for-each-ref --sort -committerdate --format %(refname) %(objectname) %(*objectname) [2ms]
2024-11-13 04:45:27.872 [info] > git check-ignore -v -z --stdin [3ms]
2024-11-13 04:46:54.073 [info] > git check-ignore -v -z --stdin [3ms]
2024-11-13 04:46:54.218 [info] > git config --get commit.template [4ms]
2024-11-13 04:46:54.225 [info] > git for-each-ref --format=%(refname)%00%(upstream:short)%00%(objectname)%00%(upstream:track)%00%(upstream:remotename)%00%(upstream:remoteref) refs/heads/main refs/remotes/main [8ms]
2024-11-13 04:46:54.230 [info] > git status -z -uall [4ms]
2024-11-13 04:46:54.233 [info] > git for-each-ref --sort -committerdate --format %(refname) %(objectname) %(*objectname) [3ms]
2024-11-13 04:46:54.411 [info] > git show --textconv :inventory.ini [5ms]
2024-11-13 04:46:54.414 [info] > git ls-files --stage -- /home/adminuser/BankingMicroservice/inventory.ini [3ms]
2024-11-13 04:48:05.982 [info] > git config --get commit.template [5ms]
2024-11-13 04:48:05.984 [info] > git for-each-ref --format=%(refname)%00%(upstream:short)%00%(objectname)%00%(upstream:track)%00%(upstream:remotename)%00%(upstream:remoteref) refs/heads/main refs/remotes/main [3ms]
2024-11-13 04:48:05.992 [info] > git status -z -uall [6ms]
2024-11-13 04:48:05.996 [info] > git for-each-ref --sort -committerdate --format %(refname) %(objectname) %(*objectname) [6ms]
2024-11-13 04:50:59.694 [info] > git check-ignore -v -z --stdin [3ms]
2024-11-13 04:50:59.862 [info] > git config --get commit.template [4ms]
2024-11-13 04:50:59.865 [info] > git for-each-ref --format=%(refname)%00%(upstream:short)%00%(objectname)%00%(upstream:track)%00%(upstream:remotename)%00%(upstream:remoteref) refs/heads/main refs/remotes/main [2ms]
2024-11-13 04:50:59.871 [info] > git status -z -uall [5ms]
2024-11-13 04:50:59.873 [info] > git for-each-ref --sort -committerdate --format %(refname) %(objectname) %(*objectname) [3ms]
2024-11-13 04:51:00.069 [info] > git show --textconv :setup.yaml [8ms]
2024-11-13 04:51:00.072 [info] > git ls-files --stage -- /home/adminuser/BankingMicroservice/setup.yaml [4ms]
2024-11-13 04:51:51.257 [info] > git config --get commit.template [4ms]
2024-11-13 04:51:51.259 [info] > git for-each-ref --format=%(refname)%00%(upstream:short)%00%(objectname)%00%(upstream:track)%00%(upstream:remotename)%00%(upstream:remoteref) refs/heads/main refs/remotes/main [3ms]
2024-11-13 04:51:51.270 [info] > git status -z -uall [10ms]
2024-11-13 04:51:51.272 [info] > git for-each-ref --sort -committerdate --format %(refname) %(objectname) %(*objectname) [8ms]
2024-11-13 04:51:54.162 [info] > git show --textconv :inventory.ini [5ms]
2024-11-13 04:51:54.164 [info] > git ls-files --stage -- /home/adminuser/BankingMicroservice/inventory.ini [4ms]
2024-11-13 04:52:02.391 [info] > git show --textconv :setup.yaml [5ms]
2024-11-13 04:52:02.394 [info] > git ls-files --stage -- /home/adminuser/BankingMicroservice/setup.yaml [3ms]
2024-11-13 04:54:47.258 [info] > git config --get commit.template [7ms]
2024-11-13 04:54:47.261 [info] > git for-each-ref --format=%(refname)%00%(upstream:short)%00%(objectname)%00%(upstream:track)%00%(upstream:remotename)%00%(upstream:remoteref) refs/heads/main refs/remotes/main [2ms]
2024-11-13 04:54:47.266 [info] > git status -z -uall [4ms]
2024-11-13 04:54:47.269 [info] > git for-each-ref --sort -committerdate --format %(refname) %(objectname) %(*objectname) [2ms]
2024-11-13 04:56:08.302 [info] > git config --get commit.template [5ms]
2024-11-13 04:56:08.304 [info] > git for-each-ref --format=%(refname)%00%(upstream:short)%00%(objectname)%00%(upstream:track)%00%(upstream:remotename)%00%(upstream:remoteref) refs/heads/main refs/remotes/main [3ms]
2024-11-13 04:56:08.312 [info] > git status -z -uall [5ms]
2024-11-13 04:56:08.316 [info] > git for-each-ref --sort -committerdate --format %(refname) %(objectname) %(*objectname) [4ms]
2024-11-13 05:40:31.701 [info] > git show --textconv :anisible/install.yml [3ms]
2024-11-13 05:40:31.703 [info] > git ls-files --stage -- /home/adminuser/BankingMicroservice/anisible/install.yml [3ms]
2024-11-13 05:40:31.706 [info] > git cat-file -s e69de29bb2d1d6434b8b29ae775ad8c2e48c5391 [2ms]
2024-11-13 05:40:32.427 [info] > git show --textconv :anisible/deploy.yml [5ms]
2024-11-13 05:40:32.430 [info] > git ls-files --stage -- /home/adminuser/BankingMicroservice/anisible/deploy.yml [4ms]
2024-11-13 05:40:32.433 [info] > git cat-file -s e69de29bb2d1d6434b8b29ae775ad8c2e48c5391 [2ms]
2024-11-13 05:46:31.368 [info] > git show --textconv :setup.yaml [4ms]
2024-11-13 05:46:31.370 [info] > git ls-files --stage -- /home/adminuser/BankingMicroservice/setup.yaml [3ms]
2024-11-13 05:47:55.331 [info] > git config --get commit.template [5ms]
2024-11-13 05:47:55.333 [info] > git for-each-ref --format=%(refname)%00%(upstream:short)%00%(objectname)%00%(upstream:track)%00%(upstream:remotename)%00%(upstream:remoteref) refs/heads/main refs/remotes/main [3ms]
2024-11-13 05:47:55.339 [info] > git status -z -uall [4ms]
2024-11-13 05:47:55.341 [info] > git for-each-ref --sort -committerdate --format %(refname) %(objectname) %(*objectname) [3ms]
2024-11-13 05:48:04.467 [info] > git show --textconv :anisible/deploy.yml [5ms]
2024-11-13 05:48:04.470 [info] > git ls-files --stage -- /home/adminuser/BankingMicroservice/anisible/deploy.yml [3ms]
2024-11-13 05:48:04.473 [info] > git cat-file -s e69de29bb2d1d6434b8b29ae775ad8c2e48c5391 [2ms]
2024-11-13 05:48:16.727 [info] > git config --get commit.template [7ms]
2024-11-13 05:48:16.730 [info] > git for-each-ref --format=%(refname)%00%(upstream:short)%00%(objectname)%00%(upstream:track)%00%(upstream:remotename)%00%(upstream:remoteref) refs/heads/main refs/remotes/main [5ms]
2024-11-13 05:48:16.737 [info] > git status -z -uall [5ms]
2024-11-13 05:48:16.740 [info] > git for-each-ref --sort -committerdate --format %(refname) %(objectname) %(*objectname) [3ms]
2024-11-13 05:48:54.854 [info] > git check-ignore -v -z --stdin [3ms]
2024-11-13 05:48:55.087 [info] > git config --get commit.template [6ms]
2024-11-13 05:48:55.090 [info] > git for-each-ref --format=%(refname)%00%(upstream:short)%00%(objectname)%00%(upstream:track)%00%(upstream:remotename)%00%(upstream:remoteref) refs/heads/main refs/remotes/main [4ms]
2024-11-13 05:48:55.098 [info] > git status -z -uall [6ms]
2024-11-13 05:48:55.100 [info] > git for-each-ref --sort -committerdate --format %(refname) %(objectname) %(*objectname) [4ms]
2024-11-13 05:48:55.211 [info] > git show --textconv :install_java_apache.yml [6ms]
2024-11-13 05:48:55.214 [info] > git ls-files --stage -- /home/adminuser/BankingMicroservice/install_java_apache.yml [4ms]
2024-11-13 05:49:02.406 [info] > git config --get commit.template [5ms]
2024-11-13 05:49:02.408 [info] > git for-each-ref --format=%(refname)%00%(upstream:short)%00%(objectname)%00%(upstream:track)%00%(upstream:remotename)%00%(upstream:remoteref) refs/heads/main refs/remotes/main [2ms]
2024-11-13 05:49:02.418 [info] > git status -z -uall [8ms]
2024-11-13 05:49:02.420 [info] > git for-each-ref --sort -committerdate --format %(refname) %(objectname) %(*objectname) [5ms]
2024-11-13 05:49:49.945 [info] > git check-ignore -v -z --stdin [3ms]
2024-11-13 05:49:50.273 [info] > git show --textconv :install_docker.ym [5ms]
2024-11-13 05:49:50.275 [info] > git ls-files --stage -- /home/adminuser/BankingMicroservice/install_docker.ym [3ms]
2024-11-13 05:49:57.627 [info] > git config --get commit.template [4ms]
2024-11-13 05:49:57.630 [info] > git for-each-ref --format=%(refname)%00%(upstream:short)%00%(objectname)%00%(upstream:track)%00%(upstream:remotename)%00%(upstream:remoteref) refs/heads/main refs/remotes/main [3ms]
2024-11-13 05:49:57.639 [info] > git status -z -uall [7ms]
2024-11-13 05:49:57.642 [info] > git for-each-ref --sort -committerdate --format %(refname) %(objectname) %(*objectname) [5ms]
2024-11-13 05:50:35.431 [info] > git show --textconv :inventory.ini [4ms]
2024-11-13 05:50:35.433 [info] > git ls-files --stage -- /home/adminuser/BankingMicroservice/inventory.ini [3ms]
2024-11-13 05:50:51.869 [info] > git check-ignore -v -z --stdin [2ms]
2024-11-13 05:50:51.978 [info] > git config --get commit.template [4ms]
2024-11-13 05:50:51.980 [info] > git for-each-ref --format=%(refname)%00%(upstream:short)%00%(objectname)%00%(upstream:track)%00%(upstream:remotename)%00%(upstream:remoteref) refs/heads/main refs/remotes/main [3ms]
2024-11-13 05:50:51.986 [info] > git status -z -uall [5ms]
2024-11-13 05:50:51.988 [info] > git for-each-ref --sort -committerdate --format %(refname) %(objectname) %(*objectname) [2ms]
2024-11-13 05:50:52.133 [info] > git show --textconv :hosts.ini [4ms]
2024-11-13 05:50:52.135 [info] > git ls-files --stage -- /home/adminuser/BankingMicroservice/hosts.ini [2ms]
2024-11-13 05:52:51.174 [info] > git show --textconv :src/main/java/com/bank/App.java [6ms]
2024-11-13 05:52:51.178 [info] > git ls-files --stage -- /home/adminuser/BankingMicroservice/src/main/java/com/bank/App.java [5ms]
2024-11-13 05:52:51.182 [info] > git cat-file -s 16c144f451bd113feeaa19f82e63dee1d10a118f [3ms]
2024-11-13 05:52:54.184 [info] > git show --textconv :src/test/java/com/bank/AppTest.java [4ms]
2024-11-13 05:52:54.187 [info] > git ls-files --stage -- /home/adminuser/BankingMicroservice/src/test/java/com/bank/AppTest.java [3ms]
2024-11-13 05:52:54.190 [info] > git cat-file -s f3d15f22f540463b390c2ad485c69b69cbbfa9de [2ms]
2024-11-13 05:52:55.233 [info] > git show --textconv :src/main/java/com/bank/App.java [5ms]
2024-11-13 05:52:55.235 [info] > git ls-files --stage -- /home/adminuser/BankingMicroservice/src/main/java/com/bank/App.java [3ms]
2024-11-13 05:52:55.239 [info] > git cat-file -s 16c144f451bd113feeaa19f82e63dee1d10a118f [1ms]
2024-11-13 05:53:32.993 [info] > git show --textconv :src/test/java/com/bank/AppTest.java [4ms]
2024-11-13 05:53:32.997 [info] > git ls-files --stage -- /home/adminuser/BankingMicroservice/src/test/java/com/bank/AppTest.java [4ms]
2024-11-13 05:53:33.000 [info] > git cat-file -s f3d15f22f540463b390c2ad485c69b69cbbfa9de [1ms]
2024-11-13 05:53:43.590 [info] > git show --textconv :hosts.ini [5ms]
2024-11-13 05:53:43.592 [info] > git ls-files --stage -- /home/adminuser/BankingMicroservice/hosts.ini [4ms]
2024-11-13 05:54:07.644 [info] > git config --get commit.template [5ms]
2024-11-13 05:54:07.647 [info] > git for-each-ref --format=%(refname)%00%(upstream:short)%00%(objectname)%00%(upstream:track)%00%(upstream:remotename)%00%(upstream:remoteref) refs/heads/main refs/remotes/main [3ms]
2024-11-13 05:54:07.654 [info] > git status -z -uall [6ms]
2024-11-13 05:54:07.657 [info] > git for-each-ref --sort -committerdate --format %(refname) %(objectname) %(*objectname) [4ms]
2024-11-13 05:54:07.961 [info] > git show --textconv :install_docker.ym [5ms]
2024-11-13 05:54:07.966 [info] > git ls-files --stage -- /home/adminuser/BankingMicroservice/install_docker.ym [6ms]
2024-11-13 05:54:24.658 [info] > git check-ignore -v -z --stdin [3ms]
2024-11-13 05:54:24.808 [info] > git config --get commit.template [5ms]
2024-11-13 05:54:24.810 [info] > git for-each-ref --format=%(refname)%00%(upstream:short)%00%(objectname)%00%(upstream:track)%00%(upstream:remotename)%00%(upstream:remoteref) refs/heads/main refs/remotes/main [3ms]
2024-11-13 05:54:24.818 [info] > git status -z -uall [6ms]
2024-11-13 05:54:24.821 [info] > git for-each-ref --sort -committerdate --format %(refname) %(objectname) %(*objectname) [5ms]
2024-11-13 05:54:24.991 [info] > git show --textconv :install_docker.yml [3ms]
2024-11-13 05:54:24.993 [info] > git ls-files --stage -- /home/adminuser/BankingMicroservice/install_docker.yml [3ms]
2024-11-13 05:54:28.559 [info] > git show --textconv :install_java_apache.yml [5ms]
2024-11-13 05:54:28.561 [info] > git ls-files --stage -- /home/adminuser/BankingMicroservice/install_java_apache.yml [4ms]
2024-11-13 05:54:29.556 [info] > git show --textconv :install_docker.yml [3ms]
2024-11-13 05:54:29.558 [info] > git ls-files --stage -- /home/adminuser/BankingMicroservice/install_docker.yml [3ms]
2024-11-13 05:54:29.838 [info] > git config --get commit.template [6ms]
2024-11-13 05:54:29.840 [info] > git for-each-ref --format=%(refname)%00%(upstream:short)%00%(objectname)%00%(upstream:track)%00%(upstream:remotename)%00%(upstream:remoteref) refs/heads/main refs/remotes/main [3ms]
2024-11-13 05:54:29.847 [info] > git status -z -uall [5ms]
2024-11-13 05:54:29.850 [info] > git for-each-ref --sort -committerdate --format %(refname) %(objectname) %(*objectname) [4ms]
2024-11-13 05:54:30.409 [info] > git show --textconv :hosts.ini [5ms]
2024-11-13 05:54:30.412 [info] > git ls-files --stage -- /home/adminuser/BankingMicroservice/hosts.ini [3ms]
2024-11-13 05:56:25.146 [info] > git show --textconv :install_docker.yml [4ms]
2024-11-13 05:56:25.148 [info] > git ls-files --stage -- /home/adminuser/BankingMicroservice/install_docker.yml [2ms]
2024-11-13 05:56:26.146 [info] > git show --textconv :install_java_apache.yml [4ms]
2024-11-13 05:56:26.149 [info] > git ls-files --stage -- /home/adminuser/BankingMicroservice/install_java_apache.yml [3ms]
2024-11-13 05:58:35.463 [info] > git config --get commit.template [4ms]
2024-11-13 05:58:35.465 [info] > git for-each-ref --format=%(refname)%00%(upstream:short)%00%(objectname)%00%(upstream:track)%00%(upstream:remotename)%00%(upstream:remoteref) refs/heads/main refs/remotes/main [3ms]
2024-11-13 05:58:35.471 [info] > git status -z -uall [5ms]
2024-11-13 05:58:35.474 [info] > git for-each-ref --sort -committerdate --format %(refname) %(objectname) %(*objectname) [4ms]
2024-11-13 06:00:26.034 [info] > git show --textconv :install_docker.yml [4ms]
2024-11-13 06:00:26.037 [info] > git ls-files --stage -- /home/adminuser/BankingMicroservice/install_docker.yml [3ms]
2024-11-13 06:00:42.133 [info] > git show --textconv :hosts.ini [4ms]
2024-11-13 06:00:42.136 [info] > git ls-files --stage -- /home/adminuser/BankingMicroservice/hosts.ini [4ms]
2024-11-13 06:01:38.833 [info] > git show --textconv :install_docker.yml [4ms]
2024-11-13 06:01:38.836 [info] > git ls-files --stage -- /home/adminuser/BankingMicroservice/install_docker.yml [4ms]
2024-11-13 06:01:39.795 [info] > git show --textconv :hosts.ini [4ms]
2024-11-13 06:01:39.798 [info] > git ls-files --stage -- /home/adminuser/BankingMicroservice/hosts.ini [4ms]
2024-11-13 06:01:42.286 [info] > git show --textconv :install_docker.yml [4ms]
2024-11-13 06:01:42.288 [info] > git ls-files --stage -- /home/adminuser/BankingMicroservice/install_docker.yml [2ms]
2024-11-13 06:01:45.020 [info] > git show --textconv :hosts.ini [5ms]
2024-11-13 06:01:45.023 [info] > git ls-files --stage -- /home/adminuser/BankingMicroservice/hosts.ini [5ms]
2024-11-13 06:01:48.775 [info] > git show --textconv :src/test/java/com/bank/AppTest.java [4ms]
2024-11-13 06:01:48.777 [info] > git ls-files --stage -- /home/adminuser/BankingMicroservice/src/test/java/com/bank/AppTest.java [3ms]
2024-11-13 06:01:48.780 [info] > git cat-file -s f3d15f22f540463b390c2ad485c69b69cbbfa9de [2ms]
2024-11-13 06:01:51.977 [info] > git show --textconv :src/main/java/com/bank/App.java [4ms]
2024-11-13 06:01:51.980 [info] > git ls-files --stage -- /home/adminuser/BankingMicroservice/src/main/java/com/bank/App.java [3ms]
2024-11-13 06:01:51.983 [info] > git cat-file -s 16c144f451bd113feeaa19f82e63dee1d10a118f [2ms]
2024-11-13 06:01:56.545 [info] > git show --textconv :src/test/java/com/bank/AppTest.java [4ms]
2024-11-13 06:01:56.547 [info] > git ls-files --stage -- /home/adminuser/BankingMicroservice/src/test/java/com/bank/AppTest.java [3ms]
2024-11-13 06:01:56.550 [info] > git cat-file -s f3d15f22f540463b390c2ad485c69b69cbbfa9de [2ms]
2024-11-13 06:02:59.337 [info] > git show --textconv :pom.xml [3ms]
2024-11-13 06:02:59.340 [info] > git ls-files --stage -- /home/adminuser/BankingMicroservice/pom.xml [3ms]
2024-11-13 06:02:59.343 [info] > git cat-file -s 9212576510a7963268d6db1916c733f5c5a9bf3e [2ms]
2024-11-13 06:03:04.863 [info] > git show --textconv :hosts.ini [4ms]
2024-11-13 06:03:04.866 [info] > git ls-files --stage -- /home/adminuser/BankingMicroservice/hosts.ini [3ms]
2024-11-13 06:03:16.650 [info] > git show --textconv :install_docker.yml [4ms]
2024-11-13 06:03:16.653 [info] > git ls-files --stage -- /home/adminuser/BankingMicroservice/install_docker.yml [4ms]
2024-11-13 06:03:25.026 [info] > git show --textconv :install_java_apache.yml [4ms]
2024-11-13 06:03:25.029 [info] > git ls-files --stage -- /home/adminuser/BankingMicroservice/install_java_apache.yml [4ms]
2024-11-13 06:05:30.380 [info] > git show --textconv :pom.xml [5ms]
2024-11-13 06:05:30.383 [info] > git ls-files --stage -- /home/adminuser/BankingMicroservice/pom.xml [4ms]
2024-11-13 06:05:30.388 [info] > git cat-file -s 9212576510a7963268d6db1916c733f5c5a9bf3e [3ms]
2024-11-13 06:08:39.772 [info] > git show --textconv :install_docker.yml [5ms]
2024-11-13 06:08:39.775 [info] > git ls-files --stage -- /home/adminuser/BankingMicroservice/install_docker.yml [4ms]
2024-11-13 06:08:40.625 [info] > git show --textconv :install_java_apache.yml [4ms]
2024-11-13 06:08:40.627 [info] > git ls-files --stage -- /home/adminuser/BankingMicroservice/install_java_apache.yml [3ms]
2024-11-13 06:08:54.871 [info] > git show --textconv :install_docker.yml [4ms]
2024-11-13 06:08:54.873 [info] > git ls-files --stage -- /home/adminuser/BankingMicroservice/install_docker.yml [3ms]
2024-11-13 06:08:56.104 [info] > git show --textconv :install_java_apache.yml [4ms]
2024-11-13 06:08:56.106 [info] > git ls-files --stage -- /home/adminuser/BankingMicroservice/install_java_apache.yml [3ms]
2024-11-13 06:08:58.045 [info] > git show --textconv :install_docker.yml [4ms]
2024-11-13 06:08:58.048 [info] > git ls-files --stage -- /home/adminuser/BankingMicroservice/install_docker.yml [3ms]
2024-11-13 06:08:58.725 [info] > git config --get commit.template [4ms]
2024-11-13 06:08:58.727 [info] > git for-each-ref --format=%(refname)%00%(upstream:short)%00%(objectname)%00%(upstream:track)%00%(upstream:remotename)%00%(upstream:remoteref) refs/heads/main refs/remotes/main [3ms]
2024-11-13 06:08:58.733 [info] > git status -z -uall [4ms]
2024-11-13 06:08:58.736 [info] > git for-each-ref --sort -committerdate --format %(refname) %(objectname) %(*objectname) [3ms]
2024-11-13 06:09:28.900 [info] > git config --get commit.template [4ms]
2024-11-13 06:09:28.903 [info] > git for-each-ref --format=%(refname)%00%(upstream:short)%00%(objectname)%00%(upstream:track)%00%(upstream:remotename)%00%(upstream:remoteref) refs/heads/main refs/remotes/main [3ms]
2024-11-13 06:09:28.911 [info] > git status -z -uall [6ms]
2024-11-13 06:09:28.912 [info] > git for-each-ref --sort -committerdate --format %(refname) %(objectname) %(*objectname) [3ms]
2024-11-13 06:10:41.925 [info] > git config --get commit.template [6ms]
2024-11-13 06:10:41.929 [info] > git for-each-ref --format=%(refname)%00%(upstream:short)%00%(objectname)%00%(upstream:track)%00%(upstream:remotename)%00%(upstream:remoteref) refs/heads/main refs/remotes/main [5ms]
2024-11-13 06:10:41.938 [info] > git status -z -uall [6ms]
2024-11-13 06:10:41.940 [info] > git for-each-ref --sort -committerdate --format %(refname) %(objectname) %(*objectname) [3ms]
2024-11-13 06:11:36.643 [info] > git config --get commit.template [4ms]
2024-11-13 06:11:36.645 [info] > git for-each-ref --format=%(refname)%00%(upstream:short)%00%(objectname)%00%(upstream:track)%00%(upstream:remotename)%00%(upstream:remoteref) refs/heads/main refs/remotes/main [3ms]
2024-11-13 06:11:36.651 [info] > git status -z -uall [5ms]
2024-11-13 06:11:36.654 [info] > git for-each-ref --sort -committerdate --format %(refname) %(objectname) %(*objectname) [3ms]
2024-11-13 06:12:18.593 [info] > git config --get commit.template [6ms]
2024-11-13 06:12:18.595 [info] > git for-each-ref --format=%(refname)%00%(upstream:short)%00%(objectname)%00%(upstream:track)%00%(upstream:remotename)%00%(upstream:remoteref) refs/heads/main refs/remotes/main [3ms]
2024-11-13 06:12:18.603 [info] > git status -z -uall [6ms]
2024-11-13 06:12:18.606 [info] > git for-each-ref --sort -committerdate --format %(refname) %(objectname) %(*objectname) [4ms]
2024-11-13 06:14:08.911 [info] > git config --get commit.template [4ms]
2024-11-13 06:14:08.913 [info] > git for-each-ref --format=%(refname)%00%(upstream:short)%00%(objectname)%00%(upstream:track)%00%(upstream:remotename)%00%(upstream:remoteref) refs/heads/main refs/remotes/main [3ms]
2024-11-13 06:14:08.919 [info] > git status -z -uall [4ms]
2024-11-13 06:14:08.921 [info] > git for-each-ref --sort -committerdate --format %(refname) %(objectname) %(*objectname) [2ms]
2024-11-13 06:16:09.758 [info] > git config --get commit.template [4ms]
2024-11-13 06:16:09.760 [info] > git for-each-ref --format=%(refname)%00%(upstream:short)%00%(objectname)%00%(upstream:track)%00%(upstream:remotename)%00%(upstream:remoteref) refs/heads/main refs/remotes/main [2ms]
2024-11-13 06:16:09.766 [info] > git status -z -uall [4ms]
2024-11-13 06:16:09.768 [info] > git for-each-ref --sort -committerdate --format %(refname) %(objectname) %(*objectname) [3ms]
2024-11-13 06:17:16.585 [info] > git show --textconv :install_java_apache.yml [4ms]
2024-11-13 06:17:16.588 [info] > git ls-files --stage -- /home/adminuser/BankingMicroservice/install_java_apache.yml [3ms]
2024-11-13 06:17:25.861 [info] > git show --textconv :install_docker.yml [4ms]
2024-11-13 06:17:25.864 [info] > git ls-files --stage -- /home/adminuser/BankingMicroservice/install_docker.yml [3ms]
2024-11-13 06:18:19.432 [info] > git show --textconv :install_java_apache.yml [5ms]
2024-11-13 06:18:19.434 [info] > git ls-files --stage -- /home/adminuser/BankingMicroservice/install_java_apache.yml [3ms]
2024-11-13 06:18:31.965 [info] > git show --textconv :install_docker.yml [5ms]
2024-11-13 06:18:31.968 [info] > git ls-files --stage -- /home/adminuser/BankingMicroservice/install_docker.yml [3ms]
2024-11-13 06:18:38.004 [info] > git config --get commit.template [3ms]
2024-11-13 06:18:38.005 [info] > git for-each-ref --format=%(refname)%00%(upstream:short)%00%(objectname)%00%(upstream:track)%00%(upstream:remotename)%00%(upstream:remoteref) refs/heads/main refs/remotes/main [2ms]
2024-11-13 06:18:38.013 [info] > git status -z -uall [6ms]
2024-11-13 06:18:38.016 [info] > git for-each-ref --sort -committerdate --format %(refname) %(objectname) %(*objectname) [3ms]
2024-11-13 06:19:04.119 [info] > git show --textconv :install_java_apache.yml [4ms]
2024-11-13 06:19:04.122 [info] > git ls-files --stage -- /home/adminuser/BankingMicroservice/install_java_apache.yml [3ms]
2024-11-13 06:19:39.239 [info] > git show --textconv :install_docker.yml [5ms]
2024-11-13 06:19:39.242 [info] > git ls-files --stage -- /home/adminuser/BankingMicroservice/install_docker.yml [4ms]
2024-11-13 06:21:23.134 [info] > git show --textconv :hosts.ini [4ms]
2024-11-13 06:21:23.137 [info] > git ls-files --stage -- /home/adminuser/BankingMicroservice/hosts.ini [2ms]
2024-11-13 06:21:27.484 [info] > git show --textconv :install_docker.yml [4ms]
2024-11-13 06:21:27.486 [info] > git ls-files --stage -- /home/adminuser/BankingMicroservice/install_docker.yml [3ms]
2024-11-13 06:21:29.514 [info] > git show --textconv :install_java_apache.yml [4ms]
2024-11-13 06:21:29.517 [info] > git ls-files --stage -- /home/adminuser/BankingMicroservice/install_java_apache.yml [3ms]
2024-11-13 06:21:36.125 [info] > git show --textconv :install_docker.yml [5ms]
2024-11-13 06:21:36.127 [info] > git ls-files --stage -- /home/adminuser/BankingMicroservice/install_docker.yml [3ms]
2024-11-13 06:21:38.269 [info] > git show --textconv :hosts.ini [4ms]
2024-11-13 06:21:38.272 [info] > git ls-files --stage -- /home/adminuser/BankingMicroservice/hosts.ini [3ms]
2024-11-13 06:21:45.299 [info] > git show --textconv :install_docker.yml [4ms]
2024-11-13 06:21:45.301 [info] > git ls-files --stage -- /home/adminuser/BankingMicroservice/install_docker.yml [3ms]
2024-11-13 06:21:46.841 [info] > git show --textconv :install_java_apache.yml [6ms]
2024-11-13 06:21:46.843 [info] > git ls-files --stage -- /home/adminuser/BankingMicroservice/install_java_apache.yml [2ms]
2024-11-13 06:21:49.172 [info] > git show --textconv :install_docker.yml [5ms]
2024-11-13 06:21:49.174 [info] > git ls-files --stage -- /home/adminuser/BankingMicroservice/install_docker.yml [3ms]
2024-11-13 06:21:51.075 [info] > git show --textconv :install_java_apache.yml [3ms]
2024-11-13 06:21:51.078 [info] > git ls-files --stage -- /home/adminuser/BankingMicroservice/install_java_apache.yml [4ms]
2024-11-13 06:22:05.292 [info] > git show --textconv :install_docker.yml [9ms]
2024-11-13 06:22:05.295 [info] > git ls-files --stage -- /home/adminuser/BankingMicroservice/install_docker.yml [8ms]
2024-11-13 06:22:07.492 [info] > git show --textconv :hosts.ini [4ms]
2024-11-13 06:22:07.494 [info] > git ls-files --stage -- /home/adminuser/BankingMicroservice/hosts.ini [3ms]
2024-11-13 06:22:09.353 [info] > git show --textconv :install_docker.yml [4ms]
2024-11-13 06:22:09.356 [info] > git ls-files --stage -- /home/adminuser/BankingMicroservice/install_docker.yml [3ms]
2024-11-13 06:22:10.168 [info] > git show --textconv :install_java_apache.yml [5ms]
2024-11-13 06:22:10.170 [info] > git ls-files --stage -- /home/adminuser/BankingMicroservice/install_java_apache.yml [3ms]
2024-11-13 06:22:11.024 [info] > git show --textconv :hosts.ini [5ms]
2024-11-13 06:22:11.030 [info] > git ls-files --stage -- /home/adminuser/BankingMicroservice/hosts.ini [8ms]
2024-11-13 06:22:17.675 [info] > git show --textconv :install_java_apache.yml [4ms]
2024-11-13 06:22:17.677 [info] > git ls-files --stage -- /home/adminuser/BankingMicroservice/install_java_apache.yml [3ms]
2024-11-13 06:22:19.363 [info] > git show --textconv :install_docker.yml [7ms]
2024-11-13 06:22:19.366 [info] > git ls-files --stage -- /home/adminuser/BankingMicroservice/install_docker.yml [4ms]
2024-11-13 06:22:21.174 [info] > git show --textconv :install_java_apache.yml [4ms]
2024-11-13 06:22:21.176 [info] > git ls-files --stage -- /home/adminuser/BankingMicroservice/install_java_apache.yml [2ms]
2024-11-13 06:22:53.481 [info] > git show --textconv :hosts.ini [4ms]
2024-11-13 06:22:53.483 [info] > git ls-files --stage -- /home/adminuser/BankingMicroservice/hosts.ini [3ms]
2024-11-13 06:22:58.262 [info] > git show --textconv :install_docker.yml [4ms]
2024-11-13 06:22:58.264 [info] > git ls-files --stage -- /home/adminuser/BankingMicroservice/install_docker.yml [2ms]
2024-11-13 06:22:59.681 [info] > git show --textconv :hosts.ini [8ms]
2024-11-13 06:22:59.683 [info] > git ls-files --stage -- /home/adminuser/BankingMicroservice/hosts.ini [3ms]
2024-11-13 06:23:42.882 [info] > git show --textconv :install_java_apache.yml [4ms]
2024-11-13 06:23:42.885 [info] > git ls-files --stage -- /home/adminuser/BankingMicroservice/install_java_apache.yml [4ms]
2024-11-13 06:23:44.180 [info] > git show --textconv :install_docker.yml [8ms]
2024-11-13 06:23:44.182 [info] > git ls-files --stage -- /home/adminuser/BankingMicroservice/install_docker.yml [3ms]
2024-11-13 06:24:11.001 [info] > git show --textconv :install_java_apache.yml [4ms]
2024-11-13 06:24:11.003 [info] > git ls-files --stage -- /home/adminuser/BankingMicroservice/install_java_apache.yml [3ms]
2024-11-13 06:24:11.945 [info] > git show --textconv :install_docker.yml [4ms]
2024-11-13 06:24:11.947 [info] > git ls-files --stage -- /home/adminuser/BankingMicroservice/install_docker.yml [3ms]
2024-11-13 06:24:15.812 [info] > git config --get commit.template [5ms]
2024-11-13 06:24:15.814 [info] > git for-each-ref --format=%(refname)%00%(upstream:short)%00%(objectname)%00%(upstream:track)%00%(upstream:remotename)%00%(upstream:remoteref) refs/heads/main refs/remotes/main [3ms]
2024-11-13 06:24:15.819 [info] > git status -z -uall [4ms]
2024-11-13 06:24:15.822 [info] > git for-each-ref --sort -committerdate --format %(refname) %(objectname) %(*objectname) [2ms]
2024-11-13 06:24:24.871 [info] > git show --textconv :install_java_apache.yml [4ms]
2024-11-13 06:24:24.873 [info] > git ls-files --stage -- /home/adminuser/BankingMicroservice/install_java_apache.yml [2ms]
2024-11-13 06:24:36.578 [info] > git show --textconv :install_docker.yml [4ms]
2024-11-13 06:24:36.581 [info] > git ls-files --stage -- /home/adminuser/BankingMicroservice/install_docker.yml [3ms]
2024-11-13 06:24:39.928 [info] > git show --textconv :install_java_apache.yml [4ms]
2024-11-13 06:24:39.936 [info] > git ls-files --stage -- /home/adminuser/BankingMicroservice/install_java_apache.yml [8ms]
2024-11-13 06:24:47.704 [info] > git config --get commit.template [4ms]
2024-11-13 06:24:47.706 [info] > git for-each-ref --format=%(refname)%00%(upstream:short)%00%(objectname)%00%(upstream:track)%00%(upstream:remotename)%00%(upstream:remoteref) refs/heads/main refs/remotes/main [2ms]
2024-11-13 06:24:47.713 [info] > git status -z -uall [5ms]
2024-11-13 06:24:47.716 [info] > git for-each-ref --sort -committerdate --format %(refname) %(objectname) %(*objectname) [4ms]
2024-11-13 06:24:55.319 [info] > git show --textconv :install_docker.yml [4ms]
2024-11-13 06:24:55.322 [info] > git ls-files --stage -- /home/adminuser/BankingMicroservice/install_docker.yml [4ms]
2024-11-13 06:25:33.918 [info] > git show --textconv :install_java_apache.yml [4ms]
2024-11-13 06:25:33.920 [info] > git ls-files --stage -- /home/adminuser/BankingMicroservice/install_java_apache.yml [2ms]
2024-11-13 06:26:12.287 [info] > git config --get commit.template [7ms]
2024-11-13 06:26:12.290 [info] > git for-each-ref --format=%(refname)%00%(upstream:short)%00%(objectname)%00%(upstream:track)%00%(upstream:remotename)%00%(upstream:remoteref) refs/heads/main refs/remotes/main [4ms]
2024-11-13 06:26:12.297 [info] > git status -z -uall [5ms]
2024-11-13 06:26:12.300 [info] > git for-each-ref --sort -committerdate --format %(refname) %(objectname) %(*objectname) [3ms]
2024-11-13 06:26:42.368 [info] > git show --textconv :hosts.ini [4ms]
2024-11-13 06:26:42.371 [info] > git ls-files --stage -- /home/adminuser/BankingMicroservice/hosts.ini [4ms]
2024-11-13 06:26:44.166 [info] > git show --textconv :pom.xml [4ms]
2024-11-13 06:26:44.168 [info] > git ls-files --stage -- /home/adminuser/BankingMicroservice/pom.xml [3ms]
2024-11-13 06:26:44.171 [info] > git cat-file -s 9212576510a7963268d6db1916c733f5c5a9bf3e [2ms]
2024-11-13 06:26:48.033 [info] > git show --textconv :pydev.py [5ms]
2024-11-13 06:26:48.036 [info] > git ls-files --stage -- /home/adminuser/BankingMicroservice/pydev.py [4ms]
2024-11-13 06:26:48.039 [info] > git cat-file -s 04fec50e2e6ab47a02dc0e922f7a732625fcfb93 [2ms]
2024-11-13 06:26:48.923 [info] > git show --textconv :pom.xml [7ms]
2024-11-13 06:26:48.926 [info] > git ls-files --stage -- /home/adminuser/BankingMicroservice/pom.xml [6ms]
2024-11-13 06:26:48.929 [info] > git cat-file -s 9212576510a7963268d6db1916c733f5c5a9bf3e [2ms]
2024-11-13 06:26:49.981 [info] > git show --textconv :install_java_apache.yml [4ms]
2024-11-13 06:26:49.983 [info] > git ls-files --stage -- /home/adminuser/BankingMicroservice/install_java_apache.yml [3ms]
2024-11-13 06:26:50.857 [info] > git show --textconv :install_docker.yml [4ms]
2024-11-13 06:26:50.860 [info] > git ls-files --stage -- /home/adminuser/BankingMicroservice/install_docker.yml [4ms]
2024-11-13 06:35:12.997 [info] > git config --get commit.template [4ms]
2024-11-13 06:35:12.999 [info] > git for-each-ref --format=%(refname)%00%(upstream:short)%00%(objectname)%00%(upstream:track)%00%(upstream:remotename)%00%(upstream:remoteref) refs/heads/main refs/remotes/main [2ms]
2024-11-13 06:35:13.005 [info] > git status -z -uall [4ms]
2024-11-13 06:35:13.008 [info] > git for-each-ref --sort -committerdate --format %(refname) %(objectname) %(*objectname) [3ms]
2024-11-13 06:35:38.796 [info] > git show --textconv :hosts.ini [4ms]
2024-11-13 06:35:38.799 [info] > git ls-files --stage -- /home/adminuser/BankingMicroservice/hosts.ini [4ms]
2024-11-13 06:35:44.494 [info] > git show --textconv :install_docker.yml [3ms]
2024-11-13 06:35:44.498 [info] > git ls-files --stage -- /home/adminuser/BankingMicroservice/install_docker.yml [4ms]
2024-11-13 06:35:49.948 [info] > git config --get commit.template [4ms]
2024-11-13 06:35:49.950 [info] > git for-each-ref --format=%(refname)%00%(upstream:short)%00%(objectname)%00%(upstream:track)%00%(upstream:remotename)%00%(upstream:remoteref) refs/heads/main refs/remotes/main [3ms]
2024-11-13 06:35:49.957 [info] > git status -z -uall [6ms]
2024-11-13 06:35:49.959 [info] > git for-each-ref --sort -committerdate --format %(refname) %(objectname) %(*objectname) [4ms]
2024-11-13 06:35:54.973 [info] > git config --get commit.template [7ms]
2024-11-13 06:35:54.989 [info] > git for-each-ref --format=%(refname)%00%(upstream:short)%00%(objectname)%00%(upstream:track)%00%(upstream:remotename)%00%(upstream:remoteref) refs/heads/main refs/remotes/main [17ms]
2024-11-13 06:35:55.007 [info] > git status -z -uall [11ms]
2024-11-13 06:35:55.009 [info] > git for-each-ref --sort -committerdate --format %(refname) %(objectname) %(*objectname) [8ms]
2024-11-13 06:38:48.016 [info] > git config --get commit.template [4ms]
2024-11-13 06:38:48.020 [info] > git for-each-ref --format=%(refname)%00%(upstream:short)%00%(objectname)%00%(upstream:track)%00%(upstream:remotename)%00%(upstream:remoteref) refs/heads/main refs/remotes/main [5ms]
2024-11-13 06:38:48.026 [info] > git status -z -uall [4ms]
2024-11-13 06:38:48.028 [info] > git for-each-ref --sort -committerdate --format %(refname) %(objectname) %(*objectname) [3ms]
2024-11-13 06:39:07.040 [info] > git show --textconv :install_java_apache.yml [4ms]
2024-11-13 06:39:07.042 [info] > git ls-files --stage -- /home/adminuser/BankingMicroservice/install_java_apache.yml [3ms]
2024-11-13 06:39:08.950 [info] > git show --textconv :hosts.ini [4ms]
2024-11-13 06:39:08.957 [info] > git ls-files --stage -- /home/adminuser/BankingMicroservice/hosts.ini [7ms]
2024-11-13 06:39:12.361 [info] > git show --textconv :install_docker.yml [6ms]
2024-11-13 06:39:12.363 [info] > git ls-files --stage -- /home/adminuser/BankingMicroservice/install_docker.yml [4ms]
2024-11-13 06:39:16.846 [info] > git show --textconv :hosts.ini [3ms]
2024-11-13 06:39:16.848 [info] > git ls-files --stage -- /home/adminuser/BankingMicroservice/hosts.ini [2ms]
2024-11-13 06:39:21.709 [info] > git show --textconv :install_docker.yml [5ms]
2024-11-13 06:39:21.712 [info] > git ls-files --stage -- /home/adminuser/BankingMicroservice/install_docker.yml [5ms]
2024-11-13 06:39:26.728 [info] > git config --get commit.template [3ms]
2024-11-13 06:39:26.731 [info] > git for-each-ref --format=%(refname)%00%(upstream:short)%00%(objectname)%00%(upstream:track)%00%(upstream:remotename)%00%(upstream:remoteref) refs/heads/main refs/remotes/main [3ms]
2024-11-13 06:39:26.740 [info] > git status -z -uall [8ms]
2024-11-13 06:39:26.741 [info] > git for-each-ref --sort -committerdate --format %(refname) %(objectname) %(*objectname) [5ms]
2024-11-13 06:41:01.919 [info] > git config --get commit.template [4ms]
2024-11-13 06:41:01.921 [info] > git for-each-ref --format=%(refname)%00%(upstream:short)%00%(objectname)%00%(upstream:track)%00%(upstream:remotename)%00%(upstream:remoteref) refs/heads/main refs/remotes/main [3ms]
2024-11-13 06:41:01.929 [info] > git status -z -uall [5ms]
2024-11-13 06:41:01.932 [info] > git for-each-ref --sort -committerdate --format %(refname) %(objectname) %(*objectname) [4ms]
2024-11-13 06:41:14.605 [info] > git show --textconv :hosts.ini [9ms]
2024-11-13 06:41:14.607 [info] > git ls-files --stage -- /home/adminuser/BankingMicroservice/hosts.ini [3ms]
2024-11-13 06:42:14.478 [info] > git show --textconv :install_docker.yml [4ms]
2024-11-13 06:42:14.482 [info] > git ls-files --stage -- /home/adminuser/BankingMicroservice/install_docker.yml [4ms]
2024-11-13 06:42:15.160 [info] > git config --get commit.template [4ms]
2024-11-13 06:42:15.162 [info] > git for-each-ref --format=%(refname)%00%(upstream:short)%00%(objectname)%00%(upstream:track)%00%(upstream:remotename)%00%(upstream:remoteref) refs/heads/main refs/remotes/main [2ms]
2024-11-13 06:42:15.170 [info] > git status -z -uall [5ms]
2024-11-13 06:42:15.172 [info] > git for-each-ref --sort -committerdate --format %(refname) %(objectname) %(*objectname) [3ms]
2024-11-13 06:44:47.004 [info] > git show --textconv :install_java_apache.yml [3ms]
2024-11-13 06:44:47.006 [info] > git ls-files --stage -- /home/adminuser/BankingMicroservice/install_java_apache.yml [2ms]
2024-11-13 06:44:51.879 [info] > git show --textconv :install_docker.yml [4ms]
2024-11-13 06:44:51.881 [info] > git ls-files --stage -- /home/adminuser/BankingMicroservice/install_docker.yml [3ms]
2024-11-13 06:44:52.862 [info] > git show --textconv :install_java_apache.yml [7ms]
2024-11-13 06:44:52.864 [info] > git ls-files --stage -- /home/adminuser/BankingMicroservice/install_java_apache.yml [4ms]
2024-11-13 06:48:21.834 [info] > git config --get commit.template [3ms]
2024-11-13 06:48:21.837 [info] > git for-each-ref --format=%(refname)%00%(upstream:short)%00%(objectname)%00%(upstream:track)%00%(upstream:remotename)%00%(upstream:remoteref) refs/heads/main refs/remotes/main [3ms]
2024-11-13 06:48:21.844 [info] > git status -z -uall [5ms]
2024-11-13 06:48:21.847 [info] > git for-each-ref --sort -committerdate --format %(refname) %(objectname) %(*objectname) [4ms]
2024-11-13 06:49:26.829 [info] > git show --textconv :install_docker.yml [7ms]
2024-11-13 06:49:26.832 [info] > git ls-files --stage -- /home/adminuser/BankingMicroservice/install_docker.yml [4ms]
2024-11-13 06:49:31.937 [info] > git config --get commit.template [4ms]
2024-11-13 06:49:31.940 [info] > git for-each-ref --format=%(refname)%00%(upstream:short)%00%(objectname)%00%(upstream:track)%00%(upstream:remotename)%00%(upstream:remoteref) refs/heads/main refs/remotes/main [3ms]
2024-11-13 06:49:31.949 [info] > git status -z -uall [5ms]
2024-11-13 06:49:31.952 [info] > git for-each-ref --sort -committerdate --format %(refname) %(objectname) %(*objectname) [4ms]
2024-11-13 06:49:49.311 [info] > git show --textconv :hosts.ini [3ms]
2024-11-13 06:49:49.314 [info] > git ls-files --stage -- /home/adminuser/BankingMicroservice/hosts.ini [4ms]
2024-11-13 06:49:53.124 [info] > git show --textconv :install_docker.yml [6ms]
2024-11-13 06:49:53.127 [info] > git ls-files --stage -- /home/adminuser/BankingMicroservice/install_docker.yml [4ms]
2024-11-13 06:49:56.831 [info] > git config --get commit.template [3ms]
2024-11-13 06:49:56.834 [info] > git for-each-ref --format=%(refname)%00%(upstream:short)%00%(objectname)%00%(upstream:track)%00%(upstream:remotename)%00%(upstream:remoteref) refs/heads/main refs/remotes/main [4ms]
2024-11-13 06:49:56.840 [info] > git status -z -uall [4ms]
2024-11-13 06:49:56.842 [info] > git for-each-ref --sort -committerdate --format %(refname) %(objectname) %(*objectname) [2ms]
2024-11-13 06:56:44.500 [info] > git show --textconv :hosts.ini [4ms]
2024-11-13 06:56:44.503 [info] > git ls-files --stage -- /home/adminuser/BankingMicroservice/hosts.ini [3ms]
2024-11-13 06:56:46.658 [info] > git show --textconv :install_docker.yml [4ms]
2024-11-13 06:56:46.660 [info] > git ls-files --stage -- /home/adminuser/BankingMicroservice/install_docker.yml [3ms]
2024-11-13 06:56:52.290 [info] > git config --get commit.template [6ms]
2024-11-13 06:56:52.293 [info] > git for-each-ref --format=%(refname)%00%(upstream:short)%00%(objectname)%00%(upstream:track)%00%(upstream:remotename)%00%(upstream:remoteref) refs/heads/main refs/remotes/main [5ms]
2024-11-13 06:56:52.298 [info] > git status -z -uall [4ms]
2024-11-13 06:56:52.302 [info] > git for-each-ref --sort -committerdate --format %(refname) %(objectname) %(*objectname) [4ms]
2024-11-13 06:59:13.762 [info] > git config --get commit.template [4ms]
2024-11-13 06:59:13.764 [info] > git for-each-ref --format=%(refname)%00%(upstream:short)%00%(objectname)%00%(upstream:track)%00%(upstream:remotename)%00%(upstream:remoteref) refs/heads/main refs/remotes/main [2ms]
2024-11-13 06:59:13.777 [info] > git status -z -uall [7ms]
2024-11-13 06:59:13.780 [info] > git for-each-ref --sort -committerdate --format %(refname) %(objectname) %(*objectname) [6ms]
2024-11-13 07:00:03.054 [info] > git config --get commit.template [5ms]
2024-11-13 07:00:03.057 [info] > git for-each-ref --format=%(refname)%00%(upstream:short)%00%(objectname)%00%(upstream:track)%00%(upstream:remotename)%00%(upstream:remoteref) refs/heads/main refs/remotes/main [3ms]
2024-11-13 07:00:03.066 [info] > git status -z -uall [7ms]
2024-11-13 07:00:03.068 [info] > git for-each-ref --sort -committerdate --format %(refname) %(objectname) %(*objectname) [5ms]
2024-11-13 07:00:56.417 [info] > git config --get commit.template [5ms]
2024-11-13 07:00:56.420 [info] > git for-each-ref --format=%(refname)%00%(upstream:short)%00%(objectname)%00%(upstream:track)%00%(upstream:remotename)%00%(upstream:remoteref) refs/heads/main refs/remotes/main [4ms]
2024-11-13 07:00:56.428 [info] > git status -z -uall [6ms]
2024-11-13 07:00:56.431 [info] > git for-each-ref --sort -committerdate --format %(refname) %(objectname) %(*objectname) [5ms]
2024-11-13 07:02:12.409 [info] > git config --get commit.template [4ms]
2024-11-13 07:02:12.411 [info] > git for-each-ref --format=%(refname)%00%(upstream:short)%00%(objectname)%00%(upstream:track)%00%(upstream:remotename)%00%(upstream:remoteref) refs/heads/main refs/remotes/main [2ms]
2024-11-13 07:02:12.418 [info] > git status -z -uall [5ms]
2024-11-13 07:02:12.420 [info] > git for-each-ref --sort -committerdate --format %(refname) %(objectname) %(*objectname) [3ms]
2024-11-13 07:04:07.222 [info] > git config --get commit.template [4ms]
2024-11-13 07:04:07.224 [info] > git for-each-ref --format=%(refname)%00%(upstream:short)%00%(objectname)%00%(upstream:track)%00%(upstream:remotename)%00%(upstream:remoteref) refs/heads/main refs/remotes/main [3ms]
2024-11-13 07:04:07.230 [info] > git status -z -uall [4ms]
2024-11-13 07:04:07.233 [info] > git for-each-ref --sort -committerdate --format %(refname) %(objectname) %(*objectname) [4ms]
