2024-11-11 19:01:59.877 [info] Extension host with pid 1576 started
2024-11-11 19:01:59.877 [error] Error: EEXIST: file already exists, open '/home/adminuser/.vscode-server/data/User/workspaceStorage/8234333daf90a659e4ba87e9a08aa9f7/vscode.lock'
2024-11-11 19:01:59.885 [info] Lock '/home/adminuser/.vscode-server/data/User/workspaceStorage/8234333daf90a659e4ba87e9a08aa9f7/vscode.lock': Could not acquire lock, checking if the file is stale.
2024-11-11 19:01:59.933 [info] Lock '/home/adminuser/.vscode-server/data/User/workspaceStorage/8234333daf90a659e4ba87e9a08aa9f7/vscode.lock': The pid 1528 appears to be gone.
2024-11-11 19:01:59.933 [info] Lock '/home/adminuser/.vscode-server/data/User/workspaceStorage/8234333daf90a659e4ba87e9a08aa9f7/vscode.lock': Deleting a stale lock.
2024-11-11 19:01:59.943 [info] Lock '/home/adminuser/.vscode-server/data/User/workspaceStorage/8234333daf90a659e4ba87e9a08aa9f7/vscode.lock': Lock acquired.
2024-11-11 19:02:00.837 [info] ExtensionService#_doActivateExtension vscode.git-base, startup: false, activationEvent: '*', root cause: vscode.git
2024-11-11 19:02:01.299 [info] ExtensionService#_doActivateExtension vscode.git, startup: false, activationEvent: '*'
2024-11-11 19:02:01.300 [info] ExtensionService#_doActivateExtension vscode.github, startup: false, activationEvent: '*'
2024-11-11 19:02:02.202 [info] Eager extensions activated
2024-11-11 19:02:02.203 [info] ExtensionService#_doActivateExtension vscode.debug-auto-launch, startup: false, activationEvent: 'onStartupFinished'
2024-11-11 19:02:02.203 [info] ExtensionService#_doActivateExtension vscode.merge-conflict, startup: false, activationEvent: 'onStartupFinished'
2024-11-11 19:03:01.487 [info] ExtensionService#_doActivateExtension vscode.npm, startup: false, activationEvent: 'onTerminalQuickFixRequest:ms-vscode.npm-command'
2024-11-11 19:03:08.518 [info] ExtensionService#_doActivateExtension vscode.configuration-editing, startup: false, activationEvent: 'onLanguage:json'
2024-11-11 19:03:08.518 [info] ExtensionService#_doActivateExtension vscode.extension-editing, startup: false, activationEvent: 'onLanguage:json'
2024-11-11 19:03:08.519 [info] ExtensionService#_doActivateExtension vscode.json-language-features, startup: false, activationEvent: 'onLanguage:json'
2024-11-11 19:03:08.520 [info] ExtensionService#_doActivateExtension vscode.emmet, startup: false, activationEvent: 'onLanguage'
2024-11-11 19:06:49.608 [info] ExtensionService#_doActivateExtension vscode.tunnel-forwarding, startup: false, activationEvent: 'onTunnel'
2024-11-11 20:11:44.023 [info] Extension host terminating: received terminate message from renderer
2024-11-11 20:11:44.023 [info] Lock '/home/adminuser/.vscode-server/data/User/workspaceStorage/8234333daf90a659e4ba87e9a08aa9f7/vscode.lock': Marking the lockfile as scheduled to be released in 6000 ms.
2024-11-11 20:11:44.078 [info] Extension host with pid 1576 exiting with code 0
