2024-11-13 21:08:41.809 [info] [main] Log level: Info
2024-11-13 21:08:41.809 [info] [main] Validating found git in: "git"
2024-11-13 21:08:41.809 [info] [main] Using git "2.43.5" from "git"
2024-11-13 21:08:41.809 [info] [Model][doInitialScan] Initial repository scan started
2024-11-13 21:08:41.809 [info] > git rev-parse --show-toplevel [22ms]
2024-11-13 21:08:41.809 [info] > git rev-parse --git-dir --git-common-dir [3ms]
2024-11-13 21:08:41.809 [info] [Model][openRepository] Opened repository: /home/adminuser/BankingMicroservice
2024-11-13 21:08:41.809 [info] > git config --get commit.template [5ms]
2024-11-13 21:08:41.809 [info] > git rev-parse --show-toplevel [8ms]
2024-11-13 21:08:41.809 [info] > git for-each-ref --format=%(refname)%00%(upstream:short)%00%(objectname)%00%(upstream:track)%00%(upstream:remotename)%00%(upstream:remoteref) refs/heads/main refs/remotes/main [7ms]
2024-11-13 21:08:41.809 [info] > git status -z -uall [8ms]
2024-11-13 21:08:41.809 [info] > git rev-parse --show-toplevel [15ms]
2024-11-13 21:08:41.809 [info] > git for-each-ref --sort -committerdate --format %(refname) %(objectname) %(*objectname) [8ms]
2024-11-13 21:08:41.809 [info] > git rev-parse --show-toplevel [24ms]
2024-11-13 21:08:41.809 [info] [Model][doInitialScan] Initial repository scan completed - repositories (1), closed repositories (0), parent repositories (0), unsafe repositories (0)
2024-11-13 21:08:41.809 [info] > git for-each-ref --format=%(refname)%00%(upstream:short)%00%(objectname)%00%(upstream:track)%00%(upstream:remotename)%00%(upstream:remoteref) refs/heads/main refs/remotes/main [13ms]
2024-11-13 21:08:41.809 [info] > git config --get commit.template [10ms]
2024-11-13 21:08:41.809 [info] > git config --local branch.main.vscode-merge-base [6ms]
2024-11-13 21:08:41.809 [info] > git for-each-ref --format=%(refname)%00%(upstream:short)%00%(objectname)%00%(upstream:track)%00%(upstream:remotename)%00%(upstream:remoteref) refs/heads/origin/main refs/remotes/origin/main [39ms]
2024-11-13 21:08:41.809 [info] > git for-each-ref --format=%(refname)%00%(upstream:short)%00%(objectname)%00%(upstream:track)%00%(upstream:remotename)%00%(upstream:remoteref) refs/heads/main refs/remotes/main [80ms]
2024-11-13 21:08:41.809 [info] > git merge-base refs/heads/main refs/remotes/origin/main [16ms]
2024-11-13 21:08:41.809 [info] > git status -z -uall [15ms]
2024-11-13 21:08:41.809 [info] > git for-each-ref --sort -committerdate --format %(refname) %(objectname) %(*objectname) [8ms]
2024-11-13 21:08:41.810 [info] > git diff --name-status -z --diff-filter=ADMR 794fe7d7a25e77d1e37fa53b366569615fbef2e6...refs/remotes/origin/main [18ms]
2024-11-13 21:08:41.812 [info] > git merge-base refs/heads/main refs/remotes/origin/main [6ms]
2024-11-13 21:08:41.821 [info] > git diff --name-status -z --diff-filter=ADMR 794fe7d7a25e77d1e37fa53b366569615fbef2e6...refs/remotes/origin/main [2ms]
2024-11-13 21:08:43.004 [info] > git show --textconv :docker-compose.yml [46ms]
2024-11-13 21:08:43.004 [info] > git ls-files --stage -- /home/adminuser/BankingMicroservice/docker-compose.yml [32ms]
2024-11-13 21:08:43.011 [info] > git check-ignore -v -z --stdin [8ms]
2024-11-13 21:08:43.015 [info] > git cat-file -s f8c8c03c74a5d1d4156a80c4cb4c60e5bef49b5b [5ms]
2024-11-13 22:00:48.910 [info] > git show --textconv :install_docker.yml [7ms]
2024-11-13 22:00:48.913 [info] > git ls-files --stage -- /home/adminuser/BankingMicroservice/install_docker.yml [4ms]
2024-11-13 22:00:48.919 [info] > git cat-file -s 41c903571ab09f6670f9787f6ab9878d2960ab2b [3ms]
2024-11-13 22:01:00.710 [info] > git show --textconv :install_java_apache.yml [6ms]
2024-11-13 22:01:00.714 [info] > git ls-files --stage -- /home/adminuser/BankingMicroservice/install_java_apache.yml [5ms]
2024-11-13 22:01:00.719 [info] > git cat-file -s 70b2630b336748fcb0dcaa2154364187f659ba25 [2ms]
2024-11-13 22:02:58.341 [info] > git config --get commit.template [6ms]
2024-11-13 22:02:58.344 [info] > git for-each-ref --format=%(refname)%00%(upstream:short)%00%(objectname)%00%(upstream:track)%00%(upstream:remotename)%00%(upstream:remoteref) refs/heads/main refs/remotes/main [4ms]
2024-11-13 22:02:58.356 [info] > git status -z -uall [9ms]
2024-11-13 22:02:58.358 [info] > git for-each-ref --sort -committerdate --format %(refname) %(objectname) %(*objectname) [4ms]
