2024-11-13 22:34:54.756 [info] [main] Log level: Info
2024-11-13 22:34:54.756 [info] [main] Validating found git in: "git"
2024-11-13 22:34:54.756 [info] [main] Using git "2.43.5" from "git"
2024-11-13 22:34:54.756 [info] [Model][doInitialScan] Initial repository scan started
2024-11-13 22:34:54.756 [info] > git rev-parse --show-toplevel [4ms]
2024-11-13 22:34:54.756 [info] > git rev-parse --git-dir --git-common-dir [3ms]
2024-11-13 22:34:54.756 [info] [Model][openRepository] Opened repository: /home/adminuser/BankingMicroservice
2024-11-13 22:34:54.756 [info] > git config --get commit.template [21ms]
2024-11-13 22:34:54.756 [info] > git rev-parse --show-toplevel [64ms]
2024-11-13 22:34:54.756 [info] > git rev-parse --show-toplevel [27ms]
2024-11-13 22:34:54.756 [info] > git for-each-ref --format=%(refname)%00%(upstream:short)%00%(objectname)%00%(upstream:track)%00%(upstream:remotename)%00%(upstream:remoteref) refs/heads/main refs/remotes/main [39ms]
2024-11-13 22:34:54.756 [info] > git rev-parse --show-toplevel [11ms]
2024-11-13 22:34:54.756 [info] [Model][doInitialScan] Initial repository scan completed - repositories (1), closed repositories (0), parent repositories (0), unsafe repositories (0)
2024-11-13 22:34:54.756 [info] > git status -z -uall [15ms]
2024-11-13 22:34:54.756 [info] > git for-each-ref --sort -committerdate --format %(refname) %(objectname) %(*objectname) [10ms]
2024-11-13 22:34:54.756 [info] > git for-each-ref --format=%(refname)%00%(upstream:short)%00%(objectname)%00%(upstream:track)%00%(upstream:remotename)%00%(upstream:remoteref) refs/heads/main refs/remotes/main [9ms]
2024-11-13 22:34:54.756 [info] > git config --get commit.template [5ms]
2024-11-13 22:34:54.756 [info] > git config --local branch.main.vscode-merge-base [5ms]
2024-11-13 22:34:54.756 [info] > git for-each-ref --format=%(refname)%00%(upstream:short)%00%(objectname)%00%(upstream:track)%00%(upstream:remotename)%00%(upstream:remoteref) refs/heads/main refs/remotes/main [6ms]
2024-11-13 22:34:54.756 [info] > git for-each-ref --format=%(refname)%00%(upstream:short)%00%(objectname)%00%(upstream:track)%00%(upstream:remotename)%00%(upstream:remoteref) refs/heads/origin/main refs/remotes/origin/main [10ms]
2024-11-13 22:34:54.756 [info] > git status -z -uall [30ms]
2024-11-13 22:34:54.756 [info] > git merge-base refs/heads/main refs/remotes/origin/main [19ms]
2024-11-13 22:34:54.756 [info] > git for-each-ref --sort -committerdate --format %(refname) %(objectname) %(*objectname) [28ms]
2024-11-13 22:34:54.756 [info] > git diff --name-status -z --diff-filter=ADMR 794fe7d7a25e77d1e37fa53b366569615fbef2e6...refs/remotes/origin/main [8ms]
2024-11-13 22:34:54.756 [info] > git merge-base refs/heads/main refs/remotes/origin/main [6ms]
2024-11-13 22:34:54.758 [info] > git diff --name-status -z --diff-filter=ADMR 794fe7d7a25e77d1e37fa53b366569615fbef2e6...refs/remotes/origin/main [5ms]
2024-11-13 22:34:55.750 [info] > git show --textconv :install_java_apache.yml [9ms]
2024-11-13 22:34:55.755 [info] > git ls-files --stage -- /home/adminuser/BankingMicroservice/install_java_apache.yml [9ms]
2024-11-13 22:34:55.844 [info] > git cat-file -s 70b2630b336748fcb0dcaa2154364187f659ba25 [86ms]
2024-11-13 22:34:56.409 [info] > git check-ignore -v -z --stdin [3ms]
2024-11-13 22:37:12.273 [info] > git show --textconv :docker-compose.yml [31ms]
2024-11-13 22:37:12.273 [info] > git ls-files --stage -- /home/adminuser/BankingMicroservice/docker-compose.yml [24ms]
2024-11-13 22:37:12.290 [info] > git cat-file -s f8c8c03c74a5d1d4156a80c4cb4c60e5bef49b5b [5ms]
2024-11-13 22:38:39.458 [info] > git show --textconv :Dockerfile [7ms]
2024-11-13 22:38:39.461 [info] > git ls-files --stage -- /home/adminuser/BankingMicroservice/Dockerfile [4ms]
2024-11-13 22:38:39.467 [info] > git cat-file -s d4d6d0cd8bf0b803e0c2db84a14741a92cb13da1 [3ms]
2024-11-13 22:40:50.567 [info] > git show --textconv :install_docker.yml [6ms]
2024-11-13 22:40:50.571 [info] > git ls-files --stage -- /home/adminuser/BankingMicroservice/install_docker.yml [5ms]
2024-11-13 22:40:50.576 [info] > git cat-file -s 41c903571ab09f6670f9787f6ab9878d2960ab2b [2ms]
2024-11-13 22:41:08.709 [info] > git show --textconv :install_java_apache.yml [7ms]
2024-11-13 22:41:08.712 [info] > git ls-files --stage -- /home/adminuser/BankingMicroservice/install_java_apache.yml [4ms]
2024-11-13 22:41:08.718 [info] > git cat-file -s 70b2630b336748fcb0dcaa2154364187f659ba25 [3ms]
2024-11-13 22:44:06.928 [info] > git show --textconv :install_docker.yml [6ms]
2024-11-13 22:44:06.931 [info] > git ls-files --stage -- /home/adminuser/BankingMicroservice/install_docker.yml [4ms]
2024-11-13 22:44:06.936 [info] > git cat-file -s 41c903571ab09f6670f9787f6ab9878d2960ab2b [3ms]
2024-11-13 22:46:40.367 [info] > git show --textconv :Dockerfile [6ms]
2024-11-13 22:46:40.371 [info] > git ls-files --stage -- /home/adminuser/BankingMicroservice/Dockerfile [5ms]
2024-11-13 22:46:40.376 [info] > git cat-file -s d4d6d0cd8bf0b803e0c2db84a14741a92cb13da1 [2ms]
2024-11-13 22:46:41.680 [info] > git show --textconv :install_java_apache.yml [6ms]
2024-11-13 22:46:41.683 [info] > git ls-files --stage -- /home/adminuser/BankingMicroservice/install_java_apache.yml [4ms]
2024-11-13 22:46:41.688 [info] > git cat-file -s 70b2630b336748fcb0dcaa2154364187f659ba25 [3ms]
2024-11-13 22:46:45.381 [info] > git show --textconv :docker-compose.yml [7ms]
2024-11-13 22:46:45.384 [info] > git ls-files --stage -- /home/adminuser/BankingMicroservice/docker-compose.yml [4ms]
2024-11-13 22:46:45.389 [info] > git cat-file -s f8c8c03c74a5d1d4156a80c4cb4c60e5bef49b5b [3ms]
2024-11-13 22:46:47.433 [info] > git show --textconv :install_docker.yml [8ms]
2024-11-13 22:46:47.436 [info] > git ls-files --stage -- /home/adminuser/BankingMicroservice/install_docker.yml [4ms]
2024-11-13 22:46:47.441 [info] > git cat-file -s 41c903571ab09f6670f9787f6ab9878d2960ab2b [2ms]
2024-11-13 22:49:14.693 [info] > git config --get commit.template [8ms]
2024-11-13 22:49:14.695 [info] > git for-each-ref --format=%(refname)%00%(upstream:short)%00%(objectname)%00%(upstream:track)%00%(upstream:remotename)%00%(upstream:remoteref) refs/heads/main refs/remotes/main [4ms]
2024-11-13 22:49:14.707 [info] > git status -z -uall [8ms]
2024-11-13 22:49:14.710 [info] > git for-each-ref --sort -committerdate --format %(refname) %(objectname) %(*objectname) [4ms]
2024-11-13 22:50:59.106 [info] > git config --get commit.template [6ms]
2024-11-13 22:50:59.109 [info] > git for-each-ref --format=%(refname)%00%(upstream:short)%00%(objectname)%00%(upstream:track)%00%(upstream:remotename)%00%(upstream:remoteref) refs/heads/main refs/remotes/main [4ms]
2024-11-13 22:50:59.121 [info] > git status -z -uall [9ms]
2024-11-13 22:50:59.123 [info] > git for-each-ref --sort -committerdate --format %(refname) %(objectname) %(*objectname) [4ms]
2024-11-13 22:53:30.345 [info] > git show --textconv :docker-compose.yml [6ms]
2024-11-13 22:53:30.351 [info] > git ls-files --stage -- /home/adminuser/BankingMicroservice/docker-compose.yml [5ms]
2024-11-13 22:53:30.358 [info] > git cat-file -s f8c8c03c74a5d1d4156a80c4cb4c60e5bef49b5b [2ms]
2024-11-13 22:53:53.603 [info] > git show --textconv :hosts.ini [6ms]
2024-11-13 22:53:53.605 [info] > git ls-files --stage -- /home/adminuser/BankingMicroservice/hosts.ini [3ms]
2024-11-13 22:53:53.612 [info] > git cat-file -s 3a8c4679a5065d6be12edacde727794ca2e7a191 [3ms]
2024-11-13 22:56:09.977 [info] > git show --textconv :install_docker.yml [7ms]
2024-11-13 22:56:09.980 [info] > git ls-files --stage -- /home/adminuser/BankingMicroservice/install_docker.yml [4ms]
2024-11-13 22:56:09.986 [info] > git cat-file -s 41c903571ab09f6670f9787f6ab9878d2960ab2b [3ms]
2024-11-13 22:56:13.978 [info] > git show --textconv :install_java_apache.yml [6ms]
2024-11-13 22:56:13.982 [info] > git ls-files --stage -- /home/adminuser/BankingMicroservice/install_java_apache.yml [5ms]
2024-11-13 22:56:13.987 [info] > git cat-file -s 70b2630b336748fcb0dcaa2154364187f659ba25 [2ms]
2024-11-13 22:57:56.790 [info] > git show --textconv :install_docker.yml [7ms]
2024-11-13 22:57:56.794 [info] > git ls-files --stage -- /home/adminuser/BankingMicroservice/install_docker.yml [5ms]
2024-11-13 22:57:56.799 [info] > git cat-file -s 41c903571ab09f6670f9787f6ab9878d2960ab2b [3ms]
2024-11-13 22:59:13.900 [info] > git config --get commit.template [7ms]
2024-11-13 22:59:13.903 [info] > git for-each-ref --format=%(refname)%00%(upstream:short)%00%(objectname)%00%(upstream:track)%00%(upstream:remotename)%00%(upstream:remoteref) refs/heads/main refs/remotes/main [4ms]
2024-11-13 22:59:13.920 [info] > git status -z -uall [13ms]
2024-11-13 22:59:13.922 [info] > git for-each-ref --sort -committerdate --format %(refname) %(objectname) %(*objectname) [8ms]
2024-11-13 22:59:17.081 [info] > git check-ignore -v -z --stdin [4ms]
2024-11-13 22:59:20.578 [info] > git show --textconv :src/main/java/App.java [7ms]
2024-11-13 22:59:20.581 [info] > git ls-files --stage -- /home/adminuser/BankingMicroservice/src/main/java/App.java [4ms]
2024-11-13 22:59:20.587 [info] > git cat-file -s 1fead4d236d8ed5d206b472f8ba6d08723f38819 [3ms]
2024-11-13 22:59:58.649 [info] > git show --textconv :pydev.py [6ms]
2024-11-13 22:59:58.652 [info] > git ls-files --stage -- /home/adminuser/BankingMicroservice/pydev.py [4ms]
2024-11-13 22:59:58.657 [info] > git cat-file -s 04fec50e2e6ab47a02dc0e922f7a732625fcfb93 [3ms]
2024-11-13 23:00:00.250 [info] > git show --textconv :README.md [9ms]
2024-11-13 23:00:00.258 [info] > git ls-files --stage -- /home/adminuser/BankingMicroservice/README.md [9ms]
2024-11-13 23:00:00.266 [info] > git cat-file -s 8fe2418c774a69fcbb0496c6aad2d9b06c6a38e9 [6ms]
2024-11-13 23:21:30.591 [info] > git show --textconv :install_java_apache.yml [6ms]
2024-11-13 23:21:30.594 [info] > git ls-files --stage -- /home/adminuser/BankingMicroservice/install_java_apache.yml [4ms]
2024-11-13 23:21:30.598 [info] > git cat-file -s 70b2630b336748fcb0dcaa2154364187f659ba25 [2ms]
2024-11-13 23:21:33.303 [info] > git show --textconv :README.md [7ms]
2024-11-13 23:21:33.306 [info] > git ls-files --stage -- /home/adminuser/BankingMicroservice/README.md [4ms]
2024-11-13 23:21:33.311 [info] > git cat-file -s 8fe2418c774a69fcbb0496c6aad2d9b06c6a38e9 [2ms]
2024-11-13 23:28:47.273 [info] > git show --textconv :Dockerfile [5ms]
2024-11-13 23:28:47.276 [info] > git ls-files --stage -- /home/adminuser/BankingMicroservice/Dockerfile [4ms]
2024-11-13 23:28:47.281 [info] > git cat-file -s d4d6d0cd8bf0b803e0c2db84a14741a92cb13da1 [3ms]
2024-11-13 23:29:38.471 [info] > git show --textconv :docker-compose.yml [7ms]
2024-11-13 23:29:38.474 [info] > git ls-files --stage -- /home/adminuser/BankingMicroservice/docker-compose.yml [4ms]
2024-11-13 23:29:38.478 [info] > git cat-file -s f8c8c03c74a5d1d4156a80c4cb4c60e5bef49b5b [2ms]
2024-11-13 23:42:25.772 [info] > git check-ignore -v -z --stdin [3ms]
