2024-11-13 12:04:49.770 [info] [main] Log level: Info
2024-11-13 12:04:49.770 [info] [main] Validating found git in: "git"
2024-11-13 12:04:49.770 [info] [main] Using git "2.43.5" from "git"
2024-11-13 12:04:49.770 [info] [Model][doInitialScan] Initial repository scan started
2024-11-13 12:04:49.770 [info] > git rev-parse --show-toplevel [5ms]
2024-11-13 12:04:49.770 [info] > git rev-parse --git-dir --git-common-dir [2ms]
2024-11-13 12:04:49.770 [info] [Model][openRepository] Opened repository: /home/adminuser/BankingMicroservice
2024-11-13 12:04:49.770 [info] > git config --get commit.template [12ms]
2024-11-13 12:04:49.770 [info] > git rev-parse --show-toplevel [14ms]
2024-11-13 12:04:49.770 [info] > git for-each-ref --format=%(refname)%00%(upstream:short)%00%(objectname)%00%(upstream:track)%00%(upstream:remotename)%00%(upstream:remoteref) refs/heads/main refs/remotes/main [5ms]
2024-11-13 12:04:49.770 [info] > git status -z -uall [5ms]
2024-11-13 12:04:49.770 [info] > git rev-parse --show-toplevel [12ms]
2024-11-13 12:04:49.770 [info] > git for-each-ref --sort -committerdate --format %(refname) %(objectname) %(*objectname) [6ms]
2024-11-13 12:04:49.770 [info] > git rev-parse --show-toplevel [19ms]
2024-11-13 12:04:49.770 [info] [Model][doInitialScan] Initial repository scan completed - repositories (1), closed repositories (0), parent repositories (0), unsafe repositories (0)
2024-11-13 12:04:49.770 [info] > git config --get commit.template [7ms]
2024-11-13 12:04:49.770 [info] > git for-each-ref --format=%(refname)%00%(upstream:short)%00%(objectname)%00%(upstream:track)%00%(upstream:remotename)%00%(upstream:remoteref) refs/heads/main refs/remotes/main [13ms]
2024-11-13 12:04:49.770 [info] > git config --local branch.main.vscode-merge-base [4ms]
2024-11-13 12:04:49.770 [info] > git for-each-ref --format=%(refname)%00%(upstream:short)%00%(objectname)%00%(upstream:track)%00%(upstream:remotename)%00%(upstream:remoteref) refs/heads/main refs/remotes/main [4ms]
2024-11-13 12:04:49.770 [info] > git status -z -uall [4ms]
2024-11-13 12:04:49.770 [info] > git for-each-ref --format=%(refname)%00%(upstream:short)%00%(objectname)%00%(upstream:track)%00%(upstream:remotename)%00%(upstream:remoteref) refs/heads/origin/main refs/remotes/origin/main [9ms]
2024-11-13 12:04:49.770 [info] > git merge-base refs/heads/main refs/remotes/origin/main [18ms]
2024-11-13 12:04:49.770 [info] > git for-each-ref --sort -committerdate --format %(refname) %(objectname) %(*objectname) [26ms]
2024-11-13 12:04:49.770 [info] > git diff --name-status -z --diff-filter=ADMR 794fe7d7a25e77d1e37fa53b366569615fbef2e6...refs/remotes/origin/main [7ms]
2024-11-13 12:04:49.770 [info] > git merge-base refs/heads/main refs/remotes/origin/main [4ms]
2024-11-13 12:04:49.770 [info] > git diff --name-status -z --diff-filter=ADMR 794fe7d7a25e77d1e37fa53b366569615fbef2e6...refs/remotes/origin/main [3ms]
2024-11-13 12:04:50.767 [info] > git check-ignore -v -z --stdin [3ms]
2024-11-13 12:06:17.785 [info] > git show --textconv :install_docker.yml [6ms]
2024-11-13 12:06:17.789 [info] > git ls-files --stage -- /home/adminuser/BankingMicroservice/install_docker.yml [5ms]
2024-11-13 12:06:28.245 [info] > git config --get commit.template [6ms]
2024-11-13 12:06:28.248 [info] > git for-each-ref --format=%(refname)%00%(upstream:short)%00%(objectname)%00%(upstream:track)%00%(upstream:remotename)%00%(upstream:remoteref) refs/heads/main refs/remotes/main [6ms]
2024-11-13 12:06:28.258 [info] > git status -z -uall [8ms]
2024-11-13 12:06:28.264 [info] > git for-each-ref --sort -committerdate --format %(refname) %(objectname) %(*objectname) [8ms]
2024-11-13 12:07:03.773 [info] > git show --textconv :hosts.ini [10ms]
2024-11-13 12:07:03.778 [info] > git ls-files --stage -- /home/adminuser/BankingMicroservice/hosts.ini [7ms]
2024-11-13 12:07:08.561 [info] > git show --textconv :install_docker.yml [5ms]
2024-11-13 12:07:08.564 [info] > git ls-files --stage -- /home/adminuser/BankingMicroservice/install_docker.yml [4ms]
2024-11-13 12:07:15.609 [info] > git show --textconv :hosts.ini [6ms]
2024-11-13 12:07:15.611 [info] > git ls-files --stage -- /home/adminuser/BankingMicroservice/hosts.ini [3ms]
2024-11-13 12:07:18.028 [info] > git show --textconv :install_docker.yml [5ms]
2024-11-13 12:07:18.031 [info] > git ls-files --stage -- /home/adminuser/BankingMicroservice/install_docker.yml [3ms]
2024-11-13 12:07:26.012 [info] > git show --textconv :hosts.ini [6ms]
2024-11-13 12:07:26.015 [info] > git ls-files --stage -- /home/adminuser/BankingMicroservice/hosts.ini [4ms]
2024-11-13 12:07:26.912 [info] > git show --textconv :install_docker.yml [5ms]
2024-11-13 12:07:26.915 [info] > git ls-files --stage -- /home/adminuser/BankingMicroservice/install_docker.yml [4ms]
2024-11-13 12:07:29.548 [info] > git config --get commit.template [6ms]
2024-11-13 12:07:29.550 [info] > git for-each-ref --format=%(refname)%00%(upstream:short)%00%(objectname)%00%(upstream:track)%00%(upstream:remotename)%00%(upstream:remoteref) refs/heads/main refs/remotes/main [3ms]
2024-11-13 12:07:29.559 [info] > git status -z -uall [7ms]
2024-11-13 12:07:29.563 [info] > git for-each-ref --sort -committerdate --format %(refname) %(objectname) %(*objectname) [4ms]
2024-11-13 12:09:22.832 [info] > git config --get commit.template [5ms]
2024-11-13 12:09:22.838 [info] > git for-each-ref --format=%(refname)%00%(upstream:short)%00%(objectname)%00%(upstream:track)%00%(upstream:remotename)%00%(upstream:remoteref) refs/heads/main refs/remotes/main [7ms]
2024-11-13 12:09:22.848 [info] > git status -z -uall [7ms]
2024-11-13 12:09:22.850 [info] > git for-each-ref --sort -committerdate --format %(refname) %(objectname) %(*objectname) [5ms]
2024-11-13 12:14:19.879 [info] > git show --textconv :hosts.ini [6ms]
2024-11-13 12:14:19.883 [info] > git ls-files --stage -- /home/adminuser/BankingMicroservice/hosts.ini [4ms]
2024-11-13 12:14:20.816 [info] > git show --textconv :install_docker.yml [6ms]
2024-11-13 12:14:20.820 [info] > git ls-files --stage -- /home/adminuser/BankingMicroservice/install_docker.yml [5ms]
2024-11-13 12:20:30.615 [info] > git check-ignore -v -z --stdin [3ms]
2024-11-13 12:20:32.337 [info] > git check-ignore -v -z --stdin [4ms]
2024-11-13 12:20:33.636 [info] > git show --textconv :hosts.ini [5ms]
2024-11-13 12:20:33.640 [info] > git ls-files --stage -- /home/adminuser/BankingMicroservice/hosts.ini [4ms]
2024-11-13 12:23:32.714 [info] > git show --textconv :install_docker.yml [8ms]
2024-11-13 12:23:32.716 [info] > git ls-files --stage -- /home/adminuser/BankingMicroservice/install_docker.yml [3ms]
2024-11-13 12:23:38.250 [info] > git config --get commit.template [5ms]
2024-11-13 12:23:38.253 [info] > git for-each-ref --format=%(refname)%00%(upstream:short)%00%(objectname)%00%(upstream:track)%00%(upstream:remotename)%00%(upstream:remoteref) refs/heads/main refs/remotes/main [4ms]
2024-11-13 12:23:38.261 [info] > git status -z -uall [6ms]
2024-11-13 12:23:38.263 [info] > git for-each-ref --sort -committerdate --format %(refname) %(objectname) %(*objectname) [4ms]
2024-11-13 12:33:00.663 [info] > git config --get commit.template [5ms]
2024-11-13 12:33:00.665 [info] > git for-each-ref --format=%(refname)%00%(upstream:short)%00%(objectname)%00%(upstream:track)%00%(upstream:remotename)%00%(upstream:remoteref) refs/heads/main refs/remotes/main [3ms]
2024-11-13 12:33:00.674 [info] > git status -z -uall [6ms]
2024-11-13 12:33:00.678 [info] > git for-each-ref --sort -committerdate --format %(refname) %(objectname) %(*objectname) [5ms]
2024-11-13 12:36:13.416 [info] > git show --textconv :hosts.ini [6ms]
2024-11-13 12:36:13.419 [info] > git ls-files --stage -- /home/adminuser/BankingMicroservice/hosts.ini [4ms]
2024-11-13 12:36:16.958 [info] > git show --textconv :install_docker.yml [6ms]
2024-11-13 12:36:16.961 [info] > git ls-files --stage -- /home/adminuser/BankingMicroservice/install_docker.yml [4ms]
2024-11-13 12:36:24.819 [info] > git show --textconv :hosts.ini [6ms]
2024-11-13 12:36:24.822 [info] > git ls-files --stage -- /home/adminuser/BankingMicroservice/hosts.ini [4ms]
2024-11-13 12:36:27.580 [info] > git show --textconv :install_docker.yml [4ms]
2024-11-13 12:36:27.583 [info] > git ls-files --stage -- /home/adminuser/BankingMicroservice/install_docker.yml [2ms]
2024-11-13 12:36:31.764 [info] > git config --get commit.template [6ms]
2024-11-13 12:36:31.766 [info] > git for-each-ref --format=%(refname)%00%(upstream:short)%00%(objectname)%00%(upstream:track)%00%(upstream:remotename)%00%(upstream:remoteref) refs/heads/main refs/remotes/main [3ms]
2024-11-13 12:36:31.772 [info] > git status -z -uall [4ms]
2024-11-13 12:36:31.775 [info] > git for-each-ref --sort -committerdate --format %(refname) %(objectname) %(*objectname) [3ms]
2024-11-13 12:41:41.102 [info] > git config --get commit.template [4ms]
2024-11-13 12:41:41.104 [info] > git for-each-ref --format=%(refname)%00%(upstream:short)%00%(objectname)%00%(upstream:track)%00%(upstream:remotename)%00%(upstream:remoteref) refs/heads/main refs/remotes/main [2ms]
2024-11-13 12:41:41.113 [info] > git status -z -uall [6ms]
2024-11-13 12:41:41.115 [info] > git for-each-ref --sort -committerdate --format %(refname) %(objectname) %(*objectname) [4ms]
2024-11-13 12:53:24.247 [info] > git config --get commit.template [8ms]
2024-11-13 12:53:24.250 [info] > git for-each-ref --format=%(refname)%00%(upstream:short)%00%(objectname)%00%(upstream:track)%00%(upstream:remotename)%00%(upstream:remoteref) refs/heads/main refs/remotes/main [6ms]
2024-11-13 12:53:24.260 [info] > git status -z -uall [7ms]
2024-11-13 12:53:24.264 [info] > git for-each-ref --sort -committerdate --format %(refname) %(objectname) %(*objectname) [5ms]
2024-11-13 13:09:11.200 [info] > git config --get commit.template [4ms]
2024-11-13 13:09:11.203 [info] > git for-each-ref --format=%(refname)%00%(upstream:short)%00%(objectname)%00%(upstream:track)%00%(upstream:remotename)%00%(upstream:remoteref) refs/heads/main refs/remotes/main [3ms]
2024-11-13 13:09:11.211 [info] > git status -z -uall [6ms]
2024-11-13 13:09:11.214 [info] > git for-each-ref --sort -committerdate --format %(refname) %(objectname) %(*objectname) [4ms]
2024-11-13 13:23:53.405 [info] > git config --get commit.template [7ms]
2024-11-13 13:23:53.407 [info] > git for-each-ref --format=%(refname)%00%(upstream:short)%00%(objectname)%00%(upstream:track)%00%(upstream:remotename)%00%(upstream:remoteref) refs/heads/main refs/remotes/main [4ms]
2024-11-13 13:23:53.431 [info] > git status -z -uall [12ms]
2024-11-13 13:23:53.432 [info] > git for-each-ref --sort -committerdate --format %(refname) %(objectname) %(*objectname) [7ms]
2024-11-13 13:29:25.544 [info] > git config --get commit.template [7ms]
2024-11-13 13:29:25.547 [info] > git for-each-ref --format=%(refname)%00%(upstream:short)%00%(objectname)%00%(upstream:track)%00%(upstream:remotename)%00%(upstream:remoteref) refs/heads/main refs/remotes/main [4ms]
2024-11-13 13:29:25.555 [info] > git status -z -uall [6ms]
2024-11-13 13:29:25.558 [info] > git for-each-ref --sort -committerdate --format %(refname) %(objectname) %(*objectname) [4ms]
2024-11-13 13:48:07.803 [info] > git show --textconv :hosts.ini [7ms]
2024-11-13 13:48:07.807 [info] > git ls-files --stage -- /home/adminuser/BankingMicroservice/hosts.ini [5ms]
2024-11-13 13:48:11.433 [info] > git show --textconv :install_docker.yml [6ms]
2024-11-13 13:48:11.436 [info] > git ls-files --stage -- /home/adminuser/BankingMicroservice/install_docker.yml [5ms]
2024-11-13 13:48:20.687 [info] > git config --get commit.template [6ms]
2024-11-13 13:48:20.690 [info] > git for-each-ref --format=%(refname)%00%(upstream:short)%00%(objectname)%00%(upstream:track)%00%(upstream:remotename)%00%(upstream:remoteref) refs/heads/main refs/remotes/main [4ms]
2024-11-13 13:48:20.698 [info] > git status -z -uall [5ms]
2024-11-13 13:48:20.701 [info] > git for-each-ref --sort -committerdate --format %(refname) %(objectname) %(*objectname) [4ms]
2024-11-13 13:49:54.761 [info] > git config --get commit.template [6ms]
2024-11-13 13:49:54.766 [info] > git for-each-ref --format=%(refname)%00%(upstream:short)%00%(objectname)%00%(upstream:track)%00%(upstream:remotename)%00%(upstream:remoteref) refs/heads/main refs/remotes/main [6ms]
2024-11-13 13:49:54.774 [info] > git status -z -uall [6ms]
2024-11-13 13:49:54.777 [info] > git for-each-ref --sort -committerdate --format %(refname) %(objectname) %(*objectname) [4ms]
2024-11-13 13:55:38.035 [info] > git check-ignore -v -z --stdin [4ms]
2024-11-13 13:55:38.064 [info] > git config --get commit.template [7ms]
2024-11-13 13:55:38.066 [info] > git for-each-ref --format=%(refname)%00%(upstream:short)%00%(objectname)%00%(upstream:track)%00%(upstream:remotename)%00%(upstream:remoteref) refs/heads/main refs/remotes/main [3ms]
2024-11-13 13:55:38.075 [info] > git status -z -uall [6ms]
2024-11-13 13:55:38.078 [info] > git for-each-ref --sort -committerdate --format %(refname) %(objectname) %(*objectname) [3ms]
2024-11-13 13:55:38.389 [info] > git show --textconv :docker-compose.yml [26ms]
2024-11-13 13:55:38.389 [info] > git ls-files --stage -- /home/adminuser/BankingMicroservice/docker-compose.yml [21ms]
2024-11-13 13:56:38.337 [info] > git show --textconv :install_docker.yml [6ms]
2024-11-13 13:56:38.340 [info] > git ls-files --stage -- /home/adminuser/BankingMicroservice/install_docker.yml [4ms]
2024-11-13 13:59:59.818 [info] > git config --get commit.template [5ms]
2024-11-13 13:59:59.821 [info] > git for-each-ref --format=%(refname)%00%(upstream:short)%00%(objectname)%00%(upstream:track)%00%(upstream:remotename)%00%(upstream:remoteref) refs/heads/main refs/remotes/main [3ms]
2024-11-13 13:59:59.835 [info] > git status -z -uall [7ms]
2024-11-13 13:59:59.838 [info] > git for-each-ref --sort -committerdate --format %(refname) %(objectname) %(*objectname) [3ms]
2024-11-13 14:03:25.808 [info] > git show --textconv :docker-compose.yml [7ms]
2024-11-13 14:03:25.810 [info] > git ls-files --stage -- /home/adminuser/BankingMicroservice/docker-compose.yml [3ms]
2024-11-13 14:04:12.431 [info] > git config --get commit.template [6ms]
2024-11-13 14:04:12.477 [info] > git for-each-ref --format=%(refname)%00%(upstream:short)%00%(objectname)%00%(upstream:track)%00%(upstream:remotename)%00%(upstream:remoteref) refs/heads/main refs/remotes/main [46ms]
2024-11-13 14:04:12.489 [info] > git status -z -uall [9ms]
2024-11-13 14:04:12.493 [info] > git for-each-ref --sort -committerdate --format %(refname) %(objectname) %(*objectname) [6ms]
2024-11-13 14:05:09.466 [info] > git show --textconv :docker-compose.yml [5ms]
2024-11-13 14:05:09.470 [info] > git ls-files --stage -- /home/adminuser/BankingMicroservice/docker-compose.yml [5ms]
2024-11-13 14:07:52.845 [info] > git config --get commit.template [5ms]
2024-11-13 14:07:52.848 [info] > git for-each-ref --format=%(refname)%00%(upstream:short)%00%(objectname)%00%(upstream:track)%00%(upstream:remotename)%00%(upstream:remoteref) refs/heads/main refs/remotes/main [4ms]
2024-11-13 14:07:52.856 [info] > git status -z -uall [5ms]
2024-11-13 14:07:52.859 [info] > git for-each-ref --sort -committerdate --format %(refname) %(objectname) %(*objectname) [3ms]
2024-11-13 14:08:00.795 [info] > git config --get commit.template [6ms]
2024-11-13 14:08:00.800 [info] > git for-each-ref --format=%(refname)%00%(upstream:short)%00%(objectname)%00%(upstream:track)%00%(upstream:remotename)%00%(upstream:remoteref) refs/heads/main refs/remotes/main [6ms]
2024-11-13 14:08:00.809 [info] > git status -z -uall [6ms]
2024-11-13 14:08:00.812 [info] > git for-each-ref --sort -committerdate --format %(refname) %(objectname) %(*objectname) [4ms]
2024-11-13 14:08:40.673 [info] > git config --get commit.template [15ms]
2024-11-13 14:08:40.683 [info] > git for-each-ref --format=%(refname)%00%(upstream:short)%00%(objectname)%00%(upstream:track)%00%(upstream:remotename)%00%(upstream:remoteref) refs/heads/main refs/remotes/main [9ms]
2024-11-13 14:08:40.697 [info] > git status -z -uall [8ms]
2024-11-13 14:08:40.702 [info] > git for-each-ref --sort -committerdate --format %(refname) %(objectname) %(*objectname) [7ms]
2024-11-13 14:08:45.717 [info] > git config --get commit.template [6ms]
2024-11-13 14:08:45.720 [info] > git for-each-ref --format=%(refname)%00%(upstream:short)%00%(objectname)%00%(upstream:track)%00%(upstream:remotename)%00%(upstream:remoteref) refs/heads/main refs/remotes/main [3ms]
2024-11-13 14:08:45.728 [info] > git status -z -uall [5ms]
2024-11-13 14:08:45.731 [info] > git for-each-ref --sort -committerdate --format %(refname) %(objectname) %(*objectname) [3ms]
2024-11-13 14:13:41.128 [info] > git config --get commit.template [5ms]
2024-11-13 14:13:41.131 [info] > git for-each-ref --format=%(refname)%00%(upstream:short)%00%(objectname)%00%(upstream:track)%00%(upstream:remotename)%00%(upstream:remoteref) refs/heads/main refs/remotes/main [3ms]
2024-11-13 14:13:41.141 [info] > git status -z -uall [6ms]
2024-11-13 14:13:41.144 [info] > git for-each-ref --sort -committerdate --format %(refname) %(objectname) %(*objectname) [3ms]
2024-11-13 14:14:47.902 [info] > git config --get commit.template [7ms]
2024-11-13 14:14:47.906 [info] > git for-each-ref --format=%(refname)%00%(upstream:short)%00%(objectname)%00%(upstream:track)%00%(upstream:remotename)%00%(upstream:remoteref) refs/heads/main refs/remotes/main [4ms]
2024-11-13 14:14:47.915 [info] > git status -z -uall [7ms]
2024-11-13 14:14:47.918 [info] > git for-each-ref --sort -committerdate --format %(refname) %(objectname) %(*objectname) [4ms]
2024-11-13 14:16:51.507 [info] > git config --get commit.template [5ms]
2024-11-13 14:16:51.509 [info] > git for-each-ref --format=%(refname)%00%(upstream:short)%00%(objectname)%00%(upstream:track)%00%(upstream:remotename)%00%(upstream:remoteref) refs/heads/main refs/remotes/main [3ms]
2024-11-13 14:16:51.518 [info] > git status -z -uall [6ms]
2024-11-13 14:16:51.522 [info] > git for-each-ref --sort -committerdate --format %(refname) %(objectname) %(*objectname) [5ms]
2024-11-13 14:16:56.535 [info] > git config --get commit.template [6ms]
2024-11-13 14:16:56.537 [info] > git for-each-ref --format=%(refname)%00%(upstream:short)%00%(objectname)%00%(upstream:track)%00%(upstream:remotename)%00%(upstream:remoteref) refs/heads/main refs/remotes/main [4ms]
2024-11-13 14:16:56.545 [info] > git status -z -uall [5ms]
2024-11-13 14:16:56.547 [info] > git for-each-ref --sort -committerdate --format %(refname) %(objectname) %(*objectname) [3ms]
2024-11-13 14:22:59.262 [info] > git config --get commit.template [4ms]
2024-11-13 14:22:59.264 [info] > git for-each-ref --format=%(refname)%00%(upstream:short)%00%(objectname)%00%(upstream:track)%00%(upstream:remotename)%00%(upstream:remoteref) refs/heads/main refs/remotes/main [3ms]
2024-11-13 14:22:59.271 [info] > git status -z -uall [5ms]
2024-11-13 14:22:59.273 [info] > git for-each-ref --sort -committerdate --format %(refname) %(objectname) %(*objectname) [3ms]
2024-11-13 14:29:26.937 [info] > git show --textconv :docker-compose.yml [5ms]
2024-11-13 14:29:26.940 [info] > git ls-files --stage -- /home/adminuser/BankingMicroservice/docker-compose.yml [3ms]
2024-11-13 14:29:31.112 [info] > git config --get commit.template [6ms]
2024-11-13 14:29:31.114 [info] > git for-each-ref --format=%(refname)%00%(upstream:short)%00%(objectname)%00%(upstream:track)%00%(upstream:remotename)%00%(upstream:remoteref) refs/heads/main refs/remotes/main [2ms]
2024-11-13 14:29:31.123 [info] > git status -z -uall [6ms]
2024-11-13 14:29:31.126 [info] > git for-each-ref --sort -committerdate --format %(refname) %(objectname) %(*objectname) [3ms]
2024-11-13 14:30:09.354 [info] > git config --get commit.template [4ms]
2024-11-13 14:30:09.357 [info] > git for-each-ref --format=%(refname)%00%(upstream:short)%00%(objectname)%00%(upstream:track)%00%(upstream:remotename)%00%(upstream:remoteref) refs/heads/main refs/remotes/main [3ms]
2024-11-13 14:30:09.365 [info] > git status -z -uall [6ms]
2024-11-13 14:30:09.368 [info] > git for-each-ref --sort -committerdate --format %(refname) %(objectname) %(*objectname) [4ms]
2024-11-13 14:36:18.118 [info] > git check-ignore -v -z --stdin [2ms]
2024-11-13 14:36:20.422 [info] > git check-ignore -v -z --stdin [3ms]
2024-11-13 14:36:21.462 [info] > git check-ignore -v -z --stdin [4ms]
2024-11-13 14:36:21.685 [info] > git show --textconv :src/main/java/com/bank/App.java [6ms]
2024-11-13 14:36:21.689 [info] > git ls-files --stage -- /home/adminuser/BankingMicroservice/src/main/java/com/bank/App.java [5ms]
2024-11-13 14:36:21.698 [info] > git cat-file -s 16c144f451bd113feeaa19f82e63dee1d10a118f [2ms]
2024-11-13 14:36:28.591 [info] > git check-ignore -v -z --stdin [3ms]
2024-11-13 14:36:29.625 [info] > git check-ignore -v -z --stdin [5ms]
2024-11-13 14:36:29.860 [info] > git show --textconv :src/test/java/com/bank/AppTest.java [7ms]
2024-11-13 14:36:29.862 [info] > git ls-files --stage -- /home/adminuser/BankingMicroservice/src/test/java/com/bank/AppTest.java [3ms]
2024-11-13 14:36:29.867 [info] > git cat-file -s f3d15f22f540463b390c2ad485c69b69cbbfa9de [2ms]
2024-11-13 14:36:57.715 [info] > git show --textconv :install_docker.yml [6ms]
2024-11-13 14:36:57.718 [info] > git ls-files --stage -- /home/adminuser/BankingMicroservice/install_docker.yml [4ms]
2024-11-13 14:37:17.637 [info] > git config --get commit.template [6ms]
2024-11-13 14:37:17.639 [info] > git for-each-ref --format=%(refname)%00%(upstream:short)%00%(objectname)%00%(upstream:track)%00%(upstream:remotename)%00%(upstream:remoteref) refs/heads/main refs/remotes/main [3ms]
2024-11-13 14:37:17.646 [info] > git status -z -uall [5ms]
2024-11-13 14:37:17.649 [info] > git for-each-ref --sort -committerdate --format %(refname) %(objectname) %(*objectname) [2ms]
2024-11-13 14:39:59.003 [info] > git show --textconv :docker-compose.yml [9ms]
2024-11-13 14:39:59.006 [info] > git ls-files --stage -- /home/adminuser/BankingMicroservice/docker-compose.yml [5ms]
2024-11-13 14:40:06.639 [info] > git config --get commit.template [10ms]
2024-11-13 14:40:06.642 [info] > git for-each-ref --format=%(refname)%00%(upstream:short)%00%(objectname)%00%(upstream:track)%00%(upstream:remotename)%00%(upstream:remoteref) refs/heads/main refs/remotes/main [4ms]
2024-11-13 14:40:06.652 [info] > git status -z -uall [6ms]
2024-11-13 14:40:06.655 [info] > git for-each-ref --sort -committerdate --format %(refname) %(objectname) %(*objectname) [3ms]
2024-11-13 14:40:39.781 [info] > git show --textconv :install_docker.yml [5ms]
2024-11-13 14:40:39.785 [info] > git ls-files --stage -- /home/adminuser/BankingMicroservice/install_docker.yml [4ms]
2024-11-13 14:40:44.526 [info] > git show --textconv :src/test/java/com/bank/AppTest.java [9ms]
2024-11-13 14:40:44.529 [info] > git ls-files --stage -- /home/adminuser/BankingMicroservice/src/test/java/com/bank/AppTest.java [4ms]
2024-11-13 14:40:44.534 [info] > git cat-file -s f3d15f22f540463b390c2ad485c69b69cbbfa9de [2ms]
2024-11-13 14:40:49.796 [info] > git show --textconv :src/main/java/com/bank/App.java [6ms]
2024-11-13 14:40:49.799 [info] > git ls-files --stage -- /home/adminuser/BankingMicroservice/src/main/java/com/bank/App.java [3ms]
2024-11-13 14:40:49.803 [info] > git cat-file -s 16c144f451bd113feeaa19f82e63dee1d10a118f [2ms]
2024-11-13 14:41:06.732 [info] > git show --textconv :docker-compose.yml [6ms]
2024-11-13 14:41:06.735 [info] > git ls-files --stage -- /home/adminuser/BankingMicroservice/docker-compose.yml [3ms]
2024-11-13 14:41:10.676 [info] > git show --textconv :hosts.ini [6ms]
2024-11-13 14:41:10.679 [info] > git ls-files --stage -- /home/adminuser/BankingMicroservice/hosts.ini [4ms]
2024-11-13 14:41:14.430 [info] > git show --textconv :install_docker.yml [6ms]
2024-11-13 14:41:14.433 [info] > git ls-files --stage -- /home/adminuser/BankingMicroservice/install_docker.yml [3ms]
2024-11-13 14:41:17.145 [info] > git show --textconv :install_java_apache.yml [5ms]
2024-11-13 14:41:17.147 [info] > git ls-files --stage -- /home/adminuser/BankingMicroservice/install_java_apache.yml [3ms]
2024-11-13 14:44:21.728 [info] > git show --textconv :install_docker.yml [6ms]
2024-11-13 14:44:21.731 [info] > git ls-files --stage -- /home/adminuser/BankingMicroservice/install_docker.yml [3ms]
2024-11-13 14:44:22.761 [info] > git show --textconv :docker-compose.yml [5ms]
2024-11-13 14:44:22.763 [info] > git ls-files --stage -- /home/adminuser/BankingMicroservice/docker-compose.yml [3ms]
2024-11-13 14:45:43.808 [info] > git show --textconv :src/main/java/com/bank/App.java [13ms]
2024-11-13 14:45:43.812 [info] > git ls-files --stage -- /home/adminuser/BankingMicroservice/src/main/java/com/bank/App.java [4ms]
2024-11-13 14:45:43.817 [info] > git cat-file -s 16c144f451bd113feeaa19f82e63dee1d10a118f [2ms]
2024-11-13 14:45:53.100 [info] > git config --get commit.template [6ms]
2024-11-13 14:45:53.102 [info] > git for-each-ref --format=%(refname)%00%(upstream:short)%00%(objectname)%00%(upstream:track)%00%(upstream:remotename)%00%(upstream:remoteref) refs/heads/main refs/remotes/main [3ms]
2024-11-13 14:45:53.111 [info] > git status -z -uall [6ms]
2024-11-13 14:45:53.113 [info] > git for-each-ref --sort -committerdate --format %(refname) %(objectname) %(*objectname) [3ms]
2024-11-13 14:46:12.190 [info] > git show --textconv :docker-compose.yml [8ms]
2024-11-13 14:46:12.193 [info] > git ls-files --stage -- /home/adminuser/BankingMicroservice/docker-compose.yml [4ms]
2024-11-13 14:47:20.841 [info] > git show --textconv :src/main/java/com/bank/App.java [6ms]
2024-11-13 14:47:20.844 [info] > git ls-files --stage -- /home/adminuser/BankingMicroservice/src/main/java/com/bank/App.java [4ms]
2024-11-13 14:47:20.848 [info] > git cat-file -s 16c144f451bd113feeaa19f82e63dee1d10a118f [2ms]
2024-11-13 14:48:56.225 [info] > git check-ignore -v -z --stdin [3ms]
2024-11-13 14:48:56.408 [info] > git config --get commit.template [7ms]
2024-11-13 14:48:56.410 [info] > git for-each-ref --format=%(refname)%00%(upstream:short)%00%(objectname)%00%(upstream:track)%00%(upstream:remotename)%00%(upstream:remoteref) refs/heads/main refs/remotes/main [3ms]
2024-11-13 14:48:56.419 [info] > git status -z -uall [6ms]
2024-11-13 14:48:56.421 [info] > git for-each-ref --sort -committerdate --format %(refname) %(objectname) %(*objectname) [3ms]
2024-11-13 14:48:56.553 [info] > git show --textconv :Dockerfile [5ms]
2024-11-13 14:48:56.556 [info] > git ls-files --stage -- /home/adminuser/BankingMicroservice/Dockerfile [4ms]
2024-11-13 14:49:07.308 [info] > git config --get commit.template [5ms]
2024-11-13 14:49:07.310 [info] > git for-each-ref --format=%(refname)%00%(upstream:short)%00%(objectname)%00%(upstream:track)%00%(upstream:remotename)%00%(upstream:remoteref) refs/heads/main refs/remotes/main [3ms]
2024-11-13 14:49:07.321 [info] > git status -z -uall [8ms]
2024-11-13 14:49:07.324 [info] > git for-each-ref --sort -committerdate --format %(refname) %(objectname) %(*objectname) [4ms]
2024-11-13 14:50:14.899 [info] > git config --get commit.template [5ms]
2024-11-13 14:50:14.901 [info] > git for-each-ref --format=%(refname)%00%(upstream:short)%00%(objectname)%00%(upstream:track)%00%(upstream:remotename)%00%(upstream:remoteref) refs/heads/main refs/remotes/main [2ms]
2024-11-13 14:50:14.910 [info] > git status -z -uall [7ms]
2024-11-13 14:50:14.913 [info] > git for-each-ref --sort -committerdate --format %(refname) %(objectname) %(*objectname) [3ms]
2024-11-13 14:50:26.260 [info] > git show --textconv :docker-compose.yml [6ms]
2024-11-13 14:50:26.263 [info] > git ls-files --stage -- /home/adminuser/BankingMicroservice/docker-compose.yml [3ms]
2024-11-13 14:50:33.616 [info] > git config --get commit.template [6ms]
2024-11-13 14:50:33.619 [info] > git for-each-ref --format=%(refname)%00%(upstream:short)%00%(objectname)%00%(upstream:track)%00%(upstream:remotename)%00%(upstream:remoteref) refs/heads/main refs/remotes/main [4ms]
2024-11-13 14:50:33.630 [info] > git status -z -uall [8ms]
2024-11-13 14:50:33.633 [info] > git for-each-ref --sort -committerdate --format %(refname) %(objectname) %(*objectname) [4ms]
2024-11-13 14:50:38.739 [info] > git config --get commit.template [6ms]
2024-11-13 14:50:38.741 [info] > git for-each-ref --format=%(refname)%00%(upstream:short)%00%(objectname)%00%(upstream:track)%00%(upstream:remotename)%00%(upstream:remoteref) refs/heads/main refs/remotes/main [3ms]
2024-11-13 14:50:38.753 [info] > git status -z -uall [8ms]
2024-11-13 14:50:38.757 [info] > git for-each-ref --sort -committerdate --format %(refname) %(objectname) %(*objectname) [6ms]
2024-11-13 14:50:50.433 [info] > git config --get commit.template [5ms]
2024-11-13 14:50:50.435 [info] > git for-each-ref --format=%(refname)%00%(upstream:short)%00%(objectname)%00%(upstream:track)%00%(upstream:remotename)%00%(upstream:remoteref) refs/heads/main refs/remotes/main [2ms]
2024-11-13 14:50:50.443 [info] > git status -z -uall [5ms]
2024-11-13 14:50:50.446 [info] > git for-each-ref --sort -committerdate --format %(refname) %(objectname) %(*objectname) [3ms]
2024-11-13 14:51:08.062 [info] > git config --get commit.template [5ms]
2024-11-13 14:51:08.064 [info] > git for-each-ref --format=%(refname)%00%(upstream:short)%00%(objectname)%00%(upstream:track)%00%(upstream:remotename)%00%(upstream:remoteref) refs/heads/main refs/remotes/main [3ms]
2024-11-13 14:51:08.074 [info] > git status -z -uall [7ms]
2024-11-13 14:51:08.077 [info] > git for-each-ref --sort -committerdate --format %(refname) %(objectname) %(*objectname) [4ms]
2024-11-13 14:51:13.105 [info] > git config --get commit.template [14ms]
2024-11-13 14:51:13.113 [info] > git for-each-ref --format=%(refname)%00%(upstream:short)%00%(objectname)%00%(upstream:track)%00%(upstream:remotename)%00%(upstream:remoteref) refs/heads/main refs/remotes/main [9ms]
2024-11-13 14:51:13.134 [info] > git status -z -uall [19ms]
2024-11-13 14:51:13.138 [info] > git for-each-ref --sort -committerdate --format %(refname) %(objectname) %(*objectname) [7ms]
2024-11-13 14:51:19.326 [info] > git config --get commit.template [5ms]
2024-11-13 14:51:19.331 [info] > git for-each-ref --format=%(refname)%00%(upstream:short)%00%(objectname)%00%(upstream:track)%00%(upstream:remotename)%00%(upstream:remoteref) refs/heads/main refs/remotes/main [5ms]
2024-11-13 14:51:19.340 [info] > git status -z -uall [6ms]
2024-11-13 14:51:19.343 [info] > git for-each-ref --sort -committerdate --format %(refname) %(objectname) %(*objectname) [3ms]
2024-11-13 14:51:40.853 [info] > git show --textconv :Dockerfile [7ms]
2024-11-13 14:51:40.856 [info] > git ls-files --stage -- /home/adminuser/BankingMicroservice/Dockerfile [4ms]
2024-11-13 14:52:22.199 [info] > git show --textconv :docker-compose.yml [5ms]
2024-11-13 14:52:22.202 [info] > git ls-files --stage -- /home/adminuser/BankingMicroservice/docker-compose.yml [4ms]
2024-11-13 14:54:11.176 [info] > git show --textconv :Dockerfile [6ms]
2024-11-13 14:54:11.179 [info] > git ls-files --stage -- /home/adminuser/BankingMicroservice/Dockerfile [4ms]
2024-11-13 14:54:12.739 [info] > git show --textconv :docker-compose.yml [5ms]
2024-11-13 14:54:12.741 [info] > git ls-files --stage -- /home/adminuser/BankingMicroservice/docker-compose.yml [3ms]
2024-11-13 14:59:29.616 [info] > git config --get commit.template [6ms]
2024-11-13 14:59:29.619 [info] > git for-each-ref --format=%(refname)%00%(upstream:short)%00%(objectname)%00%(upstream:track)%00%(upstream:remotename)%00%(upstream:remoteref) refs/heads/main refs/remotes/main [4ms]
2024-11-13 14:59:29.627 [info] > git status -z -uall [6ms]
2024-11-13 14:59:29.632 [info] > git for-each-ref --sort -committerdate --format %(refname) %(objectname) %(*objectname) [6ms]
2024-11-13 14:59:34.654 [info] > git config --get commit.template [8ms]
2024-11-13 14:59:34.657 [info] > git for-each-ref --format=%(refname)%00%(upstream:short)%00%(objectname)%00%(upstream:track)%00%(upstream:remotename)%00%(upstream:remoteref) refs/heads/main refs/remotes/main [3ms]
2024-11-13 14:59:34.669 [info] > git status -z -uall [9ms]
2024-11-13 14:59:34.672 [info] > git for-each-ref --sort -committerdate --format %(refname) %(objectname) %(*objectname) [4ms]
