2024-11-13 01:27:10.575 [info] [main] Log level: Info
2024-11-13 01:27:10.575 [info] [main] Validating found git in: "git"
2024-11-13 01:27:10.575 [info] [main] Using git "2.43.5" from "git"
2024-11-13 01:27:10.575 [info] [Model][doInitialScan] Initial repository scan started
2024-11-13 01:27:10.575 [info] > git rev-parse --show-toplevel [5ms]
2024-11-13 01:27:10.575 [info] fatal: not a git repository (or any of the parent directories): .git
2024-11-13 01:27:10.575 [info] > git rev-parse --show-toplevel [2ms]
2024-11-13 01:27:10.575 [info] fatal: not a git repository (or any of the parent directories): .git
2024-11-13 01:27:10.576 [info] > git rev-parse --show-toplevel [2ms]
2024-11-13 01:27:10.576 [info] fatal: not a git repository (or any of the parent directories): .git
2024-11-13 01:27:10.576 [info] > git rev-parse --show-toplevel [3ms]
2024-11-13 01:27:10.576 [info] fatal: not a git repository (or any of the parent directories): .git
2024-11-13 01:27:10.576 [info] > git rev-parse --show-toplevel [2ms]
2024-11-13 01:27:10.576 [info] fatal: not a git repository (or any of the parent directories): .git
2024-11-13 01:27:10.576 [info] > git rev-parse --show-toplevel [2ms]
2024-11-13 01:27:10.576 [info] fatal: not a git repository (or any of the parent directories): .git
2024-11-13 01:27:10.576 [info] > git rev-parse --show-toplevel [3ms]
2024-11-13 01:27:10.576 [info] fatal: not a git repository (or any of the parent directories): .git
2024-11-13 01:27:10.576 [info] > git rev-parse --show-toplevel [3ms]
2024-11-13 01:27:10.576 [info] fatal: not a git repository (or any of the parent directories): .git
2024-11-13 01:27:10.577 [info] > git rev-parse --show-toplevel [1ms]
2024-11-13 01:27:10.577 [info] fatal: not a git repository (or any of the parent directories): .git
2024-11-13 01:27:10.577 [info] > git rev-parse --show-toplevel [2ms]
2024-11-13 01:27:10.577 [info] > git rev-parse --git-dir --git-common-dir [2ms]
2024-11-13 01:27:10.577 [info] [Model][openRepository] Opened repository: /home/adminuser/SampleMaven
2024-11-13 01:27:10.577 [info] > git config --get commit.template [4ms]
2024-11-13 01:27:10.577 [info] > git rev-parse --show-toplevel [6ms]
2024-11-13 01:27:10.577 [info] fatal: not a git repository (or any of the parent directories): .git
2024-11-13 01:27:10.577 [info] > git for-each-ref --format=%(refname)%00%(upstream:short)%00%(objectname)%00%(upstream:track)%00%(upstream:remotename)%00%(upstream:remoteref) refs/heads/master refs/remotes/master [5ms]
2024-11-13 01:27:10.577 [warning] [Git][revParse] Unable to read file: ENOENT: no such file or directory, open '/home/adminuser/SampleMaven/.git/refs/remotes/origin/master'
2024-11-13 01:27:10.577 [info] > git rev-parse --show-toplevel [7ms]
2024-11-13 01:27:10.577 [info] fatal: not a git repository (or any of the parent directories): .git
2024-11-13 01:27:10.578 [info] > git rev-parse refs/remotes/origin/master [4ms]
2024-11-13 01:27:10.578 [info] > git status -z -uall [6ms]
2024-11-13 01:27:10.578 [info] > git rev-parse --show-toplevel [12ms]
2024-11-13 01:27:10.578 [info] fatal: not a git repository (or any of the parent directories): .git
2024-11-13 01:27:10.578 [info] > git for-each-ref --sort -committerdate --format %(refname) %(objectname) %(*objectname) [6ms]
2024-11-13 01:27:10.578 [info] > git rev-parse --show-toplevel [31ms]
2024-11-13 01:27:10.578 [info] fatal: not a git repository (or any of the parent directories): .git
2024-11-13 01:27:10.578 [info] > git config --get commit.template [21ms]
2024-11-13 01:27:10.578 [info] > git for-each-ref --format=%(refname)%00%(upstream:short)%00%(objectname)%00%(upstream:track)%00%(upstream:remotename)%00%(upstream:remoteref) refs/heads/master refs/remotes/master [29ms]
2024-11-13 01:27:10.578 [info] > git config --local branch.master.vscode-merge-base [64ms]
2024-11-13 01:27:10.578 [info] > git rev-parse --show-toplevel [91ms]
2024-11-13 01:27:10.578 [info] fatal: not a git repository (or any of the parent directories): .git
2024-11-13 01:27:10.578 [info] [Model][doInitialScan] Initial repository scan completed - repositories (1), closed repositories (0), parent repositories (0), unsafe repositories (0)
2024-11-13 01:27:10.578 [info] > git for-each-ref --format=%(refname)%00%(upstream:short)%00%(objectname)%00%(upstream:track)%00%(upstream:remotename)%00%(upstream:remoteref) refs/heads/origin/master refs/remotes/origin/master [10ms]
2024-11-13 01:27:10.578 [info] > git for-each-ref --format=%(refname)%00%(upstream:short)%00%(objectname)%00%(upstream:track)%00%(upstream:remotename)%00%(upstream:remoteref) refs/heads/master refs/remotes/master [7ms]
2024-11-13 01:27:10.578 [warning] [Git][revParse] Unable to read file: ENOENT: no such file or directory, open '/home/adminuser/SampleMaven/.git/refs/remotes/origin/master'
2024-11-13 01:27:10.578 [info] > git merge-base refs/heads/master refs/remotes/origin/master [6ms]
2024-11-13 01:27:10.578 [info] > git rev-parse refs/remotes/origin/master [4ms]
2024-11-13 01:27:10.578 [info] > git status -z -uall [5ms]
2024-11-13 01:27:10.578 [info] > git diff --name-status -z --diff-filter=ADMR 5ff110cc5053fe311e8de90463098762e681ef99...refs/remotes/origin/master [8ms]
2024-11-13 01:27:10.578 [info] > git for-each-ref --sort -committerdate --format %(refname) %(objectname) %(*objectname) [4ms]
2024-11-13 01:27:11.267 [info] > git check-ignore -v -z --stdin [3ms]
2024-11-13 01:27:11.801 [info] > git check-ignore -v -z --stdin [3ms]
