2024-11-13 11:47:55.114 [info] [main] Log level: Info
2024-11-13 11:47:55.114 [info] [main] Validating found git in: "git"
2024-11-13 11:47:55.114 [info] [main] Using git "2.43.5" from "git"
2024-11-13 11:47:55.114 [info] [Model][doInitialScan] Initial repository scan started
2024-11-13 11:47:55.114 [info] > git rev-parse --show-toplevel [5ms]
2024-11-13 11:47:55.114 [info] fatal: not a git repository (or any of the parent directories): .git
2024-11-13 11:47:55.114 [info] > git rev-parse --show-toplevel [2ms]
2024-11-13 11:47:55.114 [info] > git rev-parse --git-dir --git-common-dir [5ms]
2024-11-13 11:47:55.114 [info] [Model][openRepository] Opened repository: /home/adminuser/BankingMicroservice
2024-11-13 11:47:55.114 [info] > git config --get commit.template [4ms]
2024-11-13 11:47:55.114 [info] > git rev-parse --show-toplevel [5ms]
2024-11-13 11:47:55.114 [info] fatal: not a git repository (or any of the parent directories): .git
2024-11-13 11:47:55.114 [info] > git for-each-ref --format=%(refname)%00%(upstream:short)%00%(objectname)%00%(upstream:track)%00%(upstream:remotename)%00%(upstream:remoteref) refs/heads/main refs/remotes/main [11ms]
2024-11-13 11:47:55.114 [info] > git rev-parse --show-toplevel [19ms]
2024-11-13 11:47:55.114 [info] fatal: not a git repository (or any of the parent directories): .git
2024-11-13 11:47:55.114 [info] > git status -z -uall [22ms]
2024-11-13 11:47:55.114 [info] > git for-each-ref --sort -committerdate --format %(refname) %(objectname) %(*objectname) [14ms]
2024-11-13 11:47:55.114 [info] > git for-each-ref --format=%(refname)%00%(upstream:short)%00%(objectname)%00%(upstream:track)%00%(upstream:remotename)%00%(upstream:remoteref) refs/heads/main refs/remotes/main [59ms]
2024-11-13 11:47:55.114 [info] > git rev-parse --show-toplevel [134ms]
2024-11-13 11:47:55.114 [info] fatal: not a git repository (or any of the parent directories): .git
2024-11-13 11:47:55.114 [info] > git config --get commit.template [105ms]
2024-11-13 11:47:55.114 [info] > git rev-parse --show-toplevel [128ms]
2024-11-13 11:47:55.114 [info] fatal: not a git repository (or any of the parent directories): .git
2024-11-13 11:47:55.114 [info] > git config --local branch.main.vscode-merge-base [135ms]
2024-11-13 11:47:55.114 [info] > git for-each-ref --format=%(refname)%00%(upstream:short)%00%(objectname)%00%(upstream:track)%00%(upstream:remotename)%00%(upstream:remoteref) refs/heads/main refs/remotes/main [6ms]
2024-11-13 11:47:55.114 [info] > git for-each-ref --format=%(refname)%00%(upstream:short)%00%(objectname)%00%(upstream:track)%00%(upstream:remotename)%00%(upstream:remoteref) refs/heads/origin/main refs/remotes/origin/main [11ms]
2024-11-13 11:47:55.114 [info] > git rev-parse --show-toplevel [10ms]
2024-11-13 11:47:55.114 [info] fatal: not a git repository (or any of the parent directories): .git
2024-11-13 11:47:55.114 [info] > git merge-base refs/heads/main refs/remotes/origin/main [7ms]
2024-11-13 11:47:55.123 [info] > git rev-parse --show-toplevel [14ms]
2024-11-13 11:47:55.123 [info] fatal: not a git repository (or any of the parent directories): .git
2024-11-13 11:47:55.123 [info] > git diff --name-status -z --diff-filter=ADMR 794fe7d7a25e77d1e37fa53b366569615fbef2e6...refs/remotes/origin/main [9ms]
2024-11-13 11:47:55.150 [info] > git status -z -uall [32ms]
2024-11-13 11:47:55.150 [info] > git for-each-ref --sort -committerdate --format %(refname) %(objectname) %(*objectname) [28ms]
2024-11-13 11:47:55.154 [info] > git rev-parse --show-toplevel [27ms]
2024-11-13 11:47:55.154 [info] fatal: not a git repository (or any of the parent directories): .git
2024-11-13 11:47:55.171 [info] > git rev-parse --show-toplevel [14ms]
2024-11-13 11:47:55.176 [info] > git rev-parse --git-dir --git-common-dir [3ms]
2024-11-13 11:47:55.179 [info] [Model][openRepository] Opened repository: /home/adminuser/SampleMaven
2024-11-13 11:47:55.185 [info] > git config --get commit.template [4ms]
2024-11-13 11:47:55.189 [info] > git rev-parse --show-toplevel [5ms]
2024-11-13 11:47:55.189 [info] fatal: not a git repository (or any of the parent directories): .git
2024-11-13 11:47:55.196 [info] > git rev-parse --show-toplevel [2ms]
2024-11-13 11:47:55.197 [info] fatal: not a git repository (or any of the parent directories): .git
2024-11-13 11:47:55.200 [info] > git for-each-ref --format=%(refname)%00%(upstream:short)%00%(objectname)%00%(upstream:track)%00%(upstream:remotename)%00%(upstream:remoteref) refs/heads/master refs/remotes/master [12ms]
2024-11-13 11:47:55.203 [warning] [Git][revParse] Unable to read file: ENOENT: no such file or directory, open '/home/adminuser/SampleMaven/.git/refs/remotes/origin/master'
2024-11-13 11:47:55.204 [info] > git rev-parse --show-toplevel [5ms]
2024-11-13 11:47:55.204 [info] fatal: not a git repository (or any of the parent directories): .git
2024-11-13 11:47:55.207 [info] > git rev-parse refs/remotes/origin/master [4ms]
2024-11-13 11:47:55.216 [info] > git rev-parse --show-toplevel [9ms]
2024-11-13 11:47:55.216 [info] fatal: not a git repository (or any of the parent directories): .git
2024-11-13 11:47:55.221 [info] > git rev-parse --show-toplevel [2ms]
2024-11-13 11:47:55.221 [info] fatal: not a git repository (or any of the parent directories): .git
2024-11-13 11:47:55.226 [info] [Model][doInitialScan] Initial repository scan completed - repositories (2), closed repositories (0), parent repositories (0), unsafe repositories (0)
2024-11-13 11:47:55.228 [info] > git status -z -uall [17ms]
2024-11-13 11:47:55.228 [info] > git for-each-ref --sort -committerdate --format %(refname) %(objectname) %(*objectname) [13ms]
2024-11-13 11:47:55.239 [info] > git for-each-ref --format=%(refname)%00%(upstream:short)%00%(objectname)%00%(upstream:track)%00%(upstream:remotename)%00%(upstream:remoteref) refs/heads/master refs/remotes/master [4ms]
2024-11-13 11:47:55.242 [info] > git config --get commit.template [4ms]
2024-11-13 11:47:55.251 [info] > git config --local branch.master.vscode-merge-base [10ms]
2024-11-13 11:47:55.257 [info] > git for-each-ref --format=%(refname)%00%(upstream:short)%00%(objectname)%00%(upstream:track)%00%(upstream:remotename)%00%(upstream:remoteref) refs/heads/master refs/remotes/master [12ms]
2024-11-13 11:47:55.260 [warning] [Git][revParse] Unable to read file: ENOENT: no such file or directory, open '/home/adminuser/SampleMaven/.git/refs/remotes/origin/master'
2024-11-13 11:47:55.262 [info] > git for-each-ref --format=%(refname)%00%(upstream:short)%00%(objectname)%00%(upstream:track)%00%(upstream:remotename)%00%(upstream:remoteref) refs/heads/origin/master refs/remotes/origin/master [7ms]
2024-11-13 11:47:55.269 [info] > git rev-parse refs/remotes/origin/master [8ms]
2024-11-13 11:47:55.277 [info] > git status -z -uall [5ms]
2024-11-13 11:47:55.277 [info] > git merge-base refs/heads/master refs/remotes/origin/master [9ms]
2024-11-13 11:47:55.282 [info] > git for-each-ref --sort -committerdate --format %(refname) %(objectname) %(*objectname) [6ms]
2024-11-13 11:47:55.288 [info] > git diff --name-status -z --diff-filter=ADMR 5ff110cc5053fe311e8de90463098762e681ef99...refs/remotes/origin/master [8ms]
2024-11-13 11:47:55.290 [info] > git merge-base refs/heads/master refs/remotes/origin/master [3ms]
2024-11-13 11:47:55.296 [info] > git diff --name-status -z --diff-filter=ADMR 5ff110cc5053fe311e8de90463098762e681ef99...refs/remotes/origin/master [4ms]
2024-11-13 11:47:55.800 [info] > git check-ignore -v -z --stdin [18ms]
2024-11-13 11:47:55.801 [info] > git check-ignore -v -z --stdin [12ms]
2024-11-13 11:47:56.088 [info] > git show --textconv :README.md [6ms]
2024-11-13 11:47:56.092 [info] > git ls-files --stage -- /home/adminuser/BankingMicroservice/README.md [5ms]
2024-11-13 11:47:56.097 [info] > git cat-file -s 8fe2418c774a69fcbb0496c6aad2d9b06c6a38e9 [2ms]
2024-11-13 11:47:56.371 [info] > git check-ignore -v -z --stdin [62ms]
2024-11-13 11:47:56.375 [info] > git check-ignore -v -z --stdin [59ms]
2024-11-13 11:48:51.837 [info] > git show --textconv :install_docker.yml [6ms]
2024-11-13 11:48:51.840 [info] > git ls-files --stage -- /home/adminuser/BankingMicroservice/install_docker.yml [4ms]
2024-11-13 11:50:37.968 [info] > git check-ignore -v -z --stdin [3ms]
2024-11-13 11:51:33.785 [info] > git check-ignore -v -z --stdin [3ms]
2024-11-13 11:51:34.705 [info] > git check-ignore -v -z --stdin [4ms]
2024-11-13 11:51:36.228 [info] > git check-ignore -v -z --stdin [3ms]
2024-11-13 11:51:36.624 [info] > git show --textconv :src/main/java/com/bank/App.java [7ms]
2024-11-13 11:51:36.627 [info] > git ls-files --stage -- /home/adminuser/BankingMicroservice/src/main/java/com/bank/App.java [5ms]
2024-11-13 11:51:36.630 [info] > git cat-file -s 16c144f451bd113feeaa19f82e63dee1d10a118f [2ms]
2024-11-13 11:51:39.239 [info] > git check-ignore -v -z --stdin [4ms]
2024-11-13 11:51:39.487 [info] > git show --textconv :src/test/java/com/bank/AppTest.java [8ms]
2024-11-13 11:51:39.492 [info] > git ls-files --stage -- /home/adminuser/BankingMicroservice/src/test/java/com/bank/AppTest.java [8ms]
2024-11-13 11:51:39.499 [info] > git cat-file -s f3d15f22f540463b390c2ad485c69b69cbbfa9de [5ms]
2024-11-13 11:51:40.718 [info] > git show --textconv :src/main/java/com/bank/App.java [7ms]
2024-11-13 11:51:40.721 [info] > git ls-files --stage -- /home/adminuser/BankingMicroservice/src/main/java/com/bank/App.java [6ms]
2024-11-13 11:51:40.727 [info] > git cat-file -s 16c144f451bd113feeaa19f82e63dee1d10a118f [4ms]
2024-11-13 11:52:22.382 [info] > git show --textconv :src/test/java/com/bank/AppTest.java [8ms]
2024-11-13 11:52:22.386 [info] > git ls-files --stage -- /home/adminuser/BankingMicroservice/src/test/java/com/bank/AppTest.java [8ms]
2024-11-13 11:52:22.389 [info] > git cat-file -s f3d15f22f540463b390c2ad485c69b69cbbfa9de [2ms]
2024-11-13 11:52:27.583 [info] > git check-ignore -v -z --stdin [3ms]
2024-11-13 11:52:38.348 [info] > git show --textconv :pom.xml [5ms]
2024-11-13 11:52:38.351 [info] > git ls-files --stage -- /home/adminuser/BankingMicroservice/pom.xml [4ms]
2024-11-13 11:52:38.355 [info] > git cat-file -s 9212576510a7963268d6db1916c733f5c5a9bf3e [2ms]
2024-11-13 11:53:15.315 [info] > git show --textconv :hosts.ini [5ms]
2024-11-13 11:53:15.319 [info] > git ls-files --stage -- /home/adminuser/BankingMicroservice/hosts.ini [4ms]
2024-11-13 11:53:16.738 [info] > git show --textconv :install_docker.yml [5ms]
2024-11-13 11:53:16.741 [info] > git ls-files --stage -- /home/adminuser/BankingMicroservice/install_docker.yml [4ms]
2024-11-13 11:53:26.125 [info] > git show --textconv :hosts.ini [7ms]
2024-11-13 11:53:26.129 [info] > git ls-files --stage -- /home/adminuser/BankingMicroservice/hosts.ini [5ms]
2024-11-13 11:53:27.395 [info] > git show --textconv :install_docker.yml [6ms]
2024-11-13 11:53:27.398 [info] > git ls-files --stage -- /home/adminuser/BankingMicroservice/install_docker.yml [4ms]
2024-11-13 11:53:28.272 [info] > git show --textconv :hosts.ini [5ms]
2024-11-13 11:53:28.276 [info] > git ls-files --stage -- /home/adminuser/BankingMicroservice/hosts.ini [4ms]
2024-11-13 11:53:31.423 [info] > git show --textconv :install_docker.yml [4ms]
2024-11-13 11:53:31.427 [info] > git ls-files --stage -- /home/adminuser/BankingMicroservice/install_docker.yml [4ms]
2024-11-13 11:53:37.718 [info] > git show --textconv :hosts.ini [7ms]
2024-11-13 11:53:37.721 [info] > git ls-files --stage -- /home/adminuser/BankingMicroservice/hosts.ini [3ms]
2024-11-13 11:53:47.490 [info] > git show --textconv :install_docker.yml [8ms]
2024-11-13 11:53:47.495 [info] > git ls-files --stage -- /home/adminuser/BankingMicroservice/install_docker.yml [6ms]
2024-11-13 11:53:55.165 [info] > git show --textconv :install_java_apache.yml [5ms]
2024-11-13 11:53:55.168 [info] > git ls-files --stage -- /home/adminuser/BankingMicroservice/install_java_apache.yml [4ms]
2024-11-13 11:53:57.130 [info] > git show --textconv :install_docker.yml [5ms]
2024-11-13 11:53:57.133 [info] > git ls-files --stage -- /home/adminuser/BankingMicroservice/install_docker.yml [4ms]
2024-11-13 11:53:58.679 [info] > git show --textconv :hosts.ini [7ms]
2024-11-13 11:53:58.683 [info] > git ls-files --stage -- /home/adminuser/BankingMicroservice/hosts.ini [4ms]
2024-11-13 11:54:26.985 [info] > git show --textconv :install_docker.yml [6ms]
2024-11-13 11:54:26.988 [info] > git ls-files --stage -- /home/adminuser/BankingMicroservice/install_docker.yml [4ms]
2024-11-13 11:54:28.104 [info] > git show --textconv :install_java_apache.yml [5ms]
2024-11-13 11:54:28.108 [info] > git ls-files --stage -- /home/adminuser/BankingMicroservice/install_java_apache.yml [4ms]
2024-11-13 11:54:29.062 [info] > git show --textconv :install_docker.yml [6ms]
2024-11-13 11:54:29.065 [info] > git ls-files --stage -- /home/adminuser/BankingMicroservice/install_docker.yml [4ms]
2024-11-13 11:54:29.882 [info] > git show --textconv :install_java_apache.yml [7ms]
2024-11-13 11:54:29.885 [info] > git ls-files --stage -- /home/adminuser/BankingMicroservice/install_java_apache.yml [5ms]
2024-11-13 11:54:57.865 [info] > git show --textconv :install_docker.yml [8ms]
2024-11-13 11:54:57.867 [info] > git ls-files --stage -- /home/adminuser/BankingMicroservice/install_docker.yml [4ms]
2024-11-13 11:55:07.118 [info] > git show --textconv :install_java_apache.yml [5ms]
2024-11-13 11:55:07.121 [info] > git ls-files --stage -- /home/adminuser/BankingMicroservice/install_java_apache.yml [4ms]
2024-11-13 11:55:46.594 [info] > git rev-parse --show-toplevel [3ms]
2024-11-13 11:55:46.594 [info] fatal: not a git repository (or any of the parent directories): .git
2024-11-13 11:57:01.105 [info] > git show --textconv :install_docker.yml [5ms]
2024-11-13 11:57:01.109 [info] > git ls-files --stage -- /home/adminuser/BankingMicroservice/install_docker.yml [4ms]
2024-11-13 11:57:35.195 [info] > git rev-parse --show-toplevel [2ms]
2024-11-13 11:57:35.195 [info] fatal: not a git repository (or any of the parent directories): .git
2024-11-13 12:03:46.892 [info] > git check-ignore -v -z --stdin [4ms]
2024-11-13 12:03:47.720 [info] > git check-ignore -v -z --stdin [9ms]
