2024-11-12 07:07:41.362 [info] [main] Log level: Info
2024-11-12 07:07:41.362 [info] [main] Validating found git in: "git"
2024-11-12 07:07:41.363 [info] [main] Using git "2.43.5" from "git"
2024-11-12 07:07:41.363 [info] [Model][doInitialScan] Initial repository scan started
2024-11-12 07:07:41.363 [info] > git rev-parse --show-toplevel [39ms]
2024-11-12 07:07:41.363 [info] fatal: not a git repository (or any of the parent directories): .git
2024-11-12 07:07:41.363 [info] > git rev-parse --show-toplevel [25ms]
2024-11-12 07:07:41.363 [info] > git rev-parse --git-dir --git-common-dir [7ms]
2024-11-12 07:07:41.364 [info] [Model][openRepository] Opened repository: /home/adminuser/SampleMaven
2024-11-12 07:07:41.364 [info] > git config --get commit.template [7ms]
2024-11-12 07:07:41.364 [info] > git rev-parse --show-toplevel [7ms]
2024-11-12 07:07:41.364 [info] fatal: not a git repository (or any of the parent directories): .git
2024-11-12 07:07:41.364 [info] > git for-each-ref --format=%(refname)%00%(upstream:short)%00%(objectname)%00%(upstream:track)%00%(upstream:remotename)%00%(upstream:remoteref) refs/heads/master refs/remotes/master [12ms]
2024-11-12 07:07:41.364 [warning] [Git][revParse] Unable to read file: ENOENT: no such file or directory, open '/home/adminuser/SampleMaven/.git/refs/remotes/origin/master'
2024-11-12 07:07:41.364 [info] > git rev-parse --show-toplevel [5ms]
2024-11-12 07:07:41.364 [info] fatal: not a git repository (or any of the parent directories): .git
2024-11-12 07:07:41.365 [info] > git rev-parse refs/remotes/origin/master [7ms]
2024-11-12 07:07:41.365 [info] > git status -z -uall [7ms]
2024-11-12 07:07:41.365 [info] > git rev-parse --show-toplevel [15ms]
2024-11-12 07:07:41.365 [info] fatal: not a git repository (or any of the parent directories): .git
2024-11-12 07:07:41.370 [info] > git for-each-ref --sort -committerdate --format %(refname) %(objectname) %(*objectname) [11ms]
2024-11-12 07:07:41.394 [info] > git rev-parse --show-toplevel [25ms]
2024-11-12 07:07:41.394 [info] fatal: not a git repository (or any of the parent directories): .git
2024-11-12 07:07:41.399 [info] > git for-each-ref --format=%(refname)%00%(upstream:short)%00%(objectname)%00%(upstream:track)%00%(upstream:remotename)%00%(upstream:remoteref) refs/heads/master refs/remotes/master [15ms]
2024-11-12 07:07:41.407 [info] > git rev-parse --show-toplevel [9ms]
2024-11-12 07:07:41.407 [info] fatal: not a git repository (or any of the parent directories): .git
2024-11-12 07:07:41.408 [info] > git config --get commit.template [15ms]
2024-11-12 07:07:41.416 [info] > git for-each-ref --format=%(refname)%00%(upstream:short)%00%(objectname)%00%(upstream:track)%00%(upstream:remotename)%00%(upstream:remoteref) refs/heads/master refs/remotes/master [5ms]
2024-11-12 07:07:41.417 [info] > git config --local branch.master.vscode-merge-base [12ms]
2024-11-12 07:07:41.425 [warning] [Git][revParse] Unable to read file: ENOENT: no such file or directory, open '/home/adminuser/SampleMaven/.git/refs/remotes/origin/master'
2024-11-12 07:07:41.426 [info] > git rev-parse --show-toplevel [11ms]
2024-11-12 07:07:41.426 [info] fatal: not a git repository (or any of the parent directories): .git
2024-11-12 07:07:41.431 [info] > git for-each-ref --format=%(refname)%00%(upstream:short)%00%(objectname)%00%(upstream:track)%00%(upstream:remotename)%00%(upstream:remoteref) refs/heads/origin/master refs/remotes/origin/master [9ms]
2024-11-12 07:07:41.454 [info] > git merge-base refs/heads/master refs/remotes/origin/master [18ms]
2024-11-12 07:07:41.458 [info] > git rev-parse --show-toplevel [27ms]
2024-11-12 07:07:41.458 [info] fatal: not a git repository (or any of the parent directories): .git
2024-11-12 07:07:41.458 [info] > git rev-parse refs/remotes/origin/master [33ms]
2024-11-12 07:07:41.475 [info] > git status -z -uall [12ms]
2024-11-12 07:07:41.476 [info] > git diff --name-status -z --diff-filter=ADMR 5ff110cc5053fe311e8de90463098762e681ef99...refs/remotes/origin/master [19ms]
2024-11-12 07:07:41.478 [info] > git for-each-ref --sort -committerdate --format %(refname) %(objectname) %(*objectname) [8ms]
2024-11-12 07:07:41.484 [info] > git rev-parse --show-toplevel [9ms]
2024-11-12 07:07:41.484 [info] fatal: not a git repository (or any of the parent directories): .git
2024-11-12 07:07:41.488 [info] > git rev-parse --show-toplevel [2ms]
2024-11-12 07:07:41.488 [info] fatal: not a git repository (or any of the parent directories): .git
2024-11-12 07:07:41.493 [info] > git rev-parse --show-toplevel [2ms]
2024-11-12 07:07:41.493 [info] fatal: not a git repository (or any of the parent directories): .git
2024-11-12 07:07:41.497 [info] > git rev-parse --show-toplevel [2ms]
2024-11-12 07:07:41.497 [info] fatal: not a git repository (or any of the parent directories): .git
2024-11-12 07:07:41.502 [info] > git rev-parse --show-toplevel [2ms]
2024-11-12 07:07:41.502 [info] fatal: not a git repository (or any of the parent directories): .git
2024-11-12 07:07:41.507 [info] [Model][doInitialScan] Initial repository scan completed - repositories (1), closed repositories (0), parent repositories (0), unsafe repositories (0)
2024-11-12 07:07:42.711 [info] > git check-ignore -v -z --stdin [5ms]
2024-11-12 07:07:42.912 [info] > git show --textconv :src/main/webapp/index.jsp [11ms]
2024-11-12 07:07:42.916 [info] > git ls-files --stage -- /home/adminuser/SampleMaven/src/main/webapp/index.jsp [6ms]
2024-11-12 07:07:42.933 [info] > git cat-file -s 06972ce670ec68ea05fd3ab6b1056cb3d6843308 [13ms]
2024-11-12 07:08:13.914 [info] > git config --get commit.template [6ms]
2024-11-12 07:08:13.918 [info] > git for-each-ref --format=%(refname)%00%(upstream:short)%00%(objectname)%00%(upstream:track)%00%(upstream:remotename)%00%(upstream:remoteref) refs/heads/master refs/remotes/master [4ms]
2024-11-12 07:08:13.920 [warning] [Git][revParse] Unable to read file: ENOENT: no such file or directory, open '/home/adminuser/SampleMaven/.git/refs/remotes/origin/master'
2024-11-12 07:08:13.923 [info] > git rev-parse refs/remotes/origin/master [3ms]
2024-11-12 07:08:13.935 [info] > git status -z -uall [6ms]
2024-11-12 07:08:13.939 [info] > git for-each-ref --sort -committerdate --format %(refname) %(objectname) %(*objectname) [5ms]
2024-11-12 07:09:44.102 [info] > git show --textconv :Dockerfile [164ms]
2024-11-12 07:09:44.103 [info] > git ls-files --stage -- /home/adminuser/SampleMaven/Dockerfile [165ms]
2024-11-12 07:09:44.192 [info] > git cat-file -s 5d948c9e945902a54f9043423f19da3513ac6d42 [60ms]
2024-11-12 07:10:41.327 [info] > git config --get commit.template [7ms]
2024-11-12 07:10:41.330 [info] > git for-each-ref --format=%(refname)%00%(upstream:short)%00%(objectname)%00%(upstream:track)%00%(upstream:remotename)%00%(upstream:remoteref) refs/heads/master refs/remotes/master [5ms]
2024-11-12 07:10:41.333 [warning] [Git][revParse] Unable to read file: ENOENT: no such file or directory, open '/home/adminuser/SampleMaven/.git/refs/remotes/origin/master'
2024-11-12 07:10:41.336 [info] > git rev-parse refs/remotes/origin/master [3ms]
2024-11-12 07:10:41.347 [info] > git status -z -uall [8ms]
2024-11-12 07:10:41.351 [info] > git for-each-ref --sort -committerdate --format %(refname) %(objectname) %(*objectname) [5ms]
2024-11-12 07:13:37.904 [info] > git rev-parse --show-toplevel [11ms]
2024-11-12 07:13:37.905 [info] fatal: not a git repository (or any of the parent directories): .git
2024-11-12 07:14:23.855 [info] > git show --textconv :Dockerfile [7ms]
2024-11-12 07:14:23.858 [info] > git ls-files --stage -- /home/adminuser/SampleMaven/Dockerfile [3ms]
2024-11-12 07:14:23.871 [info] > git cat-file -s 5d948c9e945902a54f9043423f19da3513ac6d42 [2ms]
2024-11-12 07:15:04.545 [info] > git rev-parse --show-toplevel [4ms]
2024-11-12 07:15:04.545 [info] fatal: not a git repository (or any of the parent directories): .git
2024-11-12 07:15:12.976 [info] > git show --textconv :Dockerfile [6ms]
2024-11-12 07:15:12.979 [info] > git ls-files --stage -- /home/adminuser/SampleMaven/Dockerfile [4ms]
2024-11-12 07:15:12.985 [info] > git cat-file -s 5d948c9e945902a54f9043423f19da3513ac6d42 [3ms]
2024-11-12 07:15:26.587 [info] > git rev-parse --show-toplevel [4ms]
2024-11-12 07:15:26.587 [info] fatal: not a git repository (or any of the parent directories): .git
2024-11-12 07:15:28.724 [info] > git show --textconv :Dockerfile [6ms]
2024-11-12 07:15:28.728 [info] > git ls-files --stage -- /home/adminuser/SampleMaven/Dockerfile [4ms]
2024-11-12 07:15:28.733 [info] > git cat-file -s 5d948c9e945902a54f9043423f19da3513ac6d42 [2ms]
2024-11-12 07:21:05.014 [info] > git check-ignore -v -z --stdin [3ms]
2024-11-12 07:21:17.863 [info] > git check-ignore -v -z --stdin [5ms]
2024-11-12 07:21:32.914 [info] > git show --textconv :src/main/webapp/index.jsp [7ms]
2024-11-12 07:21:32.917 [info] > git ls-files --stage -- /home/adminuser/SampleMaven/src/main/webapp/index.jsp [4ms]
2024-11-12 07:21:32.923 [info] > git cat-file -s 06972ce670ec68ea05fd3ab6b1056cb3d6843308 [3ms]
2024-11-12 07:24:34.291 [info] > git show --textconv :Dockerfile [7ms]
2024-11-12 07:24:34.301 [info] > git ls-files --stage -- /home/adminuser/SampleMaven/Dockerfile [11ms]
2024-11-12 07:24:34.310 [info] > git cat-file -s 5d948c9e945902a54f9043423f19da3513ac6d42 [4ms]
2024-11-12 07:25:44.214 [info] > git config --get commit.template [7ms]
2024-11-12 07:25:44.218 [info] > git for-each-ref --format=%(refname)%00%(upstream:short)%00%(objectname)%00%(upstream:track)%00%(upstream:remotename)%00%(upstream:remoteref) refs/heads/master refs/remotes/master [4ms]
2024-11-12 07:25:44.221 [warning] [Git][revParse] Unable to read file: ENOENT: no such file or directory, open '/home/adminuser/SampleMaven/.git/refs/remotes/origin/master'
2024-11-12 07:25:44.224 [info] > git rev-parse refs/remotes/origin/master [3ms]
2024-11-12 07:25:44.235 [info] > git status -z -uall [8ms]
2024-11-12 07:25:44.239 [info] > git for-each-ref --sort -committerdate --format %(refname) %(objectname) %(*objectname) [5ms]
2024-11-12 07:25:58.866 [info] > git config --get commit.template [6ms]
2024-11-12 07:25:58.868 [info] > git for-each-ref --format=%(refname)%00%(upstream:short)%00%(objectname)%00%(upstream:track)%00%(upstream:remotename)%00%(upstream:remoteref) refs/heads/master refs/remotes/master [3ms]
2024-11-12 07:25:58.871 [warning] [Git][revParse] Unable to read file: ENOENT: no such file or directory, open '/home/adminuser/SampleMaven/.git/refs/remotes/origin/master'
2024-11-12 07:25:58.876 [info] > git rev-parse refs/remotes/origin/master [4ms]
2024-11-12 07:25:58.897 [info] > git status -z -uall [12ms]
2024-11-12 07:25:58.901 [info] > git for-each-ref --sort -committerdate --format %(refname) %(objectname) %(*objectname) [7ms]
2024-11-12 07:33:14.555 [info] > git show --textconv :azure-pipelines.yml [6ms]
2024-11-12 07:33:14.558 [info] > git ls-files --stage -- /home/adminuser/SampleMaven/azure-pipelines.yml [4ms]
2024-11-12 07:33:14.563 [info] > git cat-file -s 2698f6558bc50bb8a82712d197f6e50c32b0f01a [3ms]
2024-11-12 07:33:38.217 [info] > git show --textconv :Dockerfile [7ms]
2024-11-12 07:33:38.219 [info] > git ls-files --stage -- /home/adminuser/SampleMaven/Dockerfile [3ms]
2024-11-12 07:33:38.224 [info] > git cat-file -s 5d948c9e945902a54f9043423f19da3513ac6d42 [2ms]
2024-11-12 07:33:57.163 [info] > git check-ignore -v -z --stdin [3ms]
2024-11-12 07:33:57.438 [info] > git show --textconv :docker-compose.yaml [6ms]
2024-11-12 07:33:57.441 [info] > git ls-files --stage -- /home/adminuser/SampleMaven/docker-compose.yaml [4ms]
2024-11-12 07:33:57.478 [info] > git config --get commit.template [6ms]
2024-11-12 07:33:57.480 [info] > git for-each-ref --format=%(refname)%00%(upstream:short)%00%(objectname)%00%(upstream:track)%00%(upstream:remotename)%00%(upstream:remoteref) refs/heads/master refs/remotes/master [3ms]
2024-11-12 07:33:57.484 [warning] [Git][revParse] Unable to read file: ENOENT: no such file or directory, open '/home/adminuser/SampleMaven/.git/refs/remotes/origin/master'
2024-11-12 07:33:57.486 [info] > git rev-parse refs/remotes/origin/master [2ms]
2024-11-12 07:33:57.498 [info] > git status -z -uall [9ms]
2024-11-12 07:33:57.502 [info] > git for-each-ref --sort -committerdate --format %(refname) %(objectname) %(*objectname) [7ms]
2024-11-12 07:34:09.656 [info] > git rev-parse --show-toplevel [3ms]
2024-11-12 07:34:09.656 [info] fatal: not a git repository (or any of the parent directories): .git
2024-11-12 07:34:19.987 [info] > git show --textconv :docker-compose.yaml [7ms]
2024-11-12 07:34:19.990 [info] > git ls-files --stage -- /home/adminuser/SampleMaven/docker-compose.yaml [4ms]
2024-11-12 07:36:13.360 [info] > git config --get commit.template [6ms]
2024-11-12 07:36:13.362 [info] > git for-each-ref --format=%(refname)%00%(upstream:short)%00%(objectname)%00%(upstream:track)%00%(upstream:remotename)%00%(upstream:remoteref) refs/heads/master refs/remotes/master [3ms]
2024-11-12 07:36:13.367 [warning] [Git][revParse] Unable to read file: ENOENT: no such file or directory, open '/home/adminuser/SampleMaven/.git/refs/remotes/origin/master'
2024-11-12 07:36:13.369 [info] > git rev-parse refs/remotes/origin/master [4ms]
2024-11-12 07:36:13.379 [info] > git status -z -uall [7ms]
2024-11-12 07:36:13.382 [info] > git for-each-ref --sort -committerdate --format %(refname) %(objectname) %(*objectname) [4ms]
2024-11-12 07:37:26.918 [info] > git config --get commit.template [7ms]
2024-11-12 07:37:26.921 [info] > git for-each-ref --format=%(refname)%00%(upstream:short)%00%(objectname)%00%(upstream:track)%00%(upstream:remotename)%00%(upstream:remoteref) refs/heads/master refs/remotes/master [4ms]
2024-11-12 07:37:26.924 [warning] [Git][revParse] Unable to read file: ENOENT: no such file or directory, open '/home/adminuser/SampleMaven/.git/refs/remotes/origin/master'
2024-11-12 07:37:26.926 [info] > git rev-parse refs/remotes/origin/master [2ms]
2024-11-12 07:37:26.937 [info] > git status -z -uall [7ms]
2024-11-12 07:37:26.943 [info] > git for-each-ref --sort -committerdate --format %(refname) %(objectname) %(*objectname) [6ms]
2024-11-12 07:37:31.958 [info] > git config --get commit.template [7ms]
2024-11-12 07:37:31.961 [info] > git for-each-ref --format=%(refname)%00%(upstream:short)%00%(objectname)%00%(upstream:track)%00%(upstream:remotename)%00%(upstream:remoteref) refs/heads/master refs/remotes/master [4ms]
2024-11-12 07:37:31.971 [warning] [Git][revParse] Unable to read file: ENOENT: no such file or directory, open '/home/adminuser/SampleMaven/.git/refs/remotes/origin/master'
2024-11-12 07:37:31.973 [info] > git rev-parse refs/remotes/origin/master [3ms]
2024-11-12 07:37:31.984 [info] > git status -z -uall [7ms]
2024-11-12 07:37:31.987 [info] > git for-each-ref --sort -committerdate --format %(refname) %(objectname) %(*objectname) [4ms]
2024-11-12 07:39:03.868 [info] > git show --textconv :docker-compose.yaml [6ms]
2024-11-12 07:39:03.871 [info] > git ls-files --stage -- /home/adminuser/SampleMaven/docker-compose.yaml [4ms]
2024-11-12 07:42:51.068 [info] > git config --get commit.template [7ms]
2024-11-12 07:42:51.071 [info] > git for-each-ref --format=%(refname)%00%(upstream:short)%00%(objectname)%00%(upstream:track)%00%(upstream:remotename)%00%(upstream:remoteref) refs/heads/master refs/remotes/master [4ms]
2024-11-12 07:42:51.075 [warning] [Git][revParse] Unable to read file: ENOENT: no such file or directory, open '/home/adminuser/SampleMaven/.git/refs/remotes/origin/master'
2024-11-12 07:42:51.078 [info] > git rev-parse refs/remotes/origin/master [3ms]
2024-11-12 07:42:51.090 [info] > git status -z -uall [9ms]
2024-11-12 07:42:51.094 [info] > git for-each-ref --sort -committerdate --format %(refname) %(objectname) %(*objectname) [6ms]
2024-11-12 07:42:56.108 [info] > git config --get commit.template [7ms]
2024-11-12 07:42:56.111 [info] > git for-each-ref --format=%(refname)%00%(upstream:short)%00%(objectname)%00%(upstream:track)%00%(upstream:remotename)%00%(upstream:remoteref) refs/heads/master refs/remotes/master [5ms]
2024-11-12 07:42:56.114 [warning] [Git][revParse] Unable to read file: ENOENT: no such file or directory, open '/home/adminuser/SampleMaven/.git/refs/remotes/origin/master'
2024-11-12 07:42:56.118 [info] > git rev-parse refs/remotes/origin/master [4ms]
2024-11-12 07:42:56.137 [info] > git status -z -uall [14ms]
2024-11-12 07:42:56.139 [info] > git for-each-ref --sort -committerdate --format %(refname) %(objectname) %(*objectname) [7ms]
2024-11-12 07:45:04.878 [info] > git show --textconv :Dockerfile [10ms]
2024-11-12 07:45:04.882 [info] > git ls-files --stage -- /home/adminuser/SampleMaven/Dockerfile [7ms]
2024-11-12 07:45:04.888 [info] > git cat-file -s 5d948c9e945902a54f9043423f19da3513ac6d42 [3ms]
2024-11-12 07:45:50.469 [info] > git config --get commit.template [12ms]
2024-11-12 07:45:50.475 [info] > git for-each-ref --format=%(refname)%00%(upstream:short)%00%(objectname)%00%(upstream:track)%00%(upstream:remotename)%00%(upstream:remoteref) refs/heads/master refs/remotes/master [6ms]
2024-11-12 07:45:50.483 [warning] [Git][revParse] Unable to read file: ENOENT: no such file or directory, open '/home/adminuser/SampleMaven/.git/refs/remotes/origin/master'
2024-11-12 07:45:50.486 [info] > git rev-parse refs/remotes/origin/master [3ms]
2024-11-12 07:45:50.502 [info] > git status -z -uall [9ms]
2024-11-12 07:45:50.506 [info] > git for-each-ref --sort -committerdate --format %(refname) %(objectname) %(*objectname) [6ms]
2024-11-12 07:46:07.639 [info] > git config --get commit.template [19ms]
2024-11-12 07:46:07.652 [info] > git for-each-ref --format=%(refname)%00%(upstream:short)%00%(objectname)%00%(upstream:track)%00%(upstream:remotename)%00%(upstream:remoteref) refs/heads/master refs/remotes/master [14ms]
2024-11-12 07:46:07.664 [warning] [Git][revParse] Unable to read file: ENOENT: no such file or directory, open '/home/adminuser/SampleMaven/.git/refs/remotes/origin/master'
2024-11-12 07:46:07.671 [info] > git rev-parse refs/remotes/origin/master [8ms]
2024-11-12 07:46:07.692 [info] > git status -z -uall [11ms]
2024-11-12 07:46:07.695 [info] > git for-each-ref --sort -committerdate --format %(refname) %(objectname) %(*objectname) [6ms]
2024-11-12 07:46:12.711 [info] > git config --get commit.template [6ms]
2024-11-12 07:46:12.713 [info] > git for-each-ref --format=%(refname)%00%(upstream:short)%00%(objectname)%00%(upstream:track)%00%(upstream:remotename)%00%(upstream:remoteref) refs/heads/master refs/remotes/master [3ms]
2024-11-12 07:46:12.716 [warning] [Git][revParse] Unable to read file: ENOENT: no such file or directory, open '/home/adminuser/SampleMaven/.git/refs/remotes/origin/master'
2024-11-12 07:46:12.719 [info] > git rev-parse refs/remotes/origin/master [3ms]
2024-11-12 07:46:12.730 [info] > git status -z -uall [7ms]
2024-11-12 07:46:12.733 [info] > git for-each-ref --sort -committerdate --format %(refname) %(objectname) %(*objectname) [4ms]
2024-11-12 07:50:43.631 [info] > git config --get commit.template [7ms]
2024-11-12 07:50:43.634 [info] > git for-each-ref --format=%(refname)%00%(upstream:short)%00%(objectname)%00%(upstream:track)%00%(upstream:remotename)%00%(upstream:remoteref) refs/heads/master refs/remotes/master [4ms]
2024-11-12 07:50:43.637 [warning] [Git][revParse] Unable to read file: ENOENT: no such file or directory, open '/home/adminuser/SampleMaven/.git/refs/remotes/origin/master'
2024-11-12 07:50:43.641 [info] > git rev-parse refs/remotes/origin/master [4ms]
2024-11-12 07:50:43.651 [info] > git status -z -uall [7ms]
2024-11-12 07:50:43.657 [info] > git for-each-ref --sort -committerdate --format %(refname) %(objectname) %(*objectname) [8ms]
2024-11-12 07:52:23.011 [info] > git config --get commit.template [13ms]
2024-11-12 07:52:23.014 [info] > git for-each-ref --format=%(refname)%00%(upstream:short)%00%(objectname)%00%(upstream:track)%00%(upstream:remotename)%00%(upstream:remoteref) refs/heads/master refs/remotes/master [5ms]
2024-11-12 07:52:23.018 [warning] [Git][revParse] Unable to read file: ENOENT: no such file or directory, open '/home/adminuser/SampleMaven/.git/refs/remotes/origin/master'
2024-11-12 07:52:23.020 [info] > git rev-parse refs/remotes/origin/master [3ms]
2024-11-12 07:52:23.030 [info] > git status -z -uall [7ms]
2024-11-12 07:52:23.035 [info] > git for-each-ref --sort -committerdate --format %(refname) %(objectname) %(*objectname) [6ms]
2024-11-12 07:59:03.215 [info] > git show --textconv :src/main/webapp/index.jsp [10ms]
2024-11-12 07:59:03.219 [info] > git ls-files --stage -- /home/adminuser/SampleMaven/src/main/webapp/index.jsp [5ms]
2024-11-12 07:59:03.226 [info] > git cat-file -s 06972ce670ec68ea05fd3ab6b1056cb3d6843308 [3ms]
2024-11-12 07:59:10.655 [info] > git show --textconv :Dockerfile [7ms]
2024-11-12 07:59:10.658 [info] > git ls-files --stage -- /home/adminuser/SampleMaven/Dockerfile [5ms]
2024-11-12 07:59:10.663 [info] > git cat-file -s 5d948c9e945902a54f9043423f19da3513ac6d42 [2ms]
2024-11-12 07:59:30.094 [info] > git config --get commit.template [6ms]
2024-11-12 07:59:30.096 [info] > git for-each-ref --format=%(refname)%00%(upstream:short)%00%(objectname)%00%(upstream:track)%00%(upstream:remotename)%00%(upstream:remoteref) refs/heads/master refs/remotes/master [3ms]
2024-11-12 07:59:30.100 [warning] [Git][revParse] Unable to read file: ENOENT: no such file or directory, open '/home/adminuser/SampleMaven/.git/refs/remotes/origin/master'
2024-11-12 07:59:30.102 [info] > git rev-parse refs/remotes/origin/master [2ms]
2024-11-12 07:59:30.112 [info] > git status -z -uall [6ms]
2024-11-12 07:59:30.116 [info] > git for-each-ref --sort -committerdate --format %(refname) %(objectname) %(*objectname) [5ms]
2024-11-12 08:01:19.519 [info] > git config --get commit.template [5ms]
2024-11-12 08:01:19.523 [info] > git for-each-ref --format=%(refname)%00%(upstream:short)%00%(objectname)%00%(upstream:track)%00%(upstream:remotename)%00%(upstream:remoteref) refs/heads/master refs/remotes/master [3ms]
2024-11-12 08:01:19.525 [warning] [Git][revParse] Unable to read file: ENOENT: no such file or directory, open '/home/adminuser/SampleMaven/.git/refs/remotes/origin/master'
2024-11-12 08:01:19.528 [info] > git rev-parse refs/remotes/origin/master [3ms]
2024-11-12 08:01:19.539 [info] > git status -z -uall [6ms]
2024-11-12 08:01:19.543 [info] > git for-each-ref --sort -committerdate --format %(refname) %(objectname) %(*objectname) [4ms]
2024-11-12 08:01:24.557 [info] > git config --get commit.template [6ms]
2024-11-12 08:01:24.560 [info] > git for-each-ref --format=%(refname)%00%(upstream:short)%00%(objectname)%00%(upstream:track)%00%(upstream:remotename)%00%(upstream:remoteref) refs/heads/master refs/remotes/master [3ms]
2024-11-12 08:01:24.563 [warning] [Git][revParse] Unable to read file: ENOENT: no such file or directory, open '/home/adminuser/SampleMaven/.git/refs/remotes/origin/master'
2024-11-12 08:01:24.565 [info] > git rev-parse refs/remotes/origin/master [2ms]
2024-11-12 08:01:24.574 [info] > git status -z -uall [6ms]
2024-11-12 08:01:24.578 [info] > git for-each-ref --sort -committerdate --format %(refname) %(objectname) %(*objectname) [5ms]
2024-11-12 08:03:25.911 [info] > git config --get commit.template [8ms]
2024-11-12 08:03:25.914 [info] > git for-each-ref --format=%(refname)%00%(upstream:short)%00%(objectname)%00%(upstream:track)%00%(upstream:remotename)%00%(upstream:remoteref) refs/heads/master refs/remotes/master [3ms]
2024-11-12 08:03:25.917 [warning] [Git][revParse] Unable to read file: ENOENT: no such file or directory, open '/home/adminuser/SampleMaven/.git/refs/remotes/origin/master'
2024-11-12 08:03:25.919 [info] > git rev-parse refs/remotes/origin/master [2ms]
2024-11-12 08:03:25.928 [info] > git status -z -uall [6ms]
2024-11-12 08:03:25.932 [info] > git for-each-ref --sort -committerdate --format %(refname) %(objectname) %(*objectname) [4ms]
2024-11-12 08:04:40.069 [info] > git config --get commit.template [8ms]
2024-11-12 08:04:40.072 [info] > git for-each-ref --format=%(refname)%00%(upstream:short)%00%(objectname)%00%(upstream:track)%00%(upstream:remotename)%00%(upstream:remoteref) refs/heads/master refs/remotes/master [4ms]
2024-11-12 08:04:40.075 [warning] [Git][revParse] Unable to read file: ENOENT: no such file or directory, open '/home/adminuser/SampleMaven/.git/refs/remotes/origin/master'
2024-11-12 08:04:40.078 [info] > git rev-parse refs/remotes/origin/master [3ms]
2024-11-12 08:04:40.088 [info] > git status -z -uall [7ms]
2024-11-12 08:04:40.091 [info] > git for-each-ref --sort -committerdate --format %(refname) %(objectname) %(*objectname) [4ms]
2024-11-12 08:05:01.656 [info] > git config --get commit.template [6ms]
2024-11-12 08:05:01.660 [info] > git for-each-ref --format=%(refname)%00%(upstream:short)%00%(objectname)%00%(upstream:track)%00%(upstream:remotename)%00%(upstream:remoteref) refs/heads/master refs/remotes/master [3ms]
2024-11-12 08:05:01.663 [warning] [Git][revParse] Unable to read file: ENOENT: no such file or directory, open '/home/adminuser/SampleMaven/.git/refs/remotes/origin/master'
2024-11-12 08:05:01.666 [info] > git rev-parse refs/remotes/origin/master [3ms]
2024-11-12 08:05:01.680 [info] > git status -z -uall [10ms]
2024-11-12 08:05:01.683 [info] > git for-each-ref --sort -committerdate --format %(refname) %(objectname) %(*objectname) [6ms]
2024-11-12 08:11:59.477 [info] > git show --textconv :docker-compose.yaml [6ms]
2024-11-12 08:11:59.482 [info] > git ls-files --stage -- /home/adminuser/SampleMaven/docker-compose.yaml [6ms]
2024-11-12 08:12:13.778 [info] > git show --textconv :Dockerfile [7ms]
2024-11-12 08:12:13.782 [info] > git ls-files --stage -- /home/adminuser/SampleMaven/Dockerfile [4ms]
2024-11-12 08:12:13.786 [info] > git cat-file -s 5d948c9e945902a54f9043423f19da3513ac6d42 [2ms]
2024-11-12 08:12:22.371 [info] > git show --textconv :docker-compose.yaml [5ms]
2024-11-12 08:12:22.374 [info] > git ls-files --stage -- /home/adminuser/SampleMaven/docker-compose.yaml [3ms]
2024-11-12 08:14:04.685 [info] > git show --textconv :Dockerfile [7ms]
2024-11-12 08:14:04.688 [info] > git ls-files --stage -- /home/adminuser/SampleMaven/Dockerfile [5ms]
2024-11-12 08:14:04.693 [info] > git cat-file -s 5d948c9e945902a54f9043423f19da3513ac6d42 [2ms]
2024-11-12 08:14:05.440 [info] > git show --textconv :docker-compose.yaml [5ms]
2024-11-12 08:14:05.443 [info] > git ls-files --stage -- /home/adminuser/SampleMaven/docker-compose.yaml [3ms]
2024-11-12 08:14:07.335 [info] > git show --textconv :Dockerfile [5ms]
2024-11-12 08:14:07.339 [info] > git ls-files --stage -- /home/adminuser/SampleMaven/Dockerfile [3ms]
2024-11-12 08:14:07.350 [info] > git cat-file -s 5d948c9e945902a54f9043423f19da3513ac6d42 [5ms]
