2024-11-12 10:49:18.542 [info] [main] Log level: Info
2024-11-12 10:49:18.544 [info] [main] Validating found git in: "git"
2024-11-12 10:49:18.544 [info] [main] Using git "2.43.5" from "git"
2024-11-12 10:49:18.544 [info] [Model][doInitialScan] Initial repository scan started
2024-11-12 10:49:18.544 [info] > git rev-parse --show-toplevel [26ms]
2024-11-12 10:49:18.545 [info] fatal: not a git repository (or any of the parent directories): .git
2024-11-12 10:49:18.545 [info] > git rev-parse --show-toplevel [7ms]
2024-11-12 10:49:18.545 [info] > git rev-parse --git-dir --git-common-dir [6ms]
2024-11-12 10:49:18.545 [info] [Model][openRepository] Opened repository: /home/adminuser/SampleMaven
2024-11-12 10:49:18.545 [info] > git config --get commit.template [7ms]
2024-11-12 10:49:18.545 [info] > git rev-parse --show-toplevel [22ms]
2024-11-12 10:49:18.545 [info] fatal: not a git repository (or any of the parent directories): .git
2024-11-12 10:49:18.545 [info] > git for-each-ref --format=%(refname)%00%(upstream:short)%00%(objectname)%00%(upstream:track)%00%(upstream:remotename)%00%(upstream:remoteref) refs/heads/master refs/remotes/master [12ms]
2024-11-12 10:49:18.545 [warning] [Git][revParse] Unable to read file: ENOENT: no such file or directory, open '/home/adminuser/SampleMaven/.git/refs/remotes/origin/master'
2024-11-12 10:49:18.545 [info] > git rev-parse --show-toplevel [19ms]
2024-11-12 10:49:18.546 [info] fatal: not a git repository (or any of the parent directories): .git
2024-11-12 10:49:18.546 [info] > git rev-parse refs/remotes/origin/master [56ms]
2024-11-12 10:49:18.552 [info] > git status -z -uall [28ms]
2024-11-12 10:49:18.560 [info] > git rev-parse --show-toplevel [87ms]
2024-11-12 10:49:18.560 [info] fatal: not a git repository (or any of the parent directories): .git
2024-11-12 10:49:18.593 [info] > git for-each-ref --sort -committerdate --format %(refname) %(objectname) %(*objectname) [53ms]
2024-11-12 10:49:18.672 [info] > git rev-parse --show-toplevel [94ms]
2024-11-12 10:49:18.673 [info] fatal: not a git repository (or any of the parent directories): .git
2024-11-12 10:49:18.704 [info] > git config --get commit.template [85ms]
2024-11-12 10:49:18.705 [info] > git for-each-ref --format=%(refname)%00%(upstream:short)%00%(objectname)%00%(upstream:track)%00%(upstream:remotename)%00%(upstream:remoteref) refs/heads/master refs/remotes/master [95ms]
2024-11-12 10:49:18.741 [info] > git config --local branch.master.vscode-merge-base [31ms]
2024-11-12 10:49:18.746 [info] > git rev-parse --show-toplevel [68ms]
2024-11-12 10:49:18.746 [info] fatal: not a git repository (or any of the parent directories): .git
2024-11-12 10:49:18.759 [info] > git for-each-ref --format=%(refname)%00%(upstream:short)%00%(objectname)%00%(upstream:track)%00%(upstream:remotename)%00%(upstream:remoteref) refs/heads/origin/master refs/remotes/origin/master [13ms]
2024-11-12 10:49:18.829 [info] > git rev-parse --show-toplevel [71ms]
2024-11-12 10:49:18.829 [info] fatal: not a git repository (or any of the parent directories): .git
2024-11-12 10:49:18.830 [info] > git for-each-ref --format=%(refname)%00%(upstream:short)%00%(objectname)%00%(upstream:track)%00%(upstream:remotename)%00%(upstream:remoteref) refs/heads/master refs/remotes/master [78ms]
2024-11-12 10:49:18.840 [warning] [Git][revParse] Unable to read file: ENOENT: no such file or directory, open '/home/adminuser/SampleMaven/.git/refs/remotes/origin/master'
2024-11-12 10:49:18.841 [info] > git merge-base refs/heads/master refs/remotes/origin/master [42ms]
2024-11-12 10:49:18.848 [info] > git rev-parse refs/remotes/origin/master [8ms]
2024-11-12 10:49:18.861 [info] > git rev-parse --show-toplevel [25ms]
2024-11-12 10:49:18.861 [info] fatal: not a git repository (or any of the parent directories): .git
2024-11-12 10:49:18.868 [info] > git status -z -uall [15ms]
2024-11-12 10:49:18.869 [info] > git diff --name-status -z --diff-filter=ADMR 5ff110cc5053fe311e8de90463098762e681ef99...refs/remotes/origin/master [23ms]
2024-11-12 10:49:18.871 [info] > git for-each-ref --sort -committerdate --format %(refname) %(objectname) %(*objectname) [11ms]
2024-11-12 10:49:18.877 [info] > git rev-parse --show-toplevel [10ms]
2024-11-12 10:49:18.877 [info] fatal: not a git repository (or any of the parent directories): .git
2024-11-12 10:49:18.883 [info] > git rev-parse --show-toplevel [2ms]
2024-11-12 10:49:18.883 [info] fatal: not a git repository (or any of the parent directories): .git
2024-11-12 10:49:18.891 [info] > git rev-parse --show-toplevel [3ms]
2024-11-12 10:49:18.891 [info] fatal: not a git repository (or any of the parent directories): .git
2024-11-12 10:49:18.905 [info] > git rev-parse --show-toplevel [5ms]
2024-11-12 10:49:18.905 [info] fatal: not a git repository (or any of the parent directories): .git
2024-11-12 10:49:18.917 [info] > git rev-parse --show-toplevel [5ms]
2024-11-12 10:49:18.917 [info] fatal: not a git repository (or any of the parent directories): .git
2024-11-12 10:49:18.924 [info] [Model][doInitialScan] Initial repository scan completed - repositories (1), closed repositories (0), parent repositories (0), unsafe repositories (0)
2024-11-12 10:49:19.204 [info] > git check-ignore -v -z --stdin [4ms]
2024-11-12 10:49:19.337 [info] > git show --textconv :Dockerfile [8ms]
2024-11-12 10:49:19.340 [info] > git ls-files --stage -- /home/adminuser/SampleMaven/Dockerfile [5ms]
2024-11-12 10:49:19.345 [info] > git cat-file -s 5d948c9e945902a54f9043423f19da3513ac6d42 [2ms]
2024-11-12 10:50:36.561 [info] > git show --textconv :docker-compose.yaml [9ms]
2024-11-12 10:50:36.565 [info] > git ls-files --stage -- /home/adminuser/SampleMaven/docker-compose.yaml [5ms]
2024-11-12 11:08:57.929 [info] > git check-ignore -v -z --stdin [3ms]
2024-11-12 11:09:00.647 [info] > git check-ignore -v -z --stdin [4ms]
2024-11-12 11:09:02.496 [info] > git show --textconv :src/main/webapp/index.jsp [8ms]
2024-11-12 11:09:02.502 [info] > git ls-files --stage -- /home/adminuser/SampleMaven/src/main/webapp/index.jsp [6ms]
2024-11-12 11:09:02.513 [info] > git cat-file -s 06972ce670ec68ea05fd3ab6b1056cb3d6843308 [5ms]
2024-11-12 11:09:22.021 [info] > git show --textconv :docker-compose.yaml [7ms]
2024-11-12 11:09:22.025 [info] > git ls-files --stage -- /home/adminuser/SampleMaven/docker-compose.yaml [5ms]
2024-11-12 11:09:41.866 [info] > git show --textconv :Dockerfile [7ms]
2024-11-12 11:09:41.870 [info] > git ls-files --stage -- /home/adminuser/SampleMaven/Dockerfile [5ms]
2024-11-12 11:09:41.875 [info] > git cat-file -s 5d948c9e945902a54f9043423f19da3513ac6d42 [2ms]
2024-11-12 11:10:01.094 [info] > git show --textconv :docker-compose.yaml [6ms]
2024-11-12 11:10:01.097 [info] > git ls-files --stage -- /home/adminuser/SampleMaven/docker-compose.yaml [4ms]
2024-11-12 11:12:31.201 [info] > git show --textconv :Dockerfile [9ms]
2024-11-12 11:12:31.209 [info] > git ls-files --stage -- /home/adminuser/SampleMaven/Dockerfile [9ms]
2024-11-12 11:12:31.215 [info] > git cat-file -s 5d948c9e945902a54f9043423f19da3513ac6d42 [2ms]
2024-11-12 11:13:27.084 [info] > git show --textconv :docker-compose.yaml [5ms]
2024-11-12 11:13:27.087 [info] > git ls-files --stage -- /home/adminuser/SampleMaven/docker-compose.yaml [4ms]
2024-11-12 11:14:16.892 [info] > git config --get commit.template [7ms]
2024-11-12 11:14:16.895 [info] > git for-each-ref --format=%(refname)%00%(upstream:short)%00%(objectname)%00%(upstream:track)%00%(upstream:remotename)%00%(upstream:remoteref) refs/heads/master refs/remotes/master [4ms]
2024-11-12 11:14:16.900 [warning] [Git][revParse] Unable to read file: ENOENT: no such file or directory, open '/home/adminuser/SampleMaven/.git/refs/remotes/origin/master'
2024-11-12 11:14:16.903 [info] > git rev-parse refs/remotes/origin/master [3ms]
2024-11-12 11:14:16.915 [info] > git status -z -uall [9ms]
2024-11-12 11:14:16.919 [info] > git for-each-ref --sort -committerdate --format %(refname) %(objectname) %(*objectname) [6ms]
2024-11-12 11:14:33.791 [info] > git show --textconv :Dockerfile [6ms]
2024-11-12 11:14:33.794 [info] > git ls-files --stage -- /home/adminuser/SampleMaven/Dockerfile [4ms]
2024-11-12 11:14:33.799 [info] > git cat-file -s 5d948c9e945902a54f9043423f19da3513ac6d42 [3ms]
2024-11-12 11:15:28.193 [info] > git config --get commit.template [7ms]
2024-11-12 11:15:28.196 [info] > git for-each-ref --format=%(refname)%00%(upstream:short)%00%(objectname)%00%(upstream:track)%00%(upstream:remotename)%00%(upstream:remoteref) refs/heads/master refs/remotes/master [3ms]
2024-11-12 11:15:28.199 [warning] [Git][revParse] Unable to read file: ENOENT: no such file or directory, open '/home/adminuser/SampleMaven/.git/refs/remotes/origin/master'
2024-11-12 11:15:28.201 [info] > git rev-parse refs/remotes/origin/master [2ms]
2024-11-12 11:15:28.211 [info] > git status -z -uall [7ms]
2024-11-12 11:15:28.214 [info] > git for-each-ref --sort -committerdate --format %(refname) %(objectname) %(*objectname) [4ms]
2024-11-12 11:19:44.437 [info] > git config --get commit.template [5ms]
2024-11-12 11:19:44.444 [info] > git for-each-ref --format=%(refname)%00%(upstream:short)%00%(objectname)%00%(upstream:track)%00%(upstream:remotename)%00%(upstream:remoteref) refs/heads/master refs/remotes/master [7ms]
2024-11-12 11:19:44.447 [warning] [Git][revParse] Unable to read file: ENOENT: no such file or directory, open '/home/adminuser/SampleMaven/.git/refs/remotes/origin/master'
2024-11-12 11:19:44.449 [info] > git rev-parse refs/remotes/origin/master [2ms]
2024-11-12 11:19:44.458 [info] > git status -z -uall [7ms]
2024-11-12 11:19:44.461 [info] > git for-each-ref --sort -committerdate --format %(refname) %(objectname) %(*objectname) [4ms]
2024-11-12 11:19:49.476 [info] > git config --get commit.template [6ms]
2024-11-12 11:19:49.480 [info] > git for-each-ref --format=%(refname)%00%(upstream:short)%00%(objectname)%00%(upstream:track)%00%(upstream:remotename)%00%(upstream:remoteref) refs/heads/master refs/remotes/master [4ms]
2024-11-12 11:19:49.483 [warning] [Git][revParse] Unable to read file: ENOENT: no such file or directory, open '/home/adminuser/SampleMaven/.git/refs/remotes/origin/master'
2024-11-12 11:19:49.485 [info] > git rev-parse refs/remotes/origin/master [2ms]
2024-11-12 11:19:49.495 [info] > git status -z -uall [7ms]
2024-11-12 11:19:49.499 [info] > git for-each-ref --sort -committerdate --format %(refname) %(objectname) %(*objectname) [5ms]
2024-11-12 11:21:03.295 [info] > git show --textconv :docker-compose.yaml [4ms]
2024-11-12 11:21:03.298 [info] > git ls-files --stage -- /home/adminuser/SampleMaven/docker-compose.yaml [3ms]
2024-11-12 11:21:05.742 [info] > git show --textconv :Dockerfile [6ms]
2024-11-12 11:21:05.745 [info] > git ls-files --stage -- /home/adminuser/SampleMaven/Dockerfile [3ms]
2024-11-12 11:21:05.750 [info] > git cat-file -s 5d948c9e945902a54f9043423f19da3513ac6d42 [3ms]
2024-11-12 11:46:13.593 [info] > git show --textconv :docker-compose.yaml [6ms]
2024-11-12 11:46:13.595 [info] > git ls-files --stage -- /home/adminuser/SampleMaven/docker-compose.yaml [3ms]
2024-11-12 11:50:51.191 [info] > git show --textconv :Dockerfile [6ms]
2024-11-12 11:50:51.194 [info] > git ls-files --stage -- /home/adminuser/SampleMaven/Dockerfile [4ms]
2024-11-12 11:50:51.199 [info] > git cat-file -s 5d948c9e945902a54f9043423f19da3513ac6d42 [2ms]
2024-11-12 11:51:50.535 [info] > git config --get commit.template [5ms]
2024-11-12 11:51:50.538 [info] > git for-each-ref --format=%(refname)%00%(upstream:short)%00%(objectname)%00%(upstream:track)%00%(upstream:remotename)%00%(upstream:remoteref) refs/heads/master refs/remotes/master [4ms]
2024-11-12 11:51:50.540 [warning] [Git][revParse] Unable to read file: ENOENT: no such file or directory, open '/home/adminuser/SampleMaven/.git/refs/remotes/origin/master'
2024-11-12 11:51:50.544 [info] > git rev-parse refs/remotes/origin/master [4ms]
2024-11-12 11:51:50.552 [info] > git status -z -uall [6ms]
2024-11-12 11:51:50.555 [info] > git for-each-ref --sort -committerdate --format %(refname) %(objectname) %(*objectname) [4ms]
2024-11-12 11:52:31.753 [info] > git config --get commit.template [5ms]
2024-11-12 11:52:31.756 [info] > git for-each-ref --format=%(refname)%00%(upstream:short)%00%(objectname)%00%(upstream:track)%00%(upstream:remotename)%00%(upstream:remoteref) refs/heads/master refs/remotes/master [4ms]
2024-11-12 11:52:31.763 [warning] [Git][revParse] Unable to read file: ENOENT: no such file or directory, open '/home/adminuser/SampleMaven/.git/refs/remotes/origin/master'
2024-11-12 11:52:31.767 [info] > git rev-parse refs/remotes/origin/master [4ms]
2024-11-12 11:52:31.777 [info] > git status -z -uall [7ms]
2024-11-12 11:52:31.780 [info] > git for-each-ref --sort -committerdate --format %(refname) %(objectname) %(*objectname) [4ms]
2024-11-12 11:54:03.752 [info] > git rev-parse --show-toplevel [3ms]
2024-11-12 11:54:03.752 [info] fatal: not a git repository (or any of the parent directories): .git
2024-11-12 12:05:32.705 [info] > git config --get commit.template [6ms]
2024-11-12 12:05:32.708 [info] > git for-each-ref --format=%(refname)%00%(upstream:short)%00%(objectname)%00%(upstream:track)%00%(upstream:remotename)%00%(upstream:remoteref) refs/heads/master refs/remotes/master [3ms]
2024-11-12 12:05:32.711 [warning] [Git][revParse] Unable to read file: ENOENT: no such file or directory, open '/home/adminuser/SampleMaven/.git/refs/remotes/origin/master'
2024-11-12 12:05:32.714 [info] > git rev-parse refs/remotes/origin/master [3ms]
2024-11-12 12:05:32.723 [info] > git status -z -uall [6ms]
2024-11-12 12:05:32.727 [info] > git for-each-ref --sort -committerdate --format %(refname) %(objectname) %(*objectname) [4ms]
2024-11-12 12:05:47.250 [info] > git show --textconv :docker-compose.yaml [5ms]
2024-11-12 12:05:47.253 [info] > git ls-files --stage -- /home/adminuser/SampleMaven/docker-compose.yaml [4ms]
2024-11-12 12:05:49.558 [info] > git show --textconv :Dockerfile [5ms]
2024-11-12 12:05:49.561 [info] > git ls-files --stage -- /home/adminuser/SampleMaven/Dockerfile [4ms]
2024-11-12 12:05:49.568 [info] > git cat-file -s 5d948c9e945902a54f9043423f19da3513ac6d42 [2ms]
2024-11-12 12:05:54.197 [info] > git rev-parse --show-toplevel [9ms]
2024-11-12 12:05:54.197 [info] fatal: not a git repository (or any of the parent directories): .git
2024-11-12 12:05:55.890 [info] > git show --textconv :Dockerfile [6ms]
2024-11-12 12:05:55.893 [info] > git ls-files --stage -- /home/adminuser/SampleMaven/Dockerfile [4ms]
2024-11-12 12:05:55.898 [info] > git cat-file -s 5d948c9e945902a54f9043423f19da3513ac6d42 [2ms]
2024-11-12 12:14:57.373 [info] > git config --get commit.template [6ms]
2024-11-12 12:14:57.377 [info] > git for-each-ref --format=%(refname)%00%(upstream:short)%00%(objectname)%00%(upstream:track)%00%(upstream:remotename)%00%(upstream:remoteref) refs/heads/master refs/remotes/master [4ms]
2024-11-12 12:14:57.379 [warning] [Git][revParse] Unable to read file: ENOENT: no such file or directory, open '/home/adminuser/SampleMaven/.git/refs/remotes/origin/master'
2024-11-12 12:14:57.382 [info] > git rev-parse refs/remotes/origin/master [3ms]
2024-11-12 12:14:57.391 [info] > git status -z -uall [7ms]
2024-11-12 12:14:57.395 [info] > git for-each-ref --sort -committerdate --format %(refname) %(objectname) %(*objectname) [5ms]
2024-11-12 12:16:07.958 [info] > git config --get commit.template [6ms]
2024-11-12 12:16:07.961 [info] > git for-each-ref --format=%(refname)%00%(upstream:short)%00%(objectname)%00%(upstream:track)%00%(upstream:remotename)%00%(upstream:remoteref) refs/heads/master refs/remotes/master [4ms]
2024-11-12 12:16:07.971 [warning] [Git][revParse] Unable to read file: ENOENT: no such file or directory, open '/home/adminuser/SampleMaven/.git/refs/remotes/origin/master'
2024-11-12 12:16:07.976 [info] > git rev-parse refs/remotes/origin/master [5ms]
2024-11-12 12:16:07.991 [info] > git status -z -uall [9ms]
2024-11-12 12:16:07.996 [info] > git for-each-ref --sort -committerdate --format %(refname) %(objectname) %(*objectname) [5ms]
2024-11-12 12:22:02.005 [info] > git show --textconv :docker-compose.yaml [6ms]
2024-11-12 12:22:02.008 [info] > git ls-files --stage -- /home/adminuser/SampleMaven/docker-compose.yaml [4ms]
2024-11-12 12:22:03.362 [info] > git show --textconv :Dockerfile [6ms]
2024-11-12 12:22:03.365 [info] > git ls-files --stage -- /home/adminuser/SampleMaven/Dockerfile [4ms]
2024-11-12 12:22:03.370 [info] > git cat-file -s 5d948c9e945902a54f9043423f19da3513ac6d42 [2ms]
2024-11-12 12:27:17.964 [info] > git rev-parse --show-toplevel [7ms]
2024-11-12 12:27:17.964 [info] fatal: not a git repository (or any of the parent directories): .git
2024-11-12 12:27:51.348 [info] > git show --textconv :Dockerfile [6ms]
2024-11-12 12:27:51.351 [info] > git ls-files --stage -- /home/adminuser/SampleMaven/Dockerfile [3ms]
2024-11-12 12:27:51.357 [info] > git cat-file -s 5d948c9e945902a54f9043423f19da3513ac6d42 [3ms]
2024-11-12 12:28:13.949 [info] > git show --textconv :docker-compose.yaml [5ms]
2024-11-12 12:28:13.952 [info] > git ls-files --stage -- /home/adminuser/SampleMaven/docker-compose.yaml [3ms]
2024-11-12 12:28:19.522 [info] > git show --textconv :Dockerfile [6ms]
2024-11-12 12:28:19.526 [info] > git ls-files --stage -- /home/adminuser/SampleMaven/Dockerfile [5ms]
2024-11-12 12:28:19.531 [info] > git cat-file -s 5d948c9e945902a54f9043423f19da3513ac6d42 [3ms]
2024-11-12 12:28:20.399 [info] > git show --textconv :docker-compose.yaml [6ms]
2024-11-12 12:28:20.402 [info] > git ls-files --stage -- /home/adminuser/SampleMaven/docker-compose.yaml [4ms]
2024-11-12 12:28:21.733 [info] > git show --textconv :Dockerfile [7ms]
2024-11-12 12:28:21.736 [info] > git ls-files --stage -- /home/adminuser/SampleMaven/Dockerfile [5ms]
2024-11-12 12:28:21.741 [info] > git cat-file -s 5d948c9e945902a54f9043423f19da3513ac6d42 [2ms]
2024-11-12 12:29:49.109 [info] > git show --textconv :docker-compose.yaml [6ms]
2024-11-12 12:29:49.112 [info] > git ls-files --stage -- /home/adminuser/SampleMaven/docker-compose.yaml [4ms]
2024-11-12 12:29:58.702 [info] > git show --textconv :Dockerfile [6ms]
2024-11-12 12:29:58.705 [info] > git ls-files --stage -- /home/adminuser/SampleMaven/Dockerfile [4ms]
2024-11-12 12:29:58.710 [info] > git cat-file -s 5d948c9e945902a54f9043423f19da3513ac6d42 [3ms]
2024-11-12 12:30:04.017 [info] > git show --textconv :docker-compose.yaml [6ms]
2024-11-12 12:30:04.020 [info] > git ls-files --stage -- /home/adminuser/SampleMaven/docker-compose.yaml [4ms]
2024-11-12 12:31:16.119 [info] > git show --textconv :Dockerfile [6ms]
2024-11-12 12:31:16.122 [info] > git ls-files --stage -- /home/adminuser/SampleMaven/Dockerfile [4ms]
2024-11-12 12:31:16.127 [info] > git cat-file -s 5d948c9e945902a54f9043423f19da3513ac6d42 [2ms]
2024-11-12 12:31:23.382 [info] > git show --textconv :docker-compose.yaml [5ms]
2024-11-12 12:31:23.385 [info] > git ls-files --stage -- /home/adminuser/SampleMaven/docker-compose.yaml [3ms]
2024-11-12 12:31:24.425 [info] > git show --textconv :Dockerfile [5ms]
2024-11-12 12:31:24.428 [info] > git ls-files --stage -- /home/adminuser/SampleMaven/Dockerfile [4ms]
2024-11-12 12:31:24.434 [info] > git cat-file -s 5d948c9e945902a54f9043423f19da3513ac6d42 [4ms]
2024-11-12 12:32:21.130 [info] > git show --textconv :docker-compose.yaml [6ms]
2024-11-12 12:32:21.134 [info] > git ls-files --stage -- /home/adminuser/SampleMaven/docker-compose.yaml [4ms]
2024-11-12 12:32:22.551 [info] > git show --textconv :Dockerfile [7ms]
2024-11-12 12:32:22.554 [info] > git ls-files --stage -- /home/adminuser/SampleMaven/Dockerfile [4ms]
2024-11-12 12:32:22.559 [info] > git cat-file -s 5d948c9e945902a54f9043423f19da3513ac6d42 [2ms]
2024-11-12 12:41:16.531 [info] > git config --get commit.template [7ms]
2024-11-12 12:41:16.534 [info] > git for-each-ref --format=%(refname)%00%(upstream:short)%00%(objectname)%00%(upstream:track)%00%(upstream:remotename)%00%(upstream:remoteref) refs/heads/master refs/remotes/master [3ms]
2024-11-12 12:41:16.537 [warning] [Git][revParse] Unable to read file: ENOENT: no such file or directory, open '/home/adminuser/SampleMaven/.git/refs/remotes/origin/master'
2024-11-12 12:41:16.540 [info] > git rev-parse refs/remotes/origin/master [3ms]
2024-11-12 12:41:16.552 [info] > git status -z -uall [8ms]
2024-11-12 12:41:16.554 [info] > git for-each-ref --sort -committerdate --format %(refname) %(objectname) %(*objectname) [4ms]
2024-11-12 12:41:16.894 [info] > git show --textconv :docker-compose.yaml [9ms]
2024-11-12 12:41:16.897 [info] > git ls-files --stage -- /home/adminuser/SampleMaven/docker-compose.yaml [3ms]
2024-11-12 12:44:28.278 [info] > git config --get commit.template [6ms]
2024-11-12 12:44:28.282 [info] > git for-each-ref --format=%(refname)%00%(upstream:short)%00%(objectname)%00%(upstream:track)%00%(upstream:remotename)%00%(upstream:remoteref) refs/heads/master refs/remotes/master [4ms]
2024-11-12 12:44:28.285 [warning] [Git][revParse] Unable to read file: ENOENT: no such file or directory, open '/home/adminuser/SampleMaven/.git/refs/remotes/origin/master'
2024-11-12 12:44:28.288 [info] > git rev-parse refs/remotes/origin/master [3ms]
2024-11-12 12:44:28.298 [info] > git status -z -uall [7ms]
2024-11-12 12:44:28.301 [info] > git for-each-ref --sort -committerdate --format %(refname) %(objectname) %(*objectname) [4ms]
2024-11-12 12:44:53.188 [info] > git show --textconv :.travis.yml [5ms]
2024-11-12 12:44:53.192 [info] > git ls-files --stage -- /home/adminuser/SampleMaven/.travis.yml [4ms]
2024-11-12 12:44:53.197 [info] > git cat-file -s b1f22b12e1045e6e123a411bc2b568354ab08c3d [2ms]
2024-11-12 12:44:56.440 [info] > git show --textconv :azure-pipelines.yml [10ms]
2024-11-12 12:44:56.443 [info] > git ls-files --stage -- /home/adminuser/SampleMaven/azure-pipelines.yml [4ms]
2024-11-12 12:44:56.448 [info] > git cat-file -s 2698f6558bc50bb8a82712d197f6e50c32b0f01a [2ms]
2024-11-12 12:45:03.795 [info] > git show --textconv :docker-compose.yaml [7ms]
2024-11-12 12:45:03.798 [info] > git ls-files --stage -- /home/adminuser/SampleMaven/docker-compose.yaml [4ms]
2024-11-12 12:47:41.715 [info] > git show --textconv :azure-pipelines.yml [6ms]
2024-11-12 12:47:41.719 [info] > git ls-files --stage -- /home/adminuser/SampleMaven/azure-pipelines.yml [4ms]
2024-11-12 12:47:41.724 [info] > git cat-file -s 2698f6558bc50bb8a82712d197f6e50c32b0f01a [3ms]
2024-11-12 12:47:44.246 [info] > git show --textconv :docker-compose.yaml [6ms]
2024-11-12 12:47:44.249 [info] > git ls-files --stage -- /home/adminuser/SampleMaven/docker-compose.yaml [5ms]
2024-11-12 12:47:47.452 [info] > git show --textconv :Dockerfile [5ms]
2024-11-12 12:47:47.456 [info] > git ls-files --stage -- /home/adminuser/SampleMaven/Dockerfile [5ms]
2024-11-12 12:47:47.465 [info] > git cat-file -s 5d948c9e945902a54f9043423f19da3513ac6d42 [6ms]
2024-11-12 12:48:15.899 [info] > git config --get commit.template [7ms]
2024-11-12 12:48:15.902 [info] > git for-each-ref --format=%(refname)%00%(upstream:short)%00%(objectname)%00%(upstream:track)%00%(upstream:remotename)%00%(upstream:remoteref) refs/heads/master refs/remotes/master [3ms]
2024-11-12 12:48:15.905 [warning] [Git][revParse] Unable to read file: ENOENT: no such file or directory, open '/home/adminuser/SampleMaven/.git/refs/remotes/origin/master'
2024-11-12 12:48:15.907 [info] > git rev-parse refs/remotes/origin/master [2ms]
2024-11-12 12:48:15.921 [info] > git status -z -uall [11ms]
2024-11-12 12:48:15.930 [info] > git for-each-ref --sort -committerdate --format %(refname) %(objectname) %(*objectname) [10ms]
2024-11-12 12:55:30.349 [info] > git config --get commit.template [5ms]
2024-11-12 12:55:30.353 [info] > git for-each-ref --format=%(refname)%00%(upstream:short)%00%(objectname)%00%(upstream:track)%00%(upstream:remotename)%00%(upstream:remoteref) refs/heads/master refs/remotes/master [8ms]
2024-11-12 12:55:30.355 [warning] [Git][revParse] Unable to read file: ENOENT: no such file or directory, open '/home/adminuser/SampleMaven/.git/refs/remotes/origin/master'
2024-11-12 12:55:30.357 [info] > git rev-parse refs/remotes/origin/master [2ms]
2024-11-12 12:55:30.366 [info] > git status -z -uall [6ms]
2024-11-12 12:55:30.370 [info] > git for-each-ref --sort -committerdate --format %(refname) %(objectname) %(*objectname) [5ms]
