2024-11-12 18:34:21.456 [info] [main] Log level: Info
2024-11-12 18:34:21.456 [info] [main] Validating found git in: "git"
2024-11-12 18:34:21.456 [info] [main] Using git "2.43.5" from "git"
2024-11-12 18:34:21.456 [info] [Model][doInitialScan] Initial repository scan started
2024-11-12 18:34:21.457 [info] > git rev-parse --show-toplevel [16ms]
2024-11-12 18:34:21.457 [info] fatal: not a git repository (or any of the parent directories): .git
2024-11-12 18:34:21.457 [info] > git rev-parse --show-toplevel [33ms]
2024-11-12 18:34:21.457 [info] > git rev-parse --git-dir --git-common-dir [199ms]
2024-11-12 18:34:21.457 [info] [Model][openRepository] Opened repository: /home/adminuser/SampleMaven
2024-11-12 18:34:21.457 [info] > git rev-parse --show-toplevel [77ms]
2024-11-12 18:34:21.457 [info] fatal: not a git repository (or any of the parent directories): .git
2024-11-12 18:34:21.457 [info] > git config --get commit.template [82ms]
2024-11-12 18:34:21.457 [info] > git rev-parse --show-toplevel [15ms]
2024-11-12 18:34:21.457 [info] fatal: not a git repository (or any of the parent directories): .git
2024-11-12 18:34:21.458 [info] > git for-each-ref --format=%(refname)%00%(upstream:short)%00%(objectname)%00%(upstream:track)%00%(upstream:remotename)%00%(upstream:remoteref) refs/heads/master refs/remotes/master [12ms]
2024-11-12 18:34:21.462 [warning] [Git][revParse] Unable to read file: ENOENT: no such file or directory, open '/home/adminuser/SampleMaven/.git/refs/remotes/origin/master'
2024-11-12 18:34:21.464 [info] > git rev-parse --show-toplevel [10ms]
2024-11-12 18:34:21.464 [info] fatal: not a git repository (or any of the parent directories): .git
2024-11-12 18:34:21.477 [info] > git rev-parse refs/remotes/origin/master [15ms]
2024-11-12 18:34:21.496 [info] > git status -z -uall [14ms]
2024-11-12 18:34:21.502 [info] > git rev-parse --show-toplevel [32ms]
2024-11-12 18:34:21.507 [info] fatal: not a git repository (or any of the parent directories): .git
2024-11-12 18:34:21.518 [info] > git for-each-ref --sort -committerdate --format %(refname) %(objectname) %(*objectname) [28ms]
2024-11-12 18:34:21.551 [info] > git rev-parse --show-toplevel [34ms]
2024-11-12 18:34:21.551 [info] fatal: not a git repository (or any of the parent directories): .git
2024-11-12 18:34:21.558 [info] > git for-each-ref --format=%(refname)%00%(upstream:short)%00%(objectname)%00%(upstream:track)%00%(upstream:remotename)%00%(upstream:remoteref) refs/heads/master refs/remotes/master [22ms]
2024-11-12 18:34:21.578 [info] > git rev-parse --show-toplevel [20ms]
2024-11-12 18:34:21.578 [info] fatal: not a git repository (or any of the parent directories): .git
2024-11-12 18:34:21.579 [info] > git config --get commit.template [30ms]
2024-11-12 18:34:21.598 [info] > git for-each-ref --format=%(refname)%00%(upstream:short)%00%(objectname)%00%(upstream:track)%00%(upstream:remotename)%00%(upstream:remoteref) refs/heads/master refs/remotes/master [10ms]
2024-11-12 18:34:21.598 [info] > git config --local branch.master.vscode-merge-base [22ms]
2024-11-12 18:34:21.613 [warning] [Git][revParse] Unable to read file: ENOENT: no such file or directory, open '/home/adminuser/SampleMaven/.git/refs/remotes/origin/master'
2024-11-12 18:34:21.614 [info] > git rev-parse --show-toplevel [17ms]
2024-11-12 18:34:21.614 [info] fatal: not a git repository (or any of the parent directories): .git
2024-11-12 18:34:21.619 [info] > git for-each-ref --format=%(refname)%00%(upstream:short)%00%(objectname)%00%(upstream:track)%00%(upstream:remotename)%00%(upstream:remoteref) refs/heads/origin/master refs/remotes/origin/master [12ms]
2024-11-12 18:34:21.647 [info] > git merge-base refs/heads/master refs/remotes/origin/master [22ms]
2024-11-12 18:34:21.651 [info] > git rev-parse --show-toplevel [33ms]
2024-11-12 18:34:21.651 [info] fatal: not a git repository (or any of the parent directories): .git
2024-11-12 18:34:21.652 [info] > git rev-parse refs/remotes/origin/master [39ms]
2024-11-12 18:34:21.670 [info] > git status -z -uall [12ms]
2024-11-12 18:34:21.670 [info] > git diff --name-status -z --diff-filter=ADMR 5ff110cc5053fe311e8de90463098762e681ef99...refs/remotes/origin/master [19ms]
2024-11-12 18:34:21.672 [info] > git for-each-ref --sort -committerdate --format %(refname) %(objectname) %(*objectname) [8ms]
2024-11-12 18:34:21.680 [info] > git rev-parse --show-toplevel [11ms]
2024-11-12 18:34:21.680 [info] fatal: not a git repository (or any of the parent directories): .git
2024-11-12 18:34:21.688 [info] > git rev-parse --show-toplevel [3ms]
2024-11-12 18:34:21.688 [info] fatal: not a git repository (or any of the parent directories): .git
2024-11-12 18:34:21.696 [info] > git rev-parse --show-toplevel [5ms]
2024-11-12 18:34:21.696 [info] fatal: not a git repository (or any of the parent directories): .git
2024-11-12 18:34:21.712 [info] > git rev-parse --show-toplevel [11ms]
2024-11-12 18:34:21.712 [info] fatal: not a git repository (or any of the parent directories): .git
2024-11-12 18:34:21.716 [info] [Model][doInitialScan] Initial repository scan completed - repositories (1), closed repositories (0), parent repositories (0), unsafe repositories (0)
2024-11-12 18:34:21.922 [info] > git check-ignore -v -z --stdin [4ms]
2024-11-12 18:34:22.593 [info] > git show --textconv :Dockerfile [7ms]
2024-11-12 18:34:22.598 [info] > git ls-files --stage -- /home/adminuser/SampleMaven/Dockerfile [6ms]
2024-11-12 18:34:22.606 [info] > git cat-file -s 5d948c9e945902a54f9043423f19da3513ac6d42 [4ms]
2024-11-12 18:43:31.442 [info] > git show --textconv :docker-compose.yaml [6ms]
2024-11-12 18:43:31.446 [info] > git ls-files --stage -- /home/adminuser/SampleMaven/docker-compose.yaml [4ms]
2024-11-12 18:43:49.017 [info] > git rev-parse --show-toplevel [2ms]
2024-11-12 18:43:49.017 [info] fatal: not a git repository (or any of the parent directories): .git
2024-11-12 18:46:41.361 [info] > git show --textconv :Dockerfile [6ms]
2024-11-12 18:46:41.364 [info] > git ls-files --stage -- /home/adminuser/SampleMaven/Dockerfile [4ms]
2024-11-12 18:46:41.369 [info] > git cat-file -s 5d948c9e945902a54f9043423f19da3513ac6d42 [2ms]
2024-11-12 18:46:58.995 [info] > git show --textconv :docker-compose.yaml [5ms]
2024-11-12 18:46:58.998 [info] > git ls-files --stage -- /home/adminuser/SampleMaven/docker-compose.yaml [4ms]
2024-11-12 18:47:26.841 [info] > git rev-parse --show-toplevel [3ms]
2024-11-12 18:47:26.841 [info] fatal: not a git repository (or any of the parent directories): .git
2024-11-12 18:52:26.495 [info] > git show --textconv :docker-compose.yaml [7ms]
2024-11-12 18:52:26.499 [info] > git ls-files --stage -- /home/adminuser/SampleMaven/docker-compose.yaml [5ms]
2024-11-12 18:52:31.301 [info] > git show --textconv :Dockerfile [5ms]
2024-11-12 18:52:31.304 [info] > git ls-files --stage -- /home/adminuser/SampleMaven/Dockerfile [4ms]
2024-11-12 18:52:31.309 [info] > git cat-file -s 5d948c9e945902a54f9043423f19da3513ac6d42 [2ms]
2024-11-12 18:53:41.298 [info] > git config --get commit.template [6ms]
2024-11-12 18:53:41.301 [info] > git for-each-ref --format=%(refname)%00%(upstream:short)%00%(objectname)%00%(upstream:track)%00%(upstream:remotename)%00%(upstream:remoteref) refs/heads/master refs/remotes/master [4ms]
2024-11-12 18:53:41.305 [warning] [Git][revParse] Unable to read file: ENOENT: no such file or directory, open '/home/adminuser/SampleMaven/.git/refs/remotes/origin/master'
2024-11-12 18:53:41.308 [info] > git rev-parse refs/remotes/origin/master [3ms]
2024-11-12 18:53:41.318 [info] > git status -z -uall [8ms]
2024-11-12 18:53:41.322 [info] > git for-each-ref --sort -committerdate --format %(refname) %(objectname) %(*objectname) [5ms]
2024-11-12 18:53:41.901 [info] > git show --textconv :docker-compose.yaml [9ms]
2024-11-12 18:53:41.905 [info] > git ls-files --stage -- /home/adminuser/SampleMaven/docker-compose.yaml [5ms]
2024-11-12 18:54:40.147 [info] > git config --get commit.template [6ms]
2024-11-12 18:54:40.151 [info] > git for-each-ref --format=%(refname)%00%(upstream:short)%00%(objectname)%00%(upstream:track)%00%(upstream:remotename)%00%(upstream:remoteref) refs/heads/master refs/remotes/master [5ms]
2024-11-12 18:54:40.154 [warning] [Git][revParse] Unable to read file: ENOENT: no such file or directory, open '/home/adminuser/SampleMaven/.git/refs/remotes/origin/master'
2024-11-12 18:54:40.156 [info] > git rev-parse refs/remotes/origin/master [2ms]
2024-11-12 18:54:40.166 [info] > git status -z -uall [7ms]
2024-11-12 18:54:40.169 [info] > git for-each-ref --sort -committerdate --format %(refname) %(objectname) %(*objectname) [4ms]
2024-11-12 19:00:55.156 [info] > git show --textconv :Dockerfile [6ms]
2024-11-12 19:00:55.159 [info] > git ls-files --stage -- /home/adminuser/SampleMaven/Dockerfile [4ms]
2024-11-12 19:00:55.168 [info] > git cat-file -s 5d948c9e945902a54f9043423f19da3513ac6d42 [3ms]
2024-11-12 19:01:06.964 [info] > git config --get commit.template [6ms]
2024-11-12 19:01:06.967 [info] > git for-each-ref --format=%(refname)%00%(upstream:short)%00%(objectname)%00%(upstream:track)%00%(upstream:remotename)%00%(upstream:remoteref) refs/heads/master refs/remotes/master [4ms]
2024-11-12 19:01:06.970 [warning] [Git][revParse] Unable to read file: ENOENT: no such file or directory, open '/home/adminuser/SampleMaven/.git/refs/remotes/origin/master'
2024-11-12 19:01:06.972 [info] > git rev-parse refs/remotes/origin/master [2ms]
2024-11-12 19:01:06.981 [info] > git status -z -uall [6ms]
2024-11-12 19:01:06.984 [info] > git for-each-ref --sort -committerdate --format %(refname) %(objectname) %(*objectname) [4ms]
2024-11-12 19:01:20.465 [info] > git show --textconv :docker-compose.yaml [10ms]
2024-11-12 19:01:20.469 [info] > git ls-files --stage -- /home/adminuser/SampleMaven/docker-compose.yaml [5ms]
2024-11-12 19:01:28.563 [info] > git show --textconv :Dockerfile [6ms]
2024-11-12 19:01:28.566 [info] > git ls-files --stage -- /home/adminuser/SampleMaven/Dockerfile [4ms]
2024-11-12 19:01:28.571 [info] > git cat-file -s 5d948c9e945902a54f9043423f19da3513ac6d42 [2ms]
2024-11-12 19:01:48.627 [info] > git config --get commit.template [8ms]
2024-11-12 19:01:48.630 [info] > git for-each-ref --format=%(refname)%00%(upstream:short)%00%(objectname)%00%(upstream:track)%00%(upstream:remotename)%00%(upstream:remoteref) refs/heads/master refs/remotes/master [5ms]
2024-11-12 19:01:48.633 [warning] [Git][revParse] Unable to read file: ENOENT: no such file or directory, open '/home/adminuser/SampleMaven/.git/refs/remotes/origin/master'
2024-11-12 19:01:48.635 [info] > git rev-parse refs/remotes/origin/master [2ms]
2024-11-12 19:01:48.643 [info] > git status -z -uall [5ms]
2024-11-12 19:01:48.646 [info] > git for-each-ref --sort -committerdate --format %(refname) %(objectname) %(*objectname) [4ms]
2024-11-12 19:02:19.200 [info] > git config --get commit.template [7ms]
2024-11-12 19:02:19.204 [info] > git for-each-ref --format=%(refname)%00%(upstream:short)%00%(objectname)%00%(upstream:track)%00%(upstream:remotename)%00%(upstream:remoteref) refs/heads/master refs/remotes/master [3ms]
2024-11-12 19:02:19.207 [warning] [Git][revParse] Unable to read file: ENOENT: no such file or directory, open '/home/adminuser/SampleMaven/.git/refs/remotes/origin/master'
2024-11-12 19:02:19.209 [info] > git rev-parse refs/remotes/origin/master [2ms]
2024-11-12 19:02:19.218 [info] > git status -z -uall [6ms]
2024-11-12 19:02:19.222 [info] > git for-each-ref --sort -committerdate --format %(refname) %(objectname) %(*objectname) [4ms]
2024-11-12 19:03:14.427 [info] > git rev-parse --show-toplevel [16ms]
2024-11-12 19:03:14.429 [info] fatal: not a git repository (or any of the parent directories): .git
2024-11-12 19:06:00.636 [info] > git show --textconv :Dockerfile [6ms]
2024-11-12 19:06:00.639 [info] > git ls-files --stage -- /home/adminuser/SampleMaven/Dockerfile [4ms]
2024-11-12 19:06:00.644 [info] > git cat-file -s 5d948c9e945902a54f9043423f19da3513ac6d42 [2ms]
2024-11-12 19:06:01.900 [info] > git show --textconv :docker-compose.yaml [5ms]
2024-11-12 19:06:01.903 [info] > git ls-files --stage -- /home/adminuser/SampleMaven/docker-compose.yaml [4ms]
2024-11-12 19:06:29.451 [info] > git config --get commit.template [5ms]
2024-11-12 19:06:29.454 [info] > git for-each-ref --format=%(refname)%00%(upstream:short)%00%(objectname)%00%(upstream:track)%00%(upstream:remotename)%00%(upstream:remoteref) refs/heads/master refs/remotes/master [4ms]
2024-11-12 19:06:29.457 [warning] [Git][revParse] Unable to read file: ENOENT: no such file or directory, open '/home/adminuser/SampleMaven/.git/refs/remotes/origin/master'
2024-11-12 19:06:29.459 [info] > git rev-parse refs/remotes/origin/master [2ms]
2024-11-12 19:06:29.468 [info] > git status -z -uall [5ms]
2024-11-12 19:06:29.471 [info] > git for-each-ref --sort -committerdate --format %(refname) %(objectname) %(*objectname) [4ms]
2024-11-12 19:07:28.849 [info] > git config --get commit.template [6ms]
2024-11-12 19:07:28.853 [info] > git for-each-ref --format=%(refname)%00%(upstream:short)%00%(objectname)%00%(upstream:track)%00%(upstream:remotename)%00%(upstream:remoteref) refs/heads/master refs/remotes/master [4ms]
2024-11-12 19:07:28.855 [warning] [Git][revParse] Unable to read file: ENOENT: no such file or directory, open '/home/adminuser/SampleMaven/.git/refs/remotes/origin/master'
2024-11-12 19:07:28.858 [info] > git rev-parse refs/remotes/origin/master [2ms]
2024-11-12 19:07:28.867 [info] > git status -z -uall [7ms]
2024-11-12 19:07:28.870 [info] > git for-each-ref --sort -committerdate --format %(refname) %(objectname) %(*objectname) [4ms]
2024-11-12 19:12:18.838 [info] > git show --textconv :Dockerfile [6ms]
2024-11-12 19:12:18.841 [info] > git ls-files --stage -- /home/adminuser/SampleMaven/Dockerfile [4ms]
2024-11-12 19:12:18.853 [info] > git cat-file -s 5d948c9e945902a54f9043423f19da3513ac6d42 [5ms]
2024-11-12 19:12:22.886 [info] > git show --textconv :docker-compose.yaml [5ms]
2024-11-12 19:12:22.892 [info] > git ls-files --stage -- /home/adminuser/SampleMaven/docker-compose.yaml [7ms]
2024-11-12 19:14:17.888 [info] > git config --get commit.template [8ms]
2024-11-12 19:14:17.891 [info] > git for-each-ref --format=%(refname)%00%(upstream:short)%00%(objectname)%00%(upstream:track)%00%(upstream:remotename)%00%(upstream:remoteref) refs/heads/master refs/remotes/master [4ms]
2024-11-12 19:14:17.894 [warning] [Git][revParse] Unable to read file: ENOENT: no such file or directory, open '/home/adminuser/SampleMaven/.git/refs/remotes/origin/master'
2024-11-12 19:14:17.897 [info] > git rev-parse refs/remotes/origin/master [3ms]
2024-11-12 19:14:17.907 [info] > git status -z -uall [7ms]
2024-11-12 19:14:17.910 [info] > git for-each-ref --sort -committerdate --format %(refname) %(objectname) %(*objectname) [4ms]
2024-11-12 19:14:23.522 [info] > git show --textconv :Dockerfile [6ms]
2024-11-12 19:14:23.525 [info] > git ls-files --stage -- /home/adminuser/SampleMaven/Dockerfile [4ms]
2024-11-12 19:14:23.529 [info] > git cat-file -s 5d948c9e945902a54f9043423f19da3513ac6d42 [2ms]
2024-11-12 19:14:39.302 [info] > git config --get commit.template [6ms]
2024-11-12 19:14:39.304 [info] > git for-each-ref --format=%(refname)%00%(upstream:short)%00%(objectname)%00%(upstream:track)%00%(upstream:remotename)%00%(upstream:remoteref) refs/heads/master refs/remotes/master [3ms]
2024-11-12 19:14:39.307 [warning] [Git][revParse] Unable to read file: ENOENT: no such file or directory, open '/home/adminuser/SampleMaven/.git/refs/remotes/origin/master'
2024-11-12 19:14:39.309 [info] > git rev-parse refs/remotes/origin/master [2ms]
2024-11-12 19:14:39.317 [info] > git status -z -uall [5ms]
2024-11-12 19:14:39.321 [info] > git for-each-ref --sort -committerdate --format %(refname) %(objectname) %(*objectname) [4ms]
2024-11-12 19:14:55.909 [info] > git config --get commit.template [5ms]
2024-11-12 19:14:55.912 [info] > git for-each-ref --format=%(refname)%00%(upstream:short)%00%(objectname)%00%(upstream:track)%00%(upstream:remotename)%00%(upstream:remoteref) refs/heads/master refs/remotes/master [4ms]
2024-11-12 19:14:55.915 [warning] [Git][revParse] Unable to read file: ENOENT: no such file or directory, open '/home/adminuser/SampleMaven/.git/refs/remotes/origin/master'
2024-11-12 19:14:55.918 [info] > git rev-parse refs/remotes/origin/master [3ms]
2024-11-12 19:14:55.927 [info] > git status -z -uall [7ms]
2024-11-12 19:14:55.931 [info] > git for-each-ref --sort -committerdate --format %(refname) %(objectname) %(*objectname) [4ms]
2024-11-12 19:18:31.066 [info] > git show --textconv :docker-compose.yaml [7ms]
2024-11-12 19:18:31.069 [info] > git ls-files --stage -- /home/adminuser/SampleMaven/docker-compose.yaml [4ms]
2024-11-12 19:18:37.395 [info] > git show --textconv :Dockerfile [6ms]
2024-11-12 19:18:37.398 [info] > git ls-files --stage -- /home/adminuser/SampleMaven/Dockerfile [4ms]
2024-11-12 19:18:37.403 [info] > git cat-file -s 5d948c9e945902a54f9043423f19da3513ac6d42 [3ms]
2024-11-12 19:18:39.225 [info] > git show --textconv :docker-compose.yaml [5ms]
2024-11-12 19:18:39.228 [info] > git ls-files --stage -- /home/adminuser/SampleMaven/docker-compose.yaml [4ms]
2024-11-12 19:18:40.484 [info] > git show --textconv :Dockerfile [6ms]
2024-11-12 19:18:40.488 [info] > git ls-files --stage -- /home/adminuser/SampleMaven/Dockerfile [5ms]
2024-11-12 19:18:40.493 [info] > git cat-file -s 5d948c9e945902a54f9043423f19da3513ac6d42 [3ms]
2024-11-12 19:18:49.432 [info] > git show --textconv :docker-compose.yaml [6ms]
2024-11-12 19:18:49.440 [info] > git ls-files --stage -- /home/adminuser/SampleMaven/docker-compose.yaml [9ms]
2024-11-12 19:18:54.634 [info] > git show --textconv :Dockerfile [9ms]
2024-11-12 19:18:54.639 [info] > git ls-files --stage -- /home/adminuser/SampleMaven/Dockerfile [8ms]
2024-11-12 19:18:54.644 [info] > git cat-file -s 5d948c9e945902a54f9043423f19da3513ac6d42 [2ms]
2024-11-12 19:18:58.654 [info] > git config --get commit.template [5ms]
2024-11-12 19:18:58.656 [info] > git for-each-ref --format=%(refname)%00%(upstream:short)%00%(objectname)%00%(upstream:track)%00%(upstream:remotename)%00%(upstream:remoteref) refs/heads/master refs/remotes/master [3ms]
2024-11-12 19:18:58.666 [warning] [Git][revParse] Unable to read file: ENOENT: no such file or directory, open '/home/adminuser/SampleMaven/.git/refs/remotes/origin/master'
2024-11-12 19:18:58.668 [info] > git rev-parse refs/remotes/origin/master [2ms]
2024-11-12 19:18:58.681 [info] > git status -z -uall [9ms]
2024-11-12 19:18:58.684 [info] > git for-each-ref --sort -committerdate --format %(refname) %(objectname) %(*objectname) [4ms]
2024-11-12 19:20:16.440 [info] > git config --get commit.template [11ms]
2024-11-12 19:20:16.444 [info] > git for-each-ref --format=%(refname)%00%(upstream:short)%00%(objectname)%00%(upstream:track)%00%(upstream:remotename)%00%(upstream:remoteref) refs/heads/master refs/remotes/master [5ms]
2024-11-12 19:20:16.451 [warning] [Git][revParse] Unable to read file: ENOENT: no such file or directory, open '/home/adminuser/SampleMaven/.git/refs/remotes/origin/master'
2024-11-12 19:20:16.456 [info] > git rev-parse refs/remotes/origin/master [5ms]
2024-11-12 19:20:16.467 [info] > git status -z -uall [6ms]
2024-11-12 19:20:16.470 [info] > git for-each-ref --sort -committerdate --format %(refname) %(objectname) %(*objectname) [4ms]
2024-11-12 19:20:20.377 [info] > git show --textconv :docker-compose.yaml [6ms]
2024-11-12 19:20:20.382 [info] > git ls-files --stage -- /home/adminuser/SampleMaven/docker-compose.yaml [5ms]
2024-11-12 19:22:42.153 [info] > git show --textconv :Dockerfile [6ms]
2024-11-12 19:22:42.156 [info] > git ls-files --stage -- /home/adminuser/SampleMaven/Dockerfile [3ms]
2024-11-12 19:22:42.162 [info] > git cat-file -s 5d948c9e945902a54f9043423f19da3513ac6d42 [3ms]
2024-11-12 19:22:43.632 [info] > git show --textconv :docker-compose.yaml [7ms]
2024-11-12 19:22:43.635 [info] > git ls-files --stage -- /home/adminuser/SampleMaven/docker-compose.yaml [5ms]
2024-11-12 19:22:47.829 [info] > git show --textconv :Dockerfile [8ms]
2024-11-12 19:22:47.832 [info] > git ls-files --stage -- /home/adminuser/SampleMaven/Dockerfile [5ms]
2024-11-12 19:22:47.837 [info] > git cat-file -s 5d948c9e945902a54f9043423f19da3513ac6d42 [2ms]
2024-11-12 19:22:50.620 [info] > git show --textconv :docker-compose.yaml [11ms]
2024-11-12 19:22:50.623 [info] > git ls-files --stage -- /home/adminuser/SampleMaven/docker-compose.yaml [6ms]
2024-11-12 19:23:06.467 [info] > git config --get commit.template [6ms]
2024-11-12 19:23:06.470 [info] > git for-each-ref --format=%(refname)%00%(upstream:short)%00%(objectname)%00%(upstream:track)%00%(upstream:remotename)%00%(upstream:remoteref) refs/heads/master refs/remotes/master [3ms]
2024-11-12 19:23:06.472 [warning] [Git][revParse] Unable to read file: ENOENT: no such file or directory, open '/home/adminuser/SampleMaven/.git/refs/remotes/origin/master'
2024-11-12 19:23:06.474 [info] > git rev-parse refs/remotes/origin/master [2ms]
2024-11-12 19:23:06.484 [info] > git status -z -uall [7ms]
2024-11-12 19:23:06.487 [info] > git for-each-ref --sort -committerdate --format %(refname) %(objectname) %(*objectname) [3ms]
2024-11-12 19:23:11.504 [info] > git config --get commit.template [5ms]
2024-11-12 19:23:11.507 [info] > git for-each-ref --format=%(refname)%00%(upstream:short)%00%(objectname)%00%(upstream:track)%00%(upstream:remotename)%00%(upstream:remoteref) refs/heads/master refs/remotes/master [3ms]
2024-11-12 19:23:11.510 [warning] [Git][revParse] Unable to read file: ENOENT: no such file or directory, open '/home/adminuser/SampleMaven/.git/refs/remotes/origin/master'
2024-11-12 19:23:11.512 [info] > git rev-parse refs/remotes/origin/master [2ms]
2024-11-12 19:23:11.522 [info] > git status -z -uall [7ms]
2024-11-12 19:23:11.525 [info] > git for-each-ref --sort -committerdate --format %(refname) %(objectname) %(*objectname) [4ms]
2024-11-12 19:25:38.737 [info] > git rev-parse --show-toplevel [4ms]
2024-11-12 19:25:38.737 [info] fatal: not a git repository (or any of the parent directories): .git
2024-11-12 19:26:34.205 [info] > git show --textconv :docker-compose.yaml [5ms]
2024-11-12 19:26:34.208 [info] > git ls-files --stage -- /home/adminuser/SampleMaven/docker-compose.yaml [3ms]
2024-11-12 19:26:36.201 [info] > git show --textconv :Dockerfile [5ms]
2024-11-12 19:26:36.204 [info] > git ls-files --stage -- /home/adminuser/SampleMaven/Dockerfile [4ms]
2024-11-12 19:26:36.209 [info] > git cat-file -s 5d948c9e945902a54f9043423f19da3513ac6d42 [2ms]
2024-11-12 19:26:36.764 [info] > git rev-parse --show-toplevel [4ms]
2024-11-12 19:26:36.764 [info] fatal: not a git repository (or any of the parent directories): .git
2024-11-12 19:26:42.118 [info] > git show --textconv :docker-compose.yaml [5ms]
2024-11-12 19:26:42.121 [info] > git ls-files --stage -- /home/adminuser/SampleMaven/docker-compose.yaml [4ms]
2024-11-12 19:26:43.719 [info] > git rev-parse --show-toplevel [3ms]
2024-11-12 19:26:43.719 [info] fatal: not a git repository (or any of the parent directories): .git
2024-11-12 19:26:44.766 [info] > git show --textconv :Dockerfile [5ms]
2024-11-12 19:26:44.771 [info] > git ls-files --stage -- /home/adminuser/SampleMaven/Dockerfile [5ms]
2024-11-12 19:26:44.776 [info] > git cat-file -s 5d948c9e945902a54f9043423f19da3513ac6d42 [3ms]
2024-11-12 19:26:47.971 [info] > git show --textconv :docker-compose.yaml [5ms]
2024-11-12 19:26:47.974 [info] > git ls-files --stage -- /home/adminuser/SampleMaven/docker-compose.yaml [3ms]
2024-11-12 19:27:42.413 [info] > git config --get commit.template [5ms]
2024-11-12 19:27:42.416 [info] > git for-each-ref --format=%(refname)%00%(upstream:short)%00%(objectname)%00%(upstream:track)%00%(upstream:remotename)%00%(upstream:remoteref) refs/heads/master refs/remotes/master [3ms]
2024-11-12 19:27:42.419 [warning] [Git][revParse] Unable to read file: ENOENT: no such file or directory, open '/home/adminuser/SampleMaven/.git/refs/remotes/origin/master'
2024-11-12 19:27:42.422 [info] > git rev-parse refs/remotes/origin/master [4ms]
2024-11-12 19:27:42.431 [info] > git status -z -uall [7ms]
2024-11-12 19:27:42.434 [info] > git for-each-ref --sort -committerdate --format %(refname) %(objectname) %(*objectname) [4ms]
2024-11-12 19:28:16.615 [info] > git config --get commit.template [6ms]
2024-11-12 19:28:16.618 [info] > git for-each-ref --format=%(refname)%00%(upstream:short)%00%(objectname)%00%(upstream:track)%00%(upstream:remotename)%00%(upstream:remoteref) refs/heads/master refs/remotes/master [2ms]
2024-11-12 19:28:16.620 [warning] [Git][revParse] Unable to read file: ENOENT: no such file or directory, open '/home/adminuser/SampleMaven/.git/refs/remotes/origin/master'
2024-11-12 19:28:16.622 [info] > git rev-parse refs/remotes/origin/master [2ms]
2024-11-12 19:28:16.630 [info] > git status -z -uall [5ms]
2024-11-12 19:28:16.634 [info] > git for-each-ref --sort -committerdate --format %(refname) %(objectname) %(*objectname) [4ms]
2024-11-12 19:31:58.785 [info] > git show --textconv :Dockerfile [6ms]
2024-11-12 19:31:58.790 [info] > git ls-files --stage -- /home/adminuser/SampleMaven/Dockerfile [6ms]
2024-11-12 19:31:58.800 [info] > git cat-file -s 5d948c9e945902a54f9043423f19da3513ac6d42 [5ms]
2024-11-12 19:32:10.437 [info] > git config --get commit.template [7ms]
2024-11-12 19:32:10.442 [info] > git for-each-ref --format=%(refname)%00%(upstream:short)%00%(objectname)%00%(upstream:track)%00%(upstream:remotename)%00%(upstream:remoteref) refs/heads/master refs/remotes/master [6ms]
2024-11-12 19:32:10.445 [warning] [Git][revParse] Unable to read file: ENOENT: no such file or directory, open '/home/adminuser/SampleMaven/.git/refs/remotes/origin/master'
2024-11-12 19:32:10.447 [info] > git rev-parse refs/remotes/origin/master [2ms]
2024-11-12 19:32:10.457 [info] > git status -z -uall [7ms]
2024-11-12 19:32:10.461 [info] > git for-each-ref --sort -committerdate --format %(refname) %(objectname) %(*objectname) [6ms]
2024-11-12 19:32:12.213 [info] > git show --textconv :docker-compose.yaml [5ms]
2024-11-12 19:32:12.250 [info] > git ls-files --stage -- /home/adminuser/SampleMaven/docker-compose.yaml [37ms]
2024-11-12 19:33:13.451 [info] > git config --get commit.template [5ms]
2024-11-12 19:33:13.453 [info] > git for-each-ref --format=%(refname)%00%(upstream:short)%00%(objectname)%00%(upstream:track)%00%(upstream:remotename)%00%(upstream:remoteref) refs/heads/master refs/remotes/master [3ms]
2024-11-12 19:33:13.456 [warning] [Git][revParse] Unable to read file: ENOENT: no such file or directory, open '/home/adminuser/SampleMaven/.git/refs/remotes/origin/master'
2024-11-12 19:33:13.458 [info] > git rev-parse refs/remotes/origin/master [2ms]
2024-11-12 19:33:13.467 [info] > git status -z -uall [6ms]
2024-11-12 19:33:13.470 [info] > git for-each-ref --sort -committerdate --format %(refname) %(objectname) %(*objectname) [4ms]
2024-11-12 19:34:28.529 [info] > git rev-parse --show-toplevel [3ms]
2024-11-12 19:34:28.529 [info] fatal: not a git repository (or any of the parent directories): .git
2024-11-12 19:34:29.884 [info] > git show --textconv :Dockerfile [6ms]
2024-11-12 19:34:29.887 [info] > git ls-files --stage -- /home/adminuser/SampleMaven/Dockerfile [4ms]
2024-11-12 19:34:29.892 [info] > git cat-file -s 5d948c9e945902a54f9043423f19da3513ac6d42 [3ms]
2024-11-12 19:34:33.207 [info] > git show --textconv :docker-compose.yaml [6ms]
2024-11-12 19:34:33.210 [info] > git ls-files --stage -- /home/adminuser/SampleMaven/docker-compose.yaml [4ms]
2024-11-12 19:34:48.171 [info] > git config --get commit.template [6ms]
2024-11-12 19:34:48.175 [info] > git for-each-ref --format=%(refname)%00%(upstream:short)%00%(objectname)%00%(upstream:track)%00%(upstream:remotename)%00%(upstream:remoteref) refs/heads/master refs/remotes/master [4ms]
2024-11-12 19:34:48.178 [warning] [Git][revParse] Unable to read file: ENOENT: no such file or directory, open '/home/adminuser/SampleMaven/.git/refs/remotes/origin/master'
2024-11-12 19:34:48.182 [info] > git rev-parse refs/remotes/origin/master [4ms]
2024-11-12 19:34:48.191 [info] > git status -z -uall [7ms]
2024-11-12 19:34:48.194 [info] > git for-each-ref --sort -committerdate --format %(refname) %(objectname) %(*objectname) [4ms]
2024-11-12 19:35:21.036 [info] > git config --get commit.template [5ms]
2024-11-12 19:35:21.040 [info] > git for-each-ref --format=%(refname)%00%(upstream:short)%00%(objectname)%00%(upstream:track)%00%(upstream:remotename)%00%(upstream:remoteref) refs/heads/master refs/remotes/master [5ms]
2024-11-12 19:35:21.043 [warning] [Git][revParse] Unable to read file: ENOENT: no such file or directory, open '/home/adminuser/SampleMaven/.git/refs/remotes/origin/master'
2024-11-12 19:35:21.046 [info] > git rev-parse refs/remotes/origin/master [3ms]
2024-11-12 19:35:21.057 [info] > git status -z -uall [8ms]
2024-11-12 19:35:21.061 [info] > git for-each-ref --sort -committerdate --format %(refname) %(objectname) %(*objectname) [4ms]
2024-11-12 19:35:26.074 [info] > git config --get commit.template [5ms]
2024-11-12 19:35:26.077 [info] > git for-each-ref --format=%(refname)%00%(upstream:short)%00%(objectname)%00%(upstream:track)%00%(upstream:remotename)%00%(upstream:remoteref) refs/heads/master refs/remotes/master [3ms]
2024-11-12 19:35:26.080 [warning] [Git][revParse] Unable to read file: ENOENT: no such file or directory, open '/home/adminuser/SampleMaven/.git/refs/remotes/origin/master'
2024-11-12 19:35:26.082 [info] > git rev-parse refs/remotes/origin/master [2ms]
2024-11-12 19:35:26.091 [info] > git status -z -uall [6ms]
2024-11-12 19:35:26.095 [info] > git for-each-ref --sort -committerdate --format %(refname) %(objectname) %(*objectname) [5ms]
2024-11-12 19:37:30.385 [info] > git rev-parse --show-toplevel [5ms]
2024-11-12 19:37:30.385 [info] fatal: not a git repository (or any of the parent directories): .git
2024-11-12 19:37:31.454 [info] > git config --get commit.template [6ms]
2024-11-12 19:37:31.456 [info] > git for-each-ref --format=%(refname)%00%(upstream:short)%00%(objectname)%00%(upstream:track)%00%(upstream:remotename)%00%(upstream:remoteref) refs/heads/master refs/remotes/master [3ms]
2024-11-12 19:37:31.459 [warning] [Git][revParse] Unable to read file: ENOENT: no such file or directory, open '/home/adminuser/SampleMaven/.git/refs/remotes/origin/master'
2024-11-12 19:37:31.462 [info] > git rev-parse refs/remotes/origin/master [2ms]
2024-11-12 19:37:31.471 [info] > git status -z -uall [6ms]
2024-11-12 19:37:31.474 [info] > git for-each-ref --sort -committerdate --format %(refname) %(objectname) %(*objectname) [4ms]
2024-11-12 19:37:33.526 [info] > git show --textconv :docker-compose.yaml [5ms]
2024-11-12 19:37:33.529 [info] > git ls-files --stage -- /home/adminuser/SampleMaven/docker-compose.yaml [3ms]
2024-11-12 19:37:34.432 [info] > git show --textconv :Dockerfile [6ms]
2024-11-12 19:37:34.435 [info] > git ls-files --stage -- /home/adminuser/SampleMaven/Dockerfile [4ms]
2024-11-12 19:37:34.440 [info] > git cat-file -s 5d948c9e945902a54f9043423f19da3513ac6d42 [2ms]
2024-11-12 19:37:39.530 [info] > git config --get commit.template [6ms]
2024-11-12 19:37:39.532 [info] > git for-each-ref --format=%(refname)%00%(upstream:short)%00%(objectname)%00%(upstream:track)%00%(upstream:remotename)%00%(upstream:remoteref) refs/heads/master refs/remotes/master [2ms]
2024-11-12 19:37:39.535 [warning] [Git][revParse] Unable to read file: ENOENT: no such file or directory, open '/home/adminuser/SampleMaven/.git/refs/remotes/origin/master'
2024-11-12 19:37:39.537 [info] > git rev-parse refs/remotes/origin/master [2ms]
2024-11-12 19:37:39.545 [info] > git status -z -uall [6ms]
2024-11-12 19:37:39.551 [info] > git for-each-ref --sort -committerdate --format %(refname) %(objectname) %(*objectname) [7ms]
2024-11-12 19:38:24.571 [info] > git show --textconv :docker-compose.yaml [5ms]
2024-11-12 19:38:24.574 [info] > git ls-files --stage -- /home/adminuser/SampleMaven/docker-compose.yaml [4ms]
2024-11-12 19:38:26.324 [info] > git show --textconv :Dockerfile [6ms]
2024-11-12 19:38:26.327 [info] > git ls-files --stage -- /home/adminuser/SampleMaven/Dockerfile [4ms]
2024-11-12 19:38:26.333 [info] > git cat-file -s 5d948c9e945902a54f9043423f19da3513ac6d42 [3ms]
2024-11-12 19:38:50.358 [info] > git config --get commit.template [7ms]
2024-11-12 19:38:50.361 [info] > git for-each-ref --format=%(refname)%00%(upstream:short)%00%(objectname)%00%(upstream:track)%00%(upstream:remotename)%00%(upstream:remoteref) refs/heads/master refs/remotes/master [4ms]
2024-11-12 19:38:50.368 [warning] [Git][revParse] Unable to read file: ENOENT: no such file or directory, open '/home/adminuser/SampleMaven/.git/refs/remotes/origin/master'
2024-11-12 19:38:50.370 [info] > git rev-parse refs/remotes/origin/master [2ms]
2024-11-12 19:38:50.381 [info] > git status -z -uall [8ms]
2024-11-12 19:38:50.384 [info] > git for-each-ref --sort -committerdate --format %(refname) %(objectname) %(*objectname) [3ms]
2024-11-12 19:38:53.871 [info] > git show --textconv :docker-compose.yaml [5ms]
2024-11-12 19:38:53.874 [info] > git ls-files --stage -- /home/adminuser/SampleMaven/docker-compose.yaml [4ms]
2024-11-12 19:38:55.398 [info] > git config --get commit.template [7ms]
2024-11-12 19:38:55.401 [info] > git for-each-ref --format=%(refname)%00%(upstream:short)%00%(objectname)%00%(upstream:track)%00%(upstream:remotename)%00%(upstream:remoteref) refs/heads/master refs/remotes/master [4ms]
2024-11-12 19:38:55.403 [warning] [Git][revParse] Unable to read file: ENOENT: no such file or directory, open '/home/adminuser/SampleMaven/.git/refs/remotes/origin/master'
2024-11-12 19:38:55.406 [info] > git rev-parse refs/remotes/origin/master [2ms]
2024-11-12 19:38:55.414 [info] > git status -z -uall [6ms]
2024-11-12 19:38:55.418 [info] > git for-each-ref --sort -committerdate --format %(refname) %(objectname) %(*objectname) [4ms]
2024-11-12 19:38:57.374 [info] > git show --textconv :Dockerfile [6ms]
2024-11-12 19:38:57.377 [info] > git ls-files --stage -- /home/adminuser/SampleMaven/Dockerfile [3ms]
2024-11-12 19:38:57.382 [info] > git cat-file -s 5d948c9e945902a54f9043423f19da3513ac6d42 [2ms]
2024-11-12 19:39:48.001 [info] > git show --textconv :docker-compose.yaml [5ms]
2024-11-12 19:39:48.004 [info] > git ls-files --stage -- /home/adminuser/SampleMaven/docker-compose.yaml [4ms]
2024-11-12 19:39:52.487 [info] > git show --textconv :Dockerfile [6ms]
2024-11-12 19:39:52.490 [info] > git ls-files --stage -- /home/adminuser/SampleMaven/Dockerfile [4ms]
2024-11-12 19:39:52.495 [info] > git cat-file -s 5d948c9e945902a54f9043423f19da3513ac6d42 [2ms]
2024-11-12 19:41:02.083 [info] > git show --textconv :docker-compose.yaml [7ms]
2024-11-12 19:41:02.086 [info] > git ls-files --stage -- /home/adminuser/SampleMaven/docker-compose.yaml [5ms]
2024-11-12 19:41:02.986 [info] > git show --textconv :Dockerfile [6ms]
2024-11-12 19:41:02.989 [info] > git ls-files --stage -- /home/adminuser/SampleMaven/Dockerfile [4ms]
2024-11-12 19:41:02.993 [info] > git cat-file -s 5d948c9e945902a54f9043423f19da3513ac6d42 [2ms]
2024-11-12 19:42:07.552 [info] > git show --textconv :docker-compose.yaml [6ms]
2024-11-12 19:42:07.555 [info] > git ls-files --stage -- /home/adminuser/SampleMaven/docker-compose.yaml [4ms]
2024-11-12 19:42:12.924 [info] > git show --textconv :Dockerfile [6ms]
2024-11-12 19:42:12.929 [info] > git ls-files --stage -- /home/adminuser/SampleMaven/Dockerfile [5ms]
2024-11-12 19:42:12.933 [info] > git cat-file -s 5d948c9e945902a54f9043423f19da3513ac6d42 [2ms]
2024-11-12 19:44:20.510 [info] > git show --textconv :docker-compose.yaml [5ms]
2024-11-12 19:44:20.513 [info] > git ls-files --stage -- /home/adminuser/SampleMaven/docker-compose.yaml [3ms]
2024-11-12 19:44:22.371 [info] > git show --textconv :Dockerfile [7ms]
2024-11-12 19:44:22.375 [info] > git ls-files --stage -- /home/adminuser/SampleMaven/Dockerfile [4ms]
2024-11-12 19:44:22.382 [info] > git cat-file -s 5d948c9e945902a54f9043423f19da3513ac6d42 [2ms]
2024-11-12 19:44:44.476 [info] > git config --get commit.template [6ms]
2024-11-12 19:44:44.480 [info] > git for-each-ref --format=%(refname)%00%(upstream:short)%00%(objectname)%00%(upstream:track)%00%(upstream:remotename)%00%(upstream:remoteref) refs/heads/master refs/remotes/master [3ms]
2024-11-12 19:44:44.485 [warning] [Git][revParse] Unable to read file: ENOENT: no such file or directory, open '/home/adminuser/SampleMaven/.git/refs/remotes/origin/master'
2024-11-12 19:44:44.489 [info] > git rev-parse refs/remotes/origin/master [4ms]
2024-11-12 19:44:44.499 [info] > git status -z -uall [6ms]
2024-11-12 19:44:44.502 [info] > git for-each-ref --sort -committerdate --format %(refname) %(objectname) %(*objectname) [3ms]
2024-11-12 19:46:50.483 [info] > git show --textconv :docker-compose.yaml [6ms]
2024-11-12 19:46:50.486 [info] > git ls-files --stage -- /home/adminuser/SampleMaven/docker-compose.yaml [4ms]
2024-11-12 19:47:08.172 [info] > git config --get commit.template [6ms]
2024-11-12 19:47:08.174 [info] > git for-each-ref --format=%(refname)%00%(upstream:short)%00%(objectname)%00%(upstream:track)%00%(upstream:remotename)%00%(upstream:remoteref) refs/heads/master refs/remotes/master [3ms]
2024-11-12 19:47:08.177 [warning] [Git][revParse] Unable to read file: ENOENT: no such file or directory, open '/home/adminuser/SampleMaven/.git/refs/remotes/origin/master'
2024-11-12 19:47:08.179 [info] > git rev-parse refs/remotes/origin/master [2ms]
2024-11-12 19:47:08.188 [info] > git status -z -uall [7ms]
2024-11-12 19:47:08.191 [info] > git for-each-ref --sort -committerdate --format %(refname) %(objectname) %(*objectname) [5ms]
2024-11-12 19:47:13.204 [info] > git config --get commit.template [7ms]
2024-11-12 19:47:13.206 [info] > git for-each-ref --format=%(refname)%00%(upstream:short)%00%(objectname)%00%(upstream:track)%00%(upstream:remotename)%00%(upstream:remoteref) refs/heads/master refs/remotes/master [3ms]
2024-11-12 19:47:13.208 [warning] [Git][revParse] Unable to read file: ENOENT: no such file or directory, open '/home/adminuser/SampleMaven/.git/refs/remotes/origin/master'
2024-11-12 19:47:13.210 [info] > git rev-parse refs/remotes/origin/master [2ms]
2024-11-12 19:47:13.218 [info] > git status -z -uall [5ms]
2024-11-12 19:47:13.221 [info] > git for-each-ref --sort -committerdate --format %(refname) %(objectname) %(*objectname) [3ms]
2024-11-12 19:48:19.649 [info] > git config --get commit.template [6ms]
2024-11-12 19:48:19.652 [info] > git for-each-ref --format=%(refname)%00%(upstream:short)%00%(objectname)%00%(upstream:track)%00%(upstream:remotename)%00%(upstream:remoteref) refs/heads/master refs/remotes/master [3ms]
2024-11-12 19:48:19.655 [warning] [Git][revParse] Unable to read file: ENOENT: no such file or directory, open '/home/adminuser/SampleMaven/.git/refs/remotes/origin/master'
2024-11-12 19:48:19.657 [info] > git rev-parse refs/remotes/origin/master [2ms]
2024-11-12 19:48:19.667 [info] > git status -z -uall [7ms]
2024-11-12 19:48:19.671 [info] > git for-each-ref --sort -committerdate --format %(refname) %(objectname) %(*objectname) [5ms]
2024-11-12 19:48:24.690 [info] > git config --get commit.template [12ms]
2024-11-12 19:48:24.693 [info] > git for-each-ref --format=%(refname)%00%(upstream:short)%00%(objectname)%00%(upstream:track)%00%(upstream:remotename)%00%(upstream:remoteref) refs/heads/master refs/remotes/master [4ms]
2024-11-12 19:48:24.696 [warning] [Git][revParse] Unable to read file: ENOENT: no such file or directory, open '/home/adminuser/SampleMaven/.git/refs/remotes/origin/master'
2024-11-12 19:48:24.698 [info] > git rev-parse refs/remotes/origin/master [2ms]
2024-11-12 19:48:24.718 [info] > git for-each-ref --sort -committerdate --format %(refname) %(objectname) %(*objectname) [9ms]
2024-11-12 19:48:24.721 [info] > git status -z -uall [20ms]
2024-11-12 19:56:24.602 [info] > git config --get commit.template [5ms]
2024-11-12 19:56:24.604 [info] > git for-each-ref --format=%(refname)%00%(upstream:short)%00%(objectname)%00%(upstream:track)%00%(upstream:remotename)%00%(upstream:remoteref) refs/heads/master refs/remotes/master [3ms]
2024-11-12 19:56:24.607 [warning] [Git][revParse] Unable to read file: ENOENT: no such file or directory, open '/home/adminuser/SampleMaven/.git/refs/remotes/origin/master'
2024-11-12 19:56:24.609 [info] > git rev-parse refs/remotes/origin/master [2ms]
2024-11-12 19:56:24.618 [info] > git status -z -uall [7ms]
2024-11-12 19:56:24.621 [info] > git for-each-ref --sort -committerdate --format %(refname) %(objectname) %(*objectname) [4ms]
2024-11-12 19:56:29.633 [info] > git config --get commit.template [5ms]
2024-11-12 19:56:29.636 [info] > git for-each-ref --format=%(refname)%00%(upstream:short)%00%(objectname)%00%(upstream:track)%00%(upstream:remotename)%00%(upstream:remoteref) refs/heads/master refs/remotes/master [3ms]
2024-11-12 19:56:29.638 [warning] [Git][revParse] Unable to read file: ENOENT: no such file or directory, open '/home/adminuser/SampleMaven/.git/refs/remotes/origin/master'
2024-11-12 19:56:29.640 [info] > git rev-parse refs/remotes/origin/master [2ms]
2024-11-12 19:56:29.648 [info] > git status -z -uall [5ms]
2024-11-12 19:56:29.651 [info] > git for-each-ref --sort -committerdate --format %(refname) %(objectname) %(*objectname) [3ms]
